

================================================================
== Vivado HLS Report for 'Erode_16_16_1080_1920_s'
================================================================
* Date:           Fri Dec  4 16:20:37 2015

* Version:        2013.2 (build date: Thu Jun 13 16:07:59 PM 2013)
* Project:        prj
* Solution:       solution1
* Product family: zynq zynq_fpv6 
* Target device:  xc7z020clg484-1


================================================================
== Performance Estimates
================================================================
+ Timing (ns): 
    * Summary: 
    +---------+-------+----------+------------+
    |  Clock  | Target| Estimated| Uncertainty|
    +---------+-------+----------+------------+
    |default  |   6.67|      5.48|        0.83|
    +---------+-------+----------+------------+

+ Latency (clock cycles): 
    * Summary: 
    +-----+-----+-----+-----+---------+
    |  Latency  |  Interval | Pipeline|
    | min | max | min | max |   Type  |
    +-----+-----+-----+-----+---------+
    |    ?|    ?|    ?|    ?|   none  |
    +-----+-----+-----+-----+---------+

    + Detail: 
        * Instance: 
        +---------------------------------------------------------------------------+-----------------------------------------------------------------+-----+---------+-----+---------+---------+
        |                                                                           |                                                                 |    Latency    |    Interval   | Pipeline|
        |                                  Instance                                 |                              Module                             | min |   max   | min |   max   |   Type  |
        +---------------------------------------------------------------------------+-----------------------------------------------------------------+-----+---------+-----+---------+---------+
        |grp_filter_opr_erode_kernel_16_16_unsigned_char_int_1080_1920_3_3_s_fu_51  |filter_opr_erode_kernel_16_16_unsigned_char_int_1080_1920_3_3_s  |   93|  2088733|   93|  2088733|   none  |
        |grp_getStructuringElement_unsigned_char_int_int_3_3_s_fu_80                |getStructuringElement_unsigned_char_int_int_3_3_s                |    ?|        ?|    ?|        ?|   none  |
        +---------------------------------------------------------------------------+-----------------------------------------------------------------+-----+---------+-----+---------+---------+

        * Loop: 
        N/A



================================================================
== Utilization Estimates
================================================================
* Summary: 
+-----------------+---------+-------+--------+-------+
|       Name      | BRAM_18K| DSP48E|   FF   |  LUT  |
+-----------------+---------+-------+--------+-------+
|Expression       |        -|      -|       0|      2|
|FIFO             |        -|      -|       -|      -|
|Instance         |        9|      -|    1631|   2600|
|Memory           |        -|      -|       -|      -|
|Multiplexer      |        -|      -|       -|      -|
|Register         |        -|      -|      77|      -|
|ShiftMemory      |        -|      -|       -|      -|
+-----------------+---------+-------+--------+-------+
|Total            |        9|      0|    1708|   2602|
+-----------------+---------+-------+--------+-------+
|Available        |      280|    220|  106400|  53200|
+-----------------+---------+-------+--------+-------+
|Utilization (%)  |        3|      0|       1|      4|
+-----------------+---------+-------+--------+-------+

+ Detail: 
    * Instance: 
    +---------------------------------------------------------------------------+-----------------------------------------------------------------+---------+-------+------+------+
    |                                  Instance                                 |                              Module                             | BRAM_18K| DSP48E|  FF  |  LUT |
    +---------------------------------------------------------------------------+-----------------------------------------------------------------+---------+-------+------+------+
    |grp_filter_opr_erode_kernel_16_16_unsigned_char_int_1080_1920_3_3_s_fu_51  |filter_opr_erode_kernel_16_16_unsigned_char_int_1080_1920_3_3_s  |        9|      0|  1212|  1844|
    |grp_getStructuringElement_unsigned_char_int_int_3_3_s_fu_80                |getStructuringElement_unsigned_char_int_int_3_3_s                |        0|      0|   419|   756|
    +---------------------------------------------------------------------------+-----------------------------------------------------------------+---------+-------+------+------+
    |Total                                                                      |                                                                 |        9|      0|  1631|  2600|
    +---------------------------------------------------------------------------+-----------------------------------------------------------------+---------+-------+------+------+

    * Memory: 
    N/A

    * FIFO: 
    N/A

    * Shift register: 
    N/A

    * Expression: 
    +----------------+----------+-------+---+----+------------+------------+
    |  Variable Name | Operation| DSP48E| FF| LUT| Bitwidth P0| Bitwidth P1|
    +----------------+----------+-------+---+----+------------+------------+
    |ap_sig_bdd_133  |    or    |      0|  0|   2|           1|           1|
    +----------------+----------+-------+---+----+------------+------------+
    |Total           |          |      0|  0|   2|           1|           1|
    +----------------+----------+-------+---+----+------------+------------+

    * Multiplexer: 
    N/A

    * Register: 
    +-------------------------------------------------------------------------------------------------+---+-----+-----------+
    |                                               Name                                              | FF| Bits| Const Bits|
    +-------------------------------------------------------------------------------------------------+---+-----+-----------+
    |ap_CS_fsm                                                                                        |  2|    2|          0|
    |ap_done_reg                                                                                      |  1|    1|          0|
    |grp_filter_opr_erode_kernel_16_16_unsigned_char_int_1080_1920_3_3_s_fu_51_ap_start_ap_start_reg  |  1|    1|          0|
    |grp_getStructuringElement_unsigned_char_int_int_3_3_s_fu_80_ap_start_ap_start_reg                |  1|    1|          0|
    |temp_kernel_val_0_0_reg_139                                                                      |  8|    8|          0|
    |temp_kernel_val_0_1_reg_144                                                                      |  8|    8|          0|
    |temp_kernel_val_0_2_reg_149                                                                      |  8|    8|          0|
    |temp_kernel_val_1_0_reg_154                                                                      |  8|    8|          0|
    |temp_kernel_val_1_1_reg_159                                                                      |  8|    8|          0|
    |temp_kernel_val_1_2_reg_164                                                                      |  8|    8|          0|
    |temp_kernel_val_2_0_reg_169                                                                      |  8|    8|          0|
    |temp_kernel_val_2_1_reg_174                                                                      |  8|    8|          0|
    |temp_kernel_val_2_2_reg_179                                                                      |  8|    8|          0|
    +-------------------------------------------------------------------------------------------------+---+-----+-----------+
    |Total                                                                                            | 77|   77|          0|
    +-------------------------------------------------------------------------------------------------+---+-----+-----------+



================================================================
== Interface
================================================================
* Summary: 
+-------------------------------+-----+-----+---------+------------------------+--------------+
|           RTL Ports           | Dir | Bits| Protocol|      Source Object     |    C Type    |
+-------------------------------+-----+-----+---------+------------------------+--------------+
|ap_clk                         |  in |    1|        -| Erode<16,16,1080,1920> | return value |
|ap_rst                         |  in |    1|        -| Erode<16,16,1080,1920> | return value |
|ap_start                       |  in |    1|        -| Erode<16,16,1080,1920> | return value |
|ap_done                        | out |    1|        -| Erode<16,16,1080,1920> | return value |
|ap_continue                    |  in |    1|        -| Erode<16,16,1080,1920> | return value |
|ap_idle                        | out |    1|        -| Erode<16,16,1080,1920> | return value |
|ap_ready                       | out |    1|        -| Erode<16,16,1080,1920> | return value |
|p_src_rows_V_read              |  in |   12| ap_none |    p_src_rows_V_read   |    scalar    |
|p_src_cols_V_read              |  in |   12| ap_none |    p_src_cols_V_read   |    scalar    |
|p_src_data_stream_0_V_dout     |  in |    8| ap_fifo |  p_src_data_stream_0_V |    pointer   |
|p_src_data_stream_0_V_empty_n  |  in |    1| ap_fifo |  p_src_data_stream_0_V |    pointer   |
|p_src_data_stream_0_V_read     | out |    1| ap_fifo |  p_src_data_stream_0_V |    pointer   |
|p_src_data_stream_1_V_dout     |  in |    8| ap_fifo |  p_src_data_stream_1_V |    pointer   |
|p_src_data_stream_1_V_empty_n  |  in |    1| ap_fifo |  p_src_data_stream_1_V |    pointer   |
|p_src_data_stream_1_V_read     | out |    1| ap_fifo |  p_src_data_stream_1_V |    pointer   |
|p_src_data_stream_2_V_dout     |  in |    8| ap_fifo |  p_src_data_stream_2_V |    pointer   |
|p_src_data_stream_2_V_empty_n  |  in |    1| ap_fifo |  p_src_data_stream_2_V |    pointer   |
|p_src_data_stream_2_V_read     | out |    1| ap_fifo |  p_src_data_stream_2_V |    pointer   |
|p_dst_data_stream_0_V_din      | out |    8| ap_fifo |  p_dst_data_stream_0_V |    pointer   |
|p_dst_data_stream_0_V_full_n   |  in |    1| ap_fifo |  p_dst_data_stream_0_V |    pointer   |
|p_dst_data_stream_0_V_write    | out |    1| ap_fifo |  p_dst_data_stream_0_V |    pointer   |
|p_dst_data_stream_1_V_din      | out |    8| ap_fifo |  p_dst_data_stream_1_V |    pointer   |
|p_dst_data_stream_1_V_full_n   |  in |    1| ap_fifo |  p_dst_data_stream_1_V |    pointer   |
|p_dst_data_stream_1_V_write    | out |    1| ap_fifo |  p_dst_data_stream_1_V |    pointer   |
|p_dst_data_stream_2_V_din      | out |    8| ap_fifo |  p_dst_data_stream_2_V |    pointer   |
|p_dst_data_stream_2_V_full_n   |  in |    1| ap_fifo |  p_dst_data_stream_2_V |    pointer   |
|p_dst_data_stream_2_V_write    | out |    1| ap_fifo |  p_dst_data_stream_2_V |    pointer   |
+-------------------------------+-----+-----+---------+------------------------+--------------+

