

================================================================
== Vivado HLS Report for 'filter_opr_filter2d_kernel_16_16_ap_int_8_int_1080_1920_3_3_s'
================================================================
* Date:           Fri Dec  4 16:20:30 2015

* Version:        2013.2 (build date: Thu Jun 13 16:07:59 PM 2013)
* Project:        prj
* Solution:       solution1
* Product family: zynq zynq_fpv6 
* Target device:  xc7z020clg484-1


================================================================
== Performance Estimates
================================================================
+ Timing (ns): 
    * Summary: 
    +---------+-------+----------+------------+
    |  Clock  | Target| Estimated| Uncertainty|
    +---------+-------+----------+------------+
    |default  |   6.67|      5.65|        0.83|
    +---------+-------+----------+------------+

+ Latency (clock cycles): 
    * Summary: 
    +-----+---------+-----+---------+---------+
    |    Latency    |    Interval   | Pipeline|
    | min |   max   | min |   max   |   Type  |
    +-----+---------+-----+---------+---------+
    |   98|  2089813|   98|  2089813|   none  |
    +-----+---------+-----+---------+---------+

    + Detail: 
        * Instance: 
        N/A

        * Loop: 
        +-------------+-----+---------+-----------+-----------+-----------+----------+----------+
        |             |    Latency    | Iteration |  Initiation Interval  |   Trip   |          |
        |  Loop Name  | min |   max   |  Latency  |  achieved |   target  |   Count  | Pipelined|
        +-------------+-----+---------+-----------+-----------+-----------+----------+----------+
        |- Loop 1     |    3|        3|          1|          -|          -|         3|    no    |
        |- Loop 2     |    3|        3|          1|          -|          -|         3|    no    |
        |- Loop 3     |    3|        3|          1|          -|          -|         3|    no    |
        |- Loop 4     |   85|  2089800| 17 ~ 1935 |          -|          -| 5 ~ 1080 |    no    |
        | + Loop 4.1  |   12|     1930|         12|          1|          1| 2 ~ 1920 |    yes   |
        +-------------+-----+---------+-----------+-----------+-----------+----------+----------+



================================================================
== Utilization Estimates
================================================================
* Summary: 
+-----------------+---------+-------+--------+-------+
|       Name      | BRAM_18K| DSP48E|   FF   |  LUT  |
+-----------------+---------+-------+--------+-------+
|Expression       |        -|      -|       0|   2458|
|FIFO             |        -|      -|       -|      -|
|Instance         |        -|     27|     486|    135|
|Memory           |        9|      -|       0|      0|
|Multiplexer      |        -|      -|       -|    315|
|Register         |        -|      -|    2097|      -|
|ShiftMemory      |        -|      -|       0|      4|
+-----------------+---------+-------+--------+-------+
|Total            |        9|     27|    2583|   2912|
+-----------------+---------+-------+--------+-------+
|Available        |      280|    220|  106400|  53200|
+-----------------+---------+-------+--------+-------+
|Utilization (%)  |        3|     12|       2|      5|
+-----------------+---------+-------+--------+-------+

+ Detail: 
    * Instance: 
    +----------------------------------+------------------------------+---------+-------+----+----+
    |             Instance             |            Module            | BRAM_18K| DSP48E| FF | LUT|
    +----------------------------------+------------------------------+---------+-------+----+----+
    |image_filter_mul_8ns_8s_16_3_U25  |image_filter_mul_8ns_8s_16_3  |        0|      1|  18|   5|
    |image_filter_mul_8ns_8s_16_3_U26  |image_filter_mul_8ns_8s_16_3  |        0|      1|  18|   5|
    |image_filter_mul_8ns_8s_16_3_U27  |image_filter_mul_8ns_8s_16_3  |        0|      1|  18|   5|
    |image_filter_mul_8ns_8s_16_3_U28  |image_filter_mul_8ns_8s_16_3  |        0|      1|  18|   5|
    |image_filter_mul_8ns_8s_16_3_U29  |image_filter_mul_8ns_8s_16_3  |        0|      1|  18|   5|
    |image_filter_mul_8ns_8s_16_3_U30  |image_filter_mul_8ns_8s_16_3  |        0|      1|  18|   5|
    |image_filter_mul_8ns_8s_16_3_U31  |image_filter_mul_8ns_8s_16_3  |        0|      1|  18|   5|
    |image_filter_mul_8ns_8s_16_3_U32  |image_filter_mul_8ns_8s_16_3  |        0|      1|  18|   5|
    |image_filter_mul_8ns_8s_16_3_U33  |image_filter_mul_8ns_8s_16_3  |        0|      1|  18|   5|
    |image_filter_mul_8ns_8s_16_3_U34  |image_filter_mul_8ns_8s_16_3  |        0|      1|  18|   5|
    |image_filter_mul_8ns_8s_16_3_U35  |image_filter_mul_8ns_8s_16_3  |        0|      1|  18|   5|
    |image_filter_mul_8ns_8s_16_3_U36  |image_filter_mul_8ns_8s_16_3  |        0|      1|  18|   5|
    |image_filter_mul_8ns_8s_16_3_U37  |image_filter_mul_8ns_8s_16_3  |        0|      1|  18|   5|
    |image_filter_mul_8ns_8s_16_3_U38  |image_filter_mul_8ns_8s_16_3  |        0|      1|  18|   5|
    |image_filter_mul_8ns_8s_16_3_U39  |image_filter_mul_8ns_8s_16_3  |        0|      1|  18|   5|
    |image_filter_mul_8ns_8s_16_3_U40  |image_filter_mul_8ns_8s_16_3  |        0|      1|  18|   5|
    |image_filter_mul_8ns_8s_16_3_U41  |image_filter_mul_8ns_8s_16_3  |        0|      1|  18|   5|
    |image_filter_mul_8ns_8s_16_3_U42  |image_filter_mul_8ns_8s_16_3  |        0|      1|  18|   5|
    |image_filter_mul_8ns_8s_16_3_U43  |image_filter_mul_8ns_8s_16_3  |        0|      1|  18|   5|
    |image_filter_mul_8ns_8s_16_3_U44  |image_filter_mul_8ns_8s_16_3  |        0|      1|  18|   5|
    |image_filter_mul_8ns_8s_16_3_U45  |image_filter_mul_8ns_8s_16_3  |        0|      1|  18|   5|
    |image_filter_mul_8ns_8s_16_3_U46  |image_filter_mul_8ns_8s_16_3  |        0|      1|  18|   5|
    |image_filter_mul_8ns_8s_16_3_U47  |image_filter_mul_8ns_8s_16_3  |        0|      1|  18|   5|
    |image_filter_mul_8ns_8s_16_3_U48  |image_filter_mul_8ns_8s_16_3  |        0|      1|  18|   5|
    |image_filter_mul_8ns_8s_16_3_U49  |image_filter_mul_8ns_8s_16_3  |        0|      1|  18|   5|
    |image_filter_mul_8ns_8s_16_3_U50  |image_filter_mul_8ns_8s_16_3  |        0|      1|  18|   5|
    |image_filter_mul_8ns_8s_16_3_U51  |image_filter_mul_8ns_8s_16_3  |        0|      1|  18|   5|
    +----------------------------------+------------------------------+---------+-------+----+----+
    |Total                             |                              |        0|     27| 486| 135|
    +----------------------------------+------------------------------+---------+-------+----+----+

    * Memory: 
    +-----------------+-----------------------------------------------------------------------------+---------+------+-----+------+-------------+
    |      Memory     |                                    Module                                   | BRAM_18K| Words| Bits| Banks| W*Bits*Banks|
    +-----------------+-----------------------------------------------------------------------------+---------+------+-----+------+-------------+
    |k_buf_0_val_0_U  |filter_opr_filter2d_kernel_16_16_ap_int_8_int_1080_1920_3_3_s_k_buf_0_val_0  |        1|  1920|    8|     1|        15360|
    |k_buf_0_val_1_U  |filter_opr_filter2d_kernel_16_16_ap_int_8_int_1080_1920_3_3_s_k_buf_0_val_0  |        1|  1920|    8|     1|        15360|
    |k_buf_0_val_2_U  |filter_opr_filter2d_kernel_16_16_ap_int_8_int_1080_1920_3_3_s_k_buf_0_val_0  |        1|  1920|    8|     1|        15360|
    |k_buf_1_val_0_U  |filter_opr_filter2d_kernel_16_16_ap_int_8_int_1080_1920_3_3_s_k_buf_0_val_0  |        1|  1920|    8|     1|        15360|
    |k_buf_1_val_1_U  |filter_opr_filter2d_kernel_16_16_ap_int_8_int_1080_1920_3_3_s_k_buf_0_val_0  |        1|  1920|    8|     1|        15360|
    |k_buf_1_val_2_U  |filter_opr_filter2d_kernel_16_16_ap_int_8_int_1080_1920_3_3_s_k_buf_0_val_0  |        1|  1920|    8|     1|        15360|
    |k_buf_2_val_0_U  |filter_opr_filter2d_kernel_16_16_ap_int_8_int_1080_1920_3_3_s_k_buf_0_val_0  |        1|  1920|    8|     1|        15360|
    |k_buf_2_val_1_U  |filter_opr_filter2d_kernel_16_16_ap_int_8_int_1080_1920_3_3_s_k_buf_0_val_0  |        1|  1920|    8|     1|        15360|
    |k_buf_2_val_2_U  |filter_opr_filter2d_kernel_16_16_ap_int_8_int_1080_1920_3_3_s_k_buf_0_val_0  |        1|  1920|    8|     1|        15360|
    +-----------------+-----------------------------------------------------------------------------+---------+------+-----+------+-------------+
    |Total            |                                                                             |        9| 17280|   72|     9|       138240|
    +-----------------+-----------------------------------------------------------------------------+---------+------+-----+------+-------------+

    * FIFO: 
    N/A

    * Shift register: 
    +-------------------+---+----+-----+-----------+
    |        Name       | FF| LUT| Bits| Const Bits|
    +-------------------+---+----+-----+-----------+
    |brmerge1_reg_4365  |  0|   1|    1|          0|
    |brmerge_reg_4336   |  0|   1|    1|          0|
    |tmp_35_reg_4325    |  0|   1|    1|          0|
    |tmp_5_reg_4294     |  0|   1|    1|          0|
    +-------------------+---+----+-----+-----------+
    |Total              |  0|   4|    4|          0|
    +-------------------+---+----+-----+-----------+

    * Expression: 
    +---------------------------------------+----------+-------+---+----+------------+------------+
    |             Variable Name             | Operation| DSP48E| FF| LUT| Bitwidth P0| Bitwidth P1|
    +---------------------------------------+----------+-------+---+----+------------+------------+
    |ImagLoc_x_fu_1728_p2                   |     +    |      0|  0|  13|          13|           2|
    |ImagLoc_y_1_fu_1316_p2                 |     +    |      0|  0|  13|          13|           4|
    |ImagLoc_y_2_fu_1349_p2                 |     +    |      0|  0|  13|          13|           4|
    |ImagLoc_y_fu_1231_p2                   |     +    |      0|  0|  13|          13|           4|
    |heightloop_fu_1082_p2                  |     +    |      0|  0|  13|          13|           3|
    |i_V_fu_1220_p2                         |     +    |      0|  0|  12|          12|           1|
    |j_V_fu_1706_p2                         |     +    |      0|  0|  12|          12|           1|
    |p_assign_11_fu_1554_p2                 |     +    |      0|  0|  14|          14|          14|
    |p_assign_3_fu_1806_p2                  |     +    |      0|  0|  15|          15|          15|
    |p_assign_6_fu_1402_p2                  |     +    |      0|  0|  14|          14|          14|
    |p_assign_7_fu_1310_p2                  |     +    |      0|  0|  13|          13|           1|
    |p_assign_9_fu_1483_p2                  |     +    |      0|  0|  14|          14|          14|
    |p_assign_s_fu_1343_p2                  |     +    |      0|  0|  13|          13|           2|
    |p_rec2_fu_1049_p2                      |     +    |      0|  0|   2|           2|           1|
    |p_rec3_fu_1061_p2                      |     +    |      0|  0|   2|           2|           1|
    |p_rec_fu_1073_p2                       |     +    |      0|  0|   2|           2|           1|
    |ref_fu_1104_p2                         |     +    |      0|  0|  13|          13|           2|
    |ret_V_1_fu_3352_p2                     |     +    |      0|  0|  32|          32|           1|
    |ret_V_4_fu_3403_p2                     |     +    |      0|  0|  32|          32|           1|
    |ret_V_7_fu_3454_p2                     |     +    |      0|  0|  32|          32|           1|
    |sum_V_1_fu_3274_p2                     |     +    |      0|  0|  28|          28|          28|
    |sum_V_2_fu_3321_p2                     |     +    |      0|  0|  28|          28|          28|
    |sum_V_fu_3227_p2                       |     +    |      0|  0|  28|          28|          28|
    |tmp28_fu_2866_p2                       |     +    |      0|  0|  25|          25|          25|
    |tmp29_fu_2876_p2                       |     +    |      0|  0|  25|          25|          25|
    |tmp30_fu_2886_p2                       |     +    |      0|  0|  26|          26|          26|
    |tmp31_fu_2892_p2                       |     +    |      0|  0|  25|          25|          25|
    |tmp32_fu_2898_p2                       |     +    |      0|  0|  25|          25|          25|
    |tmp33_fu_2908_p2                       |     +    |      0|  0|  26|          26|          26|
    |tmp34_fu_3217_p2                       |     +    |      0|  0|  27|          27|          27|
    |tmp41_fu_3013_p2                       |     +    |      0|  0|  25|          25|          25|
    |tmp42_fu_3023_p2                       |     +    |      0|  0|  25|          25|          25|
    |tmp43_fu_3033_p2                       |     +    |      0|  0|  26|          26|          26|
    |tmp44_fu_3039_p2                       |     +    |      0|  0|  25|          25|          25|
    |tmp45_fu_3045_p2                       |     +    |      0|  0|  25|          25|          25|
    |tmp46_fu_3055_p2                       |     +    |      0|  0|  26|          26|          26|
    |tmp47_fu_3264_p2                       |     +    |      0|  0|  27|          27|          27|
    |tmp52_fu_3160_p2                       |     +    |      0|  0|  25|          25|          25|
    |tmp53_fu_3170_p2                       |     +    |      0|  0|  25|          25|          25|
    |tmp54_fu_3180_p2                       |     +    |      0|  0|  26|          26|          26|
    |tmp55_fu_3186_p2                       |     +    |      0|  0|  25|          25|          25|
    |tmp56_fu_3192_p2                       |     +    |      0|  0|  25|          25|          25|
    |tmp57_fu_3202_p2                       |     +    |      0|  0|  26|          26|          26|
    |tmp58_fu_3311_p2                       |     +    |      0|  0|  27|          27|          27|
    |tmp_2_fu_1126_p2                       |     +    |      0|  0|  13|          13|           3|
    |tmp_52_0_t_fu_1890_p2                  |     +    |      0|  0|   2|           2|           2|
    |tmp_52_1_t_fu_1924_p2                  |     +    |      0|  0|   2|           2|           2|
    |tmp_52_2_t_fu_1958_p2                  |     +    |      0|  0|   2|           2|           2|
    |tmp_72_0_t_fu_2010_p2                  |     +    |      0|  0|   2|           2|           2|
    |tmp_72_1_t_fu_2082_p2                  |     +    |      0|  0|   2|           2|           2|
    |tmp_72_2_t_fu_2154_p2                  |     +    |      0|  0|   2|           2|           2|
    |tmp_77_0_t_fu_2002_p2                  |     +    |      0|  0|   2|           2|           2|
    |tmp_77_1_t_fu_2074_p2                  |     +    |      0|  0|   2|           2|           2|
    |tmp_77_2_t_fu_2146_p2                  |     +    |      0|  0|   2|           2|           2|
    |tmp_s_fu_1113_p2                       |     +    |      0|  0|  13|          13|           2|
    |widthloop_fu_1095_p2                   |     +    |      0|  0|  13|          13|           2|
    |locy_0_0_t_fu_1636_p2                  |     -    |      0|  0|   2|           2|           2|
    |locy_0_1_t_fu_1663_p2                  |     -    |      0|  0|   2|           2|           2|
    |locy_0_2_t_fu_1692_p2                  |     -    |      0|  0|   2|           2|           2|
    |p_assign_1_fu_1739_p2                  |     -    |      0|  0|  13|           1|          13|
    |p_assign_4_fu_1209_p2                  |     -    |      0|  0|  13|           2|          13|
    |newSel1_fu_1444_p3                     |  Select  |      0|  0|  14|           1|          14|
    |newSel2_fu_1451_p3                     |  Select  |      0|  0|  14|           1|          14|
    |newSel3_fu_1514_p3                     |  Select  |      0|  0|  13|           1|          13|
    |newSel4_fu_1527_p3                     |  Select  |      0|  0|  14|           1|          14|
    |newSel5_fu_1653_p3                     |  Select  |      0|  0|  14|           1|          14|
    |newSel6_fu_1585_p3                     |  Select  |      0|  0|  13|           1|          13|
    |newSel7_fu_1598_p3                     |  Select  |      0|  0|  14|           1|          14|
    |newSel8_fu_1682_p3                     |  Select  |      0|  0|  14|           1|          14|
    |newSel_fu_1427_p3                      |  Select  |      0|  0|  13|           1|          13|
    |p_assign_10_fu_1368_p3                 |  Select  |      0|  0|  13|           1|          13|
    |p_assign_2_fu_1753_p3                  |  Select  |      0|  0|  13|           1|          13|
    |p_assign_5_fu_1275_p3                  |  Select  |      0|  0|  13|           1|          13|
    |p_assign_8_fu_1335_p3                  |  Select  |      0|  0|  13|           1|          13|
    |p_dst_data_stream_0_V_din              |  Select  |      0|  0|   8|           1|           8|
    |p_dst_data_stream_1_V_din              |  Select  |      0|  0|   8|           1|           8|
    |p_dst_data_stream_2_V_din              |  Select  |      0|  0|   8|           1|           8|
    |p_i_1_fu_3414_p3                       |  Select  |      0|  0|  32|           1|          32|
    |p_i_2_fu_3465_p3                       |  Select  |      0|  0|  32|           1|          32|
    |p_i_fu_3363_p3                         |  Select  |      0|  0|  32|           1|          32|
    |ret_V_2_fu_3371_p3                     |  Select  |      0|  0|  32|           1|          32|
    |ret_V_5_fu_3422_p3                     |  Select  |      0|  0|  32|           1|          32|
    |ret_V_8_fu_3473_p3                     |  Select  |      0|  0|  32|           1|          32|
    |sel_tmp11_fu_2257_p3                   |  Select  |      0|  0|   8|           1|           8|
    |sel_tmp18_fu_2272_p3                   |  Select  |      0|  0|   8|           1|           8|
    |sel_tmp24_fu_2330_p3                   |  Select  |      0|  0|   8|           1|           8|
    |sel_tmp25_fu_2345_p3                   |  Select  |      0|  0|   8|           1|           8|
    |sel_tmp26_fu_2403_p3                   |  Select  |      0|  0|   8|           1|           8|
    |sel_tmp27_fu_2418_p3                   |  Select  |      0|  0|   8|           1|           8|
    |sel_tmp5_fu_1854_p3                    |  Select  |      0|  0|  15|           1|           1|
    |sel_tmp_fu_1811_p3                     |  Select  |      0|  0|  15|           1|          15|
    |src_kernel_win_0_val_0_0_2_fu_2264_p3  |  Select  |      0|  0|   8|           1|           8|
    |src_kernel_win_0_val_1_0_2_fu_2279_p3  |  Select  |      0|  0|   8|           1|           8|
    |src_kernel_win_1_val_0_0_2_fu_2337_p3  |  Select  |      0|  0|   8|           1|           8|
    |src_kernel_win_1_val_1_0_2_fu_2352_p3  |  Select  |      0|  0|   8|           1|           8|
    |src_kernel_win_2_val_0_0_2_fu_2410_p3  |  Select  |      0|  0|   8|           1|           8|
    |src_kernel_win_2_val_1_0_2_fu_2425_p3  |  Select  |      0|  0|   8|           1|           8|
    |tmp_3_i2_fu_3527_p3                    |  Select  |      0|  0|   8|           1|           1|
    |tmp_3_i3_fu_3547_p3                    |  Select  |      0|  0|   8|           1|           1|
    |tmp_3_i_fu_3507_p3                     |  Select  |      0|  0|   8|           1|           1|
    |tmp_8_fu_1303_p3                       |  Select  |      0|  0|   3|           1|           3|
    |x_fu_1860_p3                           |  Select  |      0|  0|  15|           1|          15|
    |ap_sig_bdd_1860                        |    and   |      0|  0|   2|           1|           1|
    |ap_sig_bdd_3046                        |    and   |      0|  0|   2|           1|           1|
    |ap_sig_bdd_3049                        |    and   |      0|  0|   2|           1|           1|
    |ap_sig_bdd_3051                        |    and   |      0|  0|   2|           1|           1|
    |ap_sig_bdd_3052                        |    and   |      0|  0|   2|           1|           1|
    |ap_sig_bdd_3059                        |    and   |      0|  0|   2|           1|           1|
    |ap_sig_bdd_3061                        |    and   |      0|  0|   2|           1|           1|
    |ap_sig_bdd_3063                        |    and   |      0|  0|   2|           1|           1|
    |ap_sig_bdd_3068                        |    and   |      0|  0|   2|           1|           1|
    |ap_sig_bdd_3070                        |    and   |      0|  0|   2|           1|           1|
    |ap_sig_bdd_3072                        |    and   |      0|  0|   2|           1|           1|
    |ap_sig_bdd_3076                        |    and   |      0|  0|   2|           1|           1|
    |ap_sig_bdd_3078                        |    and   |      0|  0|   2|           1|           1|
    |ap_sig_bdd_3082                        |    and   |      0|  0|   2|           1|           1|
    |ap_sig_bdd_3084                        |    and   |      0|  0|   2|           1|           1|
    |ap_sig_bdd_3086                        |    and   |      0|  0|   2|           1|           1|
    |ap_sig_bdd_3090                        |    and   |      0|  0|   2|           1|           1|
    |ap_sig_bdd_3092                        |    and   |      0|  0|   2|           1|           1|
    |ap_sig_bdd_3096                        |    and   |      0|  0|   2|           1|           1|
    |or_cond37_2_fu_1615_p2                 |    and   |      0|  0|   2|           1|           1|
    |or_cond3_1_fu_2050_p2                  |    and   |      0|  0|   2|           1|           1|
    |or_cond3_2_fu_2122_p2                  |    and   |      0|  0|   2|           1|           1|
    |or_cond3_fu_1978_p2                    |    and   |      0|  0|   2|           1|           1|
    |or_cond4_1_fu_2060_p2                  |    and   |      0|  0|   2|           1|           1|
    |or_cond4_2_fu_2132_p2                  |    and   |      0|  0|   2|           1|           1|
    |or_cond4_fu_1988_p2                    |    and   |      0|  0|   2|           1|           1|
    |or_cond5_fu_1625_p2                    |    and   |      0|  0|   2|           1|           1|
    |or_cond6_fu_1394_p2                    |    and   |      0|  0|   2|           1|           1|
    |sel_tmp14_fu_1493_p2                   |    and   |      0|  0|   2|           1|           1|
    |sel_tmp16_fu_1508_p2                   |    and   |      0|  0|   2|           1|           1|
    |sel_tmp21_fu_1564_p2                   |    and   |      0|  0|   2|           1|           1|
    |sel_tmp23_fu_1579_p2                   |    and   |      0|  0|   2|           1|           1|
    |sel_tmp2_fu_1412_p2                    |    and   |      0|  0|   2|           1|           1|
    |sel_tmp4_fu_1823_p2                    |    and   |      0|  0|   2|           1|           1|
    |sel_tmp7_fu_1422_p2                    |    and   |      0|  0|   2|           1|           1|
    |sel_tmp9_fu_1838_p2                    |    and   |      0|  0|   2|           1|           1|
    |exitcond8_fu_1067_p2                   |   icmp   |      0|  0|   2|           2|           2|
    |exitcond9_fu_1055_p2                   |   icmp   |      0|  0|   2|           2|           2|
    |exitcond_fu_1043_p2                    |   icmp   |      0|  0|   2|           2|           2|
    |icmp1_fu_1251_p2                       |   icmp   |      0|  0|  14|          12|           1|
    |icmp2_fu_3502_p2                       |   icmp   |      0|  0|  30|          24|           1|
    |icmp3_fu_3522_p2                       |   icmp   |      0|  0|  30|          24|           1|
    |icmp4_fu_3542_p2                       |   icmp   |      0|  0|  30|          24|           1|
    |icmp_fu_1722_p2                        |   icmp   |      0|  0|  13|          11|           1|
    |sel_tmp10_fu_1640_p2                   |   icmp   |      0|  0|   2|           2|           2|
    |sel_tmp12_fu_1644_p2                   |   icmp   |      0|  0|   2|           2|           1|
    |sel_tmp17_fu_1668_p2                   |   icmp   |      0|  0|   2|           2|           2|
    |sel_tmp19_fu_1673_p2                   |   icmp   |      0|  0|   2|           2|           1|
    |slt1_fu_1872_p2                        |   icmp   |      0|  0|  17|          14|          14|
    |slt2_fu_1906_p2                        |   icmp   |      0|  0|  17|          14|          14|
    |slt3_fu_1940_p2                        |   icmp   |      0|  0|  17|          14|          14|
    |slt_fu_1376_p2                         |   icmp   |      0|  0|  16|          13|          13|
    |tmp_11_fu_1148_p2                      |   icmp   |      0|  0|  14|          12|           1|
    |tmp_15_fu_1257_p2                      |   icmp   |      0|  0|  16|          13|          13|
    |tmp_17_fu_1262_p2                      |   icmp   |      0|  0|  16|          13|          13|
    |tmp_20_fu_1287_p2                      |   icmp   |      0|  0|  17|          14|          14|
    |tmp_27_fu_1605_p2                      |   icmp   |      0|  0|  16|          13|           1|
    |tmp_28_fu_1867_p2                      |   icmp   |      0|  0|  17|          14|          14|
    |tmp_30_fu_1883_p2                      |   icmp   |      0|  0|  16|          13|          13|
    |tmp_32_fu_1974_p2                      |   icmp   |      0|  0|  19|          15|          15|
    |tmp_33_fu_1984_p2                      |   icmp   |      0|  0|  19|          15|          15|
    |tmp_35_not_fu_1389_p2                  |   icmp   |      0|  0|  16|          13|           3|
    |tmp_38_fu_3358_p2                      |   icmp   |      0|  0|   2|           1|           1|
    |tmp_3_fu_1215_p2                       |   icmp   |      0|  0|  17|          14|          14|
    |tmp_41_2_fu_1381_p2                    |   icmp   |      0|  0|  17|          14|          14|
    |tmp_47_0_1_fu_1322_p2                  |   icmp   |      0|  0|  16|          13|          13|
    |tmp_47_0_2_fu_1355_p2                  |   icmp   |      0|  0|  16|          13|          13|
    |tmp_48_1_fu_1901_p2                    |   icmp   |      0|  0|  17|          14|          14|
    |tmp_48_2_fu_1935_p2                    |   icmp   |      0|  0|  17|          14|          14|
    |tmp_4_fu_1734_p2                       |   icmp   |      0|  0|  16|          13|          13|
    |tmp_50_1_fu_1917_p2                    |   icmp   |      0|  0|  16|          13|          13|
    |tmp_50_2_fu_1951_p2                    |   icmp   |      0|  0|  16|          13|          13|
    |tmp_55_1_fu_2046_p2                    |   icmp   |      0|  0|  19|          15|          15|
    |tmp_55_2_fu_2118_p2                    |   icmp   |      0|  0|  19|          15|          15|
    |tmp_57_1_fu_2056_p2                    |   icmp   |      0|  0|  19|          15|          15|
    |tmp_57_2_fu_2128_p2                    |   icmp   |      0|  0|  19|          15|          15|
    |tmp_59_0_1_fu_1469_p2                  |   icmp   |      0|  0|  17|          14|          14|
    |tmp_59_0_2_fu_1540_p2                  |   icmp   |      0|  0|  17|          14|          14|
    |tmp_5_fu_1701_p2                       |   icmp   |      0|  0|  16|          13|          13|
    |tmp_6_fu_1132_p2                       |   icmp   |      0|  0|  14|          12|           1|
    |tmp_7_fu_1792_p2                       |   icmp   |      0|  0|  17|          14|          14|
    |tmp_90_1_fu_3409_p2                    |   icmp   |      0|  0|   2|           1|           1|
    |tmp_90_2_fu_3460_p2                    |   icmp   |      0|  0|   2|           1|           1|
    |ult1_fu_1765_p2                        |   icmp   |      0|  0|  16|          13|          13|
    |ult_fu_1226_p2                         |   icmp   |      0|  0|  17|          14|          14|
    |ap_sig_bdd_110                         |    or    |      0|  0|   2|           1|           1|
    |ap_sig_bdd_141                         |    or    |      0|  0|   2|           1|           1|
    |brmerge1_fu_1844_p2                    |    or    |      0|  0|   2|           1|           1|
    |brmerge39_2_fu_1620_p2                 |    or    |      0|  0|   2|           1|           1|
    |brmerge_fu_1761_p2                     |    or    |      0|  0|   2|           1|           1|
    |or_cond1_fu_1521_p2                    |    or    |      0|  0|   2|           1|           1|
    |or_cond2_fu_1592_p2                    |    or    |      0|  0|   2|           1|           1|
    |or_cond_fu_1438_p2                     |    or    |      0|  0|   2|           1|           1|
    |sel_tmp17_demorgan_fu_1298_p2          |    or    |      0|  0|   2|           1|           1|
    |sel_tmp30_demorgan_fu_1498_p2          |    or    |      0|  0|   2|           1|           1|
    |sel_tmp43_demorgan_fu_1569_p2          |    or    |      0|  0|   2|           1|           1|
    |sel_tmp8_demorgan_fu_1828_p2           |    or    |      0|  0|   2|           1|           1|
    |tmp15_fu_1776_p2                       |    or    |      0|  0|   2|           1|           1|
    |tmp16_fu_1781_p2                       |    or    |      0|  0|   2|           1|           1|
    |rev1_fu_1631_p2                        |    xor   |      0|  0|   2|           1|           2|
    |rev2_fu_1969_p2                        |    xor   |      0|  0|   2|           1|           2|
    |rev3_fu_1770_p2                        |    xor   |      0|  0|   2|           1|           2|
    |rev4_fu_2041_p2                        |    xor   |      0|  0|   2|           1|           2|
    |rev5_fu_2113_p2                        |    xor   |      0|  0|   2|           1|           2|
    |rev_fu_1610_p2                         |    xor   |      0|  0|   2|           1|           2|
    |sel_tmp13_fu_1488_p2                   |    xor   |      0|  0|   2|           1|           2|
    |sel_tmp15_fu_1502_p2                   |    xor   |      0|  0|   2|           1|           2|
    |sel_tmp1_fu_1407_p2                    |    xor   |      0|  0|   2|           1|           2|
    |sel_tmp20_fu_1559_p2                   |    xor   |      0|  0|   2|           1|           2|
    |sel_tmp22_fu_1573_p2                   |    xor   |      0|  0|   2|           1|           2|
    |sel_tmp3_fu_1818_p2                    |    xor   |      0|  0|   2|           1|           2|
    |sel_tmp6_fu_1417_p2                    |    xor   |      0|  0|   2|           1|           2|
    |sel_tmp8_fu_1832_p2                    |    xor   |      0|  0|   2|           1|           2|
    |tmp_14_fu_1195_p2                      |    xor   |      0|  0|   2|           2|           2|
    |tmp_16_fu_1797_p2                      |    xor   |      0|  0|  16|          13|           2|
    |tmp_21_fu_1292_p2                      |    xor   |      0|  0|  16|          13|           2|
    |tmp_64_0_1_fu_1474_p2                  |    xor   |      0|  0|  16|          13|           2|
    |tmp_64_0_2_fu_1545_p2                  |    xor   |      0|  0|  16|          13|           2|
    +---------------------------------------+----------+-------+---+----+------------+------------+
    |Total                                  |          |      0|  0|2458|        1710|        1818|
    +---------------------------------------+----------+-------+---+----+------------+------------+

    * Multiplexer: 
    +-----------------------------------+----+-----------+-----+-----------+
    |                Name               | LUT| Input Size| Bits| Total Bits|
    +-----------------------------------+----+-----------+-----+-----------+
    |k_buf_0_val_0_address0             |  11|          2|   11|         22|
    |k_buf_0_val_0_address1             |  11|          2|   11|         22|
    |k_buf_0_val_1_address1             |  11|          4|   11|         44|
    |k_buf_0_val_2_address0             |  11|          2|   11|         22|
    |k_buf_0_val_2_address1             |  11|          3|   11|         33|
    |k_buf_1_val_0_address0             |  11|          2|   11|         22|
    |k_buf_1_val_0_address1             |  11|          2|   11|         22|
    |k_buf_1_val_1_address1             |  11|          4|   11|         44|
    |k_buf_1_val_2_address0             |  11|          2|   11|         22|
    |k_buf_1_val_2_address1             |  11|          3|   11|         33|
    |k_buf_2_val_0_address0             |  11|          2|   11|         22|
    |k_buf_2_val_0_address1             |  11|          2|   11|         22|
    |k_buf_2_val_1_address1             |  11|          4|   11|         44|
    |k_buf_2_val_2_address0             |  11|          2|   11|         22|
    |k_buf_2_val_2_address1             |  11|          3|   11|         33|
    |p_0202_rec_reg_756                 |   2|          2|    2|          4|
    |p_0206_rec_reg_767                 |   2|          2|    2|          4|
    |p_0210_rec_reg_778                 |   2|          2|    2|          4|
    |src_kernel_win_0_val_0_0_1_fu_320  |   8|          2|    8|         16|
    |src_kernel_win_0_val_0_0_fu_252    |   8|          5|    8|         40|
    |src_kernel_win_0_val_1_0_1_fu_312  |   8|          2|    8|         16|
    |src_kernel_win_0_val_1_0_fu_264    |   8|          5|    8|         40|
    |src_kernel_win_0_val_2_0_fu_276    |   8|          7|    8|         56|
    |src_kernel_win_1_val_0_0_1_fu_296  |   8|          2|    8|         16|
    |src_kernel_win_1_val_0_0_fu_288    |   8|          5|    8|         40|
    |src_kernel_win_1_val_1_0_1_fu_284  |   8|          2|    8|         16|
    |src_kernel_win_1_val_1_0_fu_304    |   8|          5|    8|         40|
    |src_kernel_win_1_val_2_0_fu_300    |   8|          7|    8|         56|
    |src_kernel_win_2_val_0_0_1_fu_272  |   8|          2|    8|         16|
    |src_kernel_win_2_val_0_0_fu_324    |   8|          5|    8|         40|
    |src_kernel_win_2_val_1_0_1_fu_260  |   8|          2|    8|         16|
    |src_kernel_win_2_val_1_0_fu_340    |   8|          5|    8|         40|
    |src_kernel_win_2_val_2_0_fu_336    |   8|          7|    8|         56|
    |t_V_1_reg_800                      |  12|          2|   12|         24|
    |t_V_reg_789                        |  12|          2|   12|         24|
    +-----------------------------------+----+-----------+-----+-----------+
    |Total                              | 315|        112|  315|        993|
    +-----------------------------------+----+-----------+-----+-----------+

    * Register: 
    +------------------------------------------+----+-----+-----------+
    |                   Name                   | FF | Bits| Const Bits|
    +------------------------------------------+----+-----+-----------+
    |ImagLoc_x_reg_4303                        |  13|   13|          0|
    |ImagLoc_y_1_reg_4154                      |  13|   13|          0|
    |ImagLoc_y_2_reg_4173                      |  13|   13|          0|
    |ImagLoc_y_reg_4106                        |  13|   13|          0|
    |ap_CS_fsm                                 |   4|    4|          0|
    |ap_reg_ppiten_pp0_it0                     |   1|    1|          0|
    |ap_reg_ppiten_pp0_it1                     |   1|    1|          0|
    |ap_reg_ppiten_pp0_it10                    |   1|    1|          0|
    |ap_reg_ppiten_pp0_it11                    |   1|    1|          0|
    |ap_reg_ppiten_pp0_it2                     |   1|    1|          0|
    |ap_reg_ppiten_pp0_it3                     |   1|    1|          0|
    |ap_reg_ppiten_pp0_it4                     |   1|    1|          0|
    |ap_reg_ppiten_pp0_it5                     |   1|    1|          0|
    |ap_reg_ppiten_pp0_it6                     |   1|    1|          0|
    |ap_reg_ppiten_pp0_it7                     |   1|    1|          0|
    |ap_reg_ppiten_pp0_it8                     |   1|    1|          0|
    |ap_reg_ppiten_pp0_it9                     |   1|    1|          0|
    |ap_reg_ppstg_ImagLoc_x_reg_4303_pp0_it1   |  13|   13|          0|
    |ap_reg_ppstg_p_assign_2_reg_4329_pp0_it1  |  13|   13|          0|
    |ap_reg_ppstg_tmp_28_reg_4391_pp0_it3      |   1|    1|          0|
    |ap_reg_ppstg_tmp_48_1_reg_4441_pp0_it3    |   1|    1|          0|
    |ap_reg_ppstg_tmp_48_2_reg_4491_pp0_it3    |   1|    1|          0|
    |brmerge1_reg_4365                         |   1|    1|          0|
    |brmerge_reg_4336                          |   1|    1|          0|
    |cols_cast1_reg_3932                       |  12|   13|          1|
    |cols_cast2_reg_3956                       |  12|   14|          2|
    |heightloop_cast77_cast_reg_3925           |  13|   14|          1|
    |i_V_reg_4096                              |  12|   12|          0|
    |icmp1_reg_4113                            |   1|    1|          0|
    |k_buf_0_val_0_addr_2_reg_4420             |  11|   11|          0|
    |k_buf_0_val_1_addr_2_reg_4414             |  11|   11|          0|
    |k_buf_0_val_2_addr_1_reg_4400             |  11|   11|          0|
    |k_buf_1_val_0_addr_2_reg_4470             |  11|   11|          0|
    |k_buf_1_val_1_addr_2_reg_4464             |  11|   11|          0|
    |k_buf_1_val_2_addr_1_reg_4450             |  11|   11|          0|
    |k_buf_2_val_0_addr_2_reg_4520             |  11|   11|          0|
    |k_buf_2_val_1_addr_2_reg_4514             |  11|   11|          0|
    |k_buf_2_val_2_addr_1_reg_4500             |  11|   11|          0|
    |locy_0_2_t_reg_4290                       |   2|    2|          0|
    |newSel3_reg_4213                          |  13|   13|          0|
    |newSel4_reg_4223                          |  14|   14|          0|
    |newSel6_reg_4228                          |  13|   13|          0|
    |newSel7_reg_4238                          |  14|   14|          0|
    |or_cond1_reg_4218                         |   1|    1|          0|
    |or_cond2_reg_4233                         |   1|    1|          0|
    |or_cond37_2_reg_4248                      |   1|    1|          0|
    |or_cond3_1_reg_4593                       |   1|    1|          0|
    |or_cond3_2_reg_4645                       |   1|    1|          0|
    |or_cond3_reg_4541                         |   1|    1|          0|
    |or_cond4_1_reg_4597                       |   1|    1|          0|
    |or_cond4_2_reg_4649                       |   1|    1|          0|
    |or_cond4_reg_4545                         |   1|    1|          0|
    |or_cond5_reg_4253                         |   1|    1|          0|
    |or_cond6_reg_4202                         |   1|    1|          0|
    |p_0202_rec_reg_756                        |   2|    2|          0|
    |p_0206_rec_reg_767                        |   2|    2|          0|
    |p_0210_rec_reg_778                        |   2|    2|          0|
    |p_assign_10_reg_4185                      |  13|   13|          0|
    |p_assign_2_reg_4329                       |  13|   13|          0|
    |p_assign_5_reg_4125                       |  13|   13|          0|
    |p_assign_8_reg_4166                       |  13|   13|          0|
    |ref_reg_3950                              |  13|   13|          0|
    |reg_1001                                  |   8|    8|          0|
    |reg_1006                                  |   8|    8|          0|
    |reg_1010                                  |   8|    8|          0|
    |reg_1015                                  |   8|    8|          0|
    |reg_1019                                  |   8|    8|          0|
    |reg_1024                                  |   8|    8|          0|
    |rev1_reg_4257                             |   1|    1|          0|
    |right_border_buf_0_val_0_0_fu_204         |   8|    8|          0|
    |right_border_buf_0_val_0_1_fu_208         |   8|    8|          0|
    |right_border_buf_0_val_0_2_fu_212         |   8|    8|          0|
    |right_border_buf_1_val_0_0_fu_216         |   8|    8|          0|
    |right_border_buf_1_val_0_1_fu_220         |   8|    8|          0|
    |right_border_buf_1_val_0_2_fu_224         |   8|    8|          0|
    |right_border_buf_2_val_0_0_fu_228         |   8|    8|          0|
    |right_border_buf_2_val_0_1_fu_232         |   8|    8|          0|
    |right_border_buf_2_val_0_2_fu_236         |   8|    8|          0|
    |rows_cast1_reg_3918                       |  12|   13|          1|
    |rows_cast_reg_3943                        |  12|   14|          2|
    |sel_tmp10_reg_4262                        |   1|    1|          0|
    |sel_tmp12_reg_4269                        |   1|    1|          0|
    |sel_tmp17_demorgan_reg_4140               |   1|    1|          0|
    |sel_tmp17_reg_4276                        |   1|    1|          0|
    |sel_tmp19_reg_4283                        |   1|    1|          0|
    |sel_tmp4_reg_4355                         |   1|    1|          0|
    |sel_tmp9_reg_4360                         |   1|    1|          0|
    |sel_tmp_reg_4350                          |  15|   15|          0|
    |slt1_reg_4395                             |   1|    1|          0|
    |slt2_reg_4445                             |   1|    1|          0|
    |slt3_reg_4495                             |   1|    1|          0|
    |slt_reg_4192                              |   1|    1|          0|
    |src_kernel_win_0_val_0_0_1_fu_320         |   8|    8|          0|
    |src_kernel_win_0_val_0_0_fu_252           |   8|    8|          0|
    |src_kernel_win_0_val_0_1_1_reg_4697       |   8|    8|          0|
    |src_kernel_win_0_val_0_1_fu_256           |   8|    8|          0|
    |src_kernel_win_0_val_1_0_1_fu_312         |   8|    8|          0|
    |src_kernel_win_0_val_1_0_fu_264           |   8|    8|          0|
    |src_kernel_win_0_val_1_1_1_reg_4703       |   8|    8|          0|
    |src_kernel_win_0_val_1_1_fu_268           |   8|    8|          0|
    |src_kernel_win_0_val_2_0_fu_276           |   8|    8|          0|
    |src_kernel_win_0_val_2_1_1_reg_4709       |   8|    8|          0|
    |src_kernel_win_0_val_2_1_fu_280           |   8|    8|          0|
    |src_kernel_win_1_val_0_0_1_fu_296         |   8|    8|          0|
    |src_kernel_win_1_val_0_0_fu_288           |   8|    8|          0|
    |src_kernel_win_1_val_0_1_1_reg_4715       |   8|    8|          0|
    |src_kernel_win_1_val_0_1_fu_292           |   8|    8|          0|
    |src_kernel_win_1_val_1_0_1_fu_284         |   8|    8|          0|
    |src_kernel_win_1_val_1_0_fu_304           |   8|    8|          0|
    |src_kernel_win_1_val_1_1_1_reg_4727       |   8|    8|          0|
    |src_kernel_win_1_val_1_1_fu_308           |   8|    8|          0|
    |src_kernel_win_1_val_2_0_fu_300           |   8|    8|          0|
    |src_kernel_win_1_val_2_1_1_reg_4721       |   8|    8|          0|
    |src_kernel_win_1_val_2_1_fu_316           |   8|    8|          0|
    |src_kernel_win_2_val_0_0_1_fu_272         |   8|    8|          0|
    |src_kernel_win_2_val_0_0_fu_324           |   8|    8|          0|
    |src_kernel_win_2_val_0_1_1_reg_4733       |   8|    8|          0|
    |src_kernel_win_2_val_0_1_fu_328           |   8|    8|          0|
    |src_kernel_win_2_val_1_0_1_fu_260         |   8|    8|          0|
    |src_kernel_win_2_val_1_0_fu_340           |   8|    8|          0|
    |src_kernel_win_2_val_1_1_1_reg_4745       |   8|    8|          0|
    |src_kernel_win_2_val_1_1_fu_344           |   8|    8|          0|
    |src_kernel_win_2_val_2_0_fu_336           |   8|    8|          0|
    |src_kernel_win_2_val_2_1_1_reg_4739       |   8|    8|          0|
    |src_kernel_win_2_val_2_1_fu_332           |   8|    8|          0|
    |t_V_1_reg_800                             |  12|   12|          0|
    |t_V_reg_789                               |  12|   12|          0|
    |temp_10_reg_4567                          |   8|    8|          0|
    |temp_13_reg_4671                          |   8|    8|          0|
    |temp_reg_4619                             |   8|    8|          0|
    |tmp15_reg_4340                            |   1|    1|          0|
    |tmp16_reg_4345                            |   1|    1|          0|
    |tmp30_reg_5021                            |  18|   26|          8|
    |tmp31_reg_5026                            |  17|   25|          8|
    |tmp33_reg_5031                            |  18|   26|          8|
    |tmp43_reg_5036                            |  18|   26|          8|
    |tmp44_reg_5041                            |  17|   25|          8|
    |tmp46_reg_5046                            |  18|   26|          8|
    |tmp54_reg_5051                            |  18|   26|          8|
    |tmp55_reg_5056                            |  17|   25|          8|
    |tmp57_reg_5061                            |  18|   26|          8|
    |tmp_101_cast_reg_4052                     |  16|   16|          0|
    |tmp_103_cast_reg_4059                     |  16|   16|          0|
    |tmp_105_cast_reg_4066                     |  16|   16|          0|
    |tmp_107_cast_reg_4073                     |  16|   16|          0|
    |tmp_11_reg_3995                           |   1|    1|          0|
    |tmp_13_reg_4012                           |   2|    2|          0|
    |tmp_14_reg_4080                           |   2|    2|          0|
    |tmp_17_reg_4119                           |   1|    1|          0|
    |tmp_18_reg_4426                           |  64|   64|          0|
    |tmp_20_reg_4130                           |   1|    1|          0|
    |tmp_21_reg_4135                           |  13|   13|          0|
    |tmp_22_reg_4207                           |   2|    2|          0|
    |tmp_27_reg_4243                           |   1|    1|          0|
    |tmp_28_reg_4391                           |   1|    1|          0|
    |tmp_29_cast_cast_reg_3990                 |  12|   15|          3|
    |tmp_2_reg_3977                            |  13|   13|          0|
    |tmp_30_reg_4406                           |   1|    1|          0|
    |tmp_35_reg_4325                           |   1|    1|          0|
    |tmp_36_reg_4886                           |  16|   16|          0|
    |tmp_41_2_reg_4197                         |   1|    1|          0|
    |tmp_42_1_reg_4476                         |  64|   64|          0|
    |tmp_42_2_reg_4526                         |  64|   64|          0|
    |tmp_47_0_1_reg_4159                       |   1|    1|          0|
    |tmp_47_0_2_reg_4178                       |   1|    1|          0|
    |tmp_48_1_reg_4441                         |   1|    1|          0|
    |tmp_48_2_reg_4491                         |   1|    1|          0|
    |tmp_4_reg_4318                            |   1|    1|          0|
    |tmp_50_1_reg_4456                         |   1|    1|          0|
    |tmp_50_2_reg_4506                         |   1|    1|          0|
    |tmp_52_0_t_reg_4410                       |   2|    2|          0|
    |tmp_52_1_t_reg_4460                       |   2|    2|          0|
    |tmp_52_2_t_reg_4510                       |   2|    2|          0|
    |tmp_57_reg_5066                           |  20|   20|          0|
    |tmp_59_reg_5071                           |   1|    1|          0|
    |tmp_5_reg_4294                            |   1|    1|          0|
    |tmp_61_reg_5076                           |   0|    8|          8|
    |tmp_63_0_cast_cast_cast_reg_4005          |  12|   14|          2|
    |tmp_6_reg_3984                            |   1|    1|          0|
    |tmp_72_0_t_reg_4563                       |   2|    2|          0|
    |tmp_72_1_t_reg_4615                       |   2|    2|          0|
    |tmp_72_2_t_reg_4667                       |   2|    2|          0|
    |tmp_72_reg_5116                           |   1|    1|          0|
    |tmp_73_reg_5121                           |   8|    8|          0|
    |tmp_77_0_t_reg_4559                       |   2|    2|          0|
    |tmp_77_1_t_reg_4611                       |   2|    2|          0|
    |tmp_77_2_t_reg_4663                       |   2|    2|          0|
    |tmp_78_reg_5081                           |  20|   20|          0|
    |tmp_79_reg_5086                           |   1|    1|          0|
    |tmp_80_reg_5091                           |   0|    8|          8|
    |tmp_81_reg_5131                           |   1|    1|          0|
    |tmp_82_reg_5136                           |   8|    8|          0|
    |tmp_87_reg_5096                           |  20|   20|          0|
    |tmp_88_reg_5101                           |   1|    1|          0|
    |tmp_89_reg_5106                           |   0|    8|          8|
    |tmp_8_reg_4145                            |   2|    2|          0|
    |tmp_90_reg_5146                           |   1|    1|          0|
    |tmp_91_cast_reg_4017                      |  16|   16|          0|
    |tmp_91_reg_5151                           |   8|    8|          0|
    |tmp_93_cast_reg_4024                      |  16|   16|          0|
    |tmp_95_cast_reg_4031                      |  16|   16|          0|
    |tmp_9640_0_0_1_reg_4891                   |  16|   16|          0|
    |tmp_9640_0_0_2_reg_4896                   |  16|   16|          0|
    |tmp_9640_0_1_1_reg_4906                   |  16|   16|          0|
    |tmp_9640_0_1_2_reg_4911                   |  16|   16|          0|
    |tmp_9640_0_1_reg_4901                     |  16|   16|          0|
    |tmp_9640_0_2_1_reg_4921                   |  16|   16|          0|
    |tmp_9640_0_2_2_reg_4926                   |  16|   16|          0|
    |tmp_9640_0_2_reg_4916                     |  16|   16|          0|
    |tmp_9640_1_0_1_reg_4936                   |  16|   16|          0|
    |tmp_9640_1_0_2_reg_4941                   |  16|   16|          0|
    |tmp_9640_1_1_1_reg_4951                   |  16|   16|          0|
    |tmp_9640_1_1_2_reg_4956                   |  16|   16|          0|
    |tmp_9640_1_1_reg_4946                     |  16|   16|          0|
    |tmp_9640_1_2_1_reg_4966                   |  16|   16|          0|
    |tmp_9640_1_2_2_reg_4971                   |  16|   16|          0|
    |tmp_9640_1_2_reg_4961                     |  16|   16|          0|
    |tmp_9640_1_reg_4931                       |  16|   16|          0|
    |tmp_9640_2_0_1_reg_4981                   |  16|   16|          0|
    |tmp_9640_2_0_2_reg_4986                   |  16|   16|          0|
    |tmp_9640_2_1_1_reg_4996                   |  16|   16|          0|
    |tmp_9640_2_1_2_reg_5001                   |  16|   16|          0|
    |tmp_9640_2_1_reg_4991                     |  16|   16|          0|
    |tmp_9640_2_2_1_reg_5011                   |  16|   16|          0|
    |tmp_9640_2_2_2_reg_5016                   |  16|   16|          0|
    |tmp_9640_2_2_reg_5006                     |  16|   16|          0|
    |tmp_9640_2_reg_4976                       |  16|   16|          0|
    |tmp_97_cast_reg_4038                      |  16|   16|          0|
    |tmp_99_cast_reg_4045                      |  16|   16|          0|
    |tmp_cast_cast_cast_reg_3967               |  15|   15|          0|
    |tr2_reg_5111                              |  24|   24|          0|
    |tr3_reg_5126                              |  24|   24|          0|
    |tr4_reg_5141                              |  24|   24|          0|
    |ult_reg_4101                              |   1|    1|          0|
    |widthloop_reg_3937                        |  13|   13|          0|
    |x_reg_4369                                |  15|   15|          0|
    +------------------------------------------+----+-----+-----------+
    |Total                                     |2097| 2205|        108|
    +------------------------------------------+----+-----+-----------+



================================================================
== Interface
================================================================
* Summary: 
+-------------------------------+-----+-----+---------+---------------------------------------------------------------+--------------+
|           RTL Ports           | Dir | Bits| Protocol|                         Source Object                         |    C Type    |
+-------------------------------+-----+-----+---------+---------------------------------------------------------------+--------------+
|ap_clk                         |  in |    1|        -| filter_opr<filter2d_kernel,16,16,ap_int<8>,int,1080,1920,3,3> | return value |
|ap_rst                         |  in |    1|        -| filter_opr<filter2d_kernel,16,16,ap_int<8>,int,1080,1920,3,3> | return value |
|ap_start                       |  in |    1|        -| filter_opr<filter2d_kernel,16,16,ap_int<8>,int,1080,1920,3,3> | return value |
|ap_done                        | out |    1|        -| filter_opr<filter2d_kernel,16,16,ap_int<8>,int,1080,1920,3,3> | return value |
|ap_idle                        | out |    1|        -| filter_opr<filter2d_kernel,16,16,ap_int<8>,int,1080,1920,3,3> | return value |
|ap_ready                       | out |    1|        -| filter_opr<filter2d_kernel,16,16,ap_int<8>,int,1080,1920,3,3> | return value |
|p_src_data_stream_0_V_dout     |  in |    8| ap_fifo |                     p_src_data_stream_0_V                     |    pointer   |
|p_src_data_stream_0_V_empty_n  |  in |    1| ap_fifo |                     p_src_data_stream_0_V                     |    pointer   |
|p_src_data_stream_0_V_read     | out |    1| ap_fifo |                     p_src_data_stream_0_V                     |    pointer   |
|p_src_data_stream_1_V_dout     |  in |    8| ap_fifo |                     p_src_data_stream_1_V                     |    pointer   |
|p_src_data_stream_1_V_empty_n  |  in |    1| ap_fifo |                     p_src_data_stream_1_V                     |    pointer   |
|p_src_data_stream_1_V_read     | out |    1| ap_fifo |                     p_src_data_stream_1_V                     |    pointer   |
|p_src_data_stream_2_V_dout     |  in |    8| ap_fifo |                     p_src_data_stream_2_V                     |    pointer   |
|p_src_data_stream_2_V_empty_n  |  in |    1| ap_fifo |                     p_src_data_stream_2_V                     |    pointer   |
|p_src_data_stream_2_V_read     | out |    1| ap_fifo |                     p_src_data_stream_2_V                     |    pointer   |
|p_dst_data_stream_0_V_din      | out |    8| ap_fifo |                     p_dst_data_stream_0_V                     |    pointer   |
|p_dst_data_stream_0_V_full_n   |  in |    1| ap_fifo |                     p_dst_data_stream_0_V                     |    pointer   |
|p_dst_data_stream_0_V_write    | out |    1| ap_fifo |                     p_dst_data_stream_0_V                     |    pointer   |
|p_dst_data_stream_1_V_din      | out |    8| ap_fifo |                     p_dst_data_stream_1_V                     |    pointer   |
|p_dst_data_stream_1_V_full_n   |  in |    1| ap_fifo |                     p_dst_data_stream_1_V                     |    pointer   |
|p_dst_data_stream_1_V_write    | out |    1| ap_fifo |                     p_dst_data_stream_1_V                     |    pointer   |
|p_dst_data_stream_2_V_din      | out |    8| ap_fifo |                     p_dst_data_stream_2_V                     |    pointer   |
|p_dst_data_stream_2_V_full_n   |  in |    1| ap_fifo |                     p_dst_data_stream_2_V                     |    pointer   |
|p_dst_data_stream_2_V_write    | out |    1| ap_fifo |                     p_dst_data_stream_2_V                     |    pointer   |
|kernel_val_0_0_V_read          |  in |    8| ap_none |                     kernel_val_0_0_V_read                     |    scalar    |
|kernel_val_0_1_V_read          |  in |    8| ap_none |                     kernel_val_0_1_V_read                     |    scalar    |
|kernel_val_0_2_V_read          |  in |    8| ap_none |                     kernel_val_0_2_V_read                     |    scalar    |
|kernel_val_1_0_V_read          |  in |    8| ap_none |                     kernel_val_1_0_V_read                     |    scalar    |
|kernel_val_1_1_V_read          |  in |    8| ap_none |                     kernel_val_1_1_V_read                     |    scalar    |
|kernel_val_1_2_V_read          |  in |    8| ap_none |                     kernel_val_1_2_V_read                     |    scalar    |
|kernel_val_2_0_V_read          |  in |    8| ap_none |                     kernel_val_2_0_V_read                     |    scalar    |
|kernel_val_2_1_V_read          |  in |    8| ap_none |                     kernel_val_2_1_V_read                     |    scalar    |
|kernel_val_2_2_V_read          |  in |    8| ap_none |                     kernel_val_2_2_V_read                     |    scalar    |
|rows                           |  in |   12| ap_none |                              rows                             |    scalar    |
|cols                           |  in |   12| ap_none |                              cols                             |    scalar    |
+-------------------------------+-----+-----+---------+---------------------------------------------------------------+--------------+

