

================================================================
== Vivado HLS Report for 'filter_opr_erode_kernel_16_16_unsigned_char_int_1080_1920_3_3_s'
================================================================
* Date:           Fri Dec  4 16:20:35 2015

* Version:        2013.2 (build date: Thu Jun 13 16:07:59 PM 2013)
* Project:        prj
* Solution:       solution1
* Product family: zynq zynq_fpv6 
* Target device:  xc7z020clg484-1


================================================================
== Performance Estimates
================================================================
+ Timing (ns): 
    * Summary: 
    +---------+-------+----------+------------+
    |  Clock  | Target| Estimated| Uncertainty|
    +---------+-------+----------+------------+
    |default  |   6.67|      5.39|        0.83|
    +---------+-------+----------+------------+

+ Latency (clock cycles): 
    * Summary: 
    +-----+---------+-----+---------+---------+
    |    Latency    |    Interval   | Pipeline|
    | min |   max   | min |   max   |   Type  |
    +-----+---------+-----+---------+---------+
    |   93|  2088733|   93|  2088733|   none  |
    +-----+---------+-----+---------+---------+

    + Detail: 
        * Instance: 
        N/A

        * Loop: 
        +-------------+-----+---------+-----------+-----------+-----------+----------+----------+
        |             |    Latency    | Iteration |  Initiation Interval  |   Trip   |          |
        |  Loop Name  | min |   max   |  Latency  |  achieved |   target  |   Count  | Pipelined|
        +-------------+-----+---------+-----------+-----------+-----------+----------+----------+
        |- Loop 1     |    3|        3|          1|          -|          -|         3|    no    |
        |- Loop 2     |    3|        3|          1|          -|          -|         3|    no    |
        |- Loop 3     |    3|        3|          1|          -|          -|         3|    no    |
        |- Loop 4     |   80|  2088720| 16 ~ 1934 |          -|          -| 5 ~ 1080 |    no    |
        | + Loop 4.1  |   12|     1930|         12|          1|          1| 2 ~ 1920 |    yes   |
        +-------------+-----+---------+-----------+-----------+-----------+----------+----------+



================================================================
== Utilization Estimates
================================================================
* Summary: 
+-----------------+---------+-------+--------+-------+
|       Name      | BRAM_18K| DSP48E|   FF   |  LUT  |
+-----------------+---------+-------+--------+-------+
|Expression       |        -|      -|       0|   1492|
|FIFO             |        -|      -|       -|      -|
|Instance         |        -|      -|       -|      -|
|Memory           |        9|      -|       0|      0|
|Multiplexer      |        -|      -|       -|    249|
|Register         |        -|      -|    1212|      -|
|ShiftMemory      |        -|      -|       0|    103|
+-----------------+---------+-------+--------+-------+
|Total            |        9|      0|    1212|   1844|
+-----------------+---------+-------+--------+-------+
|Available        |      280|    220|  106400|  53200|
+-----------------+---------+-------+--------+-------+
|Utilization (%)  |        3|      0|       1|      3|
+-----------------+---------+-------+--------+-------+

+ Detail: 
    * Instance: 
    N/A

    * Memory: 
    +-----------------+-----------------------------------------------------------------------------+---------+------+-----+------+-------------+
    |      Memory     |                                    Module                                   | BRAM_18K| Words| Bits| Banks| W*Bits*Banks|
    +-----------------+-----------------------------------------------------------------------------+---------+------+-----+------+-------------+
    |k_buf_0_val_0_U  |filter_opr_filter2d_kernel_16_16_ap_int_8_int_1080_1920_3_3_s_k_buf_0_val_0  |        1|  1920|    8|     1|        15360|
    |k_buf_0_val_1_U  |filter_opr_filter2d_kernel_16_16_ap_int_8_int_1080_1920_3_3_s_k_buf_0_val_0  |        1|  1920|    8|     1|        15360|
    |k_buf_0_val_2_U  |filter_opr_filter2d_kernel_16_16_ap_int_8_int_1080_1920_3_3_s_k_buf_0_val_0  |        1|  1920|    8|     1|        15360|
    |k_buf_1_val_0_U  |filter_opr_filter2d_kernel_16_16_ap_int_8_int_1080_1920_3_3_s_k_buf_0_val_0  |        1|  1920|    8|     1|        15360|
    |k_buf_1_val_1_U  |filter_opr_filter2d_kernel_16_16_ap_int_8_int_1080_1920_3_3_s_k_buf_0_val_0  |        1|  1920|    8|     1|        15360|
    |k_buf_1_val_2_U  |filter_opr_filter2d_kernel_16_16_ap_int_8_int_1080_1920_3_3_s_k_buf_0_val_0  |        1|  1920|    8|     1|        15360|
    |k_buf_2_val_0_U  |filter_opr_filter2d_kernel_16_16_ap_int_8_int_1080_1920_3_3_s_k_buf_0_val_0  |        1|  1920|    8|     1|        15360|
    |k_buf_2_val_1_U  |filter_opr_filter2d_kernel_16_16_ap_int_8_int_1080_1920_3_3_s_k_buf_0_val_0  |        1|  1920|    8|     1|        15360|
    |k_buf_2_val_2_U  |filter_opr_filter2d_kernel_16_16_ap_int_8_int_1080_1920_3_3_s_k_buf_0_val_0  |        1|  1920|    8|     1|        15360|
    +-----------------+-----------------------------------------------------------------------------+---------+------+-----+------+-------------+
    |Total            |                                                                             |        9| 17280|   72|     9|       138240|
    +-----------------+-----------------------------------------------------------------------------+---------+------+-----+------+-------------+

    * FIFO: 
    N/A

    * Shift register: 
    +----------------------------------------+---+----+-----+-----------+
    |                  Name                  | FF| LUT| Bits| Const Bits|
    +----------------------------------------+---+----+-----+-----------+
    |brmerge2_reg_3432                       |  0|   1|    1|          0|
    |brmerge_reg_3240                        |  0|   1|    1|          0|
    |src_kernel_win_0_val_0_0_load_reg_3736  |  0|   8|    8|          0|
    |src_kernel_win_0_val_0_1_5_reg_3658     |  0|   8|    8|          0|
    |src_kernel_win_0_val_1_0_load_reg_3742  |  0|   8|    8|          0|
    |src_kernel_win_0_val_1_1_5_reg_3665     |  0|   8|    8|          0|
    |src_kernel_win_1_val_0_0_load_reg_3754  |  0|   8|    8|          0|
    |src_kernel_win_1_val_0_1_5_reg_3672     |  0|   8|    8|          0|
    |src_kernel_win_1_val_1_0_load_reg_3760  |  0|   8|    8|          0|
    |src_kernel_win_1_val_1_1_5_reg_3679     |  0|   8|    8|          0|
    |src_kernel_win_2_val_0_0_load_reg_3772  |  0|   8|    8|          0|
    |src_kernel_win_2_val_0_1_5_reg_3686     |  0|   8|    8|          0|
    |src_kernel_win_2_val_1_0_load_reg_3778  |  0|   8|    8|          0|
    |src_kernel_win_2_val_1_1_5_reg_3693     |  0|   8|    8|          0|
    |tmp_103_reg_3211                        |  0|   1|    1|          0|
    |tmp_139_1_reg_3289                      |  0|   1|    1|          0|
    |tmp_139_2_reg_3324                      |  0|   1|    1|          0|
    |tmp_71_reg_3244                         |  0|   1|    1|          0|
    |tmp_9_reg_3202                          |  0|   1|    1|          0|
    +----------------------------------------+---+----+-----+-----------+
    |Total                                   |  0| 103|  103|          0|
    +----------------------------------------+---+----+-----+-----------+

    * Expression: 
    +----------------------------------------+----------+-------+---+----+------------+------------+
    |              Variable Name             | Operation| DSP48E| FF| LUT| Bitwidth P0| Bitwidth P1|
    +----------------------------------------+----------+-------+---+----+------------+------------+
    |ImagLoc_x_fu_1432_p2                    |     +    |      0|  0|  13|          13|           2|
    |ImagLoc_y_3_fu_1248_p2                  |     +    |      0|  0|  13|          13|           4|
    |ImagLoc_y_4_fu_1286_p2                  |     +    |      0|  0|  13|          13|           4|
    |ImagLoc_y_fu_1172_p2                    |     +    |      0|  0|  13|          13|           4|
    |heightloop_fu_1050_p2                   |     +    |      0|  0|  13|          13|           3|
    |i_V_fu_1161_p2                          |     +    |      0|  0|  12|          12|           1|
    |j_V_fu_1410_p2                          |     +    |      0|  0|  12|          12|           1|
    |p_rec5_fu_1017_p2                       |     +    |      0|  0|   2|           2|           1|
    |p_rec6_fu_1029_p2                       |     +    |      0|  0|   2|           2|           1|
    |p_rec_fu_1041_p2                        |     +    |      0|  0|   2|           2|           1|
    |ref_fu_1069_p2                          |     +    |      0|  0|  13|          13|           2|
    |tmp_143_0_t_fu_1500_p2                  |     +    |      0|  0|   2|           2|           2|
    |tmp_143_1_t_fu_1552_p2                  |     +    |      0|  0|   2|           2|           2|
    |tmp_143_2_t_fu_1583_p2                  |     +    |      0|  0|   2|           2|           2|
    |tmp_162_0_t_fu_1629_p2                  |     +    |      0|  0|   2|           2|           2|
    |tmp_162_1_t_fu_1706_p2                  |     +    |      0|  0|   2|           2|           2|
    |tmp_162_2_t_fu_1779_p2                  |     +    |      0|  0|   2|           2|           2|
    |tmp_167_0_t_fu_1621_p2                  |     +    |      0|  0|   2|           2|           2|
    |tmp_167_1_t_fu_1698_p2                  |     +    |      0|  0|   2|           2|           2|
    |tmp_167_2_t_fu_1771_p2                  |     +    |      0|  0|   2|           2|           2|
    |tmp_6_fu_1087_p2                        |     +    |      0|  0|  13|          13|           3|
    |tmp_s_fu_1078_p2                        |     +    |      0|  0|  13|          13|           2|
    |widthloop_fu_1063_p2                    |     +    |      0|  0|  13|          13|           2|
    |locy_0_0_t_fu_1349_p2                   |     -    |      0|  0|   2|           2|           2|
    |locy_0_1_t_fu_1363_p2                   |     -    |      0|  0|   2|           2|           2|
    |locy_0_2_t_fu_1377_p2                   |     -    |      0|  0|   2|           2|           2|
    |p_assign_12_fu_1267_p3                  |  Select  |      0|  0|  13|           1|           1|
    |p_assign_13_fu_1305_p3                  |  Select  |      0|  0|  13|           1|           1|
    |p_assign_14_fu_1455_p3                  |  Select  |      0|  0|  13|           1|           1|
    |p_assign_s_fu_1222_p3                   |  Select  |      0|  0|  13|           1|           1|
    |sel_tmp16_fu_1874_p3                    |  Select  |      0|  0|   8|           1|           8|
    |sel_tmp21_fu_1888_p3                    |  Select  |      0|  0|   8|           1|           8|
    |sel_tmp28_fu_1951_p3                    |  Select  |      0|  0|   8|           1|           8|
    |sel_tmp29_fu_1965_p3                    |  Select  |      0|  0|   8|           1|           8|
    |sel_tmp4_fu_2082_p3                     |  Select  |      0|  0|   8|           1|           8|
    |sel_tmp9_fu_2097_p3                     |  Select  |      0|  0|   8|           1|           8|
    |src_kernel_win_0_val_0_0_20_fu_2555_p3  |  Select  |      0|  0|   8|           1|           8|
    |src_kernel_win_0_val_0_0_9_fu_2089_p3   |  Select  |      0|  0|   8|           1|           8|
    |src_kernel_win_0_val_0_1_6_fu_2442_p3   |  Select  |      0|  0|   8|           1|           8|
    |src_kernel_win_0_val_0_1_7_fu_2510_p3   |  Select  |      0|  0|   8|           1|           8|
    |src_kernel_win_0_val_1_0_19_fu_2393_p3  |  Select  |      0|  0|   8|           1|           8|
    |src_kernel_win_0_val_1_0_1_fu_2104_p3   |  Select  |      0|  0|   8|           1|           8|
    |src_kernel_win_0_val_1_1_6_fu_2280_p3   |  Select  |      0|  0|   8|           1|           8|
    |src_kernel_win_0_val_1_1_7_fu_2348_p3   |  Select  |      0|  0|   8|           1|           8|
    |src_kernel_win_0_val_2_0_8_fu_2219_p3   |  Select  |      0|  0|   8|           1|           8|
    |src_kernel_win_0_val_2_1_6_fu_1853_p3   |  Select  |      0|  0|   8|           1|           2|
    |src_kernel_win_0_val_2_1_7_fu_2124_p3   |  Select  |      0|  0|   8|           1|           8|
    |src_kernel_win_1_val_0_0_20_fu_2570_p3  |  Select  |      0|  0|   8|           1|           8|
    |src_kernel_win_1_val_0_0_9_fu_1881_p3   |  Select  |      0|  0|   8|           1|           8|
    |src_kernel_win_1_val_0_1_6_fu_2462_p3   |  Select  |      0|  0|   8|           1|           8|
    |src_kernel_win_1_val_0_1_7_fu_2525_p3   |  Select  |      0|  0|   8|           1|           8|
    |src_kernel_win_1_val_1_0_13_fu_2408_p3  |  Select  |      0|  0|   8|           1|           8|
    |src_kernel_win_1_val_1_0_1_fu_1895_p3   |  Select  |      0|  0|   8|           1|           8|
    |src_kernel_win_1_val_1_1_6_fu_2300_p3   |  Select  |      0|  0|   8|           1|           8|
    |src_kernel_win_1_val_1_1_7_fu_2363_p3   |  Select  |      0|  0|   8|           1|           8|
    |src_kernel_win_1_val_2_0_8_fu_2240_p3   |  Select  |      0|  0|   8|           1|           8|
    |src_kernel_win_1_val_2_1_6_fu_1926_p3   |  Select  |      0|  0|   8|           1|           2|
    |src_kernel_win_1_val_2_1_7_fu_2163_p3   |  Select  |      0|  0|   8|           1|           8|
    |src_kernel_win_2_val_0_0_18_fu_2585_p3  |  Select  |      0|  0|   8|           1|           8|
    |src_kernel_win_2_val_0_0_9_fu_1958_p3   |  Select  |      0|  0|   8|           1|           8|
    |src_kernel_win_2_val_0_1_6_fu_2482_p3   |  Select  |      0|  0|   8|           1|           8|
    |src_kernel_win_2_val_0_1_7_fu_2540_p3   |  Select  |      0|  0|   8|           1|           8|
    |src_kernel_win_2_val_1_0_13_fu_2423_p3  |  Select  |      0|  0|   8|           1|           8|
    |src_kernel_win_2_val_1_0_1_fu_1972_p3   |  Select  |      0|  0|   8|           1|           8|
    |src_kernel_win_2_val_1_1_6_fu_2320_p3   |  Select  |      0|  0|   8|           1|           8|
    |src_kernel_win_2_val_1_1_7_fu_2378_p3   |  Select  |      0|  0|   8|           1|           8|
    |src_kernel_win_2_val_2_0_8_fu_2261_p3   |  Select  |      0|  0|   8|           1|           8|
    |src_kernel_win_2_val_2_1_6_fu_2003_p3   |  Select  |      0|  0|   8|           1|           2|
    |src_kernel_win_2_val_2_1_7_fu_2198_p3   |  Select  |      0|  0|   8|           1|           8|
    |tmp_171_0_1_v_fu_1274_p3                |  Select  |      0|  0|  13|           1|          13|
    |tmp_171_0_2_v_fu_1312_p3                |  Select  |      0|  0|  13|           1|          13|
    |tmp_68_fu_1229_p3                       |  Select  |      0|  0|  13|           1|          13|
    |tmp_69_fu_1237_p3                       |  Select  |      0|  0|   3|           1|           3|
    |x_fu_1462_p3                            |  Select  |      0|  0|  13|           1|          13|
    |ap_sig_bdd_1778                         |    and   |      0|  0|   2|           1|           1|
    |ap_sig_bdd_2398                         |    and   |      0|  0|   2|           1|           1|
    |ap_sig_bdd_2401                         |    and   |      0|  0|   2|           1|           1|
    |ap_sig_bdd_2406                         |    and   |      0|  0|   2|           1|           1|
    |ap_sig_bdd_2408                         |    and   |      0|  0|   2|           1|           1|
    |ap_sig_bdd_2412                         |    and   |      0|  0|   2|           1|           1|
    |ap_sig_bdd_2414                         |    and   |      0|  0|   2|           1|           1|
    |ap_sig_bdd_2418                         |    and   |      0|  0|   2|           1|           1|
    |or_cond10_fu_2437_p2                    |    and   |      0|  0|   2|           1|           1|
    |or_cond11_fu_2505_p2                    |    and   |      0|  0|   2|           1|           1|
    |or_cond12_fu_2550_p2                    |    and   |      0|  0|   2|           1|           1|
    |or_cond14_fu_2158_p2                    |    and   |      0|  0|   2|           1|           1|
    |or_cond15_fu_2235_p2                    |    and   |      0|  0|   2|           1|           1|
    |or_cond16_fu_2295_p2                    |    and   |      0|  0|   2|           1|           1|
    |or_cond17_fu_2358_p2                    |    and   |      0|  0|   2|           1|           1|
    |or_cond18_fu_2403_p2                    |    and   |      0|  0|   2|           1|           1|
    |or_cond19_fu_2457_p2                    |    and   |      0|  0|   2|           1|           1|
    |or_cond1_fu_1396_p2                     |    and   |      0|  0|   2|           1|           1|
    |or_cond20_fu_2520_p2                    |    and   |      0|  0|   2|           1|           1|
    |or_cond21_fu_2565_p2                    |    and   |      0|  0|   2|           1|           1|
    |or_cond23_fu_2193_p2                    |    and   |      0|  0|   2|           1|           1|
    |or_cond24_fu_2256_p2                    |    and   |      0|  0|   2|           1|           1|
    |or_cond25_fu_2315_p2                    |    and   |      0|  0|   2|           1|           1|
    |or_cond26_fu_2373_p2                    |    and   |      0|  0|   2|           1|           1|
    |or_cond27_fu_2418_p2                    |    and   |      0|  0|   2|           1|           1|
    |or_cond28_fu_2477_p2                    |    and   |      0|  0|   2|           1|           1|
    |or_cond29_2_fu_1386_p2                  |    and   |      0|  0|   2|           1|           1|
    |or_cond29_fu_2535_p2                    |    and   |      0|  0|   2|           1|           1|
    |or_cond2_fu_1607_p2                     |    and   |      0|  0|   2|           1|           1|
    |or_cond30_fu_2580_p2                    |    and   |      0|  0|   2|           1|           1|
    |or_cond3_fu_2275_p2                     |    and   |      0|  0|   2|           1|           1|
    |or_cond4_fu_2343_p2                     |    and   |      0|  0|   2|           1|           1|
    |or_cond5_1_fu_1674_p2                   |    and   |      0|  0|   2|           1|           1|
    |or_cond5_2_fu_1747_p2                   |    and   |      0|  0|   2|           1|           1|
    |or_cond5_fu_1597_p2                     |    and   |      0|  0|   2|           1|           1|
    |or_cond6_1_fu_1684_p2                   |    and   |      0|  0|   2|           1|           1|
    |or_cond6_2_fu_1757_p2                   |    and   |      0|  0|   2|           1|           1|
    |or_cond6_fu_2388_p2                     |    and   |      0|  0|   2|           1|           1|
    |or_cond8_fu_2119_p2                     |    and   |      0|  0|   2|           1|           1|
    |or_cond9_fu_2214_p2                     |    and   |      0|  0|   2|           1|           1|
    |or_cond_fu_1345_p2                      |    and   |      0|  0|   2|           1|           1|
    |exitcond5_fu_1035_p2                    |   icmp   |      0|  0|   2|           2|           2|
    |exitcond6_fu_1023_p2                    |   icmp   |      0|  0|   2|           2|           2|
    |exitcond7_fu_1011_p2                    |   icmp   |      0|  0|   2|           2|           2|
    |icmp5_fu_1198_p2                        |   icmp   |      0|  0|  14|          12|           1|
    |icmp_fu_1426_p2                         |   icmp   |      0|  0|  13|          11|           1|
    |sel_tmp10_fu_1371_p2                    |   icmp   |      0|  0|   2|           2|           1|
    |sel_tmp5_fu_1357_p2                     |   icmp   |      0|  0|   2|           2|           1|
    |sel_tmp8_fu_1367_p2                     |   icmp   |      0|  0|   2|           2|           2|
    |sel_tmp_fu_1353_p2                      |   icmp   |      0|  0|   2|           2|           2|
    |slt4_fu_1479_p2                         |   icmp   |      0|  0|  17|          14|          14|
    |slt5_fu_1531_p2                         |   icmp   |      0|  0|  17|          14|          14|
    |slt6_fu_1562_p2                         |   icmp   |      0|  0|  17|          14|          14|
    |slt_fu_1330_p2                          |   icmp   |      0|  0|  16|          13|          13|
    |tmp_126_not_fu_1182_p2                  |   icmp   |      0|  0|  16|          13|           3|
    |tmp_132_2_fu_1335_p2                    |   icmp   |      0|  0|  17|          14|          14|
    |tmp_138_0_1_fu_1254_p2                  |   icmp   |      0|  0|  16|          13|          13|
    |tmp_138_0_2_fu_1292_p2                  |   icmp   |      0|  0|  16|          13|          13|
    |tmp_139_1_fu_1526_p2                    |   icmp   |      0|  0|  17|          14|          14|
    |tmp_139_2_fu_1557_p2                    |   icmp   |      0|  0|  17|          14|          14|
    |tmp_141_1_fu_1543_p2                    |   icmp   |      0|  0|  16|          13|          13|
    |tmp_141_2_fu_1574_p2                    |   icmp   |      0|  0|  16|          13|          13|
    |tmp_146_1_fu_1670_p2                    |   icmp   |      0|  0|  16|          13|          13|
    |tmp_146_2_fu_1743_p2                    |   icmp   |      0|  0|  16|          13|          13|
    |tmp_148_1_fu_1680_p2                    |   icmp   |      0|  0|  16|          13|          13|
    |tmp_148_2_fu_1753_p2                    |   icmp   |      0|  0|  16|          13|          13|
    |tmp_181_2_0_1_not_fu_1102_p2            |   icmp   |      0|  0|   8|           8|           1|
    |tmp_181_2_0_2_not_fu_1107_p2            |   icmp   |      0|  0|   8|           8|           1|
    |tmp_181_2_1_0_not_fu_1112_p2            |   icmp   |      0|  0|   8|           8|           1|
    |tmp_181_2_1_1_not_fu_1117_p2            |   icmp   |      0|  0|   8|           8|           1|
    |tmp_181_2_1_2_not_fu_1122_p2            |   icmp   |      0|  0|   8|           8|           1|
    |tmp_181_2_2_0_not_fu_1127_p2            |   icmp   |      0|  0|   8|           8|           1|
    |tmp_181_2_2_1_not_fu_1132_p2            |   icmp   |      0|  0|   8|           8|           1|
    |tmp_181_2_2_2_not_fu_1137_p2            |   icmp   |      0|  0|   8|           8|           1|
    |tmp_181_2_fu_1097_p2                    |   icmp   |      0|  0|   8|           8|           1|
    |tmp_182_0_0_1_fu_2115_p2                |   icmp   |      0|  0|   8|           8|           8|
    |tmp_182_0_0_2_fu_2210_p2                |   icmp   |      0|  0|   8|           8|           8|
    |tmp_182_0_1_1_fu_2339_p2                |   icmp   |      0|  0|   8|           8|           8|
    |tmp_182_0_1_2_fu_2384_p2                |   icmp   |      0|  0|   8|           8|           8|
    |tmp_182_0_1_fu_2270_p2                  |   icmp   |      0|  0|   8|           8|           8|
    |tmp_182_0_2_1_fu_2501_p2                |   icmp   |      0|  0|   8|           8|           8|
    |tmp_182_0_2_2_fu_2546_p2                |   icmp   |      0|  0|   8|           8|           8|
    |tmp_182_0_2_fu_2432_p2                  |   icmp   |      0|  0|   8|           8|           8|
    |tmp_182_1_0_1_fu_2154_p2                |   icmp   |      0|  0|   8|           8|           8|
    |tmp_182_1_0_2_fu_2231_p2                |   icmp   |      0|  0|   8|           8|           8|
    |tmp_182_1_1_1_fu_2354_p2                |   icmp   |      0|  0|   8|           8|           8|
    |tmp_182_1_1_2_fu_2399_p2                |   icmp   |      0|  0|   8|           8|           8|
    |tmp_182_1_1_fu_2290_p2                  |   icmp   |      0|  0|   8|           8|           8|
    |tmp_182_1_2_1_fu_2516_p2                |   icmp   |      0|  0|   8|           8|           8|
    |tmp_182_1_2_2_fu_2561_p2                |   icmp   |      0|  0|   8|           8|           8|
    |tmp_182_1_2_fu_2452_p2                  |   icmp   |      0|  0|   8|           8|           8|
    |tmp_182_1_fu_1915_p2                    |   icmp   |      0|  0|   8|           8|           2|
    |tmp_182_2_0_1_fu_2189_p2                |   icmp   |      0|  0|   8|           8|           8|
    |tmp_182_2_0_2_fu_2252_p2                |   icmp   |      0|  0|   8|           8|           8|
    |tmp_182_2_1_1_fu_2369_p2                |   icmp   |      0|  0|   8|           8|           8|
    |tmp_182_2_1_2_fu_2414_p2                |   icmp   |      0|  0|   8|           8|           8|
    |tmp_182_2_1_fu_2310_p2                  |   icmp   |      0|  0|   8|           8|           8|
    |tmp_182_2_2_1_fu_2531_p2                |   icmp   |      0|  0|   8|           8|           8|
    |tmp_182_2_2_2_fu_2576_p2                |   icmp   |      0|  0|   8|           8|           8|
    |tmp_182_2_2_fu_2472_p2                  |   icmp   |      0|  0|   8|           8|           8|
    |tmp_182_2_fu_1992_p2                    |   icmp   |      0|  0|   8|           8|           2|
    |tmp_63_fu_1442_p2                       |   icmp   |      0|  0|  16|          13|          13|
    |tmp_66_fu_1204_p2                       |   icmp   |      0|  0|  16|          13|          13|
    |tmp_67_fu_1209_p2                       |   icmp   |      0|  0|  16|          13|          13|
    |tmp_71_fu_1474_p2                       |   icmp   |      0|  0|  17|          14|          14|
    |tmp_73_fu_1491_p2                       |   icmp   |      0|  0|  16|          13|          13|
    |tmp_75_fu_1593_p2                       |   icmp   |      0|  0|  16|          13|          13|
    |tmp_76_fu_1324_p2                       |   icmp   |      0|  0|  16|          13|           1|
    |tmp_77_fu_1603_p2                       |   icmp   |      0|  0|  16|          13|          13|
    |tmp_79_fu_1842_p2                       |   icmp   |      0|  0|   8|           8|           2|
    |tmp_7_fu_1156_p2                        |   icmp   |      0|  0|  17|          14|          14|
    |tmp_9_fu_1405_p2                        |   icmp   |      0|  0|  16|          13|          13|
    |ult2_fu_1505_p2                         |   icmp   |      0|  0|  16|          13|          13|
    |ult_fu_1167_p2                          |   icmp   |      0|  0|  17|          14|          14|
    |ap_sig_bdd_102                          |    or    |      0|  0|   2|           1|           1|
    |ap_sig_bdd_137                          |    or    |      0|  0|   2|           1|           1|
    |brmerge2_fu_1661_p2                     |    or    |      0|  0|   2|           1|           1|
    |brmerge31_2_fu_1391_p2                  |    or    |      0|  0|   2|           1|           1|
    |brmerge_fu_1470_p2                      |    or    |      0|  0|   2|           1|           1|
    |or_cond13_fu_1921_p2                    |    or    |      0|  0|   2|           1|           1|
    |or_cond22_fu_1998_p2                    |    or    |      0|  0|   2|           1|           1|
    |or_cond7_fu_1848_p2                     |    or    |      0|  0|   2|           1|           1|
    |tmp44_fu_1516_p2                        |    or    |      0|  0|   2|           1|           1|
    |tmp45_fu_1521_p2                        |    or    |      0|  0|   2|           1|           1|
    |rev10_fu_1738_p2                        |    xor   |      0|  0|   2|           1|           2|
    |rev6_fu_1340_p2                         |    xor   |      0|  0|   2|           1|           2|
    |rev7_fu_1588_p2                         |    xor   |      0|  0|   2|           1|           2|
    |rev8_fu_1510_p2                         |    xor   |      0|  0|   2|           1|           2|
    |rev9_fu_1665_p2                         |    xor   |      0|  0|   2|           1|           2|
    |rev_fu_1381_p2                          |    xor   |      0|  0|   2|           1|           2|
    |tmp_64_fu_1142_p2                       |    xor   |      0|  0|   2|           2|           2|
    +----------------------------------------+----------+-------+---+----+------------+------------+
    |Total                                   |          |      0|  0|1492|         976|        1045|
    +----------------------------------------+----------+-------+---+----+------------+------------+

    * Multiplexer: 
    +------------------------------------+----+-----------+-----+-----------+
    |                Name                | LUT| Input Size| Bits| Total Bits|
    +------------------------------------+----+-----------+-----+-----------+
    |k_buf_0_val_0_address1              |  11|          3|   11|         33|
    |k_buf_0_val_1_address1              |  11|          4|   11|         44|
    |k_buf_0_val_2_address1              |  11|          4|   11|         44|
    |k_buf_1_val_0_address1              |  11|          3|   11|         33|
    |k_buf_1_val_1_address1              |  11|          4|   11|         44|
    |k_buf_1_val_2_address1              |  11|          4|   11|         44|
    |k_buf_2_val_0_address1              |  11|          3|   11|         33|
    |k_buf_2_val_1_address1              |  11|          4|   11|         44|
    |k_buf_2_val_2_address1              |  11|          4|   11|         44|
    |p_0202_rec_reg_730                  |   2|          2|    2|          4|
    |p_0206_rec_reg_741                  |   2|          2|    2|          4|
    |p_0210_rec_reg_752                  |   2|          2|    2|          4|
    |src_kernel_win_0_val_0_0_11_fu_294  |   8|          2|    8|         16|
    |src_kernel_win_0_val_0_0_fu_226     |   8|          5|    8|         40|
    |src_kernel_win_0_val_1_0_10_fu_286  |   8|          2|    8|         16|
    |src_kernel_win_0_val_1_0_fu_238     |   8|          5|    8|         40|
    |src_kernel_win_0_val_2_0_fu_250     |   8|          7|    8|         56|
    |src_kernel_win_1_val_0_0_11_fu_270  |   8|          2|    8|         16|
    |src_kernel_win_1_val_0_0_fu_262     |   8|          5|    8|         40|
    |src_kernel_win_1_val_1_0_7_fu_258   |   8|          2|    8|         16|
    |src_kernel_win_1_val_1_0_fu_278     |   8|          5|    8|         40|
    |src_kernel_win_1_val_2_0_fu_274     |   8|          7|    8|         56|
    |src_kernel_win_2_val_0_0_11_fu_246  |   8|          2|    8|         16|
    |src_kernel_win_2_val_0_0_fu_298     |   8|          5|    8|         40|
    |src_kernel_win_2_val_1_0_7_fu_234   |   8|          2|    8|         16|
    |src_kernel_win_2_val_1_0_fu_314     |   8|          5|    8|         40|
    |src_kernel_win_2_val_2_0_fu_310     |   8|          7|    8|         56|
    |t_V_2_reg_774                       |  12|          2|   12|         24|
    |t_V_reg_763                         |  12|          2|   12|         24|
    +------------------------------------+----+-----------+-----+-----------+
    |Total                               | 249|        106|  249|        927|
    +------------------------------------+----+-----------+-----+-----------+

    * Register: 
    +-------------------------------------------+----+-----+-----------+
    |                    Name                   | FF | Bits| Const Bits|
    +-------------------------------------------+----+-----+-----------+
    |Toppixel_3_reg_3462                        |   8|    8|          0|
    |Toppixel_4_reg_3535                        |   8|    8|          0|
    |Toppixel_reg_3385                          |   8|    8|          0|
    |ap_CS_fsm                                  |   3|    3|          0|
    |ap_reg_ppiten_pp0_it0                      |   1|    1|          0|
    |ap_reg_ppiten_pp0_it1                      |   1|    1|          0|
    |ap_reg_ppiten_pp0_it10                     |   1|    1|          0|
    |ap_reg_ppiten_pp0_it11                     |   1|    1|          0|
    |ap_reg_ppiten_pp0_it2                      |   1|    1|          0|
    |ap_reg_ppiten_pp0_it3                      |   1|    1|          0|
    |ap_reg_ppiten_pp0_it4                      |   1|    1|          0|
    |ap_reg_ppiten_pp0_it5                      |   1|    1|          0|
    |ap_reg_ppiten_pp0_it6                      |   1|    1|          0|
    |ap_reg_ppiten_pp0_it7                      |   1|    1|          0|
    |ap_reg_ppiten_pp0_it8                      |   1|    1|          0|
    |ap_reg_ppiten_pp0_it9                      |   1|    1|          0|
    |ap_reg_ppstg_or_cond2_reg_3363_pp0_it2     |   1|    1|          0|
    |ap_reg_ppstg_or_cond5_1_reg_3436_pp0_it2   |   1|    1|          0|
    |ap_reg_ppstg_or_cond5_2_reg_3509_pp0_it2   |   1|    1|          0|
    |ap_reg_ppstg_or_cond5_reg_3359_pp0_it2     |   1|    1|          0|
    |ap_reg_ppstg_or_cond6_1_reg_3440_pp0_it2   |   1|    1|          0|
    |ap_reg_ppstg_or_cond6_2_reg_3513_pp0_it2   |   1|    1|          0|
    |ap_reg_ppstg_temp_57_reg_3390_pp0_it2      |   8|    8|          0|
    |ap_reg_ppstg_temp_58_reg_3396_pp0_it2      |   8|    8|          0|
    |ap_reg_ppstg_temp_59_reg_3473_pp0_it2      |   8|    8|          0|
    |ap_reg_ppstg_temp_60_reg_3540_pp0_it2      |   8|    8|          0|
    |ap_reg_ppstg_temp_61_reg_3546_pp0_it2      |   8|    8|          0|
    |ap_reg_ppstg_temp_reg_3467_pp0_it2         |   8|    8|          0|
    |ap_reg_ppstg_tmp_162_0_t_reg_3381_pp0_it2  |   2|    2|          0|
    |ap_reg_ppstg_tmp_162_1_t_reg_3458_pp0_it2  |   2|    2|          0|
    |ap_reg_ppstg_tmp_162_2_t_reg_3531_pp0_it2  |   2|    2|          0|
    |ap_reg_ppstg_tmp_167_0_t_reg_3377_pp0_it2  |   2|    2|          0|
    |ap_reg_ppstg_tmp_167_1_t_reg_3454_pp0_it2  |   2|    2|          0|
    |ap_reg_ppstg_tmp_167_2_t_reg_3527_pp0_it2  |   2|    2|          0|
    |brmerge2_reg_3432                          |   1|    1|          0|
    |brmerge_reg_3240                           |   1|    1|          0|
    |cols_cast7_reg_2956                        |  12|   13|          1|
    |cols_cast8_reg_2976                        |  12|   14|          2|
    |heightloop_cast59_cast_reg_2949            |  13|   14|          1|
    |i_V_reg_3088                               |  12|   12|          0|
    |icmp5_reg_3104                             |   1|    1|          0|
    |k_buf_0_val_0_addr_4_reg_3273              |  11|   11|          0|
    |k_buf_0_val_1_addr_5_reg_3267              |  11|   11|          0|
    |k_buf_0_val_2_addr_4_reg_3253              |  11|   11|          0|
    |k_buf_1_val_0_addr_4_reg_3318              |  11|   11|          0|
    |k_buf_1_val_1_addr_5_reg_3312              |  11|   11|          0|
    |k_buf_1_val_2_addr_4_reg_3298              |  11|   11|          0|
    |k_buf_2_val_0_addr_4_reg_3353              |  11|   11|          0|
    |k_buf_2_val_1_addr_5_reg_3347              |  11|   11|          0|
    |k_buf_2_val_2_addr_4_reg_3333              |  11|   11|          0|
    |locy_0_2_t_reg_3189                        |   2|    2|          0|
    |or_cond1_reg_3198                          |   1|    1|          0|
    |or_cond29_2_reg_3193                       |   1|    1|          0|
    |or_cond2_reg_3363                          |   1|    1|          0|
    |or_cond5_1_reg_3436                        |   1|    1|          0|
    |or_cond5_2_reg_3509                        |   1|    1|          0|
    |or_cond5_reg_3359                          |   1|    1|          0|
    |or_cond6_1_reg_3440                        |   1|    1|          0|
    |or_cond6_2_reg_3513                        |   1|    1|          0|
    |or_cond_reg_3156                           |   1|    1|          0|
    |p_0202_rec_reg_730                         |   2|    2|          0|
    |p_0206_rec_reg_741                         |   2|    2|          0|
    |p_0210_rec_reg_752                         |   2|    2|          0|
    |ref_reg_2967                               |  13|   13|          0|
    |reg_1000                                   |   8|    8|          0|
    |reg_1006                                   |   8|    8|          0|
    |reg_984                                    |   8|    8|          0|
    |reg_990                                    |   8|    8|          0|
    |reg_996                                    |   8|    8|          0|
    |rev6_reg_3151                              |   1|    1|          0|
    |right_border_buf_0_val_0_0_fu_178          |   8|    8|          0|
    |right_border_buf_0_val_0_1_fu_182          |   8|    8|          0|
    |right_border_buf_0_val_0_2_fu_186          |   8|    8|          0|
    |right_border_buf_1_val_0_0_fu_190          |   8|    8|          0|
    |right_border_buf_1_val_0_1_fu_194          |   8|    8|          0|
    |right_border_buf_1_val_0_2_fu_198          |   8|    8|          0|
    |right_border_buf_2_val_0_0_fu_202          |   8|    8|          0|
    |right_border_buf_2_val_0_1_fu_206          |   8|    8|          0|
    |right_border_buf_2_val_0_2_fu_210          |   8|    8|          0|
    |rows_cast_reg_2942                         |  12|   13|          1|
    |sel_tmp10_reg_3182                         |   1|    1|          0|
    |sel_tmp5_reg_3168                          |   1|    1|          0|
    |sel_tmp8_reg_3175                          |   1|    1|          0|
    |sel_tmp_reg_3161                           |   1|    1|          0|
    |slt4_reg_3248                              |   1|    1|          0|
    |slt5_reg_3293                              |   1|    1|          0|
    |slt6_reg_3328                              |   1|    1|          0|
    |slt_reg_3141                               |   1|    1|          0|
    |src_kernel_win_0_val_0_0_11_fu_294         |   8|    8|          0|
    |src_kernel_win_0_val_0_0_20_reg_3880       |   8|    8|          0|
    |src_kernel_win_0_val_0_0_fu_226            |   8|    8|          0|
    |src_kernel_win_0_val_0_0_load_reg_3736     |   8|    8|          0|
    |src_kernel_win_0_val_0_1_5_reg_3658        |   8|    8|          0|
    |src_kernel_win_0_val_0_1_6_reg_3844        |   8|    8|          0|
    |src_kernel_win_0_val_0_1_7_reg_3862        |   8|    8|          0|
    |src_kernel_win_0_val_0_1_fu_230            |   8|    8|          0|
    |src_kernel_win_0_val_1_0_10_fu_286         |   8|    8|          0|
    |src_kernel_win_0_val_1_0_19_reg_3826       |   8|    8|          0|
    |src_kernel_win_0_val_1_0_fu_238            |   8|    8|          0|
    |src_kernel_win_0_val_1_0_load_reg_3742     |   8|    8|          0|
    |src_kernel_win_0_val_1_1_5_reg_3665        |   8|    8|          0|
    |src_kernel_win_0_val_1_1_6_reg_3790        |   8|    8|          0|
    |src_kernel_win_0_val_1_1_7_reg_3808        |   8|    8|          0|
    |src_kernel_win_0_val_1_1_fu_242            |   8|    8|          0|
    |src_kernel_win_0_val_2_0_8_reg_3748        |   8|    8|          0|
    |src_kernel_win_0_val_2_0_fu_250            |   8|    8|          0|
    |src_kernel_win_0_val_2_0_load_reg_3700     |   8|    8|          0|
    |src_kernel_win_0_val_2_1_5_reg_3582        |   8|    8|          0|
    |src_kernel_win_0_val_2_1_6_reg_3600        |   8|    8|          0|
    |src_kernel_win_0_val_2_1_7_reg_3706        |   8|    8|          0|
    |src_kernel_win_0_val_2_1_fu_254            |   8|    8|          0|
    |src_kernel_win_1_val_0_0_11_fu_270         |   8|    8|          0|
    |src_kernel_win_1_val_0_0_14_reg_3611       |   8|    8|          0|
    |src_kernel_win_1_val_0_0_20_reg_3885       |   8|    8|          0|
    |src_kernel_win_1_val_0_0_9_reg_3616        |   8|    8|          0|
    |src_kernel_win_1_val_0_0_fu_262            |   8|    8|          0|
    |src_kernel_win_1_val_0_0_load_reg_3754     |   8|    8|          0|
    |src_kernel_win_1_val_0_1_5_reg_3672        |   8|    8|          0|
    |src_kernel_win_1_val_0_1_6_reg_3850        |   8|    8|          0|
    |src_kernel_win_1_val_0_1_7_reg_3868        |   8|    8|          0|
    |src_kernel_win_1_val_0_1_fu_266            |   8|    8|          0|
    |src_kernel_win_1_val_1_0_11_reg_3606       |   8|    8|          0|
    |src_kernel_win_1_val_1_0_13_reg_3832       |   8|    8|          0|
    |src_kernel_win_1_val_1_0_1_reg_3621        |   8|    8|          0|
    |src_kernel_win_1_val_1_0_7_fu_258          |   8|    8|          0|
    |src_kernel_win_1_val_1_0_fu_278            |   8|    8|          0|
    |src_kernel_win_1_val_1_0_load_reg_3760     |   8|    8|          0|
    |src_kernel_win_1_val_1_1_5_reg_3679        |   8|    8|          0|
    |src_kernel_win_1_val_1_1_6_reg_3796        |   8|    8|          0|
    |src_kernel_win_1_val_1_1_7_reg_3814        |   8|    8|          0|
    |src_kernel_win_1_val_1_1_fu_282            |   8|    8|          0|
    |src_kernel_win_1_val_2_0_8_reg_3766        |   8|    8|          0|
    |src_kernel_win_1_val_2_0_fu_274            |   8|    8|          0|
    |src_kernel_win_1_val_2_0_load_reg_3712     |   8|    8|          0|
    |src_kernel_win_1_val_2_1_5_reg_3588        |   8|    8|          0|
    |src_kernel_win_1_val_2_1_6_reg_3626        |   8|    8|          0|
    |src_kernel_win_1_val_2_1_7_reg_3718        |   8|    8|          0|
    |src_kernel_win_1_val_2_1_fu_290            |   8|    8|          0|
    |src_kernel_win_2_val_0_0_11_fu_246         |   8|    8|          0|
    |src_kernel_win_2_val_0_0_14_reg_3637       |   8|    8|          0|
    |src_kernel_win_2_val_0_0_18_reg_3890       |   8|    8|          0|
    |src_kernel_win_2_val_0_0_9_reg_3642        |   8|    8|          0|
    |src_kernel_win_2_val_0_0_fu_298            |   8|    8|          0|
    |src_kernel_win_2_val_0_0_load_reg_3772     |   8|    8|          0|
    |src_kernel_win_2_val_0_1_5_reg_3686        |   8|    8|          0|
    |src_kernel_win_2_val_0_1_6_reg_3856        |   8|    8|          0|
    |src_kernel_win_2_val_0_1_7_reg_3874        |   8|    8|          0|
    |src_kernel_win_2_val_0_1_fu_302            |   8|    8|          0|
    |src_kernel_win_2_val_1_0_11_reg_3632       |   8|    8|          0|
    |src_kernel_win_2_val_1_0_13_reg_3838       |   8|    8|          0|
    |src_kernel_win_2_val_1_0_1_reg_3647        |   8|    8|          0|
    |src_kernel_win_2_val_1_0_7_fu_234          |   8|    8|          0|
    |src_kernel_win_2_val_1_0_fu_314            |   8|    8|          0|
    |src_kernel_win_2_val_1_0_load_reg_3778     |   8|    8|          0|
    |src_kernel_win_2_val_1_1_5_reg_3693        |   8|    8|          0|
    |src_kernel_win_2_val_1_1_6_reg_3802        |   8|    8|          0|
    |src_kernel_win_2_val_1_1_7_reg_3820        |   8|    8|          0|
    |src_kernel_win_2_val_1_1_fu_318            |   8|    8|          0|
    |src_kernel_win_2_val_2_0_8_reg_3784        |   8|    8|          0|
    |src_kernel_win_2_val_2_0_fu_310            |   8|    8|          0|
    |src_kernel_win_2_val_2_0_load_reg_3724     |   8|    8|          0|
    |src_kernel_win_2_val_2_1_5_reg_3594        |   8|    8|          0|
    |src_kernel_win_2_val_2_1_6_reg_3652        |   8|    8|          0|
    |src_kernel_win_2_val_2_1_7_reg_3730        |   8|    8|          0|
    |src_kernel_win_2_val_2_1_fu_306            |   8|    8|          0|
    |t_V_2_reg_774                              |  12|   12|          0|
    |t_V_reg_763                                |  12|   12|          0|
    |temp_57_reg_3390                           |   8|    8|          0|
    |temp_58_reg_3396                           |   8|    8|          0|
    |temp_59_reg_3473                           |   8|    8|          0|
    |temp_60_reg_3540                           |   8|    8|          0|
    |temp_61_reg_3546                           |   8|    8|          0|
    |temp_reg_3467                              |   8|    8|          0|
    |tmp44_reg_3279                             |   1|    1|          0|
    |tmp45_reg_3284                             |   1|    1|          0|
    |tmp_100_reg_3125                           |   2|    2|          0|
    |tmp_102_reg_3131                           |   2|    2|          0|
    |tmp_103_reg_3211                           |   1|    1|          0|
    |tmp_126_not_reg_3098                       |   1|    1|          0|
    |tmp_132_2_reg_3146                         |   1|    1|          0|
    |tmp_139_1_reg_3289                         |   1|    1|          0|
    |tmp_139_2_reg_3324                         |   1|    1|          0|
    |tmp_141_1_reg_3304                         |   1|    1|          0|
    |tmp_141_2_reg_3339                         |   1|    1|          0|
    |tmp_143_0_t_reg_3263                       |   2|    2|          0|
    |tmp_143_1_t_reg_3308                       |   2|    2|          0|
    |tmp_143_2_t_reg_3343                       |   2|    2|          0|
    |tmp_162_0_t_reg_3381                       |   2|    2|          0|
    |tmp_162_1_t_reg_3458                       |   2|    2|          0|
    |tmp_162_2_t_reg_3531                       |   2|    2|          0|
    |tmp_167_0_t_reg_3377                       |   2|    2|          0|
    |tmp_167_1_t_reg_3454                       |   2|    2|          0|
    |tmp_167_2_t_reg_3527                       |   2|    2|          0|
    |tmp_181_2_0_1_not_reg_3016                 |   1|    1|          0|
    |tmp_181_2_0_2_not_reg_3023                 |   1|    1|          0|
    |tmp_181_2_1_0_not_reg_3030                 |   1|    1|          0|
    |tmp_181_2_1_1_not_reg_3037                 |   1|    1|          0|
    |tmp_181_2_1_2_not_reg_3044                 |   1|    1|          0|
    |tmp_181_2_2_0_not_reg_3051                 |   1|    1|          0|
    |tmp_181_2_2_1_not_reg_3058                 |   1|    1|          0|
    |tmp_181_2_2_2_not_reg_3065                 |   1|    1|          0|
    |tmp_181_2_reg_3009                         |   1|    1|          0|
    |tmp_64_reg_3072                            |   2|    2|          0|
    |tmp_69_reg_3110                            |   2|    2|          0|
    |tmp_6_reg_2997                             |  13|   13|          0|
    |tmp_71_reg_3244                            |   1|    1|          0|
    |tmp_73_reg_3259                            |   1|    1|          0|
    |tmp_76_reg_3136                            |   1|    1|          0|
    |tmp_96_reg_3004                            |   2|    2|          0|
    |tmp_98_reg_3119                            |   2|    2|          0|
    |tmp_9_reg_3202                             |   1|    1|          0|
    |tmp_s_reg_2986                             |  13|   13|          0|
    |ult_reg_3093                               |   1|    1|          0|
    |widthloop_reg_2961                         |  13|   13|          0|
    |x_reg_3215                                 |  13|   13|          0|
    +-------------------------------------------+----+-----+-----------+
    |Total                                      |1212| 1217|          5|
    +-------------------------------------------+----+-----+-----------+



================================================================
== Interface
================================================================
* Summary: 
+-------------------------------+-----+-----+---------+----------------------------------------------------------------+--------------+
|           RTL Ports           | Dir | Bits| Protocol|                          Source Object                         |    C Type    |
+-------------------------------+-----+-----+---------+----------------------------------------------------------------+--------------+
|ap_clk                         |  in |    1|        -| filter_opr<erode_kernel,16,16,unsigned char,int,1080,1920,3,3> | return value |
|ap_rst                         |  in |    1|        -| filter_opr<erode_kernel,16,16,unsigned char,int,1080,1920,3,3> | return value |
|ap_start                       |  in |    1|        -| filter_opr<erode_kernel,16,16,unsigned char,int,1080,1920,3,3> | return value |
|ap_done                        | out |    1|        -| filter_opr<erode_kernel,16,16,unsigned char,int,1080,1920,3,3> | return value |
|ap_idle                        | out |    1|        -| filter_opr<erode_kernel,16,16,unsigned char,int,1080,1920,3,3> | return value |
|ap_ready                       | out |    1|        -| filter_opr<erode_kernel,16,16,unsigned char,int,1080,1920,3,3> | return value |
|p_src_data_stream_0_V_dout     |  in |    8| ap_fifo |                      p_src_data_stream_0_V                     |    pointer   |
|p_src_data_stream_0_V_empty_n  |  in |    1| ap_fifo |                      p_src_data_stream_0_V                     |    pointer   |
|p_src_data_stream_0_V_read     | out |    1| ap_fifo |                      p_src_data_stream_0_V                     |    pointer   |
|p_src_data_stream_1_V_dout     |  in |    8| ap_fifo |                      p_src_data_stream_1_V                     |    pointer   |
|p_src_data_stream_1_V_empty_n  |  in |    1| ap_fifo |                      p_src_data_stream_1_V                     |    pointer   |
|p_src_data_stream_1_V_read     | out |    1| ap_fifo |                      p_src_data_stream_1_V                     |    pointer   |
|p_src_data_stream_2_V_dout     |  in |    8| ap_fifo |                      p_src_data_stream_2_V                     |    pointer   |
|p_src_data_stream_2_V_empty_n  |  in |    1| ap_fifo |                      p_src_data_stream_2_V                     |    pointer   |
|p_src_data_stream_2_V_read     | out |    1| ap_fifo |                      p_src_data_stream_2_V                     |    pointer   |
|p_dst_data_stream_0_V_din      | out |    8| ap_fifo |                      p_dst_data_stream_0_V                     |    pointer   |
|p_dst_data_stream_0_V_full_n   |  in |    1| ap_fifo |                      p_dst_data_stream_0_V                     |    pointer   |
|p_dst_data_stream_0_V_write    | out |    1| ap_fifo |                      p_dst_data_stream_0_V                     |    pointer   |
|p_dst_data_stream_1_V_din      | out |    8| ap_fifo |                      p_dst_data_stream_1_V                     |    pointer   |
|p_dst_data_stream_1_V_full_n   |  in |    1| ap_fifo |                      p_dst_data_stream_1_V                     |    pointer   |
|p_dst_data_stream_1_V_write    | out |    1| ap_fifo |                      p_dst_data_stream_1_V                     |    pointer   |
|p_dst_data_stream_2_V_din      | out |    8| ap_fifo |                      p_dst_data_stream_2_V                     |    pointer   |
|p_dst_data_stream_2_V_full_n   |  in |    1| ap_fifo |                      p_dst_data_stream_2_V                     |    pointer   |
|p_dst_data_stream_2_V_write    | out |    1| ap_fifo |                      p_dst_data_stream_2_V                     |    pointer   |
|kernel_val_0_0_read            |  in |    8| ap_none |                       kernel_val_0_0_read                      |    scalar    |
|kernel_val_0_1_read            |  in |    8| ap_none |                       kernel_val_0_1_read                      |    scalar    |
|kernel_val_0_2_read            |  in |    8| ap_none |                       kernel_val_0_2_read                      |    scalar    |
|kernel_val_1_0_read            |  in |    8| ap_none |                       kernel_val_1_0_read                      |    scalar    |
|kernel_val_1_1_read            |  in |    8| ap_none |                       kernel_val_1_1_read                      |    scalar    |
|kernel_val_1_2_read            |  in |    8| ap_none |                       kernel_val_1_2_read                      |    scalar    |
|kernel_val_2_0_read            |  in |    8| ap_none |                       kernel_val_2_0_read                      |    scalar    |
|kernel_val_2_1_read            |  in |    8| ap_none |                       kernel_val_2_1_read                      |    scalar    |
|kernel_val_2_2_read            |  in |    8| ap_none |                       kernel_val_2_2_read                      |    scalar    |
|rows                           |  in |   12| ap_none |                              rows                              |    scalar    |
|cols                           |  in |   12| ap_none |                              cols                              |    scalar    |
+-------------------------------+-----+-----+---------+----------------------------------------------------------------+--------------+

