Copyright 1986-1999, 2001-2013 Xilinx, Inc. All Rights Reserved.
-------------------------------------------------------------------------------------------------------------------------------
| Tool Version : Vivado v.2013.2 (lin64) Build 272601 Sat Jun 15 11:11:11 MDT 2013
| Date         : Fri Dec  4 17:54:42 2015
| Host         : amdpool-02.ece.cornell.edu running 64-bit Red Hat Enterprise Linux Server release 5.11 (Tikanga)
| Command      : report_utilization -file system_top_wrapper_utilization_synth.rpt -pb system_top_wrapper_utilization_synth.pb
| Design       : system_top_wrapper
| Device       : xc7z020
| Design State : Synthesized
-------------------------------------------------------------------------------------------------------------------------------

Utilization Design Information

Table of Contents
-----------------
1. Slice Logic
2. Memory
3. DSP
4. IO and GTX Specific
5. Clocking
6. Specific Feature
7. Primitives
8. Black Boxes
9. Instantiated Netlists

1. Slice Logic
--------------

+----------------------------+-------+-------+-----------+-------+
|          Site Type         |  Used | Loced | Available | Util% |
+----------------------------+-------+-------+-----------+-------+
| Slice LUTs*                | 29769 |     0 |     53200 | 55.95 |
|   LUT as Logic             | 28332 |     0 |     53200 | 53.25 |
|   LUT as Memory            |  1437 |     0 |     17400 |  8.25 |
|     LUT as Distributed RAM |   593 |     0 |           |       |
|     LUT as Shift Register  |   844 |     0 |           |       |
| Slice Registers            | 35315 |    34 |    106400 | 33.19 |
|   Register as Flip Flop    | 35275 |    34 |    106400 | 33.15 |
|   Register as Latch        |    40 |     0 |    106400 |  0.03 |
| F7 Muxes                   |   535 |     0 |     26600 |  2.01 |
| F8 Muxes                   |     0 |     0 |     13300 |  0.00 |
+----------------------------+-------+-------+-----------+-------+
* Warning! The Final LUT count, after physical optimizations and full implementation, is typically lower. Run opt_design after synthesis for a more realistic count.


2. Memory
---------

+-------------------+------+-------+-----------+-------+
|     Site Type     | Used | Loced | Available | Util% |
+-------------------+------+-------+-----------+-------+
| Block RAM Tile    | 58.5 |     0 |       140 | 41.78 |
|   RAMB36/FIFO*    |   45 |     0 |       140 | 32.14 |
|     FIFO36E1 only |   13 |       |           |       |
|     RAMB36E1 only |   32 |       |           |       |
|   RAMB18          |   27 |     0 |       280 |  9.64 |
|     RAMB18E1 only |   27 |       |           |       |
+-------------------+------+-------+-----------+-------+
* Note: Each Block RAM Tile only has one FIFO logic available and therefore can accommodate only one FIFO36E1 or one FIFO18E1. However, if a FIFO18E1 occupies a Block RAM Tile, that tile can still accommodate a RAMB18E1


3. DSP
------

+----------------+------+-------+-----------+-------+
|    Site Type   | Used | Loced | Available | Util% |
+----------------+------+-------+-----------+-------+
| DSPs           |   28 |     0 |       220 | 12.72 |
|   DSP48E1 only |   28 |       |           |       |
+----------------+------+-------+-----------+-------+


4. IO and GTX Specific
----------------------

+-----------------------------+------+-------+-----------+-------+
|          Site Type          | Used | Loced | Available | Util% |
+-----------------------------+------+-------+-----------+-------+
| Bonded IOB                  |   43 |     0 |       200 | 21.50 |
| Bonded IPADs                |    0 |     0 |         2 |  0.00 |
| Bonded IOPADs               |    0 |     0 |       130 |  0.00 |
| IBUFGDS                     |    0 |     0 |       192 |  0.00 |
| IDELAYCTRL                  |    0 |     0 |         4 |  0.00 |
| IN_FIFO                     |    0 |     0 |        16 |  0.00 |
| OUT_FIFO                    |    0 |     0 |        16 |  0.00 |
| PHASER_REF                  |    0 |     0 |         4 |  0.00 |
| PHY_CONTROL                 |    0 |     0 |         4 |  0.00 |
| PHASER_OUT/PHASER_OUT_PHY   |    0 |     0 |        16 |  0.00 |
| PHASER_IN/PHASER_IN_PHY     |    0 |     0 |        16 |  0.00 |
| IDELAYE2/IDELAYE2_FINEDELAY |    0 |     0 |       200 |  0.00 |
| ODELAYE2/ODELAYE2_FINEDELAY |    0 |     0 |         0 |  0.00 |
| IBUFDS_GTE2                 |    0 |     0 |         0 |  0.00 |
| ILOGIC                      |    0 |     0 |       200 |  0.00 |
| OLOGIC                      |    2 |     0 |       200 |  1.00 |
|   ODDR                      |    2 |       |           |       |
+-----------------------------+------+-------+-----------+-------+


5. Clocking
-----------

+------------+------+-------+-----------+-------+
|  Site Type | Used | Loced | Available | Util% |
+------------+------+-------+-----------+-------+
| BUFGCTRL   |    6 |     0 |        32 | 18.75 |
| BUFIO      |    0 |     0 |        16 |  0.00 |
| MMCME2_ADV |    1 |     0 |         4 | 25.00 |
| PLLE2_ADV  |    0 |     0 |         4 |  0.00 |
| BUFMRCE    |    0 |     0 |         8 |  0.00 |
| BUFHCE     |    0 |     0 |        72 |  0.00 |
| BUFR       |    0 |     0 |        16 |  0.00 |
+------------+------+-------+-----------+-------+


6. Specific Feature
-------------------

+-------------+------+-------+-----------+-------+
|  Site Type  | Used | Loced | Available | Util% |
+-------------+------+-------+-----------+-------+
| BSCANE2     |    0 |     0 |         4 |  0.00 |
| CAPTUREE2   |    0 |     0 |         1 |  0.00 |
| DNA_PORT    |    0 |     0 |         1 |  0.00 |
| EFUSE_USR   |    0 |     0 |         1 |  0.00 |
| FRAME_ECCE2 |    0 |     0 |         1 |  0.00 |
| ICAPE2      |    0 |     0 |         2 |  0.00 |
| STARTUPE2   |    0 |     0 |         1 |  0.00 |
| XADC        |    0 |     0 |         1 |  0.00 |
+-------------+------+-------+-----------+-------+


7. Primitives
-------------

+------------+-------+
|  Ref Name  |  Used |
+------------+-------+
| FDRE       | 32688 |
| LUT6       |  8379 |
| LUT4       |  6997 |
| LUT3       |  4355 |
| LUT5       |  3868 |
| LUT2       |  3734 |
| LUT1       |  1477 |
| FDSE       |  1152 |
| CARRY4     |  1117 |
| FDCE       |   942 |
| RAMD32     |   884 |
| SRL16E     |   769 |
| MUXF7      |   535 |
| FDPE       |   493 |
| RAMS32     |   292 |
| BIBUF      |   130 |
| SRLC32E    |    75 |
| LDCE       |    40 |
| RAMB36E1   |    32 |
| DSP48E1    |    28 |
| RAMB18E1   |    27 |
| OBUF       |    21 |
| IBUF       |    20 |
| FIFO36E1   |    13 |
| BUFG       |     5 |
| ODDR       |     2 |
| OBUFT      |     2 |
| RAMS64E    |     1 |
| PS7        |     1 |
| MMCME2_ADV |     1 |
| IBUFDS     |     1 |
| BUFGCTRL   |     1 |
+------------+-------+


8. Black Boxes
--------------

+----------+------+
| Ref Name | Used |
+----------+------+


9. Instantiated Netlists
------------------------

+----------+------+
| Ref Name | Used |
+----------+------+


