

================================================================
== Vivado HLS Report for 'finger_counter'
================================================================
* Date:           Mon Dec  7 20:43:29 2015

* Version:        2013.2 (build date: Thu Jun 13 16:07:59 PM 2013)
* Project:        prj
* Solution:       solution1
* Product family: zynq zynq_fpv6 
* Target device:  xc7z020clg484-1


================================================================
== Performance Estimates
================================================================
+ Timing (ns): 
    * Summary: 
    +---------+-------+----------+------------+
    |  Clock  | Target| Estimated| Uncertainty|
    +---------+-------+----------+------------+
    |default  |   6.67|      9.52|        0.83|
    +---------+-------+----------+------------+

+ Latency (clock cycles): 
    * Summary: 
    +-----+----------+-----+----------+---------+
    |     Latency    |    Interval    | Pipeline|
    | min |    max   | min |    max   |   Type  |
    +-----+----------+-----+----------+---------+
    |   28|  16797718|   28|  16797718|   none  |
    +-----+----------+-----+----------+---------+

    + Detail: 
        * Instance: 
        N/A

        * Loop: 
        +-------------+-----+----------+----------+-----------+-----------+----------+----------+
        |             |     Latency    | Iteration|  Initiation Interval  |   Trip   |          |
        |  Loop Name  | min |    max   |  Latency |  achieved |   target  |   Count  | Pipelined|
        +-------------+-----+----------+----------+-----------+-----------+----------+----------+
        |- Loop 1     |    6|  16797696| 6 ~ 4101 |          -|          -| 1 ~ 4096 |    no    |
        | + Loop 1.1  |    3|      4098|         4|          1|          1| 1 ~ 4096 |    yes   |
        +-------------+-----+----------+----------+-----------+-----------+----------+----------+



================================================================
== Utilization Estimates
================================================================
* Summary: 
+-----------------+---------+-------+--------+-------+
|       Name      | BRAM_18K| DSP48E|   FF   |  LUT  |
+-----------------+---------+-------+--------+-------+
|Expression       |        -|      -|       0|    654|
|FIFO             |        -|      -|       -|      -|
|Instance         |        -|     11|    1902|   2799|
|Memory           |        -|      -|       -|      -|
|Multiplexer      |        -|      -|       -|    240|
|Register         |        -|      -|     468|      -|
|ShiftMemory      |        -|      -|       0|      1|
+-----------------+---------+-------+--------+-------+
|Total            |        0|     11|    2370|   3694|
+-----------------+---------+-------+--------+-------+
|Available        |      280|    220|  106400|  53200|
+-----------------+---------+-------+--------+-------+
|Utilization (%)  |        0|      5|       2|      6|
+-----------------+---------+-------+--------+-------+

+ Detail: 
    * Instance: 
    +----------------------------------------------+------------------------------------------+---------+-------+-----+-----+
    |                   Instance                   |                  Module                  | BRAM_18K| DSP48E|  FF | LUT |
    +----------------------------------------------+------------------------------------------+---------+-------+-----+-----+
    |image_filter_dcmp_64ns_64ns_1_3_U44           |image_filter_dcmp_64ns_64ns_1_3           |        0|      0|  130|  469|
    |image_filter_dcmp_64ns_64ns_1_3_U45           |image_filter_dcmp_64ns_64ns_1_3           |        0|      0|  130|  469|
    |image_filter_dmul_64ns_64ns_64_9_max_dsp_U43  |image_filter_dmul_64ns_64ns_64_9_max_dsp  |        0|     11|  416|  599|
    |image_filter_sitodp_64s_64_9_U46              |image_filter_sitodp_64s_64_9              |        0|      0|  613|  631|
    |image_filter_sitodp_64s_64_9_U47              |image_filter_sitodp_64s_64_9              |        0|      0|  613|  631|
    +----------------------------------------------+------------------------------------------+---------+-------+-----+-----+
    |Total                                         |                                          |        0|     11| 1902| 2799|
    +----------------------------------------------+------------------------------------------+---------+-------+-----+-----+

    * Memory: 
    N/A

    * FIFO: 
    N/A

    * Shift register: 
    +---------------+---+----+-----+-----------+
    |      Name     | FF| LUT| Bits| Const Bits|
    +---------------+---+----+-----+-----------+
    |tmp_6_reg_629  |  0|   1|    1|          0|
    +---------------+---+----+-----+-----------+
    |Total          |  0|   1|    1|          0|
    +---------------+---+----+-----+-----------+

    * Expression: 
    +---------------------------------+----------+-------+---+----+------------+------------+
    |          Variable Name          | Operation| DSP48E| FF| LUT| Bitwidth P0| Bitwidth P1|
    +---------------------------------+----------+-------+---+----+------------+------------+
    |flip2_1_fu_445_p2                |     +    |      0|  0|  32|          32|           1|
    |flip4_1_fu_465_p2                |     +    |      0|  0|  32|          32|           1|
    |flip8_1_fu_497_p2                |     +    |      0|  0|  32|          32|           1|
    |i_V_fu_274_p2                    |     +    |      0|  0|  12|          12|           1|
    |j_V_fu_305_p2                    |     +    |      0|  0|  12|          12|           1|
    |op2_assign_3_fu_244_p2           |     +    |      0|  0|  13|          13|           1|
    |op2_assign_fu_234_p2             |     +    |      0|  0|  13|          13|           1|
    |rowcnt_1_fu_432_p2               |     +    |      0|  0|  32|          32|          32|
    |tmp_15_fu_361_p2                 |     -    |      0|  0|  13|          13|          13|
    |flip2_2_fu_457_p3                |  Select  |      0|  0|  32|           1|          32|
    |flip4_2_fu_477_p3                |  Select  |      0|  0|  32|           1|          32|
    |flip8_2_fu_509_p3                |  Select  |      0|  0|  32|           1|          32|
    |prev_2_fu_384_p3                 |  Select  |      0|  0|   8|           1|           8|
    |prev_3_fu_392_p3                 |  Select  |      0|  0|   8|           1|           8|
    |prevcol_2_fu_400_p3              |  Select  |      0|  0|   8|           1|           8|
    |prevcol_3_fu_407_p3              |  Select  |      0|  0|   8|           1|           8|
    |rowcnt_2_fu_438_p3               |  Select  |      0|  0|  32|           1|          32|
    |sel_tmp10_v_cast_cast_fu_425_p3  |  Select  |      0|  0|   2|           1|           1|
    |sel_tmp4_fu_543_p3               |  Select  |      0|  0|   3|           1|           3|
    |temp_V_2_fu_551_p3               |  Select  |      0|  0|   2|           1|           2|
    |ap_sig_bdd_113                   |    and   |      0|  0|   2|           1|           1|
    |ap_sig_bdd_127                   |    and   |      0|  0|   2|           1|           1|
    |ap_sig_bdd_137                   |    and   |      0|  0|   2|           1|           1|
    |not_or_cond_fu_331_p2            |    and   |      0|  0|   2|           1|           1|
    |or_cond_fu_316_p2                |    and   |      0|  0|   2|           1|           1|
    |sel_tmp1_fu_378_p2               |    and   |      0|  0|   2|           1|           1|
    |sel_tmp3_fu_537_p2               |    and   |      0|  0|   2|           1|           1|
    |not6_fu_311_p2                   |   icmp   |      0|  0|  14|          12|          12|
    |not_fu_280_p2                    |   icmp   |      0|  0|  14|          12|          12|
    |notlhs_fu_325_p2                 |   icmp   |      0|  0|  14|          12|           1|
    |notrhs_fu_285_p2                 |   icmp   |      0|  0|  14|          12|           1|
    |retval_s_fu_366_p2               |   icmp   |      0|  0|  16|          13|           5|
    |tmp_10_fu_451_p2                 |   icmp   |      0|  0|  40|          32|           2|
    |tmp_11_fu_471_p2                 |   icmp   |      0|  0|  40|          32|           3|
    |tmp_12_fu_485_p2                 |   icmp   |      0|  0|  40|          32|           3|
    |tmp_13_fu_491_p2                 |   icmp   |      0|  0|  40|          32|           4|
    |tmp_14_fu_351_p2                 |   icmp   |      0|  0|   8|           8|           8|
    |tmp_6_fu_300_p2                  |   icmp   |      0|  0|  16|          13|          13|
    |tmp_s_fu_269_p2                  |   icmp   |      0|  0|  16|          13|          13|
    |ap_sig_bdd_74                    |    or    |      0|  0|   2|           1|           1|
    |or_cond5_fu_503_p2               |    or    |      0|  0|   2|           1|           1|
    |sel_tmp_fu_372_p2                |    xor   |      0|  0|   2|           1|           2|
    |tmp_22_fu_527_p2                 |    xor   |      0|  0|   2|           1|           2|
    |tmp_24_fu_532_p2                 |    xor   |      0|  0|   2|           1|           2|
    +---------------------------------+----------+-------+---+----+------------+------------+
    |Total                            |          |      0|  0| 654|         437|         310|
    +---------------------------------+----------+-------+---+----+------------+------------+

    * Multiplexer: 
    +--------------------+----+-----------+-----+-----------+
    |        Name        | LUT| Input Size| Bits| Total Bits|
    +--------------------+----+-----------+-----+-----------+
    |flip2_reg_145       |  32|          2|   32|         64|
    |flip4_reg_157       |  32|          2|   32|         64|
    |flip8_reg_169       |  32|          2|   32|         64|
    |grp_fu_218_p0       |  64|          2|   64|        128|
    |pixel_in_val_fu_88  |   8|          2|    8|         16|
    |prev_fu_84          |   8|          2|    8|         16|
    |prevcol_fu_80       |   8|          2|    8|         16|
    |rowcnt_reg_192      |  32|          2|   32|         64|
    |t_V_5_reg_181       |  12|          2|   12|         24|
    |t_V_reg_134         |  12|          2|   12|         24|
    +--------------------+----+-----------+-----+-----------+
    |Total               | 240|         20|  240|        480|
    +--------------------+----+-----------+-----+-----------+

    * Register: 
    +------------------------------------------+----+-----+-----------+
    |                   Name                   | FF | Bits| Const Bits|
    +------------------------------------------+----+-----+-----------+
    |ap_CS_fsm                                 |   5|    5|          0|
    |ap_done_reg                               |   1|    1|          0|
    |ap_reg_ppiten_pp0_it0                     |   1|    1|          0|
    |ap_reg_ppiten_pp0_it1                     |   1|    1|          0|
    |ap_reg_ppiten_pp0_it2                     |   1|    1|          0|
    |ap_reg_ppiten_pp0_it3                     |   1|    1|          0|
    |ap_reg_ppstg_not_or_cond_reg_647_pp0_it1  |   1|    1|          0|
    |ap_reg_ppstg_prevcol_1_reg_642_pp0_it1    |   8|    8|          0|
    |ap_reg_ppstg_tmp_17_cast_reg_624_pp0_it1  |  12|   13|          1|
    |flip2_reg_145                             |  32|   32|          0|
    |flip4_reg_157                             |  32|   32|          0|
    |flip8_reg_169                             |  32|   32|          0|
    |i_V_reg_604                               |  12|   12|          0|
    |not_or_cond_reg_647                       |   1|    1|          0|
    |not_reg_609                               |   1|    1|          0|
    |notrhs_reg_614                            |   1|    1|          0|
    |op2_assign_3_reg_596                      |  13|   13|          0|
    |op2_assign_reg_591                        |  13|   13|          0|
    |or_cond_reg_638                           |   1|    1|          0|
    |pixel_in_val_fu_88                        |   8|    8|          0|
    |prevGesture_V                             |   2|    2|          0|
    |prev_fu_84                                |   8|    8|          0|
    |prevcol_1_reg_642                         |   8|    8|          0|
    |prevcol_fu_80                             |   8|    8|          0|
    |reg_224                                   |  64|   64|          0|
    |rowcnt_reg_192                            |  32|   32|          0|
    |sel_tmp1_reg_656                          |   1|    1|          0|
    |t_V_5_reg_181                             |  12|   12|          0|
    |t_V_reg_134                               |  12|   12|          0|
    |tmp_14_reg_651                            |   1|    1|          0|
    |tmp_17_cast_reg_624                       |  12|   13|          1|
    |tmp_23_reg_707                            |   1|    1|          0|
    |tmp_3_reg_691                             |  64|   64|          0|
    |tmp_5_reg_697                             |  64|   64|          0|
    |tmp_6_reg_629                             |   1|    1|          0|
    |tmp_reg_702                               |   1|    1|          0|
    +------------------------------------------+----+-----+-----------+
    |Total                                     | 468|  470|          2|
    +------------------------------------------+----+-----+-----------+



================================================================
== Interface
================================================================
* Summary: 
+-----------------------------+-----+-----+---------+---------------------+--------------+
|          RTL Ports          | Dir | Bits| Protocol|    Source Object    |    C Type    |
+-----------------------------+-----+-----+---------+---------------------+--------------+
|ap_clk                       |  in |    1|        -|    finger_counter   | return value |
|ap_rst                       |  in |    1|        -|    finger_counter   | return value |
|ap_start                     |  in |    1|        -|    finger_counter   | return value |
|ap_done                      | out |    1|        -|    finger_counter   | return value |
|ap_continue                  |  in |    1|        -|    finger_counter   | return value |
|ap_idle                      | out |    1|        -|    finger_counter   | return value |
|ap_ready                     | out |    1|        -|    finger_counter   | return value |
|src_rows_V_read              |  in |   12| ap_none |   src_rows_V_read   |    scalar    |
|src_cols_V_read              |  in |   12| ap_none |   src_cols_V_read   |    scalar    |
|src_data_stream_0_V_dout     |  in |    8| ap_fifo | src_data_stream_0_V |    pointer   |
|src_data_stream_0_V_empty_n  |  in |    1| ap_fifo | src_data_stream_0_V |    pointer   |
|src_data_stream_0_V_read     | out |    1| ap_fifo | src_data_stream_0_V |    pointer   |
|dst_data_stream_0_V_din      | out |    8| ap_fifo | dst_data_stream_0_V |    pointer   |
|dst_data_stream_0_V_full_n   |  in |    1| ap_fifo | dst_data_stream_0_V |    pointer   |
|dst_data_stream_0_V_write    | out |    1| ap_fifo | dst_data_stream_0_V |    pointer   |
|gesture_V_V_din              | out |    2| ap_fifo |     gesture_V_V     |    pointer   |
|gesture_V_V_full_n           |  in |    1| ap_fifo |     gesture_V_V     |    pointer   |
|gesture_V_V_write            | out |    1| ap_fifo |     gesture_V_V     |    pointer   |
+-----------------------------+-----+-----+---------+---------------------+--------------+

