

================================================================
== Vivado HLS Report for 'median_filter_1'
================================================================
* Date:           Mon Dec  7 20:43:28 2015

* Version:        2013.2 (build date: Thu Jun 13 16:07:59 PM 2013)
* Project:        prj
* Solution:       solution1
* Product family: zynq zynq_fpv6 
* Target device:  xc7z020clg484-1


================================================================
== Performance Estimates
================================================================
+ Timing (ns): 
    * Summary: 
    +---------+-------+----------+------------+
    |  Clock  | Target| Estimated| Uncertainty|
    +---------+-------+----------+------------+
    |default  |   6.67|      5.71|        0.83|
    +---------+-------+----------+------------+

+ Latency (clock cycles): 
    * Summary: 
    +-----+----------+-----+----------+---------+
    |     Latency    |    Interval    | Pipeline|
    | min |    max   | min |    max   |   Type  |
    +-----+----------+-----+----------+---------+
    |   56|  16998401|   56|  16998401|   none  |
    +-----+----------+-----+----------+---------+

    + Detail: 
        * Instance: 
        N/A

        * Loop: 
        +-------------+-----+----------+-----------+-----------+-----------+----------+----------+
        |             |     Latency    | Iteration |  Initiation Interval  |   Trip   |          |
        |  Loop Name  | min |    max   |  Latency  |  achieved |   target  |   Count  | Pipelined|
        +-------------+-----+----------+-----------+-----------+-----------+----------+----------+
        |- Loop 1     |   55|  16998400| 55 ~ 4150 |          -|          -| 1 ~ 4096 |    no    |
        | + Loop 1.1  |   53|      4148|         54|          1|          1| 1 ~ 4096 |    yes   |
        +-------------+-----+----------+-----------+-----------+-----------+----------+----------+



================================================================
== Utilization Estimates
================================================================
* Summary: 
+-----------------+---------+-------+--------+-------+
|       Name      | BRAM_18K| DSP48E|   FF   |  LUT  |
+-----------------+---------+-------+--------+-------+
|Expression       |        -|      -|       0|   1852|
|FIFO             |        -|      -|       -|      -|
|Instance         |        -|      -|       -|      -|
|Memory           |        8|      -|       0|      0|
|Multiplexer      |        -|      -|       -|     23|
|Register         |        -|      -|    1484|      -|
|ShiftMemory      |        -|      -|       0|    126|
+-----------------+---------+-------+--------+-------+
|Total            |        8|      0|    1484|   2001|
+-----------------+---------+-------+--------+-------+
|Available        |      280|    220|  106400|  53200|
+-----------------+---------+-------+--------+-------+
|Utilization (%)  |        2|      0|       1|      3|
+-----------------+---------+-------+--------+-------+

+ Detail: 
    * Instance: 
    N/A

    * Memory: 
    +--------------------+--------------------------------+---------+------+-----+------+-------------+
    |       Memory       |             Module             | BRAM_18K| Words| Bits| Banks| W*Bits*Banks|
    +--------------------+--------------------------------+---------+------+-----+------+-------------+
    |lineBuffer_val_0_U  |median_filter_lineBuffer_val_0  |        1|  1920|    8|     1|        15360|
    |lineBuffer_val_1_U  |median_filter_lineBuffer_val_0  |        1|  1920|    8|     1|        15360|
    |lineBuffer_val_2_U  |median_filter_lineBuffer_val_0  |        1|  1920|    8|     1|        15360|
    |lineBuffer_val_3_U  |median_filter_lineBuffer_val_0  |        1|  1920|    8|     1|        15360|
    |lineBuffer_val_4_U  |median_filter_lineBuffer_val_0  |        1|  1920|    8|     1|        15360|
    |lineBuffer_val_5_U  |median_filter_lineBuffer_val_0  |        1|  1920|    8|     1|        15360|
    |lineBuffer_val_6_U  |median_filter_lineBuffer_val_0  |        1|  1920|    8|     1|        15360|
    |lineBuffer_val_7_U  |median_filter_lineBuffer_val_0  |        1|  1920|    8|     1|        15360|
    +--------------------+--------------------------------+---------+------+-----+------+-------------+
    |Total               |                                |        8| 15360|   64|     8|       122880|
    +--------------------+--------------------------------+---------+------+-----+------+-------------+

    * FIFO: 
    N/A

    * Shift register: 
    +-------------------------+---+----+-----+-----------+
    |           Name          | FF| LUT| Bits| Const Bits|
    +-------------------------+---+----+-----+-----------+
    |lineBuff0_load_reg_3952  |  0|  16|    8|          0|
    |lineBuff1_load_reg_3947  |  0|  16|    8|          0|
    |lineBuff2_load_reg_3942  |  0|   8|    8|          0|
    |lineBuff3_load_reg_3937  |  0|   8|    8|          0|
    |lineBuff4_load_reg_3932  |  0|   8|    8|          0|
    |lineBuff5_load_reg_3927  |  0|   8|    8|          0|
    |lineBuff6_load_reg_3922  |  0|   8|    8|          0|
    |not4_reg_3782            |  0|   2|    1|          0|
    |not_or_cond_reg_3804     |  0|   2|    1|          0|
    |or_cond7_reg_3799        |  0|   2|    1|          0|
    |tmp_3_reg_3773           |  0|   2|    1|          0|
    |tmp_56_0_6_reg_3896      |  0|   1|    1|          0|
    |tmp_56_0_7_reg_3901      |  0|   1|    1|          0|
    |tmp_56_0_8_reg_3906      |  0|   1|    1|          0|
    |tmp_56_1_5_reg_3998      |  0|   1|    1|          0|
    |tmp_56_1_6_reg_4003      |  0|   1|    1|          0|
    |tmp_56_1_7_reg_4008      |  0|   1|    1|          0|
    |tmp_56_1_8_reg_4013      |  0|   1|    1|          0|
    |tmp_56_2_4_reg_4071      |  0|   1|    1|          0|
    |tmp_56_2_5_reg_4076      |  0|   1|    1|          0|
    |tmp_56_2_6_reg_4081      |  0|   1|    1|          0|
    |tmp_56_2_7_reg_4086      |  0|   1|    1|          0|
    |tmp_56_2_8_reg_4091      |  0|   1|    1|          0|
    |tmp_56_3_4_reg_4159      |  0|   1|    1|          0|
    |tmp_56_3_5_reg_4164      |  0|   1|    1|          0|
    |tmp_56_3_6_reg_4169      |  0|   1|    1|          0|
    |tmp_56_3_7_reg_4174      |  0|   1|    1|          0|
    |tmp_56_3_8_reg_4179      |  0|   1|    1|          0|
    |tmp_56_4_4_reg_4246      |  0|   1|    1|          0|
    |tmp_56_4_5_reg_4251      |  0|   1|    1|          0|
    |tmp_56_4_6_reg_4256      |  0|   1|    1|          0|
    |tmp_56_4_7_reg_4261      |  0|   1|    1|          0|
    |tmp_56_4_8_reg_4266      |  0|   1|    1|          0|
    |tmp_56_5_4_reg_4334      |  0|   1|    1|          0|
    |tmp_56_5_5_reg_4339      |  0|   1|    1|          0|
    |tmp_56_5_6_reg_4344      |  0|   1|    1|          0|
    |tmp_56_5_7_reg_4349      |  0|   1|    1|          0|
    |tmp_56_5_8_reg_4354      |  0|   1|    1|          0|
    |tmp_56_6_4_reg_4422      |  0|   1|    1|          0|
    |tmp_56_6_5_reg_4427      |  0|   1|    1|          0|
    |tmp_56_6_6_reg_4432      |  0|   1|    1|          0|
    |tmp_56_6_7_reg_4437      |  0|   1|    1|          0|
    |tmp_56_6_8_reg_4442      |  0|   1|    1|          0|
    |tmp_56_7_4_reg_4510      |  0|   1|    1|          0|
    |tmp_56_7_5_reg_4515      |  0|   1|    1|          0|
    |tmp_56_7_6_reg_4520      |  0|   1|    1|          0|
    |tmp_56_7_7_reg_4525      |  0|   1|    1|          0|
    |tmp_56_7_8_reg_4530      |  0|   1|    1|          0|
    |tmp_56_8_1_reg_4540      |  0|   1|    1|          0|
    |tmp_56_8_2_reg_4545      |  0|   1|    1|          0|
    |tmp_56_8_3_reg_4550      |  0|   1|    1|          0|
    |tmp_56_8_4_reg_4555      |  0|   1|    1|          0|
    |tmp_56_8_5_reg_4560      |  0|   1|    1|          0|
    |tmp_56_8_6_reg_4565      |  0|   1|    1|          0|
    |tmp_56_8_7_reg_4570      |  0|   1|    1|          0|
    |tmp_56_8_8_reg_4575      |  0|   1|    1|          0|
    |tmp_56_8_reg_4535        |  0|   1|    1|          0|
    +-------------------------+---+----+-----+-----------+
    |Total                    |  0| 126|  106|          0|
    +-------------------------+---+----+-----+-----------+

    * Expression: 
    +-----------------------------+----------+-------+---+----+------------+------------+
    |        Variable Name        | Operation| DSP48E| FF| LUT| Bitwidth P0| Bitwidth P1|
    +-----------------------------+----------+-------+---+----+------------+------------+
    |i_V_fu_658_p2                |     +    |      0|  0|  12|          12|           1|
    |j_V_fu_713_p2                |     +    |      0|  0|  11|          11|           1|
    |op2_addr_i_i1_fu_643_p2      |     +    |      0|  0|  13|          13|           2|
    |op2_addr_i_i_fu_637_p2       |     +    |      0|  0|  13|          13|           2|
    |op2_assign_2_fu_631_p2       |     +    |      0|  0|  13|          13|           1|
    |op2_assign_fu_621_p2         |     +    |      0|  0|  13|          13|           1|
    |tmp_57_0_2_fu_991_p2         |     +    |      0|  0|   2|           2|           1|
    |tmp_57_0_3_fu_1008_p2        |     +    |      0|  0|   3|           3|           1|
    |tmp_57_0_4_fu_1045_p2        |     +    |      0|  0|   3|           3|           1|
    |tmp_57_0_5_fu_1056_p2        |     +    |      0|  0|   3|           3|           1|
    |tmp_57_0_6_fu_1069_p2        |     +    |      0|  0|   3|           3|           1|
    |tmp_57_0_7_fu_1114_p2        |     +    |      0|  0|   4|           4|           1|
    |tmp_57_0_8_fu_1127_p2        |     +    |      0|  0|   4|           4|           1|
    |tmp_57_1_1_fu_1266_p2        |     +    |      0|  0|   4|           4|           1|
    |tmp_57_1_2_fu_1279_p2        |     +    |      0|  0|   4|           4|           1|
    |tmp_57_1_3_fu_1290_p2        |     +    |      0|  0|   4|           4|           1|
    |tmp_57_1_4_fu_1303_p2        |     +    |      0|  0|   4|           4|           1|
    |tmp_57_1_5_fu_1316_p2        |     +    |      0|  0|   4|           4|           1|
    |tmp_57_1_6_fu_1331_p2        |     +    |      0|  0|   5|           5|           1|
    |tmp_57_1_7_fu_1344_p2        |     +    |      0|  0|   5|           5|           1|
    |tmp_57_1_8_fu_1355_p2        |     +    |      0|  0|   5|           5|           1|
    |tmp_57_1_fu_1255_p2          |     +    |      0|  0|   4|           4|           1|
    |tmp_57_2_1_fu_1525_p2        |     +    |      0|  0|   5|           5|           1|
    |tmp_57_2_2_fu_1536_p2        |     +    |      0|  0|   5|           5|           1|
    |tmp_57_2_3_fu_1547_p2        |     +    |      0|  0|   5|           5|           1|
    |tmp_57_2_4_fu_1560_p2        |     +    |      0|  0|   5|           5|           1|
    |tmp_57_2_5_fu_1571_p2        |     +    |      0|  0|   5|           5|           1|
    |tmp_57_2_6_fu_1582_p2        |     +    |      0|  0|   5|           5|           1|
    |tmp_57_2_7_fu_1595_p2        |     +    |      0|  0|   5|           5|           1|
    |tmp_57_2_8_fu_1606_p2        |     +    |      0|  0|   5|           5|           1|
    |tmp_57_2_fu_1402_p2          |     +    |      0|  0|   5|           5|           1|
    |tmp_57_3_1_fu_1776_p2        |     +    |      0|  0|   5|           5|           1|
    |tmp_57_3_2_fu_1787_p2        |     +    |      0|  0|   5|           5|           1|
    |tmp_57_3_3_fu_1798_p2        |     +    |      0|  0|   5|           5|           1|
    |tmp_57_3_4_fu_1814_p2        |     +    |      0|  0|   6|           6|           1|
    |tmp_57_3_5_fu_1827_p2        |     +    |      0|  0|   6|           6|           1|
    |tmp_57_3_6_fu_1838_p2        |     +    |      0|  0|   6|           6|           1|
    |tmp_57_3_7_fu_1851_p2        |     +    |      0|  0|   6|           6|           1|
    |tmp_57_3_8_fu_1862_p2        |     +    |      0|  0|   6|           6|           1|
    |tmp_57_3_fu_1653_p2          |     +    |      0|  0|   5|           5|           1|
    |tmp_57_4_1_fu_2032_p2        |     +    |      0|  0|   6|           6|           1|
    |tmp_57_4_2_fu_2043_p2        |     +    |      0|  0|   6|           6|           1|
    |tmp_57_4_3_fu_2054_p2        |     +    |      0|  0|   6|           6|           1|
    |tmp_57_4_4_fu_2067_p2        |     +    |      0|  0|   6|           6|           1|
    |tmp_57_4_5_fu_2078_p2        |     +    |      0|  0|   6|           6|           1|
    |tmp_57_4_6_fu_2089_p2        |     +    |      0|  0|   6|           6|           1|
    |tmp_57_4_7_fu_2102_p2        |     +    |      0|  0|   6|           6|           1|
    |tmp_57_4_8_fu_2113_p2        |     +    |      0|  0|   6|           6|           1|
    |tmp_57_4_fu_1909_p2          |     +    |      0|  0|   6|           6|           1|
    |tmp_57_5_1_fu_2283_p2        |     +    |      0|  0|   6|           6|           1|
    |tmp_57_5_2_fu_2294_p2        |     +    |      0|  0|   6|           6|           1|
    |tmp_57_5_3_fu_2305_p2        |     +    |      0|  0|   6|           6|           1|
    |tmp_57_5_4_fu_2318_p2        |     +    |      0|  0|   6|           6|           1|
    |tmp_57_5_5_fu_2329_p2        |     +    |      0|  0|   6|           6|           1|
    |tmp_57_5_6_fu_2340_p2        |     +    |      0|  0|   6|           6|           1|
    |tmp_57_5_7_fu_2353_p2        |     +    |      0|  0|   6|           6|           1|
    |tmp_57_5_8_fu_2364_p2        |     +    |      0|  0|   6|           6|           1|
    |tmp_57_5_fu_2160_p2          |     +    |      0|  0|   6|           6|           1|
    |tmp_57_6_1_fu_2534_p2        |     +    |      0|  0|   6|           6|           1|
    |tmp_57_6_2_fu_2545_p2        |     +    |      0|  0|   6|           6|           1|
    |tmp_57_6_3_fu_2556_p2        |     +    |      0|  0|   6|           6|           1|
    |tmp_57_6_4_fu_2569_p2        |     +    |      0|  0|   6|           6|           1|
    |tmp_57_6_5_fu_2580_p2        |     +    |      0|  0|   6|           6|           1|
    |tmp_57_6_6_fu_2591_p2        |     +    |      0|  0|   6|           6|           1|
    |tmp_57_6_7_fu_2604_p2        |     +    |      0|  0|   6|           6|           1|
    |tmp_57_6_8_fu_2615_p2        |     +    |      0|  0|   6|           6|           1|
    |tmp_57_6_fu_2411_p2          |     +    |      0|  0|   6|           6|           1|
    |tmp_57_7_1_fu_2934_p2        |     +    |      0|  0|   7|           7|           1|
    |tmp_57_7_2_fu_2945_p2        |     +    |      0|  0|   7|           7|           1|
    |tmp_57_7_3_fu_2956_p2        |     +    |      0|  0|   7|           7|           1|
    |tmp_57_7_4_fu_2969_p2        |     +    |      0|  0|   7|           7|           1|
    |tmp_57_7_5_fu_2980_p2        |     +    |      0|  0|   7|           7|           1|
    |tmp_57_7_6_fu_2991_p2        |     +    |      0|  0|   7|           7|           1|
    |tmp_57_7_7_fu_3004_p2        |     +    |      0|  0|   7|           7|           1|
    |tmp_57_7_8_fu_3015_p2        |     +    |      0|  0|   7|           7|           1|
    |tmp_57_7_fu_2696_p2          |     +    |      0|  0|   7|           7|           1|
    |tmp_57_8_1_fu_3039_p2        |     +    |      0|  0|   7|           7|           1|
    |tmp_57_8_2_fu_3050_p2        |     +    |      0|  0|   7|           7|           1|
    |tmp_57_8_3_fu_3061_p2        |     +    |      0|  0|   7|           7|           1|
    |tmp_57_8_4_fu_3074_p2        |     +    |      0|  0|   7|           7|           1|
    |tmp_57_8_5_fu_3085_p2        |     +    |      0|  0|   7|           7|           1|
    |tmp_57_8_6_fu_3096_p2        |     +    |      0|  0|   7|           7|           1|
    |tmp_57_8_7_fu_3109_p2        |     +    |      0|  0|   7|           7|           1|
    |tmp_57_8_8_fu_3120_p2        |     +    |      0|  0|   7|           7|           1|
    |tmp_57_8_fu_3026_p2          |     +    |      0|  0|   7|           7|           1|
    |countOnes_100_fu_1820_p3     |  Select  |      0|  0|   6|           1|           6|
    |countOnes_101_fu_1833_p3     |  Select  |      0|  0|   6|           1|           6|
    |countOnes_102_fu_1844_p3     |  Select  |      0|  0|   6|           1|           6|
    |countOnes_103_fu_1856_p3     |  Select  |      0|  0|   6|           1|           6|
    |countOnes_104_fu_1898_p3     |  Select  |      0|  0|   6|           1|           6|
    |countOnes_105_fu_1915_p3     |  Select  |      0|  0|   6|           1|           6|
    |countOnes_106_fu_2037_p3     |  Select  |      0|  0|   6|           1|           6|
    |countOnes_107_fu_2049_p3     |  Select  |      0|  0|   6|           1|           6|
    |countOnes_108_fu_2060_p3     |  Select  |      0|  0|   6|           1|           6|
    |countOnes_109_fu_2072_p3     |  Select  |      0|  0|   6|           1|           6|
    |countOnes_110_fu_2084_p3     |  Select  |      0|  0|   6|           1|           6|
    |countOnes_111_fu_2095_p3     |  Select  |      0|  0|   6|           1|           6|
    |countOnes_112_fu_2107_p3     |  Select  |      0|  0|   6|           1|           6|
    |countOnes_113_fu_2149_p3     |  Select  |      0|  0|   6|           1|           6|
    |countOnes_114_fu_2166_p3     |  Select  |      0|  0|   6|           1|           6|
    |countOnes_115_fu_2288_p3     |  Select  |      0|  0|   6|           1|           6|
    |countOnes_116_fu_2300_p3     |  Select  |      0|  0|   6|           1|           6|
    |countOnes_117_fu_2311_p3     |  Select  |      0|  0|   6|           1|           6|
    |countOnes_118_fu_2323_p3     |  Select  |      0|  0|   6|           1|           6|
    |countOnes_119_fu_2335_p3     |  Select  |      0|  0|   6|           1|           6|
    |countOnes_120_fu_2346_p3     |  Select  |      0|  0|   6|           1|           6|
    |countOnes_121_fu_2358_p3     |  Select  |      0|  0|   6|           1|           6|
    |countOnes_122_fu_2400_p3     |  Select  |      0|  0|   6|           1|           6|
    |countOnes_123_fu_2417_p3     |  Select  |      0|  0|   6|           1|           6|
    |countOnes_124_fu_2539_p3     |  Select  |      0|  0|   6|           1|           6|
    |countOnes_125_fu_2551_p3     |  Select  |      0|  0|   6|           1|           6|
    |countOnes_126_fu_2562_p3     |  Select  |      0|  0|   6|           1|           6|
    |countOnes_127_fu_2574_p3     |  Select  |      0|  0|   6|           1|           6|
    |countOnes_128_fu_2586_p3     |  Select  |      0|  0|   6|           1|           6|
    |countOnes_129_fu_2597_p3     |  Select  |      0|  0|   6|           1|           6|
    |countOnes_130_fu_2609_p3     |  Select  |      0|  0|   6|           1|           6|
    |countOnes_131_fu_2681_p3     |  Select  |      0|  0|   6|           1|           6|
    |countOnes_132_fu_2702_p3     |  Select  |      0|  0|   7|           1|           7|
    |countOnes_133_fu_2939_p3     |  Select  |      0|  0|   7|           1|           7|
    |countOnes_134_fu_2951_p3     |  Select  |      0|  0|   7|           1|           7|
    |countOnes_135_fu_2962_p3     |  Select  |      0|  0|   7|           1|           7|
    |countOnes_136_fu_2974_p3     |  Select  |      0|  0|   7|           1|           7|
    |countOnes_137_fu_2986_p3     |  Select  |      0|  0|   7|           1|           7|
    |countOnes_138_fu_2997_p3     |  Select  |      0|  0|   7|           1|           7|
    |countOnes_139_fu_3009_p3     |  Select  |      0|  0|   7|           1|           7|
    |countOnes_140_fu_3021_p3     |  Select  |      0|  0|   7|           1|           7|
    |countOnes_141_fu_3032_p3     |  Select  |      0|  0|   7|           1|           7|
    |countOnes_142_fu_3044_p3     |  Select  |      0|  0|   7|           1|           7|
    |countOnes_143_fu_3056_p3     |  Select  |      0|  0|   7|           1|           7|
    |countOnes_144_fu_3067_p3     |  Select  |      0|  0|   7|           1|           7|
    |countOnes_145_fu_3079_p3     |  Select  |      0|  0|   7|           1|           7|
    |countOnes_146_fu_3091_p3     |  Select  |      0|  0|   7|           1|           7|
    |countOnes_147_fu_3102_p3     |  Select  |      0|  0|   7|           1|           7|
    |countOnes_148_fu_3114_p3     |  Select  |      0|  0|   7|           1|           7|
    |countOnes_149_fu_3125_p3     |  Select  |      0|  0|   7|           1|           7|
    |countOnes_1_fu_985_p3        |  Select  |      0|  0|   2|           1|           2|
    |countOnes_2_fu_997_p3        |  Select  |      0|  0|   2|           1|           2|
    |countOnes_3_fu_1014_p3       |  Select  |      0|  0|   3|           1|           3|
    |countOnes_4_fu_1050_p3       |  Select  |      0|  0|   3|           1|           3|
    |countOnes_5_fu_1062_p3       |  Select  |      0|  0|   3|           1|           3|
    |countOnes_6_fu_1105_p3       |  Select  |      0|  0|   3|           1|           3|
    |countOnes_7_fu_1120_p3       |  Select  |      0|  0|   4|           1|           4|
    |countOnes_80_fu_1285_p3      |  Select  |      0|  0|   4|           1|           4|
    |countOnes_81_fu_1296_p3      |  Select  |      0|  0|   4|           1|           4|
    |countOnes_82_fu_1309_p3      |  Select  |      0|  0|   4|           1|           4|
    |countOnes_83_fu_1321_p3      |  Select  |      0|  0|   4|           1|           4|
    |countOnes_84_fu_1337_p3      |  Select  |      0|  0|   5|           1|           5|
    |countOnes_85_fu_1349_p3      |  Select  |      0|  0|   5|           1|           5|
    |countOnes_86_fu_1391_p3      |  Select  |      0|  0|   5|           1|           5|
    |countOnes_87_fu_1408_p3      |  Select  |      0|  0|   5|           1|           5|
    |countOnes_88_fu_1530_p3      |  Select  |      0|  0|   5|           1|           5|
    |countOnes_89_fu_1542_p3      |  Select  |      0|  0|   5|           1|           5|
    |countOnes_8_fu_1133_p3       |  Select  |      0|  0|   4|           1|           4|
    |countOnes_90_fu_1553_p3      |  Select  |      0|  0|   5|           1|           5|
    |countOnes_91_fu_1565_p3      |  Select  |      0|  0|   5|           1|           5|
    |countOnes_92_fu_1577_p3      |  Select  |      0|  0|   5|           1|           5|
    |countOnes_93_fu_1588_p3      |  Select  |      0|  0|   5|           1|           5|
    |countOnes_94_fu_1600_p3      |  Select  |      0|  0|   5|           1|           5|
    |countOnes_95_fu_1642_p3      |  Select  |      0|  0|   5|           1|           5|
    |countOnes_96_fu_1659_p3      |  Select  |      0|  0|   5|           1|           5|
    |countOnes_97_fu_1781_p3      |  Select  |      0|  0|   5|           1|           5|
    |countOnes_98_fu_1793_p3      |  Select  |      0|  0|   5|           1|           5|
    |countOnes_99_fu_1804_p3      |  Select  |      0|  0|   5|           1|           5|
    |countOnes_9_fu_1260_p3       |  Select  |      0|  0|   4|           1|           4|
    |countOnes_fu_1272_p3         |  Select  |      0|  0|   4|           1|           4|
    |tmp_57_0_1_fu_832_p3         |  Select  |      0|  0|   3|           1|           3|
    |window_val_0_0_4_fu_813_p3   |  Select  |      0|  0|   8|           1|           8|
    |window_val_1_0_4_fu_1099_p3  |  Select  |      0|  0|   8|           1|           8|
    |window_val_2_0_4_fu_1385_p3  |  Select  |      0|  0|   8|           1|           8|
    |window_val_3_0_4_fu_1636_p3  |  Select  |      0|  0|   8|           1|           8|
    |window_val_4_0_4_fu_1892_p3  |  Select  |      0|  0|   8|           1|           8|
    |window_val_5_0_4_fu_2143_p3  |  Select  |      0|  0|   8|           1|           8|
    |window_val_6_0_4_fu_2394_p3  |  Select  |      0|  0|   8|           1|           8|
    |window_val_7_0_4_fu_2675_p3  |  Select  |      0|  0|   8|           1|           8|
    |window_val_8_0_4_fu_2669_p3  |  Select  |      0|  0|   8|           1|           8|
    |ap_sig_bdd_199               |    and   |      0|  0|   2|           1|           1|
    |ap_sig_bdd_83                |    and   |      0|  0|   2|           1|           1|
    |not_or_cond_fu_772_p2        |    and   |      0|  0|   2|           1|           1|
    |or_cond_fu_724_p2            |    and   |      0|  0|   2|           1|           1|
    |pixel_out_val_fu_3142_p2     |    and   |      0|  0|   2|           1|           1|
    |icmp6_fu_679_p2              |   icmp   |      0|  0|  10|           9|           1|
    |icmp_fu_739_p2               |   icmp   |      0|  0|   8|           8|           1|
    |not4_fu_719_p2               |   icmp   |      0|  0|  14|          12|          12|
    |not_fu_664_p2                |   icmp   |      0|  0|  14|          12|          12|
    |not_tmp_s_fu_820_p2          |   icmp   |      0|  0|   8|           8|           1|
    |notlhs_fu_766_p2             |   icmp   |      0|  0|  13|          11|           1|
    |notrhs_fu_685_p2             |   icmp   |      0|  0|  14|          12|           1|
    |tmp_1_fu_691_p2              |   icmp   |      0|  0|  16|          13|          13|
    |tmp_3_fu_708_p2              |   icmp   |      0|  0|  16|          13|          13|
    |tmp_56_0_1_fu_826_p2         |   icmp   |      0|  0|   8|           8|           1|
    |tmp_56_0_2_fu_840_p2         |   icmp   |      0|  0|   8|           8|           1|
    |tmp_56_0_3_fu_846_p2         |   icmp   |      0|  0|   8|           8|           1|
    |tmp_56_0_4_fu_852_p2         |   icmp   |      0|  0|   8|           8|           1|
    |tmp_56_0_5_fu_858_p2         |   icmp   |      0|  0|   8|           8|           1|
    |tmp_56_0_6_fu_864_p2         |   icmp   |      0|  0|   8|           8|           1|
    |tmp_56_0_7_fu_870_p2         |   icmp   |      0|  0|   8|           8|           1|
    |tmp_56_0_8_fu_876_p2         |   icmp   |      0|  0|   8|           8|           1|
    |tmp_56_1_1_fu_1146_p2        |   icmp   |      0|  0|   8|           8|           1|
    |tmp_56_1_2_fu_1152_p2        |   icmp   |      0|  0|   8|           8|           1|
    |tmp_56_1_3_fu_1158_p2        |   icmp   |      0|  0|   8|           8|           1|
    |tmp_56_1_4_fu_1164_p2        |   icmp   |      0|  0|   8|           8|           1|
    |tmp_56_1_5_fu_1170_p2        |   icmp   |      0|  0|   8|           8|           1|
    |tmp_56_1_6_fu_1176_p2        |   icmp   |      0|  0|   8|           8|           1|
    |tmp_56_1_7_fu_1182_p2        |   icmp   |      0|  0|   8|           8|           1|
    |tmp_56_1_8_fu_1188_p2        |   icmp   |      0|  0|   8|           8|           1|
    |tmp_56_1_fu_1140_p2          |   icmp   |      0|  0|   8|           8|           1|
    |tmp_56_2_1_fu_1416_p2        |   icmp   |      0|  0|   8|           8|           1|
    |tmp_56_2_2_fu_1422_p2        |   icmp   |      0|  0|   8|           8|           1|
    |tmp_56_2_3_fu_1428_p2        |   icmp   |      0|  0|   8|           8|           1|
    |tmp_56_2_4_fu_1434_p2        |   icmp   |      0|  0|   8|           8|           1|
    |tmp_56_2_5_fu_1440_p2        |   icmp   |      0|  0|   8|           8|           1|
    |tmp_56_2_6_fu_1446_p2        |   icmp   |      0|  0|   8|           8|           1|
    |tmp_56_2_7_fu_1452_p2        |   icmp   |      0|  0|   8|           8|           1|
    |tmp_56_2_8_fu_1458_p2        |   icmp   |      0|  0|   8|           8|           1|
    |tmp_56_2_fu_1396_p2          |   icmp   |      0|  0|   8|           8|           1|
    |tmp_56_3_1_fu_1667_p2        |   icmp   |      0|  0|   8|           8|           1|
    |tmp_56_3_2_fu_1673_p2        |   icmp   |      0|  0|   8|           8|           1|
    |tmp_56_3_3_fu_1679_p2        |   icmp   |      0|  0|   8|           8|           1|
    |tmp_56_3_4_fu_1685_p2        |   icmp   |      0|  0|   8|           8|           1|
    |tmp_56_3_5_fu_1691_p2        |   icmp   |      0|  0|   8|           8|           1|
    |tmp_56_3_6_fu_1697_p2        |   icmp   |      0|  0|   8|           8|           1|
    |tmp_56_3_7_fu_1703_p2        |   icmp   |      0|  0|   8|           8|           1|
    |tmp_56_3_8_fu_1709_p2        |   icmp   |      0|  0|   8|           8|           1|
    |tmp_56_3_fu_1647_p2          |   icmp   |      0|  0|   8|           8|           1|
    |tmp_56_4_1_fu_1923_p2        |   icmp   |      0|  0|   8|           8|           1|
    |tmp_56_4_2_fu_1929_p2        |   icmp   |      0|  0|   8|           8|           1|
    |tmp_56_4_3_fu_1935_p2        |   icmp   |      0|  0|   8|           8|           1|
    |tmp_56_4_4_fu_1941_p2        |   icmp   |      0|  0|   8|           8|           1|
    |tmp_56_4_5_fu_1947_p2        |   icmp   |      0|  0|   8|           8|           1|
    |tmp_56_4_6_fu_1953_p2        |   icmp   |      0|  0|   8|           8|           1|
    |tmp_56_4_7_fu_1959_p2        |   icmp   |      0|  0|   8|           8|           1|
    |tmp_56_4_8_fu_1965_p2        |   icmp   |      0|  0|   8|           8|           1|
    |tmp_56_4_fu_1903_p2          |   icmp   |      0|  0|   8|           8|           1|
    |tmp_56_5_1_fu_2174_p2        |   icmp   |      0|  0|   8|           8|           1|
    |tmp_56_5_2_fu_2180_p2        |   icmp   |      0|  0|   8|           8|           1|
    |tmp_56_5_3_fu_2186_p2        |   icmp   |      0|  0|   8|           8|           1|
    |tmp_56_5_4_fu_2192_p2        |   icmp   |      0|  0|   8|           8|           1|
    |tmp_56_5_5_fu_2198_p2        |   icmp   |      0|  0|   8|           8|           1|
    |tmp_56_5_6_fu_2204_p2        |   icmp   |      0|  0|   8|           8|           1|
    |tmp_56_5_7_fu_2210_p2        |   icmp   |      0|  0|   8|           8|           1|
    |tmp_56_5_8_fu_2216_p2        |   icmp   |      0|  0|   8|           8|           1|
    |tmp_56_5_fu_2154_p2          |   icmp   |      0|  0|   8|           8|           1|
    |tmp_56_6_1_fu_2425_p2        |   icmp   |      0|  0|   8|           8|           1|
    |tmp_56_6_2_fu_2431_p2        |   icmp   |      0|  0|   8|           8|           1|
    |tmp_56_6_3_fu_2437_p2        |   icmp   |      0|  0|   8|           8|           1|
    |tmp_56_6_4_fu_2443_p2        |   icmp   |      0|  0|   8|           8|           1|
    |tmp_56_6_5_fu_2449_p2        |   icmp   |      0|  0|   8|           8|           1|
    |tmp_56_6_6_fu_2455_p2        |   icmp   |      0|  0|   8|           8|           1|
    |tmp_56_6_7_fu_2461_p2        |   icmp   |      0|  0|   8|           8|           1|
    |tmp_56_6_8_fu_2467_p2        |   icmp   |      0|  0|   8|           8|           1|
    |tmp_56_6_fu_2405_p2          |   icmp   |      0|  0|   8|           8|           1|
    |tmp_56_7_1_fu_2710_p2        |   icmp   |      0|  0|   8|           8|           1|
    |tmp_56_7_2_fu_2716_p2        |   icmp   |      0|  0|   8|           8|           1|
    |tmp_56_7_3_fu_2722_p2        |   icmp   |      0|  0|   8|           8|           1|
    |tmp_56_7_4_fu_2728_p2        |   icmp   |      0|  0|   8|           8|           1|
    |tmp_56_7_5_fu_2734_p2        |   icmp   |      0|  0|   8|           8|           1|
    |tmp_56_7_6_fu_2740_p2        |   icmp   |      0|  0|   8|           8|           1|
    |tmp_56_7_7_fu_2746_p2        |   icmp   |      0|  0|   8|           8|           1|
    |tmp_56_7_8_fu_2752_p2        |   icmp   |      0|  0|   8|           8|           1|
    |tmp_56_7_fu_2690_p2          |   icmp   |      0|  0|   8|           8|           1|
    |tmp_56_8_1_fu_2764_p2        |   icmp   |      0|  0|   8|           8|           1|
    |tmp_56_8_2_fu_2770_p2        |   icmp   |      0|  0|   8|           8|           1|
    |tmp_56_8_3_fu_2776_p2        |   icmp   |      0|  0|   8|           8|           1|
    |tmp_56_8_4_fu_2782_p2        |   icmp   |      0|  0|   8|           8|           1|
    |tmp_56_8_5_fu_2788_p2        |   icmp   |      0|  0|   8|           8|           1|
    |tmp_56_8_6_fu_2794_p2        |   icmp   |      0|  0|   8|           8|           1|
    |tmp_56_8_7_fu_2800_p2        |   icmp   |      0|  0|   8|           8|           1|
    |tmp_56_8_8_fu_2806_p2        |   icmp   |      0|  0|   8|           8|           1|
    |tmp_56_8_fu_2758_p2          |   icmp   |      0|  0|   8|           8|           1|
    |tmp_5_fu_745_p2              |   icmp   |      0|  0|  16|          13|          13|
    |tmp_6_fu_3131_p2             |   icmp   |      0|  0|   7|           7|           6|
    |tmp_s_fu_653_p2              |   icmp   |      0|  0|  16|          13|          13|
    |ap_sig_bdd_39                |    or    |      0|  0|   2|           1|           1|
    |or_cond7_fu_760_p2           |    or    |      0|  0|   2|           1|           1|
    |tmp2_fu_750_p2               |    or    |      0|  0|   2|           1|           1|
    |tmp3_fu_755_p2               |    or    |      0|  0|   2|           1|           1|
    |not_or_cond7_fu_3137_p2      |    xor   |      0|  0|   2|           1|           2|
    +-----------------------------+----------+-------+---+----+------------+------------+
    |Total                        |          |      0|  0|1852|        1390|         786|
    +-----------------------------+----------+-------+---+----+------------+------------+

    * Multiplexer: 
    +---------------+----+-----------+-----+-----------+
    |      Name     | LUT| Input Size| Bits| Total Bits|
    +---------------+----+-----------+-----+-----------+
    |t_V_4_reg_594  |  12|          2|   12|         24|
    |t_V_reg_605    |  11|          2|   11|         22|
    +---------------+----+-----------+-----+-----------+
    |Total          |  23|          4|   23|         46|
    +---------------+----+-----------+-----+-----------+

    * Register: 
    +-------------------------------------------+----+-----+-----------+
    |                    Name                   | FF | Bits| Const Bits|
    +-------------------------------------------+----+-----+-----------+
    |ap_CS_fsm                                  |   2|    2|          0|
    |ap_done_reg                                |   1|    1|          0|
    |ap_reg_ppiten_pp0_it0                      |   1|    1|          0|
    |ap_reg_ppiten_pp0_it1                      |   1|    1|          0|
    |ap_reg_ppiten_pp0_it10                     |   1|    1|          0|
    |ap_reg_ppiten_pp0_it11                     |   1|    1|          0|
    |ap_reg_ppiten_pp0_it12                     |   1|    1|          0|
    |ap_reg_ppiten_pp0_it13                     |   1|    1|          0|
    |ap_reg_ppiten_pp0_it14                     |   1|    1|          0|
    |ap_reg_ppiten_pp0_it15                     |   1|    1|          0|
    |ap_reg_ppiten_pp0_it16                     |   1|    1|          0|
    |ap_reg_ppiten_pp0_it17                     |   1|    1|          0|
    |ap_reg_ppiten_pp0_it18                     |   1|    1|          0|
    |ap_reg_ppiten_pp0_it19                     |   1|    1|          0|
    |ap_reg_ppiten_pp0_it2                      |   1|    1|          0|
    |ap_reg_ppiten_pp0_it20                     |   1|    1|          0|
    |ap_reg_ppiten_pp0_it21                     |   1|    1|          0|
    |ap_reg_ppiten_pp0_it22                     |   1|    1|          0|
    |ap_reg_ppiten_pp0_it23                     |   1|    1|          0|
    |ap_reg_ppiten_pp0_it24                     |   1|    1|          0|
    |ap_reg_ppiten_pp0_it25                     |   1|    1|          0|
    |ap_reg_ppiten_pp0_it26                     |   1|    1|          0|
    |ap_reg_ppiten_pp0_it27                     |   1|    1|          0|
    |ap_reg_ppiten_pp0_it28                     |   1|    1|          0|
    |ap_reg_ppiten_pp0_it29                     |   1|    1|          0|
    |ap_reg_ppiten_pp0_it3                      |   1|    1|          0|
    |ap_reg_ppiten_pp0_it30                     |   1|    1|          0|
    |ap_reg_ppiten_pp0_it31                     |   1|    1|          0|
    |ap_reg_ppiten_pp0_it32                     |   1|    1|          0|
    |ap_reg_ppiten_pp0_it33                     |   1|    1|          0|
    |ap_reg_ppiten_pp0_it34                     |   1|    1|          0|
    |ap_reg_ppiten_pp0_it35                     |   1|    1|          0|
    |ap_reg_ppiten_pp0_it36                     |   1|    1|          0|
    |ap_reg_ppiten_pp0_it37                     |   1|    1|          0|
    |ap_reg_ppiten_pp0_it38                     |   1|    1|          0|
    |ap_reg_ppiten_pp0_it39                     |   1|    1|          0|
    |ap_reg_ppiten_pp0_it4                      |   1|    1|          0|
    |ap_reg_ppiten_pp0_it40                     |   1|    1|          0|
    |ap_reg_ppiten_pp0_it41                     |   1|    1|          0|
    |ap_reg_ppiten_pp0_it42                     |   1|    1|          0|
    |ap_reg_ppiten_pp0_it43                     |   1|    1|          0|
    |ap_reg_ppiten_pp0_it44                     |   1|    1|          0|
    |ap_reg_ppiten_pp0_it45                     |   1|    1|          0|
    |ap_reg_ppiten_pp0_it46                     |   1|    1|          0|
    |ap_reg_ppiten_pp0_it47                     |   1|    1|          0|
    |ap_reg_ppiten_pp0_it48                     |   1|    1|          0|
    |ap_reg_ppiten_pp0_it49                     |   1|    1|          0|
    |ap_reg_ppiten_pp0_it5                      |   1|    1|          0|
    |ap_reg_ppiten_pp0_it50                     |   1|    1|          0|
    |ap_reg_ppiten_pp0_it51                     |   1|    1|          0|
    |ap_reg_ppiten_pp0_it52                     |   1|    1|          0|
    |ap_reg_ppiten_pp0_it53                     |   1|    1|          0|
    |ap_reg_ppiten_pp0_it6                      |   1|    1|          0|
    |ap_reg_ppiten_pp0_it7                      |   1|    1|          0|
    |ap_reg_ppiten_pp0_it8                      |   1|    1|          0|
    |ap_reg_ppiten_pp0_it9                      |   1|    1|          0|
    |ap_reg_ppstg_or_cond_reg_3795_pp0_it1      |   1|    1|          0|
    |ap_reg_ppstg_tmp_2_reg_3760_pp0_it1        |  11|   64|         53|
    |ap_reg_ppstg_tmp_56_0_4_reg_3886_pp0_it3   |   1|    1|          0|
    |ap_reg_ppstg_tmp_56_0_5_reg_3891_pp0_it3   |   1|    1|          0|
    |ap_reg_ppstg_tmp_56_1_2_reg_3983_pp0_it6   |   1|    1|          0|
    |ap_reg_ppstg_tmp_56_1_3_reg_3988_pp0_it6   |   1|    1|          0|
    |ap_reg_ppstg_tmp_56_1_4_reg_3993_pp0_it6   |   1|    1|          0|
    |ap_reg_ppstg_tmp_56_2_2_reg_4061_pp0_it11  |   1|    1|          0|
    |ap_reg_ppstg_tmp_56_2_3_reg_4066_pp0_it11  |   1|    1|          0|
    |ap_reg_ppstg_tmp_56_3_2_reg_4149_pp0_it17  |   1|    1|          0|
    |ap_reg_ppstg_tmp_56_3_3_reg_4154_pp0_it17  |   1|    1|          0|
    |ap_reg_ppstg_tmp_56_4_2_reg_4236_pp0_it23  |   1|    1|          0|
    |ap_reg_ppstg_tmp_56_4_3_reg_4241_pp0_it23  |   1|    1|          0|
    |ap_reg_ppstg_tmp_56_5_2_reg_4324_pp0_it29  |   1|    1|          0|
    |ap_reg_ppstg_tmp_56_5_3_reg_4329_pp0_it29  |   1|    1|          0|
    |ap_reg_ppstg_tmp_56_6_2_reg_4412_pp0_it35  |   1|    1|          0|
    |ap_reg_ppstg_tmp_56_6_3_reg_4417_pp0_it35  |   1|    1|          0|
    |ap_reg_ppstg_tmp_56_7_2_reg_4500_pp0_it41  |   1|    1|          0|
    |ap_reg_ppstg_tmp_56_7_3_reg_4505_pp0_it41  |   1|    1|          0|
    |countOnes_100_reg_4199                     |   6|    6|          0|
    |countOnes_102_reg_4209                     |   6|    6|          0|
    |countOnes_103_reg_4215                     |   6|    6|          0|
    |countOnes_105_reg_4225                     |   6|    6|          0|
    |countOnes_106_reg_4271                     |   6|    6|          0|
    |countOnes_108_reg_4281                     |   6|    6|          0|
    |countOnes_109_reg_4287                     |   6|    6|          0|
    |countOnes_111_reg_4297                     |   6|    6|          0|
    |countOnes_112_reg_4303                     |   6|    6|          0|
    |countOnes_114_reg_4313                     |   6|    6|          0|
    |countOnes_115_reg_4359                     |   6|    6|          0|
    |countOnes_117_reg_4369                     |   6|    6|          0|
    |countOnes_118_reg_4375                     |   6|    6|          0|
    |countOnes_120_reg_4385                     |   6|    6|          0|
    |countOnes_121_reg_4391                     |   6|    6|          0|
    |countOnes_123_reg_4401                     |   6|    6|          0|
    |countOnes_124_reg_4447                     |   6|    6|          0|
    |countOnes_126_reg_4457                     |   6|    6|          0|
    |countOnes_127_reg_4463                     |   6|    6|          0|
    |countOnes_129_reg_4473                     |   6|    6|          0|
    |countOnes_130_reg_4479                     |   6|    6|          0|
    |countOnes_132_reg_4489                     |   7|    7|          0|
    |countOnes_133_reg_4580                     |   7|    7|          0|
    |countOnes_135_reg_4590                     |   7|    7|          0|
    |countOnes_136_reg_4596                     |   7|    7|          0|
    |countOnes_138_reg_4606                     |   7|    7|          0|
    |countOnes_139_reg_4612                     |   7|    7|          0|
    |countOnes_141_reg_4622                     |   7|    7|          0|
    |countOnes_142_reg_4628                     |   7|    7|          0|
    |countOnes_144_reg_4638                     |   7|    7|          0|
    |countOnes_145_reg_4644                     |   7|    7|          0|
    |countOnes_147_reg_4654                     |   7|    7|          0|
    |countOnes_148_reg_4660                     |   7|    7|          0|
    |countOnes_3_reg_3911                       |   3|    3|          0|
    |countOnes_5_reg_3957                       |   3|    3|          0|
    |countOnes_82_reg_4028                      |   4|    4|          0|
    |countOnes_84_reg_4034                      |   5|    5|          0|
    |countOnes_85_reg_4040                      |   5|    5|          0|
    |countOnes_87_reg_4050                      |   5|    5|          0|
    |countOnes_88_reg_4096                      |   5|    5|          0|
    |countOnes_8_reg_3967                       |   4|    4|          0|
    |countOnes_90_reg_4106                      |   5|    5|          0|
    |countOnes_91_reg_4112                      |   5|    5|          0|
    |countOnes_93_reg_4122                      |   5|    5|          0|
    |countOnes_94_reg_4128                      |   5|    5|          0|
    |countOnes_96_reg_4138                      |   5|    5|          0|
    |countOnes_97_reg_4184                      |   5|    5|          0|
    |countOnes_99_reg_4194                      |   5|    5|          0|
    |countOnes_reg_4018                         |   4|    4|          0|
    |i_V_reg_3735                               |  12|   12|          0|
    |icmp6_reg_3745                             |   1|    1|          0|
    |lineBuff0_fu_116                           |   8|    8|          0|
    |lineBuff0_load_reg_3952                    |   8|    8|          0|
    |lineBuff1_fu_112                           |   8|    8|          0|
    |lineBuff1_load_reg_3947                    |   8|    8|          0|
    |lineBuff2_fu_108                           |   8|    8|          0|
    |lineBuff2_load_reg_3942                    |   8|    8|          0|
    |lineBuff3_fu_104                           |   8|    8|          0|
    |lineBuff3_load_reg_3937                    |   8|    8|          0|
    |lineBuff4_fu_100                           |   8|    8|          0|
    |lineBuff4_load_reg_3932                    |   8|    8|          0|
    |lineBuff5_fu_96                            |   8|    8|          0|
    |lineBuff5_load_reg_3927                    |   8|    8|          0|
    |lineBuff6_fu_92                            |   8|    8|          0|
    |lineBuff6_load_reg_3922                    |   8|    8|          0|
    |lineBuff7_fu_88                            |   8|    8|          0|
    |lineBuff7_load_reg_3917                    |   8|    8|          0|
    |lineBuffer_val_1_addr_reg_3819             |  11|   11|          0|
    |lineBuffer_val_2_addr_reg_3825             |  11|   11|          0|
    |lineBuffer_val_3_addr_reg_3831             |  11|   11|          0|
    |lineBuffer_val_4_addr_reg_3837             |  11|   11|          0|
    |lineBuffer_val_5_addr_reg_3843             |  11|   11|          0|
    |lineBuffer_val_6_addr_reg_3849             |  11|   11|          0|
    |lineBuffer_val_7_addr_reg_3855             |  11|   11|          0|
    |not4_reg_3782                              |   1|    1|          0|
    |not_or_cond_reg_3804                       |   1|    1|          0|
    |not_reg_3740                               |   1|    1|          0|
    |not_tmp_s_reg_3861                         |   1|    1|          0|
    |notrhs_reg_3750                            |   1|    1|          0|
    |op2_addr_i_i1_reg_3727                     |  13|   13|          0|
    |op2_addr_i_i_reg_3722                      |  13|   13|          0|
    |op2_assign_2_reg_3717                      |  13|   13|          0|
    |op2_assign_reg_3712                        |  13|   13|          0|
    |or_cond7_reg_3799                          |   1|    1|          0|
    |or_cond_reg_3795                           |   1|    1|          0|
    |pixel_in_val_fu_120                        |   8|    8|          0|
    |return_value_25_reg_3813                   |   8|    8|          0|
    |t_V_4_reg_594                              |  12|   12|          0|
    |t_V_reg_605                                |  11|   11|          0|
    |tmp_1_reg_3755                             |   1|    1|          0|
    |tmp_2_reg_3760                             |  11|   64|         53|
    |tmp_3_reg_3773                             |   1|    1|          0|
    |tmp_56_0_1_reg_3866                        |   1|    1|          0|
    |tmp_56_0_2_reg_3876                        |   1|    1|          0|
    |tmp_56_0_3_reg_3881                        |   1|    1|          0|
    |tmp_56_0_4_reg_3886                        |   1|    1|          0|
    |tmp_56_0_5_reg_3891                        |   1|    1|          0|
    |tmp_56_0_6_reg_3896                        |   1|    1|          0|
    |tmp_56_0_7_reg_3901                        |   1|    1|          0|
    |tmp_56_0_8_reg_3906                        |   1|    1|          0|
    |tmp_56_1_1_reg_3978                        |   1|    1|          0|
    |tmp_56_1_2_reg_3983                        |   1|    1|          0|
    |tmp_56_1_3_reg_3988                        |   1|    1|          0|
    |tmp_56_1_4_reg_3993                        |   1|    1|          0|
    |tmp_56_1_5_reg_3998                        |   1|    1|          0|
    |tmp_56_1_6_reg_4003                        |   1|    1|          0|
    |tmp_56_1_7_reg_4008                        |   1|    1|          0|
    |tmp_56_1_8_reg_4013                        |   1|    1|          0|
    |tmp_56_1_reg_3973                          |   1|    1|          0|
    |tmp_56_2_1_reg_4056                        |   1|    1|          0|
    |tmp_56_2_2_reg_4061                        |   1|    1|          0|
    |tmp_56_2_3_reg_4066                        |   1|    1|          0|
    |tmp_56_2_4_reg_4071                        |   1|    1|          0|
    |tmp_56_2_5_reg_4076                        |   1|    1|          0|
    |tmp_56_2_6_reg_4081                        |   1|    1|          0|
    |tmp_56_2_7_reg_4086                        |   1|    1|          0|
    |tmp_56_2_8_reg_4091                        |   1|    1|          0|
    |tmp_56_3_1_reg_4144                        |   1|    1|          0|
    |tmp_56_3_2_reg_4149                        |   1|    1|          0|
    |tmp_56_3_3_reg_4154                        |   1|    1|          0|
    |tmp_56_3_4_reg_4159                        |   1|    1|          0|
    |tmp_56_3_5_reg_4164                        |   1|    1|          0|
    |tmp_56_3_6_reg_4169                        |   1|    1|          0|
    |tmp_56_3_7_reg_4174                        |   1|    1|          0|
    |tmp_56_3_8_reg_4179                        |   1|    1|          0|
    |tmp_56_4_1_reg_4231                        |   1|    1|          0|
    |tmp_56_4_2_reg_4236                        |   1|    1|          0|
    |tmp_56_4_3_reg_4241                        |   1|    1|          0|
    |tmp_56_4_4_reg_4246                        |   1|    1|          0|
    |tmp_56_4_5_reg_4251                        |   1|    1|          0|
    |tmp_56_4_6_reg_4256                        |   1|    1|          0|
    |tmp_56_4_7_reg_4261                        |   1|    1|          0|
    |tmp_56_4_8_reg_4266                        |   1|    1|          0|
    |tmp_56_5_1_reg_4319                        |   1|    1|          0|
    |tmp_56_5_2_reg_4324                        |   1|    1|          0|
    |tmp_56_5_3_reg_4329                        |   1|    1|          0|
    |tmp_56_5_4_reg_4334                        |   1|    1|          0|
    |tmp_56_5_5_reg_4339                        |   1|    1|          0|
    |tmp_56_5_6_reg_4344                        |   1|    1|          0|
    |tmp_56_5_7_reg_4349                        |   1|    1|          0|
    |tmp_56_5_8_reg_4354                        |   1|    1|          0|
    |tmp_56_6_1_reg_4407                        |   1|    1|          0|
    |tmp_56_6_2_reg_4412                        |   1|    1|          0|
    |tmp_56_6_3_reg_4417                        |   1|    1|          0|
    |tmp_56_6_4_reg_4422                        |   1|    1|          0|
    |tmp_56_6_5_reg_4427                        |   1|    1|          0|
    |tmp_56_6_6_reg_4432                        |   1|    1|          0|
    |tmp_56_6_7_reg_4437                        |   1|    1|          0|
    |tmp_56_6_8_reg_4442                        |   1|    1|          0|
    |tmp_56_7_1_reg_4495                        |   1|    1|          0|
    |tmp_56_7_2_reg_4500                        |   1|    1|          0|
    |tmp_56_7_3_reg_4505                        |   1|    1|          0|
    |tmp_56_7_4_reg_4510                        |   1|    1|          0|
    |tmp_56_7_5_reg_4515                        |   1|    1|          0|
    |tmp_56_7_6_reg_4520                        |   1|    1|          0|
    |tmp_56_7_7_reg_4525                        |   1|    1|          0|
    |tmp_56_7_8_reg_4530                        |   1|    1|          0|
    |tmp_56_8_1_reg_4540                        |   1|    1|          0|
    |tmp_56_8_2_reg_4545                        |   1|    1|          0|
    |tmp_56_8_3_reg_4550                        |   1|    1|          0|
    |tmp_56_8_4_reg_4555                        |   1|    1|          0|
    |tmp_56_8_5_reg_4560                        |   1|    1|          0|
    |tmp_56_8_6_reg_4565                        |   1|    1|          0|
    |tmp_56_8_7_reg_4570                        |   1|    1|          0|
    |tmp_56_8_8_reg_4575                        |   1|    1|          0|
    |tmp_56_8_reg_4535                          |   1|    1|          0|
    |tmp_57_0_1_reg_3871                        |   2|    2|          0|
    |tmp_57_0_6_reg_3962                        |   3|    3|          0|
    |tmp_57_1_2_reg_4023                        |   4|    4|          0|
    |tmp_57_1_8_reg_4045                        |   5|    5|          0|
    |tmp_57_2_2_reg_4101                        |   5|    5|          0|
    |tmp_57_2_5_reg_4117                        |   5|    5|          0|
    |tmp_57_2_8_reg_4133                        |   5|    5|          0|
    |tmp_57_3_2_reg_4189                        |   5|    5|          0|
    |tmp_57_3_5_reg_4204                        |   6|    6|          0|
    |tmp_57_3_8_reg_4220                        |   6|    6|          0|
    |tmp_57_4_2_reg_4276                        |   6|    6|          0|
    |tmp_57_4_5_reg_4292                        |   6|    6|          0|
    |tmp_57_4_8_reg_4308                        |   6|    6|          0|
    |tmp_57_5_2_reg_4364                        |   6|    6|          0|
    |tmp_57_5_5_reg_4380                        |   6|    6|          0|
    |tmp_57_5_8_reg_4396                        |   6|    6|          0|
    |tmp_57_6_2_reg_4452                        |   6|    6|          0|
    |tmp_57_6_5_reg_4468                        |   6|    6|          0|
    |tmp_57_6_8_reg_4484                        |   6|    6|          0|
    |tmp_57_7_2_reg_4585                        |   7|    7|          0|
    |tmp_57_7_5_reg_4601                        |   7|    7|          0|
    |tmp_57_7_8_reg_4617                        |   7|    7|          0|
    |tmp_57_8_2_reg_4633                        |   7|    7|          0|
    |tmp_57_8_5_reg_4649                        |   7|    7|          0|
    |tmp_6_reg_4666                             |   1|    1|          0|
    |window_val_0_0_fu_124                      |   8|    8|          0|
    |window_val_0_1_fu_128                      |   8|    8|          0|
    |window_val_0_2_fu_132                      |   8|    8|          0|
    |window_val_0_3_fu_136                      |   8|    8|          0|
    |window_val_0_4_fu_140                      |   8|    8|          0|
    |window_val_0_5_fu_144                      |   8|    8|          0|
    |window_val_0_6_fu_148                      |   8|    8|          0|
    |window_val_0_7_fu_152                      |   8|    8|          0|
    |window_val_1_0_fu_156                      |   8|    8|          0|
    |window_val_1_1_fu_160                      |   8|    8|          0|
    |window_val_1_2_fu_164                      |   8|    8|          0|
    |window_val_1_3_fu_168                      |   8|    8|          0|
    |window_val_1_4_fu_172                      |   8|    8|          0|
    |window_val_1_5_fu_176                      |   8|    8|          0|
    |window_val_1_6_fu_180                      |   8|    8|          0|
    |window_val_1_7_fu_184                      |   8|    8|          0|
    |window_val_2_0_fu_188                      |   8|    8|          0|
    |window_val_2_1_fu_192                      |   8|    8|          0|
    |window_val_2_2_fu_196                      |   8|    8|          0|
    |window_val_2_3_fu_200                      |   8|    8|          0|
    |window_val_2_4_fu_204                      |   8|    8|          0|
    |window_val_2_5_fu_208                      |   8|    8|          0|
    |window_val_2_6_fu_212                      |   8|    8|          0|
    |window_val_2_7_fu_216                      |   8|    8|          0|
    |window_val_3_0_fu_220                      |   8|    8|          0|
    |window_val_3_1_fu_224                      |   8|    8|          0|
    |window_val_3_2_fu_228                      |   8|    8|          0|
    |window_val_3_3_fu_232                      |   8|    8|          0|
    |window_val_3_4_fu_236                      |   8|    8|          0|
    |window_val_3_5_fu_240                      |   8|    8|          0|
    |window_val_3_6_fu_244                      |   8|    8|          0|
    |window_val_3_7_fu_248                      |   8|    8|          0|
    |window_val_4_0_fu_252                      |   8|    8|          0|
    |window_val_4_1_fu_256                      |   8|    8|          0|
    |window_val_4_2_fu_260                      |   8|    8|          0|
    |window_val_4_3_fu_264                      |   8|    8|          0|
    |window_val_4_4_fu_268                      |   8|    8|          0|
    |window_val_4_5_fu_272                      |   8|    8|          0|
    |window_val_4_6_fu_276                      |   8|    8|          0|
    |window_val_4_7_fu_280                      |   8|    8|          0|
    |window_val_5_0_fu_284                      |   8|    8|          0|
    |window_val_5_1_fu_288                      |   8|    8|          0|
    |window_val_5_2_fu_292                      |   8|    8|          0|
    |window_val_5_3_fu_296                      |   8|    8|          0|
    |window_val_5_4_fu_300                      |   8|    8|          0|
    |window_val_5_5_fu_304                      |   8|    8|          0|
    |window_val_5_6_fu_308                      |   8|    8|          0|
    |window_val_5_7_fu_312                      |   8|    8|          0|
    |window_val_6_0_fu_316                      |   8|    8|          0|
    |window_val_6_1_fu_320                      |   8|    8|          0|
    |window_val_6_2_fu_324                      |   8|    8|          0|
    |window_val_6_3_fu_328                      |   8|    8|          0|
    |window_val_6_4_fu_332                      |   8|    8|          0|
    |window_val_6_5_fu_336                      |   8|    8|          0|
    |window_val_6_6_fu_340                      |   8|    8|          0|
    |window_val_6_7_fu_344                      |   8|    8|          0|
    |window_val_7_0_fu_348                      |   8|    8|          0|
    |window_val_7_1_fu_352                      |   8|    8|          0|
    |window_val_7_2_fu_356                      |   8|    8|          0|
    |window_val_7_3_fu_360                      |   8|    8|          0|
    |window_val_7_4_fu_364                      |   8|    8|          0|
    |window_val_7_5_fu_368                      |   8|    8|          0|
    |window_val_7_6_fu_372                      |   8|    8|          0|
    |window_val_7_7_fu_376                      |   8|    8|          0|
    |window_val_8_0_fu_380                      |   8|    8|          0|
    |window_val_8_1_fu_384                      |   8|    8|          0|
    |window_val_8_2_fu_388                      |   8|    8|          0|
    |window_val_8_3_fu_392                      |   8|    8|          0|
    |window_val_8_4_fu_396                      |   8|    8|          0|
    |window_val_8_5_fu_400                      |   8|    8|          0|
    |window_val_8_6_fu_404                      |   8|    8|          0|
    |window_val_8_7_fu_408                      |   8|    8|          0|
    +-------------------------------------------+----+-----+-----------+
    |Total                                      |1484| 1590|        106|
    +-------------------------------------------+----+-----+-----------+



================================================================
== Interface
================================================================
* Summary: 
+-----------------------------+-----+-----+---------+---------------------+--------------+
|          RTL Ports          | Dir | Bits| Protocol|    Source Object    |    C Type    |
+-----------------------------+-----+-----+---------+---------------------+--------------+
|ap_clk                       |  in |    1|        -|   median_filter.1   | return value |
|ap_rst                       |  in |    1|        -|   median_filter.1   | return value |
|ap_start                     |  in |    1|        -|   median_filter.1   | return value |
|ap_done                      | out |    1|        -|   median_filter.1   | return value |
|ap_continue                  |  in |    1|        -|   median_filter.1   | return value |
|ap_idle                      | out |    1|        -|   median_filter.1   | return value |
|ap_ready                     | out |    1|        -|   median_filter.1   | return value |
|p_read                       |  in |   12| ap_none |        p_read       |    scalar    |
|p_read1                      |  in |   12| ap_none |       p_read1       |    scalar    |
|src_data_stream_0_V_dout     |  in |    8| ap_fifo | src_data_stream_0_V |    pointer   |
|src_data_stream_0_V_empty_n  |  in |    1| ap_fifo | src_data_stream_0_V |    pointer   |
|src_data_stream_0_V_read     | out |    1| ap_fifo | src_data_stream_0_V |    pointer   |
|dst_data_stream_0_V_din      | out |    8| ap_fifo | dst_data_stream_0_V |    pointer   |
|dst_data_stream_0_V_full_n   |  in |    1| ap_fifo | dst_data_stream_0_V |    pointer   |
|dst_data_stream_0_V_write    | out |    1| ap_fifo | dst_data_stream_0_V |    pointer   |
+-----------------------------+-----+-----+---------+---------------------+--------------+

