#-----------------------------------------------------------
# Vivado v2013.2 (64-bit)
# Build 272601 by xbuild on Sat Jun 15 11:11:11 MDT 2013
# Start of session at: Fri Dec  4 16:59:14 2015
# Process ID: 27143
# Log file: /home/student/nl443/ece5775/project/TaikoGestureMaster/xapp1167_vivado/sw/gesture/prj/solution1/impl/ip/vivado.log
# Journal file: /home/student/nl443/ece5775/project/TaikoGestureMaster/xapp1167_vivado/sw/gesture/prj/solution1/impl/ip/vivado.jou
#-----------------------------------------------------------
WARNING: [Common 17-191] Locale 'LANG=en_US.UTF-8' not supported by C library, falling back to classic locale 'C'.
INFO: [Common 17-78] Attempting to get a license: Implementation
INFO: [Common 17-81] Feature available: Implementation
INFO: [Common 17-78] Attempting to get a license: Synthesis
INFO: [Common 17-81] Feature available: Synthesis
INFO: [Device 21-36] Loading parts and site information from /opt/xilinx/Vivado/2013.2/data/parts/arch.xml
Parsing RTL primitives file [/opt/xilinx/Vivado/2013.2/data/parts/xilinx/rtl/prims/rtl_prims.xml]
Finished parsing RTL primitives file [/opt/xilinx/Vivado/2013.2/data/parts/xilinx/rtl/prims/rtl_prims.xml]
INFO: [Common 17-362] Using Tcl App repository from '/opt/xilinx/Vivado/2013.2/data/XilinxTclStore'.
INFO: [Common 17-364] Updating Tcl app persistent manifest '/home/student/nl443/.Xilinx/Vivado/tclapp/manifest.tcl'
source run_ippack.tcl -notrace
INFO: [Common 17-206] Exiting Vivado at Fri Dec  4 16:59:28 2015...
