Copyright 1986-1999, 2001-2013 Xilinx, Inc. All Rights Reserved.
------------------------------------------------------------------------------------------------------------------
| Tool Version : Vivado v.2013.2 (lin64) Build 272601 Sat Jun 15 11:11:11 MDT 2013
| Date         : Tue Dec  8 00:08:54 2015
| Host         : amdpool-02.ece.cornell.edu running 64-bit Red Hat Enterprise Linux Server release 5.11 (Tikanga)
| Command      : report_clock_utilization -file system_top_wrapper_clock_utilization_placed.rpt
| Design       : system_top_wrapper
| Device       : xc7z020
------------------------------------------------------------------------------------------------------------------

Clock Utilization Report

Table of Contents
-----------------
1. Clock Primitive Utilization
2. Details of Global Clocks
3. Details of Regional Clocks
4. Details of Multi-Regional Clocks
5. Details of Local Clocks
6. Clock Regions : Key Resource Utilization
7. Net wise resources used in clock region X0Y0
8. Net wise resources used in clock region X1Y0
9. Net wise resources used in clock region X0Y1
10. Net wise resources used in clock region X1Y1
11. Net wise resources used in clock region X0Y2
12. Net wise resources used in clock region X1Y2

1. Clock Primitive Utilization
------------------------------

+-------+------+-----------+------------+
| Type  | Used | Available | Num Locked |
+-------+------+-----------+------------+
| BUFG  |    6 |        32 |          0 |
| BUFH  |    0 |        72 |          0 |
| BUFIO |    0 |        16 |          0 |
| MMCM  |    1 |         4 |          0 |
| BUFR  |    0 |        16 |          0 |
| BUFMR |    0 |         8 |          0 |
+-------+------+-----------+------------+


2. Details of Global Clocks
---------------------------

+-------+--------------------------------------------------------------------------+-----------------------------------------------------------------+---------------+--------+---------------+-----------+
|       |                                                                          |                                                                 |   Num Loads   |        |               |           |
+-------+--------------------------------------------------------------------------+-----------------------------------------------------------------+-------+-------+--------+---------------+-----------+
| Index | BUFG Cell                                                                | Net Name                                                        |  BELs | Sites | Locked | MaxDelay (ns) | Skew (ns) |
+-------+--------------------------------------------------------------------------+-----------------------------------------------------------------+-------+-------+--------+---------------+-----------+
|     1 | system_top_i/clk_wiz_1/inst/clkf_buf                                     | system_top_i/clk_wiz_1/inst/clkfbout_buf_system_top_clk_wiz_1_0 |     1 |     1 |     no |         1.834 |     0.092 |
|     2 | system_top_i/processing_system7_1/inst/buffer_fclk_clk_0.FCLK_CLK_0_BUFG | system_top_i/processing_system7_1/inst/FCLK_CLK0                |     1 |     1 |     no |         1.831 |     0.092 |
|     3 | bufg_i                                                                   | video_clk_sys                                                   |   798 |   245 |     no |         2.259 |     1.988 |
|     4 | system_top_i/Video_Capture/VIDEO_MUX_0/U0/VIDEO_SEL_GEN[0].BUFGMUX_INST  | system_top_i/Video_Capture/VIDEO_MUX_0/video_clk[0]             |  2500 |   781 |     no |         2.571 |     0.848 |
|     5 | system_top_i/clk_wiz_1/inst/clkout1_buf                                  | system_top_i/clk_wiz_1/inst/clk_out1                            |  4660 |  1363 |     no |         2.133 |     0.500 |
|     6 | system_top_i/clk_wiz_1/inst/clkout2_buf                                  | system_top_i/clk_wiz_1/inst/clk_out2                            | 30635 |  8398 |     no |         2.211 |     0.619 |
+-------+--------------------------------------------------------------------------+-----------------------------------------------------------------+-------+-------+--------+---------------+-----------+


+-------+-------------------------------------------+-------------------------------------------------------------+--------------+--------+---------------+-----------+
|       |                                           |                                                             |   Num Loads  |        |               |           |
+-------+-------------------------------------------+-------------------------------------------------------------+------+-------+--------+---------------+-----------+
| Index | MMCM Cell                                 | Net Name                                                    | BELs | Sites | Locked | MaxDelay (ns) | Skew (ns) |
+-------+-------------------------------------------+-------------------------------------------------------------+------+-------+--------+---------------+-----------+
|     1 | system_top_i/clk_wiz_1/inst/mmcm_adv_inst | system_top_i/clk_wiz_1/inst/clkfbout_system_top_clk_wiz_1_0 |    1 |     1 |     no |         1.855 |     0.093 |
|     2 | system_top_i/clk_wiz_1/inst/mmcm_adv_inst | system_top_i/clk_wiz_1/inst/clk_out1_system_top_clk_wiz_1_0 |    1 |     1 |     no |         1.855 |     0.093 |
|     3 | system_top_i/clk_wiz_1/inst/mmcm_adv_inst | system_top_i/clk_wiz_1/inst/clk_out2_system_top_clk_wiz_1_0 |    1 |     1 |     no |         1.855 |     0.093 |
+-------+-------------------------------------------+-------------------------------------------------------------+------+-------+--------+---------------+-----------+


3. Details of Regional Clocks
-----------------------------

4. Details of Multi-Regional Clocks
-----------------------------------

5. Details of Local Clocks
--------------------------

6. Clock Regions : Key Resource Utilization
-------------------------------------------

+-------------------+--------------+--------------+--------------+--------------+--------------+--------------+--------------+--------------+--------------+--------------+---------------+--------------+--------------+--------------+--------------+
|                   | Global Clock |     BUFRs    |    BUFMRs    |    BUFIOs    |     MMCM     |      PLL     |      GT      |      PCI     |    ILOGIC    |    OLOGIC    |       FF      |     LUTM     |    RAMB18    |    RAMB36    |    DSP48E1   |
+-------------------+------+-------+------+-------+------+-------+------+-------+------+-------+------+-------+------+-------+------+-------+------+-------+------+-------+-------+-------+------+-------+------+-------+------+-------+------+-------+
| Clock Region Name | Used | Avail | Used | Avail | Used | Avail | Used | Avail | Used | Avail | Used | Avail | Used | Avail | Used | Avail | Used | Avail | Used | Avail |  Used | Avail | Used | Avail | Used | Avail | Used | Avail | Used | Avail |
+-------------------+------+-------+------+-------+------+-------+------+-------+------+-------+------+-------+------+-------+------+-------+------+-------+------+-------+-------+-------+------+-------+------+-------+------+-------+------+-------+
| X0Y0              |    5 |    12 |    0 |     4 |    0 |     2 |    0 |     4 |    1 |     1 |    0 |     1 |    0 |     0 |    0 |     0 |   16 |    50 |    0 |    50 |  7698 | 20000 |  497 |  4000 |    8 |   120 |    9 |    30 |    0 |    60 |
| X1Y0              |    4 |    12 |    0 |     4 |    0 |     2 |    0 |     4 |    0 |     1 |    0 |     1 |    0 |     0 |    0 |     0 |    0 |    50 |    0 |    50 | 10007 | 25600 |  760 |  3400 |    1 |   120 |   23 |    30 |   18 |    40 |
| X0Y1              |    2 |    12 |    0 |     0 |    0 |     0 |    0 |     0 |    0 |     0 |    0 |     0 |    0 |     0 |    0 |     0 |    0 |     0 |    0 |     0 |  4249 |  9600 |  272 |  1600 |    2 |    40 |    2 |    10 |    2 |    20 |
| X1Y1              |    4 |    12 |    0 |     4 |    0 |     2 |    0 |     4 |    0 |     1 |    0 |     1 |    0 |     0 |    0 |     0 |    0 |    50 |    1 |    50 |  7881 | 20800 |  351 |  3400 |    8 |   120 |   11 |    30 |    8 |    40 |
| X0Y2              |    2 |    12 |    0 |     0 |    0 |     0 |    0 |     0 |    0 |     0 |    0 |     0 |    0 |     0 |    0 |     0 |    0 |     0 |    0 |     0 |  2091 |  9600 |   42 |  1600 |    2 |    36 |    0 |     9 |   11 |    20 |
| X1Y2              |    3 |    12 |    0 |     4 |    0 |     2 |    0 |     4 |    0 |     1 |    0 |     1 |    0 |     0 |    0 |     0 |    0 |    50 |    0 |    50 |  4500 | 20800 |  119 |  3400 |    6 |   108 |    0 |    27 |    0 |    40 |
+-------------------+------+-------+------+-------+------+-------+------+-------+------+-------+------+-------+------+-------+------+-------+------+-------+------+-------+-------+-------+------+-------+------+-------+------+-------+------+-------+
* RAMB36 site can be used as two RAMB18/FIFO18 sites


7. Net wise resources used in clock region X0Y0
-----------------------------------------------

+-------------+--------+-----------+-----------+---------+---------+------+-------+----------+------+-----------------------------------------------------------------+
| Source Type | Locked | MMCM Pins | BRAM Pins | ILOGICs | OLOGICs |  FFs | LUTMs | DSP48E1s | PLLs |                                                  Clock Net Name |
+-------------+--------+-----------+-----------+---------+---------+------+-------+----------+------+-----------------------------------------------------------------+
| BUFG        |   no   |         1 |         0 |       0 |       0 |    0 |     0 |        0 |    0 | system_top_i/clk_wiz_1/inst/clkfbout_buf_system_top_clk_wiz_1_0 |
| BUFG        |   no   |         0 |        34 |       0 |       0 | 6445 |   494 |        0 |    0 | system_top_i/clk_wiz_1/inst/clk_out2                            |
| BUFG        |   no   |         0 |         0 |       0 |       0 | 1174 |     1 |        0 |    0 | system_top_i/clk_wiz_1/inst/clk_out1                            |
| BUFG        |   no   |         1 |         0 |       0 |       0 |    0 |     0 |        0 |    0 | system_top_i/processing_system7_1/inst/FCLK_CLK0                |
| BUFGCTRL    |   no   |         0 |         0 |      16 |       0 |   79 |     2 |        0 |    0 | system_top_i/Video_Capture/VIDEO_MUX_0/video_clk[0]             |
+-------------+--------+-----------+-----------+---------+---------+------+-------+----------+------+-----------------------------------------------------------------+


8. Net wise resources used in clock region X1Y0
-----------------------------------------------

+-------------+--------+-----------+-----------+---------+---------+------+-------+----------+------+-----------------------------------------------------+
| Source Type | Locked | MMCM Pins | BRAM Pins | ILOGICs | OLOGICs |  FFs | LUTMs | DSP48E1s | PLLs |                                      Clock Net Name |
+-------------+--------+-----------+-----------+---------+---------+------+-------+----------+------+-----------------------------------------------------+
| BUFG        |   no   |         0 |        32 |       0 |       0 | 7886 |   701 |        2 |    0 | system_top_i/clk_wiz_1/inst/clk_out2                |
| BUFG        |   no   |         0 |         0 |       0 |       0 | 1307 |     0 |        0 |    0 | system_top_i/clk_wiz_1/inst/clk_out1                |
| BUFG        |   no   |         0 |        14 |       0 |       0 |  721 |    43 |       16 |    0 | video_clk_sys                                       |
| BUFGCTRL    |   no   |         0 |         1 |       0 |       0 |   93 |    16 |        0 |    0 | system_top_i/Video_Capture/VIDEO_MUX_0/video_clk[0] |
+-------------+--------+-----------+-----------+---------+---------+------+-------+----------+------+-----------------------------------------------------+


9. Net wise resources used in clock region X0Y1
-----------------------------------------------

+-------------+--------+-----------+-----------+---------+---------+------+-------+----------+------+--------------------------------------+
| Source Type | Locked | MMCM Pins | BRAM Pins | ILOGICs | OLOGICs |  FFs | LUTMs | DSP48E1s | PLLs |                       Clock Net Name |
+-------------+--------+-----------+-----------+---------+---------+------+-------+----------+------+--------------------------------------+
| BUFG        |   no   |         0 |         8 |       0 |       0 | 3261 |   272 |        2 |    0 | system_top_i/clk_wiz_1/inst/clk_out2 |
| BUFG        |   no   |         0 |         0 |       0 |       0 |  988 |     0 |        0 |    0 | system_top_i/clk_wiz_1/inst/clk_out1 |
+-------------+--------+-----------+-----------+---------+---------+------+-------+----------+------+--------------------------------------+


10. Net wise resources used in clock region X1Y1
------------------------------------------------

+-------------+--------+-----------+-----------+---------+---------+------+-------+----------+------+-----------------------------------------------------+
| Source Type | Locked | MMCM Pins | BRAM Pins | ILOGICs | OLOGICs |  FFs | LUTMs | DSP48E1s | PLLs |                                      Clock Net Name |
+-------------+--------+-----------+-----------+---------+---------+------+-------+----------+------+-----------------------------------------------------+
| BUFG        |   no   |         0 |        38 |       0 |       0 | 6558 |   346 |        4 |    0 | system_top_i/clk_wiz_1/inst/clk_out2                |
| BUFG        |   no   |         0 |         0 |       0 |       0 | 1135 |     4 |        0 |    0 | system_top_i/clk_wiz_1/inst/clk_out1                |
| BUFG        |   no   |         0 |         0 |       0 |       1 |    1 |     1 |        0 |    0 | video_clk_sys                                       |
| BUFGCTRL    |   no   |         0 |         0 |       0 |       0 |  187 |     0 |        0 |    0 | system_top_i/Video_Capture/VIDEO_MUX_0/video_clk[0] |
+-------------+--------+-----------+-----------+---------+---------+------+-------+----------+------+-----------------------------------------------------+


11. Net wise resources used in clock region X0Y2
------------------------------------------------

+-------------+--------+-----------+-----------+---------+---------+------+-------+----------+------+--------------------------------------+
| Source Type | Locked | MMCM Pins | BRAM Pins | ILOGICs | OLOGICs |  FFs | LUTMs | DSP48E1s | PLLs |                       Clock Net Name |
+-------------+--------+-----------+-----------+---------+---------+------+-------+----------+------+--------------------------------------+
| BUFG        |   no   |         0 |         4 |       0 |       0 | 2076 |    34 |       11 |    0 | system_top_i/clk_wiz_1/inst/clk_out2 |
| BUFG        |   no   |         0 |         0 |       0 |       0 |   15 |     0 |        0 |    0 | system_top_i/clk_wiz_1/inst/clk_out1 |
+-------------+--------+-----------+-----------+---------+---------+------+-------+----------+------+--------------------------------------+


12. Net wise resources used in clock region X1Y2
------------------------------------------------

+-------------+--------+-----------+-----------+---------+---------+------+-------+----------+------+-----------------------------------------------------+
| Source Type | Locked | MMCM Pins | BRAM Pins | ILOGICs | OLOGICs |  FFs | LUTMs | DSP48E1s | PLLs |                                      Clock Net Name |
+-------------+--------+-----------+-----------+---------+---------+------+-------+----------+------+-----------------------------------------------------+
| BUFG        |   no   |         0 |        12 |       0 |       0 | 2366 |   104 |        0 |    0 | system_top_i/clk_wiz_1/inst/clk_out2                |
| BUFG        |   no   |         0 |         0 |       0 |       0 |   35 |     0 |        0 |    0 | system_top_i/clk_wiz_1/inst/clk_out1                |
| BUFGCTRL    |   no   |         0 |         0 |       0 |       0 | 2099 |     7 |        0 |    0 | system_top_i/Video_Capture/VIDEO_MUX_0/video_clk[0] |
+-------------+--------+-----------+-----------+---------+---------+------+-------+----------+------+-----------------------------------------------------+



# Location of BUFG Primitives 
set_property LOC BUFGCTRL_X0Y4 [get_cells system_top_i/clk_wiz_1/inst/clkf_buf]
set_property LOC BUFGCTRL_X0Y16 [get_cells system_top_i/processing_system7_1/inst/buffer_fclk_clk_0.FCLK_CLK_0_BUFG]
set_property LOC BUFGCTRL_X0Y1 [get_cells bufg_i]
set_property LOC BUFGCTRL_X0Y0 [get_cells system_top_i/Video_Capture/VIDEO_MUX_0/U0/VIDEO_SEL_GEN[0].BUFGMUX_INST]
set_property LOC BUFGCTRL_X0Y3 [get_cells system_top_i/clk_wiz_1/inst/clkout1_buf]
set_property LOC BUFGCTRL_X0Y2 [get_cells system_top_i/clk_wiz_1/inst/clkout2_buf]

# Location of IO Clock Primitives

# Location of MMCM Clock Primitives
set_property LOC MMCME2_ADV_X0Y0 [get_cells system_top_i/clk_wiz_1/inst/mmcm_adv_inst]

# Location of BUFH Clock Primitives

# Location of BUFR Clock Primitives

# Location of BUFMR Clock Primitives

# Location of PLL Clock Primitives

# Location of IO Primitives which is load of clock spine

# Location of clock ports
set_property LOC IOB_X0Y24 [get_ports fmc_imageon_hdmii_clk]
set_property LOC IOB_X0Y25 [get_ports video_clk_n]
set_property LOC IOB_X0Y26 [get_ports video_clk_p]

# Clock net "video_clk_sys" driven by instance "bufg_i" located at site "BUFGCTRL_X0Y1"
#startgroup
create_pblock CLKAG_video_clk_sys
add_cells_to_pblock [get_pblocks  CLKAG_video_clk_sys] [get_cells  -filter { IS_PRIMITIVE==1 && NAME!=system_top_i/Video_Capture/VIDEO_MUX_0/U0/VIDEO_SEL_GEN[0].BUFGMUX_INST} -of_object [get_pins -leaf -filter {DIRECTION==IN} -of_objects [get_nets  -hierarchical video_clk_sys]]]
resize_pblock [get_pblocks CLKAG_video_clk_sys] -add {CLOCKREGION_X1Y0:CLOCKREGION_X1Y0 CLOCKREGION_X1Y1:CLOCKREGION_X1Y1}
#endgroup

# Clock net "system_top_i/Video_Capture/VIDEO_MUX_0/video_clk[0]" driven by instance "system_top_i/Video_Capture/VIDEO_MUX_0/U0/VIDEO_SEL_GEN[0].BUFGMUX_INST" located at site "BUFGCTRL_X0Y0"
#startgroup
create_pblock CLKAG_system_top_i/Video_Capture/VIDEO_MUX_0/video_clk[0]
add_cells_to_pblock [get_pblocks  CLKAG_system_top_i/Video_Capture/VIDEO_MUX_0/video_clk[0]] [get_cells  -filter { IS_PRIMITIVE==1 } -of_object [get_pins -leaf -filter {DIRECTION==IN} -of_objects [get_nets system_top_i/Video_Capture/VIDEO_MUX_0/video_clk[0]]]]
resize_pblock [get_pblocks CLKAG_system_top_i/Video_Capture/VIDEO_MUX_0/video_clk[0]] -add {CLOCKREGION_X0Y0:CLOCKREGION_X0Y0 CLOCKREGION_X1Y0:CLOCKREGION_X1Y0 CLOCKREGION_X1Y1:CLOCKREGION_X1Y1 CLOCKREGION_X1Y2:CLOCKREGION_X1Y2}
#endgroup

# Clock net "system_top_i/clk_wiz_1/inst/clk_out1" driven by instance "system_top_i/clk_wiz_1/inst/clkout1_buf" located at site "BUFGCTRL_X0Y3"
#startgroup
create_pblock CLKAG_system_top_i/clk_wiz_1/inst/clk_out1
add_cells_to_pblock [get_pblocks  CLKAG_system_top_i/clk_wiz_1/inst/clk_out1] [get_cells  -filter { IS_PRIMITIVE==1 } -of_object [get_pins -leaf -filter {DIRECTION==IN} -of_objects [get_nets system_top_i/clk_wiz_1/inst/clk_out1]]]
resize_pblock [get_pblocks CLKAG_system_top_i/clk_wiz_1/inst/clk_out1] -add {CLOCKREGION_X0Y0:CLOCKREGION_X0Y0 CLOCKREGION_X0Y1:CLOCKREGION_X0Y1 CLOCKREGION_X0Y2:CLOCKREGION_X0Y2 CLOCKREGION_X1Y0:CLOCKREGION_X1Y0 CLOCKREGION_X1Y1:CLOCKREGION_X1Y1 CLOCKREGION_X1Y2:CLOCKREGION_X1Y2}
#endgroup

# Clock net "system_top_i/clk_wiz_1/inst/clk_out2" driven by instance "system_top_i/clk_wiz_1/inst/clkout2_buf" located at site "BUFGCTRL_X0Y2"
#startgroup
create_pblock CLKAG_system_top_i/clk_wiz_1/inst/clk_out2
add_cells_to_pblock [get_pblocks  CLKAG_system_top_i/clk_wiz_1/inst/clk_out2] [get_cells  -filter { IS_PRIMITIVE==1 } -of_object [get_pins -leaf -filter {DIRECTION==IN} -of_objects [get_nets system_top_i/clk_wiz_1/inst/clk_out2]]]
resize_pblock [get_pblocks CLKAG_system_top_i/clk_wiz_1/inst/clk_out2] -add {CLOCKREGION_X0Y0:CLOCKREGION_X0Y0 CLOCKREGION_X0Y1:CLOCKREGION_X0Y1 CLOCKREGION_X0Y2:CLOCKREGION_X0Y2 CLOCKREGION_X1Y0:CLOCKREGION_X1Y0 CLOCKREGION_X1Y1:CLOCKREGION_X1Y1 CLOCKREGION_X1Y2:CLOCKREGION_X1Y2}
#endgroup
