Copyright 1986-1999, 2001-2013 Xilinx, Inc. All Rights Reserved.
-----------------------------------------------------------------------------------------------------------------------------------
| Tool Version     : Vivado v.2013.2 (lin64) Build 272601 Sat Jun 15 11:11:11 MDT 2013
| Date             : Tue Dec  8 00:15:08 2015
| Host             : amdpool-02.ece.cornell.edu running 64-bit Red Hat Enterprise Linux Server release 5.11 (Tikanga)
| Command          : report_power -file system_top_wrapper_power_routed.rpt -pb system_top_wrapper_power_summary_routed.pb
| Design           : system_top_wrapper
| Device           : xc7z020clg484-1
| Design State     : Routed
| Grade            : Commercial
| Process          : Typical
| Characterization : Production
-----------------------------------------------------------------------------------------------------------------------------------

Power Report

Table of Contents
-----------------
1. Summary
1.1 On-Chip Components
1.2 Power Supply Summary
1.3 Confidence Level
2. Settings
2.1 Environment
2.2 Initial Settings
2.3 Clock Constraints
3. Detailed Reports
3.1 By Hierarchy

1. Summary
----------

+--------------------------+-------+
| Total On-Chip Power (W)  | 1.952 |
| Dynamic (W)              | 1.791 |
| Device Static (W)        | 0.160 |
| Total Off-Chip Power (W) | 0.121 |
| Effective TJA (C/W)      | 11.5  |
| Max Ambient (C)          | 62.5  |
| Junction Temperature (C) | 47.5  |
| Confidence Level         | Low   |
| Setting File             | ---   |
| Simulation Activity File | ---   |
| Design Nets Matched      | NA    |
+--------------------------+-------+


1.1 On-Chip Components
----------------------

+--------------------------+-----------+----------+-----------+-----------------+
| On-Chip                  | Power (W) | Used     | Available | Utilization (%) |
+--------------------------+-----------+----------+-----------+-----------------+
| Clocks                   |     0.168 |        4 |       --- |             --- |
| Slice Logic              |     0.023 |    70498 |       --- |             --- |
|   LUT as Logic           |     0.020 |    28848 |     53200 |            54.2 |
|   Register               |     0.002 |    36426 |    106400 |            34.2 |
|   CARRY4                 |     0.001 |     1296 |     13300 |             9.7 |
|   LUT as Shift Register  |     0.000 |      594 |     17400 |             3.4 |
|   LUT as Distributed RAM |     0.000 |      591 |     17400 |             3.4 |
|   F7/F8 Muxes            |     0.000 |      566 |     53200 |             1.1 |
|   Others                 |     0.000 |      606 |       --- |             --- |
| Signals                  |     0.043 |    53176 |       --- |             --- |
| Block RAM                |     0.052 |       58 |       140 |            41.4 |
| MMCM                     |     0.130 |        1 |         4 |            25.0 |
| DSPs                     |     0.028 |       39 |       220 |            17.7 |
| I/O                      |     0.004 |       43 |       200 |            21.5 |
| PS7                      |     1.343 |        1 |       --- |             --- |
| Static Power             |     0.160 |          |           |                 |
| Total                    |     1.952 |          |           |                 |
+--------------------------+-----------+----------+-----------+-----------------+


1.2 Power Supply Summary
------------------------

+-----------+-------------+-----------+-------------+------------+
| Source    | Voltage (V) | Total (A) | Dynamic (A) | Static (A) |
+-----------+-------------+-----------+-------------+------------+
| Vccint    |       1.000 |     0.332 |       0.314 |      0.018 |
| Vccaux    |       1.800 |     0.094 |       0.073 |      0.021 |
| Vcco33    |       3.300 |     0.000 |       0.000 |      0.000 |
| Vcco25    |       2.500 |     0.001 |       0.000 |      0.001 |
| Vcco18    |       1.800 |     0.000 |       0.000 |      0.000 |
| Vcco15    |       1.500 |     0.000 |       0.000 |      0.000 |
| Vcco135   |       1.350 |     0.000 |       0.000 |      0.000 |
| Vcco12    |       1.200 |     0.000 |       0.000 |      0.000 |
| Vccaux_io |       2.000 |     0.000 |       0.000 |      0.000 |
| Vccbram   |       1.000 |     0.004 |       0.002 |      0.003 |
| MGTAVcc   |       1.000 |     0.000 |       0.000 |      0.000 |
| MGTAVtt   |       1.200 |     0.000 |       0.000 |      0.000 |
| MGTVccaux |       1.800 |     0.000 |       0.000 |      0.000 |
| Vccpint   |       1.000 |     0.424 |       0.391 |      0.033 |
| Vccpaux   |       1.800 |     0.067 |       0.057 |      0.010 |
| Vccpll    |       1.800 |     0.116 |       0.113 |      0.003 |
| Vcco_ddr  |       1.500 |     0.511 |       0.509 |      0.002 |
| Vcco_mio0 |       1.800 |     0.003 |       0.002 |      0.001 |
| Vcco_mio1 |       1.800 |     0.002 |       0.001 |      0.001 |
| Vccadc    |       1.800 |     0.020 |       0.000 |      0.020 |
+-----------+-------------+-----------+-------------+------------+


1.3 Confidence Level
--------------------

+-----------------------------+------------+--------------------------------------------------------+--------------------------------------------------------------------------------------------------------------------+
| User Input Data             | Confidence | Details                                                | Action                                                                                                             |
+-----------------------------+------------+--------------------------------------------------------+--------------------------------------------------------------------------------------------------------------------+
| Design implementation state | High       | Design is completely routed                            |                                                                                                                    |
| Clock nodes activity        | Low        | User specified less than 75% of clocks                 | Provide missing clock activity with a constraint file, simulation results or by editing the "By Clock Domain" view |
| I/O nodes activity          | Low        | More than 75% of inputs are missing user specification | Provide missing input activity with simulation results or by editing the "By Resource Type -> I/Os" view           |
| Internal nodes activity     | Medium     | User specified less than 25% of internal nodes         | Provide missing internal nodes activity with simulation results or by editing the "By Resource Type" views         |
| Device models               | High       | Device models are Production                           |                                                                                                                    |
|                             |            |                                                        |                                                                                                                    |
| Overall confidence level    | Low        |                                                        |                                                                                                                    |
+-----------------------------+------------+--------------------------------------------------------+--------------------------------------------------------------------------------------------------------------------+


2. Settings
-----------

2.1 Environment
---------------

+-----------------------+------------------+
| Ambient Temp (C)      | 25.0             |
| ThetaJA (C/W)         | 11.5             |
| Airflow (LFM)         | 250              |
| Heat Sink             | None             |
| ThetaSA (C/W)         | 0.0              |
| Board Selection       | Medium (10"x10") |
| # of Board Layers     | 8 to 11          |
| Board Temperature (C) | 47.5             |
+-----------------------+------------------+


2.2 Initial Settings
--------------------

+-------------------------------------+-------+
| Register Toggle Rate (%)            |  12.5 |
| IO Toggle Rate (%)                  |  12.5 |
| Output Load (pF)                    |   5.0 |
| IO Enable Probabilty                |   1.0 |
| BRAM Write Probability              |   0.5 |
| BRAM Enable Probability             |   0.5 |
| DSP Toggle Rate (%)                 |  12.5 |
| Set Signal Probability              |  0.01 |
| Reset Signal Probability            |  0.01 |
| Enable Signal Probability           |  0.99 |
| Unconstrained Clock Frequency (MHz) |   0.0 |
+-------------------------------------+-------+


2.3 Clock Constraints
---------------------

+---------------------------------------------------------------+---------------------------------------------------------------+-----------------+
| Clock                                                         | Domain                                                        | Constraint (ns) |
+---------------------------------------------------------------+---------------------------------------------------------------+-----------------+
| fmc_imageon_hdmii_clk                                         | fmc_imageon_hdmii_clk                                         |             6.7 |
| system_top_i/processing_system7_1/inst/FCLK_CLK_unbuffered[0] | system_top_i/processing_system7_1/inst/FCLK_CLK_unbuffered[0] |            10.0 |
| video_clk_p                                                   | video_clk_p                                                   |             6.7 |
+---------------------------------------------------------------+---------------------------------------------------------------+-----------------+


3. Detailed Reports
-------------------

3.1 By Hierarchy
----------------

+-------------------------------------------------------------------------------------------------------------------------------------------------------------------------------------------------------------------------------------------------------------------------+-----------+
| Name                                                                                                                                                                                                                                                                    | Power (W) |
+-------------------------------------------------------------------------------------------------------------------------------------------------------------------------------------------------------------------------------------------------------------------------+-----------+
| system_top_wrapper                                                                                                                                                                                                                                                      |     1.791 |
|   fmc_imageon_iic_scl_iobuf                                                                                                                                                                                                                                             |     0.000 |
|   fmc_imageon_iic_sda_iobuf                                                                                                                                                                                                                                             |     0.000 |
|   system_top_i                                                                                                                                                                                                                                                          |     1.787 |
|     EMIO_GPIO                                                                                                                                                                                                                                                           |     0.000 |
|       ext_fsync_RnM                                                                                                                                                                                                                                                     |     0.000 |
|       filter_rst_RnM                                                                                                                                                                                                                                                    |     0.000 |
|       iic_rst_b_RnM                                                                                                                                                                                                                                                     |     0.000 |
|       vid_in_rst_RnM                                                                                                                                                                                                                                                    |     0.000 |
|       video_sel_RnM                                                                                                                                                                                                                                                     |     0.000 |
|     Fsync_Select                                                                                                                                                                                                                                                        |     0.000 |
|       async_util_flipflop_1                                                                                                                                                                                                                                             |     0.000 |
|       async_util_flipflop_2                                                                                                                                                                                                                                             |     0.000 |
|       fsync_util_flipflop_1                                                                                                                                                                                                                                             |     0.000 |
|       fsync_util_vector_logic_1                                                                                                                                                                                                                                         |     0.000 |
|       fsync_util_vector_logic_2                                                                                                                                                                                                                                         |     0.000 |
|     PERF_MON_HP0_HP2                                                                                                                                                                                                                                                    |     0.025 |
|       inst                                                                                                                                                                                                                                                              |     0.025 |
|         USE_MON_FIFO.async_fifo_inst/inst/inst_fifo_gen/gconvfifo.rf/grf.rf/gntv_or_sync_fifo.mem/gdm.dm/RAM_reg_0_15_0_2                                                                                                                                               |     0.000 |
|         USE_MON_FIFO.async_fifo_inst/inst/inst_fifo_gen/gconvfifo.rf/grf.rf/gntv_or_sync_fifo.mem/gdm.dm/RAM_reg_0_15_0_2__0                                                                                                                                            |     0.000 |
|     PL_PS_Interrupts                                                                                                                                                                                                                                                    |     0.000 |
|       util_vector_logic_1                                                                                                                                                                                                                                               |     0.000 |
|       xlconcat_INTR                                                                                                                                                                                                                                                     |     0.000 |
|     Video_Capture                                                                                                                                                                                                                                                       |     0.074 |
|       CRESAMPLE_0                                                                                                                                                                                                                                                       |     0.014 |
|         U0                                                                                                                                                                                                                                                              |     0.014 |
|           obsabeireagdzmj4jtr52igusp4ehac2r4edpykictx2io2putxm1pw1zrtpvgzjzpyq2mcddp4ehkqq0eiqcmjhhfcpureeyssiiusoj5cdjqim5eiqn4nptn54npth                                                                                                                              |     0.000 |
|           obsabeireagdzmj4jtr52igusp4ehac2r4hfcp2febj14ehoglnh5jhozw5nxtdg5knsts5rbyyegg52iovbbuiraeysooke5jcijrfeqrje2t4egtaqz4ira1205g1521optob                                                                                                                       |     0.000 |
|           obsabeireagdzmj4jtr52igusp4ehac2r4hfcp2febj14ehoglnh5jhozw5nxtdg5knsts5rbyyegg52iovbbuiraeysooke5jcijrfeqrje2t4egtaqz4ira1205g1521rptrn                                                                                                                       |     0.000 |
|           obsfbeireagdzmj4jtr52igusp4ehac2r4edpykictx2io2putxm1pw1zrtpvgzjzpyq2mcddp4ehkqq0eiqcmjhhfcpureeyssiiusoj5cdjqim5eiqn4nptn54qptnl                                                                                                                             |     0.000 |
|           obsfbeireagdzmj4jtr52igusp4ehac2r4hfcp2febj14ehoglnh5jhozw5nxtdg5knsts5rbyyegg52iovbbuiraeysooke5jcijrfeqrje2t4egtaqz4ira1205g15205hd                                                                                                                         |     0.000 |
|           obsibeireagdzmj4jtr52igusp4ehac2r4hfcp2febj14ehoglnh5jhozw5nxtdg5knsts5rbyyegg52iovbbuiraeysooke5jcijrfeqrje2t4egtaqz4ira1205g1522pptrp                                                                                                                       |     0.000 |
|           obsibeireagdzmj4jtr52igusp4ehac2r4hfcp2febj14ehoglnh5jhozw5nxtdg5knsts5rbyyegg52iovbbuiraeysooke5jcijrfeqrje2t4egtaqz4ira1205g153a5g1d                                                                                                                        |     0.000 |
|           obsn2pxgzhumx0nx0152iocfizz5cdi3mtn5yq2gbeseam                                                                                                                                                                                                                |     0.000 |
|           obsnbeireagdzmj4jtr52igusp4ehac2r4edpykictx2io2putxm1pw1zrtpvgzjzpyq2mcddp4ehkqq0eiqcmjhhfcpureeyssiiusoj5cdjqim5eiqn4nptn54nxhzxb                                                                                                                            |     0.000 |
|       HDMI_IN                                                                                                                                                                                                                                                           |     0.002 |
|       TPG_0                                                                                                                                                                                                                                                             |     0.009 |
|         U0                                                                                                                                                                                                                                                              |     0.009 |
|           obsajty12thd5yqnje52ioafzd2chdkncof5rq2dkcyt4egqc2r4edpykictx2io2putxm1pw1zrtpvgzjzpyq2mcddp4ehkqq0eiqcmjhhfcpureeyssiiusoj5cdjqim5eiqn4nptn54qptnl                                                                                                           |     0.000 |
|           obsajty12thd5yqnje52ioafzd2oke5ykictx2io2mw0p4so3tn41pggn4u1fhf5cdrqimn5yq3kcdircajre22uj4seqtckjbcsjzh2ingbbt2rcbxzv4nx5zv4pb                                                                                                                                |     0.000 |
|           obsfjty12thd5yqnje52ioafzd2chdkncof5rq2dkcyt4egqc2r4edpykictx2io2putxm1pw1zrtpvgzjzpyq2mcddp4ehkqq0eiqcmjhhfcpureeyssiiusoj5cdjqim5eiqn4nptn54npth                                                                                                            |     0.000 |
|           obsfjty12thd5yqnje52ioafzd2oke5ykictx2io2mw0p4so3tn41pggn4u1fhf5cdrqimn5yq3kcdircajre22uj4seqtckjbcsjzh2ingbbt2rcbxzv4nx50b4nwd                                                                                                                               |     0.000 |
|           obsfjty12thd5yqnje52ioafzd2oke5ykictx2io2mw0p4so3tn41pggn4u1fhf5cdrqimn5yq3kcdircajre22uj4seqtckjbcsjzh2ingbbt2rcbxzv4nx5zw25g2b                                                                                                                              |     0.000 |
|           obsijty12thd5yqnje52ioafzd2chdkncof5rq2dkcyt4egqc2r4edpykictx2io2putxm1pw1zrtpvgzjzpyq2mcddp4ehkqq0eiqcmjhhfcpureeyssiiusoj5cdjqim5eiqn4nptn54nxhzxb                                                                                                          |     0.000 |
|       TPG_VDMA                                                                                                                                                                                                                                                          |     0.012 |
|         U0                                                                                                                                                                                                                                                              |     0.012 |
|           GEN_ENABLE_INDET_BTT_SF.I_INDET_BTT/I_XD_FIFO/NON_BLK_MEM.I_SYNC_FIFOGEN_FIFO/FAMILY_SUPPORTED.I_SYNC_FIFO_BRAM/inst_fifo_gen/gconvfifo.rf/grf.rf/gntv_or_sync_fifo.mem/gdm.dm/RAM_reg_0_7_0_5                                                                |     0.000 |
|           GEN_ENABLE_INDET_BTT_SF.I_INDET_BTT/I_XD_FIFO/NON_BLK_MEM.I_SYNC_FIFOGEN_FIFO/FAMILY_SUPPORTED.I_SYNC_FIFO_BRAM/inst_fifo_gen/gconvfifo.rf/grf.rf/gntv_or_sync_fifo.mem/gdm.dm/RAM_reg_0_7_6_9                                                                |     0.000 |
|       VIDEO_MUX_0                                                                                                                                                                                                                                                       |     0.000 |
|       VID_IN_AXI4S                                                                                                                                                                                                                                                      |     0.006 |
|         inst                                                                                                                                                                                                                                                            |     0.006 |
|       VTC_0                                                                                                                                                                                                                                                             |     0.024 |
|         U0                                                                                                                                                                                                                                                              |     0.024 |
|       YUV2RGB_0                                                                                                                                                                                                                                                         |     0.008 |
|         U0                                                                                                                                                                                                                                                              |     0.008 |
|           obsamaseeboeiyd4jtr52igusp4ehac2r4edpykictx2io2putxm1pw1zrtpvgzjzpyq2mcddp4ehkqq0eiqcmjhhfcpureeyssiiusoj5cdjqim5eiqn4nptn54nyxzy3                                                                                                                            |     0.000 |
|           obsamaseeboeiyd4jtr52igusp4ehac2r4edpykictx2io2putxm1pw1zrtpvgzjzpyq2mcddp4ehkqq0eiqcmjhhfcpureeyssiiusoj5cdjqim5eiqn4nptn54qptnl                                                                                                                             |     0.000 |
|           obsamaseeboeiyd4jtr52igusp4ehac2r4hfcp2febj14ehoglnh5jhozw5nxtdg5knsts5rbyyegg52iovbbuiraeysooke5jcijrfeqrje2t4egtaqz4ira1205g15205hd                                                                                                                         |     0.000 |
|           obsamaseeboeiyd4jtr52igusp4ehcbvgcheit4ehdcqwt5aezb                                                                                                                                                                                                           |     0.000 |
|           obsfmaseeboeiyd4jtr52igusp4ehac2r4edpykictx2io2putxm1pw1zrtpvgzjzpyq2mcddp4ehkqq0eiqcmjhhfcpureeyssiiusoj5cdjqim5eiqn4nptn54npth                                                                                                                              |     0.000 |
|           obsfmaseeboeiyd4jtr52igusp4ehac2r4hfcp2febj14ehoglnh5jhozw5nxtdg5knsts5rbyyegg52iovbbuiraeysooke5jcijrfeqrje2t4egtaqz4ira1205g1521optob                                                                                                                       |     0.000 |
|           obsfmaseeboeiyd4jtr52igusp4ehac2r4hfcp2febj14ehoglnh5jhozw5nxtdg5knsts5rbyyegg52iovbbuiraeysooke5jcijrfeqrje2t4egtaqz4ira1205g1521rptrn                                                                                                                       |     0.000 |
|           obsfmaseeboeiyd4jtr52igusp4ehcbvgcheit4ehdcqwt5jmzb                                                                                                                                                                                                           |     0.000 |
|           obsimaseeboeiyd4jtr52igusp4ehac2r4edpykictx2io2putxm1pw1zrtpvgzjzpyq2mcddp4ehkqq0eiqcmjhhfcpureeyssiiusoj5cdjqim5eiqn4nptn54nxhzxb                                                                                                                            |     0.000 |
|           obsimaseeboeiyd4jtr52igusp4ehac2r4edpykictx2io2putxm1pw1zrtpvgzjzpyq2mcddp4ehkqq0eiqcmjhhfcpureeyssiiusoj5cdjqim5eiqn4nptn54ohxzy5                                                                                                                            |     0.000 |
|           obsimaseeboeiyd4jtr52igusp4ehcbvgcheit4ehdcqwt5auyb                                                                                                                                                                                                           |     0.000 |
|           obsnmaseeboeiyd4jtr52igusp4ehac2r4hfcp2febj14ehoglnh5jhozw5nxtdg5knsts5rbyyegg52iovbbuiraeysooke5jcijrfeqrje2t4egtaqz4ira1205g1522pptrp                                                                                                                       |     0.000 |
|           obsnmaseeboeiyd4jtr52igusp4ehac2r4hfcp2febj14ehoglnh5jhozw5nxtdg5knsts5rbyyegg52iovbbuiraeysooke5jcijrfeqrje2t4egtaqz4ira1205g153a5g1d                                                                                                                        |     0.000 |
|           obsnmaseeboeiyd4jtr52igusp4ehcbvgcheit4ehdcqwt5j2yb                                                                                                                                                                                                           |     0.000 |
|       axis_subset_converter_1                                                                                                                                                                                                                                           |     0.000 |
|       vid_in_rst_RnM                                                                                                                                                                                                                                                    |     0.000 |
|         tpg_util_flipflop_1                                                                                                                                                                                                                                             |     0.000 |
|         util_reduced_logic_1                                                                                                                                                                                                                                            |     0.000 |
|         xlconcat_2                                                                                                                                                                                                                                                      |     0.000 |
|     Video_Display                                                                                                                                                                                                                                                       |     0.034 |
|       LOGICVC_0                                                                                                                                                                                                                                                         |     0.034 |
|         U0                                                                                                                                                                                                                                                              |     0.034 |
|           a_flag_generator_gen.a_flag_generator_inst                                                                                                                                                                                                                    |     0.001 |
|           adrcnt_inst                                                                                                                                                                                                                                                   |     0.002 |
|             syncs_inst                                                                                                                                                                                                                                                  |     0.001 |
|             vbuff_switch_inst                                                                                                                                                                                                                                           |     0.000 |
|             videoaddr_inst                                                                                                                                                                                                                                              |     0.001 |
|               addr_gen_generate[0].addr_gen_gen.u_addr_gen                                                                                                                                                                                                              |     0.000 |
|               addr_gen_generate[1].addr_gen_gen.u_addr_gen                                                                                                                                                                                                              |     0.000 |
|               u_shift_around                                                                                                                                                                                                                                            |     0.000 |
|                 ram_reg_0_15_0_0                                                                                                                                                                                                                                        |     0.000 |
|                 ram_reg_0_15_1_1                                                                                                                                                                                                                                        |     0.000 |
|           g_axi_wrapper.axi_wrapper_inst                                                                                                                                                                                                                                |     0.000 |
|           regs_file_inst                                                                                                                                                                                                                                                |     0.003 |
|             axi_gen.axi4_lite_wrapper_inst                                                                                                                                                                                                                              |     0.000 |
|           scramble_inst                                                                                                                                                                                                                                                 |     0.027 |
|             u_pix_merge                                                                                                                                                                                                                                                 |     0.025 |
|               blending[0].alpha_blend_inst                                                                                                                                                                                                                              |     0.005 |
|               blending[1].alpha_blend_inst                                                                                                                                                                                                                              |     0.008 |
|               ycbcr_out.no_ycbcr_layers.rgb_ycrcb_inst                                                                                                                                                                                                                  |     0.010 |
|             u_video_fifo                                                                                                                                                                                                                                                |     0.001 |
|               universal_fifo_gen[0].fifo_gen.u_universal_fifo                                                                                                                                                                                                           |     0.001 |
|                 fifo_brams                                                                                                                                                                                                                                              |     0.000 |
|               universal_fifo_gen[1].fifo_gen.u_universal_fifo                                                                                                                                                                                                           |     0.001 |
|                 fifo_brams                                                                                                                                                                                                                                              |     0.000 |
|           tb_inst                                                                                                                                                                                                                                                       |     0.000 |
|           video_out_inst                                                                                                                                                                                                                                                |     0.000 |
|           videorst_inst                                                                                                                                                                                                                                                 |     0.000 |
|       binary_to_grey_1                                                                                                                                                                                                                                                  |     0.000 |
|       vbuff                                                                                                                                                                                                                                                             |     0.000 |
|       xlslice_1                                                                                                                                                                                                                                                         |     0.000 |
|     Video_Processing                                                                                                                                                                                                                                                    |     0.086 |
|       FILTER_ENGINE                                                                                                                                                                                                                                                     |     0.060 |
|         U0/image_filter_U/finger_counter_U0/image_filter_dcmp_64ns_64ns_1_3_U44/image_filter_ap_dcmp_1_no_dsp_u/U0/i_synth                                                                                                                                              |     0.000 |
|         U0/image_filter_U/finger_counter_U0/image_filter_dcmp_64ns_64ns_1_3_U45/image_filter_ap_dcmp_1_no_dsp_u/U0/i_synth                                                                                                                                              |     0.000 |
|         U0/image_filter_U/finger_counter_U0/image_filter_dmul_64ns_64ns_64_9_max_dsp_U43/image_filter_ap_dmul_7_max_dsp_u/U0/i_synth                                                                                                                                    |     0.015 |
|         U0/image_filter_U/finger_counter_U0/image_filter_sitodp_64s_64_9_U46/image_filter_ap_sitodp_7_no_dsp_u/U0/i_synth                                                                                                                                               |     0.012 |
|         U0/image_filter_U/finger_counter_U0/image_filter_sitodp_64s_64_9_U47/image_filter_ap_sitodp_7_no_dsp_u/U0/i_synth                                                                                                                                               |     0.002 |
|       FILTER_VDMA                                                                                                                                                                                                                                                       |     0.026 |
|         U0                                                                                                                                                                                                                                                              |     0.026 |
|           GEN_S2MM_FULL.I_S2MM_FULL_WRAPPER/GEN_ENABLE_INDET_BTT_SF.I_INDET_BTT/I_XD_FIFO/NON_BLK_MEM.I_SYNC_FIFOGEN_FIFO/FAMILY_SUPPORTED.I_SYNC_FIFO_BRAM/inst_fifo_gen/gconvfifo.rf/grf.rf/gntv_or_sync_fifo.mem/gdm.dm/RAM_reg_0_15_0_5                             |     0.000 |
|           GEN_S2MM_FULL.I_S2MM_FULL_WRAPPER/GEN_ENABLE_INDET_BTT_SF.I_INDET_BTT/I_XD_FIFO/NON_BLK_MEM.I_SYNC_FIFOGEN_FIFO/FAMILY_SUPPORTED.I_SYNC_FIFO_BRAM/inst_fifo_gen/gconvfifo.rf/grf.rf/gntv_or_sync_fifo.mem/gdm.dm/RAM_reg_0_15_6_8                             |     0.000 |
|       filter_rst_RnM                                                                                                                                                                                                                                                    |     0.000 |
|         filter_util_flipflop                                                                                                                                                                                                                                            |     0.000 |
|         filter_util_reduced_logic                                                                                                                                                                                                                                       |     0.000 |
|         filter_xlconcat                                                                                                                                                                                                                                                 |     0.000 |
|     axi4_gp0                                                                                                                                                                                                                                                            |     0.011 |
|       m06_couplers/auto_cc                                                                                                                                                                                                                                              |     0.001 |
|         inst                                                                                                                                                                                                                                                            |     0.001 |
|       m06_couplers/m06_regslice                                                                                                                                                                                                                                         |     0.000 |
|       s00_couplers/auto_pc                                                                                                                                                                                                                                              |     0.009 |
|       xbar                                                                                                                                                                                                                                                              |     0.001 |
|     axi4_hp0                                                                                                                                                                                                                                                            |     0.053 |
|       m00_couplers/auto_ds                                                                                                                                                                                                                                              |     0.008 |
|         inst                                                                                                                                                                                                                                                            |     0.008 |
|           gen_downsizer.gen_cascaded_downsizer.first_downsizer_inst/USE_READ.read_addr_inst/cmd_queue/inst/fifo_gen_inst/inst_fifo_gen/gconvfifo.rf/grf.rf/gntv_or_sync_fifo.mem/gdm.dm/RAM_reg_0_31_0_5                                                                |     0.000 |
|           gen_downsizer.gen_cascaded_downsizer.first_downsizer_inst/USE_READ.read_addr_inst/cmd_queue/inst/fifo_gen_inst/inst_fifo_gen/gconvfifo.rf/grf.rf/gntv_or_sync_fifo.mem/gdm.dm/RAM_reg_0_31_12_17                                                              |     0.000 |
|           gen_downsizer.gen_cascaded_downsizer.first_downsizer_inst/USE_READ.read_addr_inst/cmd_queue/inst/fifo_gen_inst/inst_fifo_gen/gconvfifo.rf/grf.rf/gntv_or_sync_fifo.mem/gdm.dm/RAM_reg_0_31_18_23                                                              |     0.000 |
|           gen_downsizer.gen_cascaded_downsizer.first_downsizer_inst/USE_READ.read_addr_inst/cmd_queue/inst/fifo_gen_inst/inst_fifo_gen/gconvfifo.rf/grf.rf/gntv_or_sync_fifo.mem/gdm.dm/RAM_reg_0_31_24_28                                                              |     0.000 |
|           gen_downsizer.gen_cascaded_downsizer.first_downsizer_inst/USE_READ.read_addr_inst/cmd_queue/inst/fifo_gen_inst/inst_fifo_gen/gconvfifo.rf/grf.rf/gntv_or_sync_fifo.mem/gdm.dm/RAM_reg_0_31_6_11                                                               |     0.000 |
|           gen_downsizer.gen_cascaded_downsizer.first_downsizer_inst/USE_WRITE.write_addr_inst/USE_B_CHANNEL.cmd_b_queue/inst/fifo_gen_inst/inst_fifo_gen/gconvfifo.rf/grf.rf/gntv_or_sync_fifo.mem/gdm.dm/RAM_reg_0_31_0_5                                              |     0.000 |
|           gen_downsizer.gen_cascaded_downsizer.first_downsizer_inst/USE_WRITE.write_addr_inst/USE_B_CHANNEL.cmd_b_queue/inst/fifo_gen_inst/inst_fifo_gen/gconvfifo.rf/grf.rf/gntv_or_sync_fifo.mem/gdm.dm/RAM_reg_0_31_6_8                                              |     0.000 |
|           gen_downsizer.gen_cascaded_downsizer.first_downsizer_inst/USE_WRITE.write_addr_inst/cmd_queue/inst/fifo_gen_inst/inst_fifo_gen/gconvfifo.rf/grf.rf/gntv_or_sync_fifo.mem/gdm.dm/RAM_reg_0_31_0_5                                                              |     0.000 |
|           gen_downsizer.gen_cascaded_downsizer.first_downsizer_inst/USE_WRITE.write_addr_inst/cmd_queue/inst/fifo_gen_inst/inst_fifo_gen/gconvfifo.rf/grf.rf/gntv_or_sync_fifo.mem/gdm.dm/RAM_reg_0_31_12_17                                                            |     0.000 |
|           gen_downsizer.gen_cascaded_downsizer.first_downsizer_inst/USE_WRITE.write_addr_inst/cmd_queue/inst/fifo_gen_inst/inst_fifo_gen/gconvfifo.rf/grf.rf/gntv_or_sync_fifo.mem/gdm.dm/RAM_reg_0_31_18_23                                                            |     0.000 |
|           gen_downsizer.gen_cascaded_downsizer.first_downsizer_inst/USE_WRITE.write_addr_inst/cmd_queue/inst/fifo_gen_inst/inst_fifo_gen/gconvfifo.rf/grf.rf/gntv_or_sync_fifo.mem/gdm.dm/RAM_reg_0_31_24_28                                                            |     0.000 |
|           gen_downsizer.gen_cascaded_downsizer.first_downsizer_inst/USE_WRITE.write_addr_inst/cmd_queue/inst/fifo_gen_inst/inst_fifo_gen/gconvfifo.rf/grf.rf/gntv_or_sync_fifo.mem/gdm.dm/RAM_reg_0_31_6_11                                                             |     0.000 |
|           gen_downsizer.gen_cascaded_downsizer.gen_axi3_conv.axi3_conv_inst/gen_axi4_axi3.axi3_conv_inst/USE_READ.USE_SPLIT_R.read_addr_inst/USE_R_CHANNEL.cmd_queue/inst/fifo_gen_inst/inst_fifo_gen/gconvfifo.rf/grf.rf/gntv_or_sync_fifo.mem/gdm.dm/RAM_reg_0_31_0_0 |     0.000 |
|           gen_downsizer.gen_cascaded_downsizer.gen_axi3_conv.axi3_conv_inst/gen_axi4_axi3.axi3_conv_inst/USE_WRITE.write_addr_inst/USE_BURSTS.cmd_queue/inst/fifo_gen_inst/inst_fifo_gen/gconvfifo.rf/grf.rf/gntv_or_sync_fifo.mem/gdm.dm/RAM_reg_0_31_0_4              |     0.000 |
|           gen_downsizer.gen_cascaded_downsizer.gen_axi3_conv.axi3_conv_inst/gen_axi4_axi3.axi3_conv_inst/USE_WRITE.write_addr_inst/USE_B_CHANNEL.cmd_b_queue/inst/fifo_gen_inst/inst_fifo_gen/gconvfifo.rf/grf.rf/gntv_or_sync_fifo.mem/gdm.dm/RAM_reg_0_31_0_4         |     0.000 |
|       m00_couplers/auto_pc                                                                                                                                                                                                                                              |     0.001 |
|         inst/gen_axi4_axi3.axi3_conv_inst/USE_WRITE.write_addr_inst/USE_BURSTS.cmd_queue/inst/fifo_gen_inst/inst_fifo_gen/gconvfifo.rf/grf.rf/gntv_or_sync_fifo.mem/gdm.dm/RAM_reg_0_31_0_4                                                                             |     0.000 |
|       m00_couplers/m00_data_fifo                                                                                                                                                                                                                                        |     0.012 |
|         inst/gen_fifo.fifo_gen_inst/inst_fifo_gen/gaxi_full_lite.gread_ch.grach2.axi_rach/grf.rf/gntv_or_sync_fifo.mem/gdm.dm/RAM_reg_0_31_0_5                                                                                                                          |     0.000 |
|         inst/gen_fifo.fifo_gen_inst/inst_fifo_gen/gaxi_full_lite.gread_ch.grach2.axi_rach/grf.rf/gntv_or_sync_fifo.mem/gdm.dm/RAM_reg_0_31_12_17                                                                                                                        |     0.000 |
|         inst/gen_fifo.fifo_gen_inst/inst_fifo_gen/gaxi_full_lite.gread_ch.grach2.axi_rach/grf.rf/gntv_or_sync_fifo.mem/gdm.dm/RAM_reg_0_31_18_23                                                                                                                        |     0.000 |
|         inst/gen_fifo.fifo_gen_inst/inst_fifo_gen/gaxi_full_lite.gread_ch.grach2.axi_rach/grf.rf/gntv_or_sync_fifo.mem/gdm.dm/RAM_reg_0_31_24_29                                                                                                                        |     0.000 |
|         inst/gen_fifo.fifo_gen_inst/inst_fifo_gen/gaxi_full_lite.gread_ch.grach2.axi_rach/grf.rf/gntv_or_sync_fifo.mem/gdm.dm/RAM_reg_0_31_30_35                                                                                                                        |     0.000 |
|         inst/gen_fifo.fifo_gen_inst/inst_fifo_gen/gaxi_full_lite.gread_ch.grach2.axi_rach/grf.rf/gntv_or_sync_fifo.mem/gdm.dm/RAM_reg_0_31_36_41                                                                                                                        |     0.000 |
|         inst/gen_fifo.fifo_gen_inst/inst_fifo_gen/gaxi_full_lite.gread_ch.grach2.axi_rach/grf.rf/gntv_or_sync_fifo.mem/gdm.dm/RAM_reg_0_31_42_47                                                                                                                        |     0.000 |
|         inst/gen_fifo.fifo_gen_inst/inst_fifo_gen/gaxi_full_lite.gread_ch.grach2.axi_rach/grf.rf/gntv_or_sync_fifo.mem/gdm.dm/RAM_reg_0_31_48_53                                                                                                                        |     0.000 |
|         inst/gen_fifo.fifo_gen_inst/inst_fifo_gen/gaxi_full_lite.gread_ch.grach2.axi_rach/grf.rf/gntv_or_sync_fifo.mem/gdm.dm/RAM_reg_0_31_54_59                                                                                                                        |     0.000 |
|         inst/gen_fifo.fifo_gen_inst/inst_fifo_gen/gaxi_full_lite.gread_ch.grach2.axi_rach/grf.rf/gntv_or_sync_fifo.mem/gdm.dm/RAM_reg_0_31_60_63                                                                                                                        |     0.000 |
|         inst/gen_fifo.fifo_gen_inst/inst_fifo_gen/gaxi_full_lite.gread_ch.grach2.axi_rach/grf.rf/gntv_or_sync_fifo.mem/gdm.dm/RAM_reg_0_31_6_11                                                                                                                         |     0.000 |
|         inst/gen_fifo.fifo_gen_inst/inst_fifo_gen/gaxi_full_lite.gwrite_ch.gwach2.axi_wach/grf.rf/gntv_or_sync_fifo.mem/gdm.dm/RAM_reg_0_31_0_5                                                                                                                         |     0.000 |
|         inst/gen_fifo.fifo_gen_inst/inst_fifo_gen/gaxi_full_lite.gwrite_ch.gwach2.axi_wach/grf.rf/gntv_or_sync_fifo.mem/gdm.dm/RAM_reg_0_31_12_17                                                                                                                       |     0.000 |
|         inst/gen_fifo.fifo_gen_inst/inst_fifo_gen/gaxi_full_lite.gwrite_ch.gwach2.axi_wach/grf.rf/gntv_or_sync_fifo.mem/gdm.dm/RAM_reg_0_31_18_23                                                                                                                       |     0.000 |
|         inst/gen_fifo.fifo_gen_inst/inst_fifo_gen/gaxi_full_lite.gwrite_ch.gwach2.axi_wach/grf.rf/gntv_or_sync_fifo.mem/gdm.dm/RAM_reg_0_31_24_29                                                                                                                       |     0.000 |
|         inst/gen_fifo.fifo_gen_inst/inst_fifo_gen/gaxi_full_lite.gwrite_ch.gwach2.axi_wach/grf.rf/gntv_or_sync_fifo.mem/gdm.dm/RAM_reg_0_31_30_35                                                                                                                       |     0.000 |
|         inst/gen_fifo.fifo_gen_inst/inst_fifo_gen/gaxi_full_lite.gwrite_ch.gwach2.axi_wach/grf.rf/gntv_or_sync_fifo.mem/gdm.dm/RAM_reg_0_31_36_41                                                                                                                       |     0.000 |
|         inst/gen_fifo.fifo_gen_inst/inst_fifo_gen/gaxi_full_lite.gwrite_ch.gwach2.axi_wach/grf.rf/gntv_or_sync_fifo.mem/gdm.dm/RAM_reg_0_31_42_47                                                                                                                       |     0.000 |
|         inst/gen_fifo.fifo_gen_inst/inst_fifo_gen/gaxi_full_lite.gwrite_ch.gwach2.axi_wach/grf.rf/gntv_or_sync_fifo.mem/gdm.dm/RAM_reg_0_31_48_53                                                                                                                       |     0.000 |
|         inst/gen_fifo.fifo_gen_inst/inst_fifo_gen/gaxi_full_lite.gwrite_ch.gwach2.axi_wach/grf.rf/gntv_or_sync_fifo.mem/gdm.dm/RAM_reg_0_31_54_59                                                                                                                       |     0.000 |
|         inst/gen_fifo.fifo_gen_inst/inst_fifo_gen/gaxi_full_lite.gwrite_ch.gwach2.axi_wach/grf.rf/gntv_or_sync_fifo.mem/gdm.dm/RAM_reg_0_31_60_63                                                                                                                       |     0.000 |
|         inst/gen_fifo.fifo_gen_inst/inst_fifo_gen/gaxi_full_lite.gwrite_ch.gwach2.axi_wach/grf.rf/gntv_or_sync_fifo.mem/gdm.dm/RAM_reg_0_31_6_11                                                                                                                        |     0.000 |
|       m00_couplers/m00_regslice                                                                                                                                                                                                                                         |     0.002 |
|       s00_couplers/auto_us_df                                                                                                                                                                                                                                           |     0.012 |
|         inst                                                                                                                                                                                                                                                            |     0.012 |
|           gen_upsizer.gen_full_upsizer.axi_upsizer_inst/USE_WRITE.gen_pktfifo_w_upsizer.pktfifo_write_data_inst/dw_fifogen_aw/inst_fifo_gen/gaxi_full_lite.gwrite_ch.gwach2.axi_wach/grf.rf/gntv_or_sync_fifo.mem/gdm.dm/RAM_reg_0_31_0_5                               |     0.000 |
|           gen_upsizer.gen_full_upsizer.axi_upsizer_inst/USE_WRITE.gen_pktfifo_w_upsizer.pktfifo_write_data_inst/dw_fifogen_aw/inst_fifo_gen/gaxi_full_lite.gwrite_ch.gwach2.axi_wach/grf.rf/gntv_or_sync_fifo.mem/gdm.dm/RAM_reg_0_31_12_17                             |     0.000 |
|           gen_upsizer.gen_full_upsizer.axi_upsizer_inst/USE_WRITE.gen_pktfifo_w_upsizer.pktfifo_write_data_inst/dw_fifogen_aw/inst_fifo_gen/gaxi_full_lite.gwrite_ch.gwach2.axi_wach/grf.rf/gntv_or_sync_fifo.mem/gdm.dm/RAM_reg_0_31_18_23                             |     0.000 |
|           gen_upsizer.gen_full_upsizer.axi_upsizer_inst/USE_WRITE.gen_pktfifo_w_upsizer.pktfifo_write_data_inst/dw_fifogen_aw/inst_fifo_gen/gaxi_full_lite.gwrite_ch.gwach2.axi_wach/grf.rf/gntv_or_sync_fifo.mem/gdm.dm/RAM_reg_0_31_24_29                             |     0.000 |
|           gen_upsizer.gen_full_upsizer.axi_upsizer_inst/USE_WRITE.gen_pktfifo_w_upsizer.pktfifo_write_data_inst/dw_fifogen_aw/inst_fifo_gen/gaxi_full_lite.gwrite_ch.gwach2.axi_wach/grf.rf/gntv_or_sync_fifo.mem/gdm.dm/RAM_reg_0_31_30_35                             |     0.000 |
|           gen_upsizer.gen_full_upsizer.axi_upsizer_inst/USE_WRITE.gen_pktfifo_w_upsizer.pktfifo_write_data_inst/dw_fifogen_aw/inst_fifo_gen/gaxi_full_lite.gwrite_ch.gwach2.axi_wach/grf.rf/gntv_or_sync_fifo.mem/gdm.dm/RAM_reg_0_31_36_41                             |     0.000 |
|           gen_upsizer.gen_full_upsizer.axi_upsizer_inst/USE_WRITE.gen_pktfifo_w_upsizer.pktfifo_write_data_inst/dw_fifogen_aw/inst_fifo_gen/gaxi_full_lite.gwrite_ch.gwach2.axi_wach/grf.rf/gntv_or_sync_fifo.mem/gdm.dm/RAM_reg_0_31_42_47                             |     0.000 |
|           gen_upsizer.gen_full_upsizer.axi_upsizer_inst/USE_WRITE.gen_pktfifo_w_upsizer.pktfifo_write_data_inst/dw_fifogen_aw/inst_fifo_gen/gaxi_full_lite.gwrite_ch.gwach2.axi_wach/grf.rf/gntv_or_sync_fifo.mem/gdm.dm/RAM_reg_0_31_48_53                             |     0.000 |
|           gen_upsizer.gen_full_upsizer.axi_upsizer_inst/USE_WRITE.gen_pktfifo_w_upsizer.pktfifo_write_data_inst/dw_fifogen_aw/inst_fifo_gen/gaxi_full_lite.gwrite_ch.gwach2.axi_wach/grf.rf/gntv_or_sync_fifo.mem/gdm.dm/RAM_reg_0_31_54_59                             |     0.000 |
|           gen_upsizer.gen_full_upsizer.axi_upsizer_inst/USE_WRITE.gen_pktfifo_w_upsizer.pktfifo_write_data_inst/dw_fifogen_aw/inst_fifo_gen/gaxi_full_lite.gwrite_ch.gwach2.axi_wach/grf.rf/gntv_or_sync_fifo.mem/gdm.dm/RAM_reg_0_31_60_65                             |     0.000 |
|           gen_upsizer.gen_full_upsizer.axi_upsizer_inst/USE_WRITE.gen_pktfifo_w_upsizer.pktfifo_write_data_inst/dw_fifogen_aw/inst_fifo_gen/gaxi_full_lite.gwrite_ch.gwach2.axi_wach/grf.rf/gntv_or_sync_fifo.mem/gdm.dm/RAM_reg_0_31_6_11                              |     0.000 |
|       s00_couplers/s00_regslice                                                                                                                                                                                                                                         |     0.001 |
|       s01_couplers/s01_data_fifo                                                                                                                                                                                                                                        |     0.012 |
|         inst/gen_fifo.fifo_gen_inst/inst_fifo_gen/gaxi_full_lite.gread_ch.grach2.axi_rach/grf.rf/gntv_or_sync_fifo.mem/gdm.dm/RAM_reg_0_31_0_5                                                                                                                          |     0.000 |
|         inst/gen_fifo.fifo_gen_inst/inst_fifo_gen/gaxi_full_lite.gread_ch.grach2.axi_rach/grf.rf/gntv_or_sync_fifo.mem/gdm.dm/RAM_reg_0_31_12_17                                                                                                                        |     0.000 |
|         inst/gen_fifo.fifo_gen_inst/inst_fifo_gen/gaxi_full_lite.gread_ch.grach2.axi_rach/grf.rf/gntv_or_sync_fifo.mem/gdm.dm/RAM_reg_0_31_18_23                                                                                                                        |     0.000 |
|         inst/gen_fifo.fifo_gen_inst/inst_fifo_gen/gaxi_full_lite.gread_ch.grach2.axi_rach/grf.rf/gntv_or_sync_fifo.mem/gdm.dm/RAM_reg_0_31_24_29                                                                                                                        |     0.000 |
|         inst/gen_fifo.fifo_gen_inst/inst_fifo_gen/gaxi_full_lite.gread_ch.grach2.axi_rach/grf.rf/gntv_or_sync_fifo.mem/gdm.dm/RAM_reg_0_31_30_35                                                                                                                        |     0.000 |
|         inst/gen_fifo.fifo_gen_inst/inst_fifo_gen/gaxi_full_lite.gread_ch.grach2.axi_rach/grf.rf/gntv_or_sync_fifo.mem/gdm.dm/RAM_reg_0_31_36_41                                                                                                                        |     0.000 |
|         inst/gen_fifo.fifo_gen_inst/inst_fifo_gen/gaxi_full_lite.gread_ch.grach2.axi_rach/grf.rf/gntv_or_sync_fifo.mem/gdm.dm/RAM_reg_0_31_42_47                                                                                                                        |     0.000 |
|         inst/gen_fifo.fifo_gen_inst/inst_fifo_gen/gaxi_full_lite.gread_ch.grach2.axi_rach/grf.rf/gntv_or_sync_fifo.mem/gdm.dm/RAM_reg_0_31_48_53                                                                                                                        |     0.000 |
|         inst/gen_fifo.fifo_gen_inst/inst_fifo_gen/gaxi_full_lite.gread_ch.grach2.axi_rach/grf.rf/gntv_or_sync_fifo.mem/gdm.dm/RAM_reg_0_31_54_59                                                                                                                        |     0.000 |
|         inst/gen_fifo.fifo_gen_inst/inst_fifo_gen/gaxi_full_lite.gread_ch.grach2.axi_rach/grf.rf/gntv_or_sync_fifo.mem/gdm.dm/RAM_reg_0_31_60_62                                                                                                                        |     0.000 |
|         inst/gen_fifo.fifo_gen_inst/inst_fifo_gen/gaxi_full_lite.gread_ch.grach2.axi_rach/grf.rf/gntv_or_sync_fifo.mem/gdm.dm/RAM_reg_0_31_6_11                                                                                                                         |     0.000 |
|         inst/gen_fifo.fifo_gen_inst/inst_fifo_gen/gaxi_full_lite.gwrite_ch.gwach2.axi_wach/grf.rf/gntv_or_sync_fifo.mem/gdm.dm/RAM_reg_0_31_0_5                                                                                                                         |     0.000 |
|         inst/gen_fifo.fifo_gen_inst/inst_fifo_gen/gaxi_full_lite.gwrite_ch.gwach2.axi_wach/grf.rf/gntv_or_sync_fifo.mem/gdm.dm/RAM_reg_0_31_12_17                                                                                                                       |     0.000 |
|         inst/gen_fifo.fifo_gen_inst/inst_fifo_gen/gaxi_full_lite.gwrite_ch.gwach2.axi_wach/grf.rf/gntv_or_sync_fifo.mem/gdm.dm/RAM_reg_0_31_18_23                                                                                                                       |     0.000 |
|         inst/gen_fifo.fifo_gen_inst/inst_fifo_gen/gaxi_full_lite.gwrite_ch.gwach2.axi_wach/grf.rf/gntv_or_sync_fifo.mem/gdm.dm/RAM_reg_0_31_24_29                                                                                                                       |     0.000 |
|         inst/gen_fifo.fifo_gen_inst/inst_fifo_gen/gaxi_full_lite.gwrite_ch.gwach2.axi_wach/grf.rf/gntv_or_sync_fifo.mem/gdm.dm/RAM_reg_0_31_30_35                                                                                                                       |     0.000 |
|         inst/gen_fifo.fifo_gen_inst/inst_fifo_gen/gaxi_full_lite.gwrite_ch.gwach2.axi_wach/grf.rf/gntv_or_sync_fifo.mem/gdm.dm/RAM_reg_0_31_36_41                                                                                                                       |     0.000 |
|         inst/gen_fifo.fifo_gen_inst/inst_fifo_gen/gaxi_full_lite.gwrite_ch.gwach2.axi_wach/grf.rf/gntv_or_sync_fifo.mem/gdm.dm/RAM_reg_0_31_42_47                                                                                                                       |     0.000 |
|         inst/gen_fifo.fifo_gen_inst/inst_fifo_gen/gaxi_full_lite.gwrite_ch.gwach2.axi_wach/grf.rf/gntv_or_sync_fifo.mem/gdm.dm/RAM_reg_0_31_48_53                                                                                                                       |     0.000 |
|         inst/gen_fifo.fifo_gen_inst/inst_fifo_gen/gaxi_full_lite.gwrite_ch.gwach2.axi_wach/grf.rf/gntv_or_sync_fifo.mem/gdm.dm/RAM_reg_0_31_54_59                                                                                                                       |     0.000 |
|         inst/gen_fifo.fifo_gen_inst/inst_fifo_gen/gaxi_full_lite.gwrite_ch.gwach2.axi_wach/grf.rf/gntv_or_sync_fifo.mem/gdm.dm/RAM_reg_0_31_60_62                                                                                                                       |     0.000 |
|         inst/gen_fifo.fifo_gen_inst/inst_fifo_gen/gaxi_full_lite.gwrite_ch.gwach2.axi_wach/grf.rf/gntv_or_sync_fifo.mem/gdm.dm/RAM_reg_0_31_6_11                                                                                                                        |     0.000 |
|       s01_couplers/s01_regslice                                                                                                                                                                                                                                         |     0.002 |
|       xbar                                                                                                                                                                                                                                                              |     0.004 |
|     axi4_hp2                                                                                                                                                                                                                                                            |     0.027 |
|       m00_couplers/auto_pc                                                                                                                                                                                                                                              |     0.003 |
|         inst/gen_axi4_axi3.axi3_conv_inst/USE_READ.USE_SPLIT_R.read_addr_inst/USE_R_CHANNEL.cmd_queue/inst/fifo_gen_inst/inst_fifo_gen/gconvfifo.rf/grf.rf/gntv_or_sync_fifo.mem/gdm.dm/RAM_reg_0_31_0_0                                                                |     0.000 |
|         inst/gen_axi4_axi3.axi3_conv_inst/USE_WRITE.write_addr_inst/USE_BURSTS.cmd_queue/inst/fifo_gen_inst/inst_fifo_gen/gconvfifo.rf/grf.rf/gntv_or_sync_fifo.mem/gdm.dm/RAM_reg_0_31_0_4                                                                             |     0.000 |
|         inst/gen_axi4_axi3.axi3_conv_inst/USE_WRITE.write_addr_inst/USE_B_CHANNEL.cmd_b_queue/inst/fifo_gen_inst/inst_fifo_gen/gconvfifo.rf/grf.rf/gntv_or_sync_fifo.mem/gdm.dm/RAM_reg_0_31_0_4                                                                        |     0.000 |
|       m00_couplers/m00_data_fifo                                                                                                                                                                                                                                        |     0.009 |
|         inst/gen_fifo.fifo_gen_inst/inst_fifo_gen/gaxi_full_lite.gread_ch.grach2.axi_rach/grf.rf/gntv_or_sync_fifo.mem/gdm.dm/RAM_reg_0_31_0_5                                                                                                                          |     0.000 |
|         inst/gen_fifo.fifo_gen_inst/inst_fifo_gen/gaxi_full_lite.gread_ch.grach2.axi_rach/grf.rf/gntv_or_sync_fifo.mem/gdm.dm/RAM_reg_0_31_12_17                                                                                                                        |     0.000 |
|         inst/gen_fifo.fifo_gen_inst/inst_fifo_gen/gaxi_full_lite.gread_ch.grach2.axi_rach/grf.rf/gntv_or_sync_fifo.mem/gdm.dm/RAM_reg_0_31_18_23                                                                                                                        |     0.000 |
|         inst/gen_fifo.fifo_gen_inst/inst_fifo_gen/gaxi_full_lite.gread_ch.grach2.axi_rach/grf.rf/gntv_or_sync_fifo.mem/gdm.dm/RAM_reg_0_31_24_29                                                                                                                        |     0.000 |
|         inst/gen_fifo.fifo_gen_inst/inst_fifo_gen/gaxi_full_lite.gread_ch.grach2.axi_rach/grf.rf/gntv_or_sync_fifo.mem/gdm.dm/RAM_reg_0_31_30_35                                                                                                                        |     0.000 |
|         inst/gen_fifo.fifo_gen_inst/inst_fifo_gen/gaxi_full_lite.gread_ch.grach2.axi_rach/grf.rf/gntv_or_sync_fifo.mem/gdm.dm/RAM_reg_0_31_36_41                                                                                                                        |     0.000 |
|         inst/gen_fifo.fifo_gen_inst/inst_fifo_gen/gaxi_full_lite.gread_ch.grach2.axi_rach/grf.rf/gntv_or_sync_fifo.mem/gdm.dm/RAM_reg_0_31_42_47                                                                                                                        |     0.000 |
|         inst/gen_fifo.fifo_gen_inst/inst_fifo_gen/gaxi_full_lite.gread_ch.grach2.axi_rach/grf.rf/gntv_or_sync_fifo.mem/gdm.dm/RAM_reg_0_31_48_53                                                                                                                        |     0.000 |
|         inst/gen_fifo.fifo_gen_inst/inst_fifo_gen/gaxi_full_lite.gread_ch.grach2.axi_rach/grf.rf/gntv_or_sync_fifo.mem/gdm.dm/RAM_reg_0_31_54_59                                                                                                                        |     0.000 |
|         inst/gen_fifo.fifo_gen_inst/inst_fifo_gen/gaxi_full_lite.gread_ch.grach2.axi_rach/grf.rf/gntv_or_sync_fifo.mem/gdm.dm/RAM_reg_0_31_60_62                                                                                                                        |     0.000 |
|         inst/gen_fifo.fifo_gen_inst/inst_fifo_gen/gaxi_full_lite.gread_ch.grach2.axi_rach/grf.rf/gntv_or_sync_fifo.mem/gdm.dm/RAM_reg_0_31_6_11                                                                                                                         |     0.000 |
|         inst/gen_fifo.fifo_gen_inst/inst_fifo_gen/gaxi_full_lite.gwrite_ch.gwach2.axi_wach/grf.rf/gntv_or_sync_fifo.mem/gdm.dm/RAM_reg_0_31_0_5                                                                                                                         |     0.000 |
|         inst/gen_fifo.fifo_gen_inst/inst_fifo_gen/gaxi_full_lite.gwrite_ch.gwach2.axi_wach/grf.rf/gntv_or_sync_fifo.mem/gdm.dm/RAM_reg_0_31_12_17                                                                                                                       |     0.000 |
|         inst/gen_fifo.fifo_gen_inst/inst_fifo_gen/gaxi_full_lite.gwrite_ch.gwach2.axi_wach/grf.rf/gntv_or_sync_fifo.mem/gdm.dm/RAM_reg_0_31_18_23                                                                                                                       |     0.000 |
|         inst/gen_fifo.fifo_gen_inst/inst_fifo_gen/gaxi_full_lite.gwrite_ch.gwach2.axi_wach/grf.rf/gntv_or_sync_fifo.mem/gdm.dm/RAM_reg_0_31_24_29                                                                                                                       |     0.000 |
|         inst/gen_fifo.fifo_gen_inst/inst_fifo_gen/gaxi_full_lite.gwrite_ch.gwach2.axi_wach/grf.rf/gntv_or_sync_fifo.mem/gdm.dm/RAM_reg_0_31_30_35                                                                                                                       |     0.000 |
|         inst/gen_fifo.fifo_gen_inst/inst_fifo_gen/gaxi_full_lite.gwrite_ch.gwach2.axi_wach/grf.rf/gntv_or_sync_fifo.mem/gdm.dm/RAM_reg_0_31_36_41                                                                                                                       |     0.000 |
|         inst/gen_fifo.fifo_gen_inst/inst_fifo_gen/gaxi_full_lite.gwrite_ch.gwach2.axi_wach/grf.rf/gntv_or_sync_fifo.mem/gdm.dm/RAM_reg_0_31_42_47                                                                                                                       |     0.000 |
|         inst/gen_fifo.fifo_gen_inst/inst_fifo_gen/gaxi_full_lite.gwrite_ch.gwach2.axi_wach/grf.rf/gntv_or_sync_fifo.mem/gdm.dm/RAM_reg_0_31_48_53                                                                                                                       |     0.000 |
|         inst/gen_fifo.fifo_gen_inst/inst_fifo_gen/gaxi_full_lite.gwrite_ch.gwach2.axi_wach/grf.rf/gntv_or_sync_fifo.mem/gdm.dm/RAM_reg_0_31_54_59                                                                                                                       |     0.000 |
|         inst/gen_fifo.fifo_gen_inst/inst_fifo_gen/gaxi_full_lite.gwrite_ch.gwach2.axi_wach/grf.rf/gntv_or_sync_fifo.mem/gdm.dm/RAM_reg_0_31_60_62                                                                                                                       |     0.000 |
|         inst/gen_fifo.fifo_gen_inst/inst_fifo_gen/gaxi_full_lite.gwrite_ch.gwach2.axi_wach/grf.rf/gntv_or_sync_fifo.mem/gdm.dm/RAM_reg_0_31_6_11                                                                                                                        |     0.000 |
|       m00_couplers/m00_regslice                                                                                                                                                                                                                                         |     0.002 |
|       s00_couplers/s00_data_fifo                                                                                                                                                                                                                                        |     0.004 |
|         inst/gen_fifo.fifo_gen_inst/inst_fifo_gen/gaxi_full_lite.gread_ch.grach2.axi_rach/grf.rf/gntv_or_sync_fifo.mem/gdm.dm/RAM_reg_0_31_0_5                                                                                                                          |     0.000 |
|         inst/gen_fifo.fifo_gen_inst/inst_fifo_gen/gaxi_full_lite.gread_ch.grach2.axi_rach/grf.rf/gntv_or_sync_fifo.mem/gdm.dm/RAM_reg_0_31_12_17                                                                                                                        |     0.000 |
|         inst/gen_fifo.fifo_gen_inst/inst_fifo_gen/gaxi_full_lite.gread_ch.grach2.axi_rach/grf.rf/gntv_or_sync_fifo.mem/gdm.dm/RAM_reg_0_31_18_23                                                                                                                        |     0.000 |
|         inst/gen_fifo.fifo_gen_inst/inst_fifo_gen/gaxi_full_lite.gread_ch.grach2.axi_rach/grf.rf/gntv_or_sync_fifo.mem/gdm.dm/RAM_reg_0_31_24_29                                                                                                                        |     0.000 |
|         inst/gen_fifo.fifo_gen_inst/inst_fifo_gen/gaxi_full_lite.gread_ch.grach2.axi_rach/grf.rf/gntv_or_sync_fifo.mem/gdm.dm/RAM_reg_0_31_30_35                                                                                                                        |     0.000 |
|         inst/gen_fifo.fifo_gen_inst/inst_fifo_gen/gaxi_full_lite.gread_ch.grach2.axi_rach/grf.rf/gntv_or_sync_fifo.mem/gdm.dm/RAM_reg_0_31_36_41                                                                                                                        |     0.000 |
|         inst/gen_fifo.fifo_gen_inst/inst_fifo_gen/gaxi_full_lite.gread_ch.grach2.axi_rach/grf.rf/gntv_or_sync_fifo.mem/gdm.dm/RAM_reg_0_31_42_47                                                                                                                        |     0.000 |
|         inst/gen_fifo.fifo_gen_inst/inst_fifo_gen/gaxi_full_lite.gread_ch.grach2.axi_rach/grf.rf/gntv_or_sync_fifo.mem/gdm.dm/RAM_reg_0_31_48_53                                                                                                                        |     0.000 |
|         inst/gen_fifo.fifo_gen_inst/inst_fifo_gen/gaxi_full_lite.gread_ch.grach2.axi_rach/grf.rf/gntv_or_sync_fifo.mem/gdm.dm/RAM_reg_0_31_54_59                                                                                                                        |     0.000 |
|         inst/gen_fifo.fifo_gen_inst/inst_fifo_gen/gaxi_full_lite.gread_ch.grach2.axi_rach/grf.rf/gntv_or_sync_fifo.mem/gdm.dm/RAM_reg_0_31_60_62                                                                                                                        |     0.000 |
|         inst/gen_fifo.fifo_gen_inst/inst_fifo_gen/gaxi_full_lite.gread_ch.grach2.axi_rach/grf.rf/gntv_or_sync_fifo.mem/gdm.dm/RAM_reg_0_31_6_11                                                                                                                         |     0.000 |
|       s00_couplers/s00_regslice                                                                                                                                                                                                                                         |     0.001 |
|       s01_couplers/s01_data_fifo                                                                                                                                                                                                                                        |     0.005 |
|         inst/gen_fifo.fifo_gen_inst/inst_fifo_gen/gaxi_full_lite.gwrite_ch.gwach2.axi_wach/grf.rf/gntv_or_sync_fifo.mem/gdm.dm/RAM_reg_0_31_0_5                                                                                                                         |     0.000 |
|         inst/gen_fifo.fifo_gen_inst/inst_fifo_gen/gaxi_full_lite.gwrite_ch.gwach2.axi_wach/grf.rf/gntv_or_sync_fifo.mem/gdm.dm/RAM_reg_0_31_12_17                                                                                                                       |     0.000 |
|         inst/gen_fifo.fifo_gen_inst/inst_fifo_gen/gaxi_full_lite.gwrite_ch.gwach2.axi_wach/grf.rf/gntv_or_sync_fifo.mem/gdm.dm/RAM_reg_0_31_18_23                                                                                                                       |     0.000 |
|         inst/gen_fifo.fifo_gen_inst/inst_fifo_gen/gaxi_full_lite.gwrite_ch.gwach2.axi_wach/grf.rf/gntv_or_sync_fifo.mem/gdm.dm/RAM_reg_0_31_24_29                                                                                                                       |     0.000 |
|         inst/gen_fifo.fifo_gen_inst/inst_fifo_gen/gaxi_full_lite.gwrite_ch.gwach2.axi_wach/grf.rf/gntv_or_sync_fifo.mem/gdm.dm/RAM_reg_0_31_30_35                                                                                                                       |     0.000 |
|         inst/gen_fifo.fifo_gen_inst/inst_fifo_gen/gaxi_full_lite.gwrite_ch.gwach2.axi_wach/grf.rf/gntv_or_sync_fifo.mem/gdm.dm/RAM_reg_0_31_36_41                                                                                                                       |     0.000 |
|         inst/gen_fifo.fifo_gen_inst/inst_fifo_gen/gaxi_full_lite.gwrite_ch.gwach2.axi_wach/grf.rf/gntv_or_sync_fifo.mem/gdm.dm/RAM_reg_0_31_42_47                                                                                                                       |     0.000 |
|         inst/gen_fifo.fifo_gen_inst/inst_fifo_gen/gaxi_full_lite.gwrite_ch.gwach2.axi_wach/grf.rf/gntv_or_sync_fifo.mem/gdm.dm/RAM_reg_0_31_48_53                                                                                                                       |     0.000 |
|         inst/gen_fifo.fifo_gen_inst/inst_fifo_gen/gaxi_full_lite.gwrite_ch.gwach2.axi_wach/grf.rf/gntv_or_sync_fifo.mem/gdm.dm/RAM_reg_0_31_54_59                                                                                                                       |     0.000 |
|         inst/gen_fifo.fifo_gen_inst/inst_fifo_gen/gaxi_full_lite.gwrite_ch.gwach2.axi_wach/grf.rf/gntv_or_sync_fifo.mem/gdm.dm/RAM_reg_0_31_60_62                                                                                                                       |     0.000 |
|         inst/gen_fifo.fifo_gen_inst/inst_fifo_gen/gaxi_full_lite.gwrite_ch.gwach2.axi_wach/grf.rf/gntv_or_sync_fifo.mem/gdm.dm/RAM_reg_0_31_6_11                                                                                                                        |     0.000 |
|       s01_couplers/s01_regslice                                                                                                                                                                                                                                         |     0.001 |
|       xbar                                                                                                                                                                                                                                                              |     0.002 |
|     clk_wiz_1                                                                                                                                                                                                                                                           |     0.131 |
|       inst                                                                                                                                                                                                                                                              |     0.131 |
|     proc_sys_reset_1                                                                                                                                                                                                                                                    |     0.000 |
|       U0                                                                                                                                                                                                                                                                |     0.000 |
|     processing_system7_1                                                                                                                                                                                                                                                |     1.346 |
|       inst                                                                                                                                                                                                                                                              |     1.346 |
+-------------------------------------------------------------------------------------------------------------------------------------------------------------------------------------------------------------------------------------------------------------------------+-----------+


