

================================================================
== Vivado HLS Report for 'finger_counter'
================================================================
* Date:           Mon Dec  7 17:37:34 2015

* Version:        2013.2 (build date: Thu Jun 13 16:07:59 PM 2013)
* Project:        prj
* Solution:       solution1
* Product family: zynq zynq_fpv6 
* Target device:  xc7z020clg484-1


================================================================
== Performance Estimates
================================================================
+ Timing (ns): 
    * Summary: 
    +---------+-------+----------+------------+
    |  Clock  | Target| Estimated| Uncertainty|
    +---------+-------+----------+------------+
    |default  |   6.67|      9.52|        0.83|
    +---------+-------+----------+------------+

+ Latency (clock cycles): 
    * Summary: 
    +-----+----------+-----+----------+---------+
    |     Latency    |    Interval    | Pipeline|
    | min |    max   | min |    max   |   Type  |
    +-----+----------+-----+----------+---------+
    |   28|  16797728|   28|  16797728|   none  |
    +-----+----------+-----+----------+---------+

    + Detail: 
        * Instance: 
        N/A

        * Loop: 
        +-------------+-----+----------+----------+-----------+-----------+----------+----------+
        |             |     Latency    | Iteration|  Initiation Interval  |   Trip   |          |
        |  Loop Name  | min |    max   |  Latency |  achieved |   target  |   Count  | Pipelined|
        +-------------+-----+----------+----------+-----------+-----------+----------+----------+
        |- Loop 1     |    6|  16797696| 6 ~ 4101 |          -|          -| 1 ~ 4096 |    no    |
        | + Loop 1.1  |    3|      4098|         4|          1|          1| 1 ~ 4096 |    yes   |
        +-------------+-----+----------+----------+-----------+-----------+----------+----------+



================================================================
== Utilization Estimates
================================================================
* Summary: 
+-----------------+---------+-------+--------+-------+
|       Name      | BRAM_18K| DSP48E|   FF   |  LUT  |
+-----------------+---------+-------+--------+-------+
|Expression       |        -|      -|       -|      -|
|FIFO             |        -|      -|       -|      -|
|Instance         |        -|      -|       -|      -|
|Memory           |        -|      -|       -|      -|
|Multiplexer      |        -|      -|       -|      -|
|Register         |        -|      -|       -|      -|
|ShiftMemory      |        -|      -|       -|      -|
+-----------------+---------+-------+--------+-------+
|Total            |        0|      0|       0|      0|
+-----------------+---------+-------+--------+-------+
|Available        |      280|    220|  106400|  53200|
+-----------------+---------+-------+--------+-------+
|Utilization (%)  |        0|      0|       0|      0|
+-----------------+---------+-------+--------+-------+

+ Detail: 
    * Instance: 
    N/A

    * Memory: 
    N/A

    * FIFO: 
    N/A

    * Shift register: 
    N/A

    * Expression: 
    N/A

    * Multiplexer: 
    N/A

    * Register: 
    N/A



================================================================
== Interface
================================================================
* Summary: 
N/A

============================================================
+ Verbose Summary: Synthesis Manager
============================================================
InlineROM: 1
ExposeGlobal: 0
============================================================
+ Verbose Summary: CDFG Model
============================================================
IsTopModel: 0
ResetActiveHigh: 1
IsCombinational: 2
IsDatapathOnly: 0
HasWiredReturn: 1
HasMFsm: 0
HasVarLatency: 1
IsPipeline: 0
IsRtlPipelined: 0
IsInstanceOverlapped: 0
IsDontTouch: 0
HasImplIP: 0
IsGatedGlobalClock: 0

+ Individual pipeline summary: 
  * Pipeline-0: initiation interval (II) = 1, depth = 4


============================================================
+ Verbose Summary: Schedule
============================================================
* Number of FSM states: 38
* Pipeline: 1
  Pipeline-0: II = 1, D = 4, States = { 3 4 5 6 }
* Dataflow Pipeline: 0

* FSM state transitions: 
1 --> 
	2  / true
2 --> 
	8  / (!tmp_s)
	3  / (tmp_s)
3 --> 
	7  / (!tmp_4)
	4  / (tmp_4)
4 --> 
	5  / true
5 --> 
	6  / true
6 --> 
	3  / true
7 --> 
	2  / true
8 --> 
	9  / true
9 --> 
	10  / true
10 --> 
	11  / true
11 --> 
	12  / true
12 --> 
	13  / true
13 --> 
	14  / true
14 --> 
	15  / true
15 --> 
	16  / true
16 --> 
	17  / true
17 --> 
	18  / true
18 --> 
	19  / true
19 --> 
	20  / true
20 --> 
	21  / true
21 --> 
	22  / true
22 --> 
	23  / true
23 --> 
	24  / true
24 --> 
	25  / true
25 --> 
	26  / true
26 --> 
	27  / true
27 --> 
	28  / (!tmp)
	38  / (tmp)
28 --> 
	29  / true
29 --> 
	30  / true
30 --> 
	31  / true
31 --> 
	32  / true
32 --> 
	33  / true
33 --> 
	34  / true
34 --> 
	35  / true
35 --> 
	36  / true
36 --> 
	37  / true
37 --> 
	38  / true
38 --> 
* FSM state operations: 

 <State 1>: 1.84ns
ST_1: prevcol [1/1] 0.00ns
entry:0  %prevcol = alloca i8                            ; <i8*> [#uses=3]

ST_1: prev [1/1] 0.00ns
entry:1  %prev = alloca i8                               ; <i8*> [#uses=3]

ST_1: pixel_in_val [1/1] 0.00ns
entry:2  %pixel_in_val = alloca i8                       ; <i8*> [#uses=3]

ST_1: empty [1/1] 0.00ns
entry:3  %empty = call i32 (...)* @_ssdm_op_SpecFifo(i8* %dst_data_stream_0_V, [8 x i8]* @str126, i32 0, i32 0, i32 0, [8 x i8]* @str126) ; <i32> [#uses=0]

ST_1: empty_118 [1/1] 0.00ns
entry:4  %empty_118 = call i32 (...)* @_ssdm_op_SpecFifo(i8* %src_data_stream_0_V, [8 x i8]* @str123, i32 0, i32 0, i32 0, [8 x i8]* @str123) ; <i32> [#uses=0]

ST_1: src_cols_V_read_2 [1/1] 0.00ns
entry:5  %src_cols_V_read_2 = call i12 @_ssdm_op_WireRead.i12(i12 %src_cols_V_read) ; <i12> [#uses=2]

ST_1: src_rows_V_read_2 [1/1] 0.00ns
entry:6  %src_rows_V_read_2 = call i12 @_ssdm_op_WireRead.i12(i12 %src_rows_V_read) ; <i12> [#uses=2]

ST_1: retval_i4_cast [1/1] 0.00ns
entry:7  %retval_i4_cast = zext i12 %src_rows_V_read_2 to i13 ; <i13> [#uses=1]

ST_1: op2_assign [1/1] 1.84ns
entry:8  %op2_assign = add i13 %retval_i4_cast, 1        ; <i13> [#uses=1]

ST_1: retval_i_cast [1/1] 0.00ns
entry:9  %retval_i_cast = zext i12 %src_cols_V_read_2 to i13 ; <i13> [#uses=1]

ST_1: op2_assign_3 [1/1] 1.84ns
entry:10  %op2_assign_3 = add i13 %retval_i_cast, 1       ; <i13> [#uses=1]

ST_1: stg_50 [1/1] 1.39ns
entry:11  store i8 0, i8* %pixel_in_val

ST_1: stg_51 [1/1] 1.39ns
entry:12  store i8 0, i8* %prev

ST_1: stg_52 [1/1] 1.39ns
entry:13  store i8 0, i8* %prevcol

ST_1: stg_53 [1/1] 1.57ns
entry:14  br label %bb35


 <State 2>: 4.13ns
ST_2: t_V [1/1] 0.00ns
bb35:0  %t_V = phi i12 [ 0, %entry ], [ %i_V, %bb26 ]   ; <i12> [#uses=4]

ST_2: flip2 [1/1] 0.00ns
bb35:1  %flip2 = phi i32 [ 0, %entry ], [ %flip2_2, %bb26 ] ; <i32> [#uses=3]

ST_2: flip4 [1/1] 0.00ns
bb35:2  %flip4 = phi i32 [ 0, %entry ], [ %flip4_2, %bb26 ] ; <i32> [#uses=3]

ST_2: flip8 [1/1] 0.00ns
bb35:3  %flip8 = phi i32 [ 0, %entry ], [ %flip8_2, %bb26 ] ; <i32> [#uses=3]

ST_2: tmp_cast [1/1] 0.00ns
bb35:4  %tmp_cast = zext i12 %t_V to i13                ; <i13> [#uses=1]

ST_2: tmp_s [1/1] 2.18ns
bb35:5  %tmp_s = icmp ult i13 %tmp_cast, %op2_assign    ; <i1> [#uses=1]

ST_2: stg_60 [1/1] 0.00ns
bb35:6  call void (...)* @_ssdm_op_SpecLoopTripCount(i64 1, i64 4096, i64 0)

ST_2: i_V [1/1] 1.84ns
bb35:7  %i_V = add i12 %t_V, 1                          ; <i12> [#uses=1]

ST_2: stg_62 [1/1] 0.00ns
bb35:8  br i1 %tmp_s, label %bb25.preheader, label %bb36

ST_2: not [1/1] 2.14ns
bb25.preheader:0  %not = icmp ult i12 %t_V, %src_rows_V_read_2    ; <i1> [#uses=1]

ST_2: notrhs [1/1] 2.14ns
bb25.preheader:1  %notrhs = icmp ne i12 %t_V, 0                   ; <i1> [#uses=1]

ST_2: stg_65 [1/1] 1.57ns
bb25.preheader:2  br label %bb25

ST_2: tmp_2 [1/1] 0.00ns
bb36:2  %tmp_2 = sext i32 %flip2 to i64                 ; <i64> [#uses=1]

ST_2: tmp_9 [9/9] 4.13ns
bb36:3  %tmp_9 = sitofp i64 %tmp_2 to double            ; <double> [#uses=1]


 <State 3>: 3.51ns
ST_3: t_V_5 [1/1] 0.00ns
bb25:0  %t_V_5 = phi i12 [ %j_V, %bb24 ], [ 0, %bb25.preheader ] ; <i12> [#uses=5]

ST_3: rowcnt [1/1] 0.00ns
bb25:1  %rowcnt = phi i32 [ %rowcnt_2, %bb24 ], [ 0, %bb25.preheader ] ; <i32> [#uses=6]

ST_3: tmp_16_cast [1/1] 0.00ns
bb25:2  %tmp_16_cast = zext i12 %t_V_5 to i13           ; <i13> [#uses=2]

ST_3: tmp_4 [1/1] 2.18ns
bb25:3  %tmp_4 = icmp ult i13 %tmp_16_cast, %op2_assign_3 ; <i1> [#uses=1]

ST_3: stg_72 [1/1] 0.00ns
bb25:4  call void (...)* @_ssdm_op_SpecLoopTripCount(i64 1, i64 4096, i64 0)

ST_3: j_V [1/1] 1.84ns
bb25:5  %j_V = add i12 %t_V_5, 1                        ; <i12> [#uses=1]

ST_3: stg_74 [1/1] 0.00ns
bb25:6  br i1 %tmp_4, label %bb1, label %bb26

ST_3: not4 [1/1] 2.14ns
bb1:2  %not4 = icmp ult i12 %t_V_5, %src_cols_V_read_2 ; <i1> [#uses=1]

ST_3: or_cond [1/1] 1.37ns
bb1:3  %or_cond = and i1 %not, %not4                   ; <i1> [#uses=1]

ST_3: stg_77 [1/1] 0.00ns
bb1:4  br i1 %or_cond, label %bb9, label %bb10_ifconv

ST_3: prevcol_1 [1/1] 0.00ns
bb10_ifconv:7  %prevcol_1 = trunc i12 %t_V_5 to i8             ; <i8> [#uses=1]

ST_3: notlhs [1/1] 2.14ns
bb10_ifconv:17  %notlhs = icmp ne i12 %t_V_5, 0                 ; <i1> [#uses=1]

ST_3: not_or_cond [1/1] 1.37ns
bb10_ifconv:18  %not_or_cond = and i1 %notrhs, %notlhs          ; <i1> [#uses=1]

ST_3: stg_81 [1/1] 0.00ns
bb10_ifconv:19  br i1 %not_or_cond, label %bb23, label %bb24


 <State 4>: 3.09ns
ST_4: tmp_18 [1/1] 1.70ns
bb9:0  %tmp_18 = call i8 @_ssdm_op_FifoRead.volatile.i8P(i8* %src_data_stream_0_V) ; <i8> [#uses=1]

ST_4: stg_83 [1/1] 1.39ns
bb9:1  store i8 %tmp_18, i8* %pixel_in_val

ST_4: stg_84 [1/1] 0.00ns
bb9:2  br label %bb10_ifconv


 <State 5>: 9.52ns
ST_5: prevcol_load [1/1] 0.00ns
bb10_ifconv:0  %prevcol_load = load i8* %prevcol               ; <i8> [#uses=3]

ST_5: prev_load [1/1] 0.00ns
bb10_ifconv:1  %prev_load = load i8* %prev                     ; <i8> [#uses=3]

ST_5: pixel_in_val_5 [1/1] 0.00ns
bb10_ifconv:2  %pixel_in_val_5 = load i8* %pixel_in_val        ; <i8> [#uses=3]

ST_5: tmp_15 [1/1] 2.00ns
bb10_ifconv:3  %tmp_15 = icmp eq i8 %pixel_in_val_5, %prev_load ; <i1> [#uses=4]

ST_5: tmp_25_cast [1/1] 0.00ns
bb10_ifconv:4  %tmp_25_cast = zext i8 %prevcol_load to i13     ; <i13> [#uses=1]

ST_5: tmp_16 [1/1] 1.84ns
bb10_ifconv:5  %tmp_16 = sub i13 %tmp_16_cast, %tmp_25_cast    ; <i13> [#uses=1]

ST_5: retval_s [1/1] 2.18ns
bb10_ifconv:6  %retval_s = icmp ugt i13 %tmp_16, 20            ; <i1> [#uses=1]

ST_5: sel_tmp [1/1] 1.37ns
bb10_ifconv:8  %sel_tmp = xor i1 %tmp_15, true                 ; <i1> [#uses=1]

ST_5: sel_tmp1 [1/1] 1.37ns
bb10_ifconv:9  %sel_tmp1 = and i1 %retval_s, %sel_tmp          ; <i1> [#uses=3]

ST_5: prev_2 [1/1] 1.37ns
bb10_ifconv:10  %prev_2 = select i1 %sel_tmp1, i8 %pixel_in_val_5, i8 %prev_load ; <i8> [#uses=1]

ST_5: prev_3 [1/1] 1.37ns
bb10_ifconv:11  %prev_3 = select i1 %tmp_15, i8 %prev_load, i8 %prev_2 ; <i8> [#uses=1]

ST_5: prevcol_2 [1/1] 1.37ns
bb10_ifconv:12  %prevcol_2 = select i1 %sel_tmp1, i8 %prevcol_1, i8 %prevcol_load ; <i8> [#uses=1]

ST_5: prevcol_3 [1/1] 1.37ns
bb10_ifconv:13  %prevcol_3 = select i1 %tmp_15, i8 %prevcol_load, i8 %prevcol_2 ; <i8> [#uses=1]

ST_5: stg_98 [1/1] 1.70ns
bb23:0  call void @_ssdm_op_FifoWrite.volatile.i8P(i8* %dst_data_stream_0_V, i8 %pixel_in_val_5)

ST_5: stg_99 [1/1] 0.00ns
bb23:1  br label %bb24

ST_5: stg_100 [1/1] 1.39ns
bb24:1  store i8 %prev_3, i8* %prev

ST_5: stg_101 [1/1] 1.39ns
bb24:2  store i8 %prevcol_3, i8* %prevcol


 <State 6>: 5.18ns
ST_6: tmp_8 [1/1] 0.00ns
bb1:0  %tmp_8 = call i32 (...)* @_ssdm_op_SpecRegionBegin([14 x i8]* @p_str46) ; <i32> [#uses=1]

ST_6: stg_103 [1/1] 0.00ns
bb1:1  call void (...)* @_ssdm_op_SpecPipeline(i32 1, i32 1, i32 1, [1 x i8]* @p_str) nounwind

ST_6: sel_tmp10_v_cast_cast [1/1] 1.37ns
bb10_ifconv:14  %sel_tmp10_v_cast_cast = select i1 %sel_tmp1, i32 1, i32 -1 ; <i32> [#uses=1]

ST_6: rowcnt_1 [1/1] 2.44ns
bb10_ifconv:15  %rowcnt_1 = add i32 %rowcnt, %sel_tmp10_v_cast_cast ; <i32> [#uses=1]

ST_6: rowcnt_2 [1/1] 1.37ns
bb10_ifconv:16  %rowcnt_2 = select i1 %tmp_15, i32 %rowcnt, i32 %rowcnt_1 ; <i32> [#uses=1]

ST_6: empty_119 [1/1] 0.00ns
bb24:0  %empty_119 = call i32 (...)* @_ssdm_op_SpecRegionEnd([14 x i8]* @p_str46, i32 %tmp_8) ; <i32> [#uses=0]

ST_6: stg_108 [1/1] 0.00ns
bb24:3  br label %bb25


 <State 7>: 5.26ns
ST_7: flip2_1 [1/1] 2.44ns
bb26:0  %flip2_1 = add nsw i32 %flip2, 1                ; <i32> [#uses=1]

ST_7: tmp_10 [1/1] 2.52ns
bb26:1  %tmp_10 = icmp eq i32 %rowcnt, 2                ; <i1> [#uses=1]

ST_7: flip2_2 [1/1] 1.37ns
bb26:2  %flip2_2 = select i1 %tmp_10, i32 %flip2_1, i32 %flip2 ; <i32> [#uses=1]

ST_7: flip4_1 [1/1] 2.44ns
bb26:3  %flip4_1 = add nsw i32 %flip4, 1                ; <i32> [#uses=1]

ST_7: tmp_11 [1/1] 2.52ns
bb26:4  %tmp_11 = icmp eq i32 %rowcnt, 4                ; <i1> [#uses=1]

ST_7: flip4_2 [1/1] 1.37ns
bb26:5  %flip4_2 = select i1 %tmp_11, i32 %flip4_1, i32 %flip4 ; <i32> [#uses=1]

ST_7: tmp_12 [1/1] 2.52ns
bb26:6  %tmp_12 = icmp eq i32 %rowcnt, 6                ; <i1> [#uses=1]

ST_7: tmp_13 [1/1] 2.52ns
bb26:7  %tmp_13 = icmp eq i32 %rowcnt, 8                ; <i1> [#uses=1]

ST_7: flip8_1 [1/1] 2.44ns
bb26:8  %flip8_1 = add nsw i32 %flip8, 1                ; <i32> [#uses=1]

ST_7: or_cond5 [1/1] 1.37ns
bb26:9  %or_cond5 = or i1 %tmp_12, %tmp_13              ; <i1> [#uses=1]

ST_7: flip8_2 [1/1] 1.37ns
bb26:10  %flip8_2 = select i1 %or_cond5, i32 %flip8_1, i32 %flip8 ; <i32> [#uses=1]

ST_7: stg_120 [1/1] 0.00ns
bb26:11  br label %bb35


 <State 8>: 4.13ns
ST_8: tmp_9 [8/9] 4.13ns
bb36:3  %tmp_9 = sitofp i64 %tmp_2 to double            ; <double> [#uses=1]


 <State 9>: 4.13ns
ST_9: tmp_9 [7/9] 4.13ns
bb36:3  %tmp_9 = sitofp i64 %tmp_2 to double            ; <double> [#uses=1]


 <State 10>: 4.13ns
ST_10: tmp_9 [6/9] 4.13ns
bb36:3  %tmp_9 = sitofp i64 %tmp_2 to double            ; <double> [#uses=1]


 <State 11>: 4.13ns
ST_11: tmp_9 [5/9] 4.13ns
bb36:3  %tmp_9 = sitofp i64 %tmp_2 to double            ; <double> [#uses=1]


 <State 12>: 4.13ns
ST_12: tmp_9 [4/9] 4.13ns
bb36:3  %tmp_9 = sitofp i64 %tmp_2 to double            ; <double> [#uses=1]


 <State 13>: 4.13ns
ST_13: tmp_9 [3/9] 4.13ns
bb36:3  %tmp_9 = sitofp i64 %tmp_2 to double            ; <double> [#uses=1]


 <State 14>: 4.13ns
ST_14: tmp_9 [2/9] 4.13ns
bb36:3  %tmp_9 = sitofp i64 %tmp_2 to double            ; <double> [#uses=1]


 <State 15>: 4.13ns
ST_15: tmp_9 [1/9] 4.13ns
bb36:3  %tmp_9 = sitofp i64 %tmp_2 to double            ; <double> [#uses=1]


 <State 16>: 5.39ns
ST_16: tmp_1 [1/1] 0.00ns
bb36:0  %tmp_1 = sext i32 %flip8 to i64                 ; <i64> [#uses=1]

ST_16: tmp_7 [9/9] 4.13ns
bb36:1  %tmp_7 = sitofp i64 %tmp_1 to double            ; <double> [#uses=1]

ST_16: tmp_3 [9/9] 5.39ns
bb36:4  %tmp_3 = fmul double %tmp_9, 3.000000e-01       ; <double> [#uses=2]


 <State 17>: 5.39ns
ST_17: tmp_7 [8/9] 4.13ns
bb36:1  %tmp_7 = sitofp i64 %tmp_1 to double            ; <double> [#uses=1]

ST_17: tmp_3 [8/9] 5.39ns
bb36:4  %tmp_3 = fmul double %tmp_9, 3.000000e-01       ; <double> [#uses=2]


 <State 18>: 5.39ns
ST_18: tmp_7 [7/9] 4.13ns
bb36:1  %tmp_7 = sitofp i64 %tmp_1 to double            ; <double> [#uses=1]

ST_18: tmp_3 [7/9] 5.39ns
bb36:4  %tmp_3 = fmul double %tmp_9, 3.000000e-01       ; <double> [#uses=2]


 <State 19>: 5.39ns
ST_19: tmp_7 [6/9] 4.13ns
bb36:1  %tmp_7 = sitofp i64 %tmp_1 to double            ; <double> [#uses=1]

ST_19: tmp_3 [6/9] 5.39ns
bb36:4  %tmp_3 = fmul double %tmp_9, 3.000000e-01       ; <double> [#uses=2]


 <State 20>: 5.39ns
ST_20: tmp_7 [5/9] 4.13ns
bb36:1  %tmp_7 = sitofp i64 %tmp_1 to double            ; <double> [#uses=1]

ST_20: tmp_3 [5/9] 5.39ns
bb36:4  %tmp_3 = fmul double %tmp_9, 3.000000e-01       ; <double> [#uses=2]


 <State 21>: 5.39ns
ST_21: tmp_7 [4/9] 4.13ns
bb36:1  %tmp_7 = sitofp i64 %tmp_1 to double            ; <double> [#uses=1]

ST_21: tmp_3 [4/9] 5.39ns
bb36:4  %tmp_3 = fmul double %tmp_9, 3.000000e-01       ; <double> [#uses=2]


 <State 22>: 5.39ns
ST_22: tmp_7 [3/9] 4.13ns
bb36:1  %tmp_7 = sitofp i64 %tmp_1 to double            ; <double> [#uses=1]

ST_22: tmp_3 [3/9] 5.39ns
bb36:4  %tmp_3 = fmul double %tmp_9, 3.000000e-01       ; <double> [#uses=2]


 <State 23>: 5.39ns
ST_23: tmp_7 [2/9] 4.13ns
bb36:1  %tmp_7 = sitofp i64 %tmp_1 to double            ; <double> [#uses=1]

ST_23: tmp_3 [2/9] 5.39ns
bb36:4  %tmp_3 = fmul double %tmp_9, 3.000000e-01       ; <double> [#uses=2]


 <State 24>: 5.39ns
ST_24: tmp_7 [1/9] 4.13ns
bb36:1  %tmp_7 = sitofp i64 %tmp_1 to double            ; <double> [#uses=1]

ST_24: tmp_3 [1/9] 5.39ns
bb36:4  %tmp_3 = fmul double %tmp_9, 3.000000e-01       ; <double> [#uses=2]


 <State 25>: 4.55ns
ST_25: tmp [3/3] 4.55ns
bb36:5  %tmp = fcmp oge double %tmp_7, %tmp_3           ; <i1> [#uses=1]


 <State 26>: 4.55ns
ST_26: tmp [2/3] 4.55ns
bb36:5  %tmp = fcmp oge double %tmp_7, %tmp_3           ; <i1> [#uses=1]


 <State 27>: 4.55ns
ST_27: tmp [1/3] 4.55ns
bb36:5  %tmp = fcmp oge double %tmp_7, %tmp_3           ; <i1> [#uses=1]

ST_27: stg_151 [1/1] 0.00ns
bb36:6  br i1 %tmp, label %bb37, label %bb38

ST_27: tmp_5 [1/1] 0.00ns
bb38:0  %tmp_5 = sext i32 %flip4 to i64                 ; <i64> [#uses=1]

ST_27: tmp_6 [9/9] 4.13ns
bb38:1  %tmp_6 = sitofp i64 %tmp_5 to double            ; <double> [#uses=1]

ST_27: stg_154 [1/1] 1.40ns
bb37:0  store i3 0, i3* @ges

ST_27: stg_155 [1/1] 0.00ns
bb37:1  br label %UnifiedReturnBlock


 <State 28>: 4.13ns
ST_28: tmp_6 [8/9] 4.13ns
bb38:1  %tmp_6 = sitofp i64 %tmp_5 to double            ; <double> [#uses=1]


 <State 29>: 4.13ns
ST_29: tmp_6 [7/9] 4.13ns
bb38:1  %tmp_6 = sitofp i64 %tmp_5 to double            ; <double> [#uses=1]


 <State 30>: 4.13ns
ST_30: tmp_6 [6/9] 4.13ns
bb38:1  %tmp_6 = sitofp i64 %tmp_5 to double            ; <double> [#uses=1]


 <State 31>: 4.13ns
ST_31: tmp_6 [5/9] 4.13ns
bb38:1  %tmp_6 = sitofp i64 %tmp_5 to double            ; <double> [#uses=1]


 <State 32>: 4.13ns
ST_32: tmp_6 [4/9] 4.13ns
bb38:1  %tmp_6 = sitofp i64 %tmp_5 to double            ; <double> [#uses=1]


 <State 33>: 4.13ns
ST_33: tmp_6 [3/9] 4.13ns
bb38:1  %tmp_6 = sitofp i64 %tmp_5 to double            ; <double> [#uses=1]


 <State 34>: 4.13ns
ST_34: tmp_6 [2/9] 4.13ns
bb38:1  %tmp_6 = sitofp i64 %tmp_5 to double            ; <double> [#uses=1]


 <State 35>: 4.13ns
ST_35: tmp_6 [1/9] 4.13ns
bb38:1  %tmp_6 = sitofp i64 %tmp_5 to double            ; <double> [#uses=1]


 <State 36>: 4.55ns
ST_36: tmp_14 [3/3] 4.55ns
bb38:2  %tmp_14 = fcmp oge double %tmp_6, %tmp_3        ; <i1> [#uses=1]


 <State 37>: 4.55ns
ST_37: tmp_14 [2/3] 4.55ns
bb38:2  %tmp_14 = fcmp oge double %tmp_6, %tmp_3        ; <i1> [#uses=1]


 <State 38>: 4.55ns
ST_38: tmp_14 [1/3] 4.55ns
bb38:2  %tmp_14 = fcmp oge double %tmp_6, %tmp_3        ; <i1> [#uses=1]

ST_38: stg_167 [1/1] 0.00ns
bb38:3  br i1 %tmp_14, label %bb39, label %bb40

ST_38: stg_168 [1/1] 1.40ns
bb40:0  store i3 2, i3* @ges

ST_38: stg_169 [1/1] 0.00ns
bb40:1  br label %UnifiedReturnBlock

ST_38: stg_170 [1/1] 1.40ns
bb39:0  store i3 1, i3* @ges

ST_38: stg_171 [1/1] 0.00ns
bb39:1  br label %UnifiedReturnBlock

ST_38: stg_172 [1/1] 0.00ns
UnifiedReturnBlock:0  ret void



============================================================
+ Verbose Summary: Binding
============================================================
N/A
* FSMD analyzer results:
  - Output states:
  - Chain level:
	State 1
	State 2
	State 3
	State 4
	State 5
	State 6
	State 7
	State 8
	State 9
	State 10
	State 11
	State 12
	State 13
	State 14
	State 15
	State 16
	State 17
	State 18
	State 19
	State 20
	State 21
	State 22
	State 23
	State 24
	State 25
	State 26
	State 27
	State 28
	State 29
	State 30
	State 31
	State 32
	State 33
	State 34
	State 35
	State 36
	State 37
	State 38


============================================================
+ Verbose Summary: Datapath Resource usage 
============================================================
N/A
