

================================================================
== Vivado HLS Report for 'image_filter_Block_entry_proc136'
================================================================
* Date:           Mon Dec  7 17:37:42 2015

* Version:        2013.2 (build date: Thu Jun 13 16:07:59 PM 2013)
* Project:        prj
* Solution:       solution1
* Product family: zynq zynq_fpv6 
* Target device:  xc7z020clg484-1


================================================================
== Performance Estimates
================================================================
+ Timing (ns): 
    * Summary: 
    +---------+-------+----------+------------+
    |  Clock  | Target| Estimated| Uncertainty|
    +---------+-------+----------+------------+
    |default  |   6.67|      0.00|        0.83|
    +---------+-------+----------+------------+

+ Latency (clock cycles): 
    * Summary: 
    +-----+-----+-----+-----+---------+
    |  Latency  |  Interval | Pipeline|
    | min | max | min | max |   Type  |
    +-----+-----+-----+-----+---------+
    |    0|    0|    0|    0|   none  |
    +-----+-----+-----+-----+---------+

    + Detail: 
        * Instance: 
        N/A

        * Loop: 
        N/A



================================================================
== Utilization Estimates
================================================================
* Summary: 
+-----------------+---------+-------+--------+-------+
|       Name      | BRAM_18K| DSP48E|   FF   |  LUT  |
+-----------------+---------+-------+--------+-------+
|Expression       |        -|      -|       0|      2|
|FIFO             |        -|      -|       -|      -|
|Instance         |        -|      -|       -|      -|
|Memory           |        -|      -|       -|      -|
|Multiplexer      |        -|      -|       -|      3|
|Register         |        -|      -|       5|      -|
|ShiftMemory      |        -|      -|       -|      -|
+-----------------+---------+-------+--------+-------+
|Total            |        0|      0|       5|      5|
+-----------------+---------+-------+--------+-------+
|Available        |      280|    220|  106400|  53200|
+-----------------+---------+-------+--------+-------+
|Utilization (%)  |        0|      0|   ~0   |   ~0  |
+-----------------+---------+-------+--------+-------+

+ Detail: 
    * Instance: 
    N/A

    * Memory: 
    N/A

    * FIFO: 
    N/A

    * Shift register: 
    N/A

    * Expression: 
    +---------------+----------+-------+---+----+------------+------------+
    | Variable Name | Operation| DSP48E| FF| LUT| Bitwidth P0| Bitwidth P1|
    +---------------+----------+-------+---+----+------------+------------+
    |ap_sig_bdd_27  |    or    |      0|  0|   2|           1|           1|
    +---------------+----------+-------+---+----+------------+------------+
    |Total          |          |      0|  0|   2|           1|           1|
    +---------------+----------+-------+---+----+------------+------------+

    * Multiplexer: 
    +----------+----+-----------+-----+-----------+
    |   Name   | LUT| Input Size| Bits| Total Bits|
    +----------+----+-----------+-----+-----------+
    |return_r  |   3|          2|    3|          6|
    +----------+----+-----------+-----+-----------+
    |Total     |   3|          2|    3|          6|
    +----------+----+-----------+-----+-----------+

    * Register: 
    +---------------+---+-----+-----------+
    |      Name     | FF| Bits| Const Bits|
    +---------------+---+-----+-----------+
    |ap_CS_fsm      |  1|    1|          0|
    |ap_done_reg    |  1|    1|          0|
    |return_r_preg  |  3|    3|          0|
    +---------------+---+-----+-----------+
    |Total          |  5|    5|          0|
    +---------------+---+-----+-----------+



================================================================
== Interface
================================================================
* Summary: 
+-----------------+-----+-----+---------+----------------------------------+--------------+
|    RTL Ports    | Dir | Bits| Protocol|           Source Object          |    C Type    |
+-----------------+-----+-----+---------+----------------------------------+--------------+
|ap_clk           |  in |    1|        -| image_filter_Block_entry_proc136 | return value |
|ap_rst           |  in |    1|        -| image_filter_Block_entry_proc136 | return value |
|ap_start         |  in |    1|        -| image_filter_Block_entry_proc136 | return value |
|ap_done          | out |    1|        -| image_filter_Block_entry_proc136 | return value |
|ap_continue      |  in |    1|        -| image_filter_Block_entry_proc136 | return value |
|ap_idle          | out |    1|        -| image_filter_Block_entry_proc136 | return value |
|ap_ready         | out |    1|        -| image_filter_Block_entry_proc136 | return value |
|return_r         | out |    3|  ap_vld |             return_r             |    pointer   |
|return_r_ap_vld  | out |    1|  ap_vld |             return_r             |    pointer   |
|ges_load1341     |  in |    3| ap_none |           ges_load1341           |    pointer   |
+-----------------+-----+-----+---------+----------------------------------+--------------+

============================================================
+ Verbose Summary: Synthesis Manager
============================================================
InlineROM: 1
ExposeGlobal: 0
============================================================
+ Verbose Summary: CDFG Model
============================================================
IsTopModel: 0
ResetActiveHigh: 1
IsCombinational: 2
IsDatapathOnly: 0
HasWiredReturn: 1
HasMFsm: 0
HasVarLatency: 0
IsPipeline: 0
IsRtlPipelined: 0
IsInstanceOverlapped: 0
IsDontTouch: 0
HasImplIP: 0
IsGatedGlobalClock: 0


============================================================
+ Verbose Summary: Schedule
============================================================
* Number of FSM states: 1
* Pipeline: 0
* Dataflow Pipeline: 0

* FSM state transitions: 
1 --> 
* FSM state operations: 

 <State 1>: 0.00ns
ST_1: ges_load1341_read [1/1] 0.00ns
entry:0  %ges_load1341_read = call i3 @_ssdm_op_WireRead.volatile.i3P(i3* %ges_load1341) nounwind ; <i3> [#uses=1]

ST_1: stg_3 [1/1] 0.00ns
entry:1  call void @_ssdm_op_WireWrite.volatile.i3P(i3* %return_r, i3 %ges_load1341_read) nounwind

ST_1: stg_4 [1/1] 0.00ns
entry:2  ret void



============================================================
+ Verbose Summary: Binding
============================================================
STG Binding: 
---------------- STG Properties BEGIN ----------------
- Is combinational: 0
- Is one-state seq: 1
- Is datapath-only: 0
- Is clock enabled: 0
- Is pipelined: 0
- Is top level: 0
Port [ Return ] is wired: 1; IO mode=<null>
Port [ return_r]:  wired=1; compound=0; hidden=0; nouse=0; global=0; static=0; extern=0; dir=1; type=0; mode=0x1aec9960; pingpong=0; private_global=0; IO mode=ap_vld:ce=0
Port [ ges_load1341]:  wired=1; compound=0; hidden=0; nouse=0; global=0; static=0; extern=0; dir=0; type=0; mode=0x1aec99c0; pingpong=0; private_global=0; IO mode=ap_none:ce=0
---------------- STG Properties END ------------------

---------------- Datapath Model BEGIN ----------------

<LifeTime>
<method=bitvector/>
ges_load1341_read (wireread ) [ 00]
stg_3             (wirewrite) [ 00]
stg_4             (ret      ) [ 00]
</LifeTime>

<model>

<comp_list>
<comp id="0" class="1000" name="return_r">
<pin_list>
<pin id="1" dir="1" index="0" bw="1" slack="0"/>
</pin_list>
<bind>
<StgValue><ssdm name="return_r"/></StgValue>
</bind>
</comp>

<comp id="2" class="1000" name="ges_load1341">
<pin_list>
<pin id="3" dir="1" index="0" bw="1" slack="0"/>
</pin_list>
<bind>
<StgValue><ssdm name="ges_load1341"/></StgValue>
</bind>
</comp>

<comp id="4" class="1001" name="const_4">
<pin_list>
<pin id="5" dir="1" index="0" bw="1" slack="0"/>
</pin_list>
<bind>
<StgValue><ssdm name="_ssdm_op_WireRead.volatile.i3P"/></StgValue>
</bind>
</comp>

<comp id="6" class="1001" name="const_6">
<pin_list>
<pin id="7" dir="1" index="0" bw="1" slack="0"/>
</pin_list>
<bind>
<StgValue><ssdm name="_ssdm_op_WireWrite.volatile.i3P"/></StgValue>
</bind>
</comp>

<comp id="8" class="1004" name="ges_load1341_read_wireread_fu_8">
<pin_list>
<pin id="9" dir="0" index="0" bw="3" slack="0"/>
<pin id="10" dir="0" index="1" bw="3" slack="0"/>
<pin id="11" dir="1" index="2" bw="3" slack="0"/>
</pin_list>
<bind>
<opcode="wireread(1112) " fcode="wireread"/>
<opset="ges_load1341_read/1 "/>
</bind>
</comp>

<comp id="14" class="1004" name="stg_3_wirewrite_fu_14">
<pin_list>
<pin id="15" dir="0" index="0" bw="0" slack="0"/>
<pin id="16" dir="0" index="1" bw="3" slack="0"/>
<pin id="17" dir="0" index="2" bw="3" slack="0"/>
<pin id="18" dir="1" index="3" bw="0" slack="2147483647"/>
</pin_list>
<bind>
<opcode="wirewrite(1113) " fcode="wirewrite"/>
<opset="stg_3/1 "/>
</bind>
</comp>

</comp_list>

<net_list>
<net id="12"><net_src comp="4" pin="0"/><net_sink comp="8" pin=0"/></net>

<net id="13"><net_src comp="2" pin="0"/><net_sink comp="8" pin=1"/></net>

<net id="19"><net_src comp="6" pin="0"/><net_sink comp="14" pin=0"/></net>

<net id="20"><net_src comp="0" pin="0"/><net_sink comp="14" pin=1"/></net>

<net id="21"><net_src comp="8" pin="2"/><net_sink comp="14" pin=2"/></net>

</net_list>

</model> 
---------------- Datapath Model END ------------------

* FSMD analyzer results:
  - Output states:
	Port: return_r | {1 }
  - Chain level:
	State 1


============================================================
+ Verbose Summary: Datapath Resource usage 
============================================================

* Functional unit list:
|----------|---------------------------------|
| Operation|         Functional Unit         |
|----------|---------------------------------|
| wireread | ges_load1341_read_wireread_fu_8 |
|----------|---------------------------------|
| wirewrite|      stg_3_wirewrite_fu_14      |
|----------|---------------------------------|
|   Total  |                                 |
|----------|---------------------------------|

Memories:
N/A

* Register list:
N/A

* Multiplexer (MUX) list: 
|--------|------|------|------|--------|
|  Comp  |  Pin | Size |  BW  | S x BW |
|--------|------|------|------|--------|
|  Total |      |      |      |    0   |
|--------|------|------|------|--------|



* Summary:
+-----------+
|           |
+-----------+
|  Function |
|   Memory  |
|Multiplexer|
|  Register |
+-----------+
|   Total   |
+-----------+
