

================================================================
== Vivado HLS Report for 'set_color'
================================================================
* Date:           Mon Dec  7 17:37:34 2015

* Version:        2013.2 (build date: Thu Jun 13 16:07:59 PM 2013)
* Project:        prj
* Solution:       solution1
* Product family: zynq zynq_fpv6 
* Target device:  xc7z020clg484-1


================================================================
== Performance Estimates
================================================================
+ Timing (ns): 
    * Summary: 
    +---------+-------+----------+------------+
    |  Clock  | Target| Estimated| Uncertainty|
    +---------+-------+----------+------------+
    |default  |   6.67|      5.81|        0.83|
    +---------+-------+----------+------------+

+ Latency (clock cycles): 
    * Summary: 
    +-----+-----+-----+-----+---------+
    |  Latency  |  Interval | Pipeline|
    | min | max | min | max |   Type  |
    +-----+-----+-----+-----+---------+
    |    ?|    ?|    ?|    ?|   none  |
    +-----+-----+-----+-----+---------+

    + Detail: 
        * Instance: 
        N/A

        * Loop: 
        +-------------+-----+-----+----------+-----------+-----------+------+----------+
        |             |  Latency  | Iteration|  Initiation Interval  | Trip |          |
        |  Loop Name  | min | max |  Latency |  achieved |   target  | Count| Pipelined|
        +-------------+-----+-----+----------+-----------+-----------+------+----------+
        |- Loop 1     |    ?|    ?|         ?|          -|          -|     ?|    no    |
        | + Loop 1.1  |    ?|    ?|         3|          1|          1|     ?|    yes   |
        +-------------+-----+-----+----------+-----------+-----------+------+----------+



================================================================
== Utilization Estimates
================================================================
* Summary: 
+-----------------+---------+-------+--------+-------+
|       Name      | BRAM_18K| DSP48E|   FF   |  LUT  |
+-----------------+---------+-------+--------+-------+
|Expression       |        -|      -|       -|      -|
|FIFO             |        -|      -|       -|      -|
|Instance         |        -|      -|       -|      -|
|Memory           |        -|      -|       -|      -|
|Multiplexer      |        -|      -|       -|      -|
|Register         |        -|      -|       -|      -|
|ShiftMemory      |        -|      -|       -|      -|
+-----------------+---------+-------+--------+-------+
|Total            |        0|      0|       0|      0|
+-----------------+---------+-------+--------+-------+
|Available        |      280|    220|  106400|  53200|
+-----------------+---------+-------+--------+-------+
|Utilization (%)  |        0|      0|       0|      0|
+-----------------+---------+-------+--------+-------+

+ Detail: 
    * Instance: 
    N/A

    * Memory: 
    N/A

    * FIFO: 
    N/A

    * Shift register: 
    N/A

    * Expression: 
    N/A

    * Multiplexer: 
    N/A

    * Register: 
    N/A



================================================================
== Interface
================================================================
* Summary: 
N/A

============================================================
+ Verbose Summary: Synthesis Manager
============================================================
InlineROM: 1
ExposeGlobal: 0
============================================================
+ Verbose Summary: CDFG Model
============================================================
IsTopModel: 0
ResetActiveHigh: 1
IsCombinational: 2
IsDatapathOnly: 0
HasWiredReturn: 1
HasMFsm: 0
HasVarLatency: 1
IsPipeline: 0
IsRtlPipelined: 0
IsInstanceOverlapped: 0
IsDontTouch: 0
HasImplIP: 0
IsGatedGlobalClock: 0

+ Individual pipeline summary: 
  * Pipeline-0: initiation interval (II) = 1, depth = 3


============================================================
+ Verbose Summary: Schedule
============================================================
* Number of FSM states: 5
* Pipeline: 1
  Pipeline-0: II = 1, D = 3, States = { 3 4 5 }
* Dataflow Pipeline: 0

* FSM state transitions: 
1 --> 
	2  / true
2 --> 
	3  / (!exitcond4)
3 --> 
	2  / (exitcond)
	4  / (!exitcond)
4 --> 
	5  / true
5 --> 
	3  / true
* FSM state operations: 

 <State 1>: 1.62ns
ST_1: empty [1/1] 0.00ns
entry:0  %empty = call i32 (...)* @_ssdm_op_SpecFifo(i8* %dst_data_stream_2_V, [8 x i8]* @str135, i32 0, i32 0, i32 0, [8 x i8]* @str135) ; <i32> [#uses=0]

ST_1: empty_131 [1/1] 0.00ns
entry:1  %empty_131 = call i32 (...)* @_ssdm_op_SpecFifo(i8* %dst_data_stream_1_V, [8 x i8]* @str132, i32 0, i32 0, i32 0, [8 x i8]* @str132) ; <i32> [#uses=0]

ST_1: empty_132 [1/1] 0.00ns
entry:2  %empty_132 = call i32 (...)* @_ssdm_op_SpecFifo(i8* %dst_data_stream_0_V, [8 x i8]* @str129, i32 0, i32 0, i32 0, [8 x i8]* @str129) ; <i32> [#uses=0]

ST_1: empty_133 [1/1] 0.00ns
entry:3  %empty_133 = call i32 (...)* @_ssdm_op_SpecFifo(i8* %src_data_stream_0_V, [8 x i8]* @str126, i32 0, i32 0, i32 0, [8 x i8]* @str126) ; <i32> [#uses=0]

ST_1: src_cols_V_read_3 [1/1] 0.00ns
entry:4  %src_cols_V_read_3 = call i12 @_ssdm_op_WireRead.i12(i12 %src_cols_V_read) ; <i12> [#uses=1]

ST_1: src_rows_V_read_3 [1/1] 0.00ns
entry:5  %src_rows_V_read_3 = call i12 @_ssdm_op_WireRead.i12(i12 %src_rows_V_read) ; <i12> [#uses=1]

ST_1: ges_read [1/1] 0.00ns
entry:6  %ges_read = call i3 @_ssdm_op_WireRead.volatile.i3P(i3* %ges) ; <i3> [#uses=2]

ST_1: tmp_s [1/1] 1.62ns
entry:7  %tmp_s = icmp eq i3 %ges_read, 0                ; <i1> [#uses=1]

ST_1: tmp_9 [1/1] 1.62ns
entry:8  %tmp_9 = icmp eq i3 %ges_read, 1                ; <i1> [#uses=1]

ST_1: stg_15 [1/1] 1.39ns
entry:9  br label %bb13


 <State 2>: 3.53ns
ST_2: t_V_7 [1/1] 0.00ns
bb13:0  %t_V_7 = phi i12 [ 0, %entry ], [ %i_V, %bb10 ] ; <i12> [#uses=2]

ST_2: exitcond4 [1/1] 2.14ns
bb13:1  %exitcond4 = icmp eq i12 %t_V_7, %src_rows_V_read_3 ; <i1> [#uses=1]

ST_2: i_V [1/1] 1.84ns
bb13:2  %i_V = add i12 %t_V_7, 1                        ; <i12> [#uses=1]

ST_2: stg_19 [1/1] 1.39ns
bb13:3  br i1 %exitcond4, label %return, label %bb10

ST_2: stg_20 [1/1] 0.00ns
return:0  ret void


 <State 3>: 2.14ns
ST_3: t_V [1/1] 0.00ns
bb10:0  %t_V = phi i12 [ %j_V, %bb1 ], [ 0, %bb13 ]     ; <i12> [#uses=2]

ST_3: exitcond [1/1] 2.14ns
bb10:1  %exitcond = icmp eq i12 %t_V, %src_cols_V_read_3 ; <i1> [#uses=1]

ST_3: j_V [1/1] 1.84ns
bb10:2  %j_V = add i12 %t_V, 1                          ; <i12> [#uses=1]

ST_3: stg_24 [1/1] 0.00ns
bb10:3  br i1 %exitcond, label %bb13, label %bb1


 <State 4>: 5.07ns
ST_4: tmp [1/1] 1.70ns
bb1:2  %tmp = call i8 @_ssdm_op_FifoRead.volatile.i8P(i8* %src_data_stream_0_V) ; <i8> [#uses=2]

ST_4: tmp_27 [1/1] 0.00ns
bb1:3  %tmp_27 = trunc i8 %tmp to i1                   ; <i1> [#uses=3]

ST_4: tmp_24_not [1/1] 2.00ns
bb1:4  %tmp_24_not = icmp ne i8 %tmp, -1               ; <i1> [#uses=2]

ST_4: brmerge [1/1] 1.37ns
bb1:5  %brmerge = or i1 %tmp_24_not, %tmp_s            ; <i1> [#uses=3]


 <State 5>: 5.81ns
ST_5: tmp_18 [1/1] 0.00ns
bb1:0  %tmp_18 = call i32 (...)* @_ssdm_op_SpecRegionBegin([14 x i8]* @p_str45) ; <i32> [#uses=1]

ST_5: stg_30 [1/1] 0.00ns
bb1:1  call void (...)* @_ssdm_op_SpecPipeline(i32 1, i32 1, i32 1, [1 x i8]* @p_str) nounwind

ST_5: not_tmp_24_not [1/1] 1.37ns
bb1:6  %not_tmp_24_not = xor i1 %tmp_24_not, true      ; <i1> [#uses=1]

ST_5: brmerge1 [1/1] 1.37ns
bb1:7  %brmerge1 = or i1 %brmerge, %tmp_9              ; <i1> [#uses=2]

ST_5: not_brmerge [1/1] 1.37ns
bb1:8  %not_brmerge = xor i1 %brmerge, true            ; <i1> [#uses=1]

ST_5: not_brmerge1 [1/1] 1.37ns
bb1:9  %not_brmerge1 = xor i1 %brmerge1, true          ; <i1> [#uses=1]

ST_5: pixel_out_val_1_3 [1/1] 1.37ns
bb1:10  %pixel_out_val_1_3 = and i1 %tmp_27, %not_brmerge1 ; <i1> [#uses=1]

ST_5: pixel_out_val_1_1_cast [1/1] 0.00ns
bb1:11  %pixel_out_val_1_1_cast = sext i1 %pixel_out_val_1_3 to i8 ; <i8> [#uses=1]

ST_5: tmp2 [1/1] 1.37ns
bb1:12  %tmp2 = and i1 %brmerge1, %not_brmerge          ; <i1> [#uses=1]

ST_5: pixel_out_val_1 [1/1] 1.37ns
bb1:13  %pixel_out_val_1 = and i1 %tmp2, %tmp_27        ; <i1> [#uses=1]

ST_5: pixel_out_val_1_2_cast [1/1] 0.00ns
bb1:14  %pixel_out_val_1_2_cast = sext i1 %pixel_out_val_1 to i8 ; <i8> [#uses=1]

ST_5: tmp3 [1/1] 1.37ns
bb1:15  %tmp3 = and i1 %tmp_27, %not_tmp_24_not         ; <i1> [#uses=1]

ST_5: pixel_out_val_0 [1/1] 1.37ns
bb1:16  %pixel_out_val_0 = and i1 %brmerge, %tmp3       ; <i1> [#uses=1]

ST_5: pixel_out_val_0_cast [1/1] 0.00ns
bb1:17  %pixel_out_val_0_cast = sext i1 %pixel_out_val_0 to i8 ; <i8> [#uses=1]

ST_5: stg_43 [1/1] 1.70ns
bb1:18  call void @_ssdm_op_FifoWrite.volatile.i8P(i8* %dst_data_stream_0_V, i8 %pixel_out_val_0_cast)

ST_5: stg_44 [1/1] 1.70ns
bb1:19  call void @_ssdm_op_FifoWrite.volatile.i8P(i8* %dst_data_stream_1_V, i8 %pixel_out_val_1_2_cast)

ST_5: stg_45 [1/1] 1.70ns
bb1:20  call void @_ssdm_op_FifoWrite.volatile.i8P(i8* %dst_data_stream_2_V, i8 %pixel_out_val_1_1_cast)

ST_5: empty_134 [1/1] 0.00ns
bb1:21  %empty_134 = call i32 (...)* @_ssdm_op_SpecRegionEnd([14 x i8]* @p_str45, i32 %tmp_18) ; <i32> [#uses=0]

ST_5: stg_47 [1/1] 0.00ns
bb1:22  br label %bb10



============================================================
+ Verbose Summary: Binding
============================================================
N/A
* FSMD analyzer results:
  - Output states:
  - Chain level:
	State 1
	State 2
	State 3
	State 4
	State 5


============================================================
+ Verbose Summary: Datapath Resource usage 
============================================================
N/A
