

================================================================
== Vivado HLS Report for 'Scale_1080_1920_16_16_int_s'
================================================================
* Date:           Fri Dec  4 16:20:33 2015

* Version:        2013.2 (build date: Thu Jun 13 16:07:59 PM 2013)
* Project:        prj
* Solution:       solution1
* Product family: zynq zynq_fpv6 
* Target device:  xc7z020clg484-1


================================================================
== Performance Estimates
================================================================
+ Timing (ns): 
    * Summary: 
    +---------+-------+----------+------------+
    |  Clock  | Target| Estimated| Uncertainty|
    +---------+-------+----------+------------+
    |default  |   6.67|      4.77|        0.83|
    +---------+-------+----------+------------+

+ Latency (clock cycles): 
    * Summary: 
    +-----+---------+-----+---------+---------+
    |    Latency    |    Interval   | Pipeline|
    | min |   max   | min |   max   |   Type  |
    +-----+---------+-----+---------+---------+
    |    1|  2076841|    1|  2076841|   none  |
    +-----+---------+-----+---------+---------+

    + Detail: 
        * Instance: 
        N/A

        * Loop: 
        +-------------+-----+---------+----------+-----------+-----------+----------+----------+
        |             |    Latency    | Iteration|  Initiation Interval  |   Trip   |          |
        |  Loop Name  | min |   max   |  Latency |  achieved |   target  |   Count  | Pipelined|
        +-------------+-----+---------+----------+-----------+-----------+----------+----------+
        |- Loop 1     |    0|  2076840| 3 ~ 1923 |          -|          -| 0 ~ 1080 |    no    |
        | + Loop 1.1  |    0|     1920|         2|          1|          1| 0 ~ 1920 |    yes   |
        +-------------+-----+---------+----------+-----------+-----------+----------+----------+



================================================================
== Utilization Estimates
================================================================
* Summary: 
+-----------------+---------+-------+--------+-------+
|       Name      | BRAM_18K| DSP48E|   FF   |  LUT  |
+-----------------+---------+-------+--------+-------+
|Expression       |        -|      -|       0|     80|
|FIFO             |        -|      -|       -|      -|
|Instance         |        -|      -|       -|      -|
|Memory           |        -|      -|       -|      -|
|Multiplexer      |        -|      -|       -|     24|
|Register         |        -|      -|      42|      -|
|ShiftMemory      |        -|      -|       -|      -|
+-----------------+---------+-------+--------+-------+
|Total            |        0|      0|      42|    104|
+-----------------+---------+-------+--------+-------+
|Available        |      280|    220|  106400|  53200|
+-----------------+---------+-------+--------+-------+
|Utilization (%)  |        0|      0|   ~0   |   ~0  |
+-----------------+---------+-------+--------+-------+

+ Detail: 
    * Instance: 
    N/A

    * Memory: 
    N/A

    * FIFO: 
    N/A

    * Shift register: 
    N/A

    * Expression: 
    +-------------------------+----------+-------+---+----+------------+------------+
    |      Variable Name      | Operation| DSP48E| FF| LUT| Bitwidth P0| Bitwidth P1|
    +-------------------------+----------+-------+---+----+------------+------------+
    |i_V_fu_165_p2            |     +    |      0|  0|  12|          12|           1|
    |j_V_fu_176_p2            |     +    |      0|  0|  12|          12|           1|
    |dst_data_stream_0_V_din  |  Select  |      0|  0|   8|           1|           2|
    |dst_data_stream_1_V_din  |  Select  |      0|  0|   8|           1|           2|
    |dst_data_stream_2_V_din  |  Select  |      0|  0|   8|           1|           2|
    |exitcond4_fu_171_p2      |   icmp   |      0|  0|  14|          12|          12|
    |exitcond_fu_160_p2       |   icmp   |      0|  0|  14|          12|          12|
    |ap_sig_bdd_58            |    or    |      0|  0|   2|           1|           1|
    |ap_sig_bdd_91            |    or    |      0|  0|   2|           1|           1|
    +-------------------------+----------+-------+---+----+------------+------------+
    |Total                    |          |      0|  0|  80|          53|          34|
    +-------------------------+----------+-------+---+----+------------+------------+

    * Multiplexer: 
    +---------------+----+-----------+-----+-----------+
    |      Name     | LUT| Input Size| Bits| Total Bits|
    +---------------+----+-----------+-----+-----------+
    |t_V_6_reg_148  |  12|          2|   12|         24|
    |t_V_reg_137    |  12|          2|   12|         24|
    +---------------+----+-----------+-----+-----------+
    |Total          |  24|          4|   24|         48|
    +---------------+----+-----------+-----+-----------+

    * Register: 
    +-----------------------+----+-----+-----------+
    |          Name         | FF | Bits| Const Bits|
    +-----------------------+----+-----+-----------+
    |ap_CS_fsm              |   2|    2|          0|
    |ap_done_reg            |   1|    1|          0|
    |ap_reg_ppiten_pp0_it0  |   1|    1|          0|
    |ap_reg_ppiten_pp0_it1  |   1|    1|          0|
    |exitcond4_reg_269      |   1|    1|          0|
    |i_V_reg_264            |  12|   12|          0|
    |t_V_6_reg_148          |  12|   12|          0|
    |t_V_reg_137            |  12|   12|          0|
    +-----------------------+----+-----+-----------+
    |Total                  |  42|   42|          0|
    +-----------------------+----+-----+-----------+



================================================================
== Interface
================================================================
* Summary: 
+-----------------------------+-----+-----+---------+----------------------------+--------------+
|          RTL Ports          | Dir | Bits| Protocol|        Source Object       |    C Type    |
+-----------------------------+-----+-----+---------+----------------------------+--------------+
|ap_clk                       |  in |    1|        -| Scale<1080,1920,16,16,int> | return value |
|ap_rst                       |  in |    1|        -| Scale<1080,1920,16,16,int> | return value |
|ap_start                     |  in |    1|        -| Scale<1080,1920,16,16,int> | return value |
|ap_done                      | out |    1|        -| Scale<1080,1920,16,16,int> | return value |
|ap_continue                  |  in |    1|        -| Scale<1080,1920,16,16,int> | return value |
|ap_idle                      | out |    1|        -| Scale<1080,1920,16,16,int> | return value |
|ap_ready                     | out |    1|        -| Scale<1080,1920,16,16,int> | return value |
|src_rows_V_read              |  in |   12| ap_none |       src_rows_V_read      |    scalar    |
|src_cols_V_read              |  in |   12| ap_none |       src_cols_V_read      |    scalar    |
|src_data_stream_0_V_dout     |  in |    8| ap_fifo |     src_data_stream_0_V    |    pointer   |
|src_data_stream_0_V_empty_n  |  in |    1| ap_fifo |     src_data_stream_0_V    |    pointer   |
|src_data_stream_0_V_read     | out |    1| ap_fifo |     src_data_stream_0_V    |    pointer   |
|src_data_stream_1_V_dout     |  in |    8| ap_fifo |     src_data_stream_1_V    |    pointer   |
|src_data_stream_1_V_empty_n  |  in |    1| ap_fifo |     src_data_stream_1_V    |    pointer   |
|src_data_stream_1_V_read     | out |    1| ap_fifo |     src_data_stream_1_V    |    pointer   |
|src_data_stream_2_V_dout     |  in |    8| ap_fifo |     src_data_stream_2_V    |    pointer   |
|src_data_stream_2_V_empty_n  |  in |    1| ap_fifo |     src_data_stream_2_V    |    pointer   |
|src_data_stream_2_V_read     | out |    1| ap_fifo |     src_data_stream_2_V    |    pointer   |
|dst_rows_V_read              |  in |   12| ap_none |       dst_rows_V_read      |    scalar    |
|dst_cols_V_read              |  in |   12| ap_none |       dst_cols_V_read      |    scalar    |
|dst_data_stream_0_V_din      | out |    8| ap_fifo |     dst_data_stream_0_V    |    pointer   |
|dst_data_stream_0_V_full_n   |  in |    1| ap_fifo |     dst_data_stream_0_V    |    pointer   |
|dst_data_stream_0_V_write    | out |    1| ap_fifo |     dst_data_stream_0_V    |    pointer   |
|dst_data_stream_1_V_din      | out |    8| ap_fifo |     dst_data_stream_1_V    |    pointer   |
|dst_data_stream_1_V_full_n   |  in |    1| ap_fifo |     dst_data_stream_1_V    |    pointer   |
|dst_data_stream_1_V_write    | out |    1| ap_fifo |     dst_data_stream_1_V    |    pointer   |
|dst_data_stream_2_V_din      | out |    8| ap_fifo |     dst_data_stream_2_V    |    pointer   |
|dst_data_stream_2_V_full_n   |  in |    1| ap_fifo |     dst_data_stream_2_V    |    pointer   |
|dst_data_stream_2_V_write    | out |    1| ap_fifo |     dst_data_stream_2_V    |    pointer   |
+-----------------------------+-----+-----+---------+----------------------------+--------------+

============================================================
+ Verbose Summary: Synthesis Manager
============================================================
InlineROM: 1
ExposeGlobal: 0
============================================================
+ Verbose Summary: CDFG Model
============================================================
IsTopModel: 0
ResetActiveHigh: 1
IsCombinational: 2
IsDatapathOnly: 0
HasWiredReturn: 1
HasMFsm: 0
HasVarLatency: 1
IsPipeline: 0
IsRtlPipelined: 0
IsInstanceOverlapped: 0
IsDontTouch: 0
HasImplIP: 0
IsGatedGlobalClock: 0

+ Individual pipeline summary: 
  * Pipeline-0: initiation interval (II) = 1, depth = 2


============================================================
+ Verbose Summary: Schedule
============================================================
* Number of FSM states: 5
* Pipeline: 1
  Pipeline-0: II = 1, D = 2, States = { 3 4 }
* Dataflow Pipeline: 0

* FSM state transitions: 
1 --> 
	2  / true
2 --> 
	3  / (!exitcond)
3 --> 
	5  / (exitcond4)
	4  / (!exitcond4)
4 --> 
	3  / true
5 --> 
	2  / true
* FSM state operations: 

 <State 1>: 1.39ns
ST_1: empty [1/1] 0.00ns
entry:0  %empty = call i32 (...)* @_ssdm_op_SpecFifo(i8* %dst_data_stream_2_V, [8 x i8]* @str218, i32 0, i32 0, i32 0, [8 x i8]* @str218) ; <i32> [#uses=0]

ST_1: empty_156 [1/1] 0.00ns
entry:1  %empty_156 = call i32 (...)* @_ssdm_op_SpecFifo(i8* %dst_data_stream_1_V, [8 x i8]* @str215, i32 0, i32 0, i32 0, [8 x i8]* @str215) ; <i32> [#uses=0]

ST_1: empty_157 [1/1] 0.00ns
entry:2  %empty_157 = call i32 (...)* @_ssdm_op_SpecFifo(i8* %dst_data_stream_0_V, [8 x i8]* @str212, i32 0, i32 0, i32 0, [8 x i8]* @str212) ; <i32> [#uses=0]

ST_1: empty_158 [1/1] 0.00ns
entry:3  %empty_158 = call i32 (...)* @_ssdm_op_SpecFifo(i8* %src_data_stream_2_V, [8 x i8]* @str209, i32 0, i32 0, i32 0, [8 x i8]* @str209) ; <i32> [#uses=0]

ST_1: empty_159 [1/1] 0.00ns
entry:4  %empty_159 = call i32 (...)* @_ssdm_op_SpecFifo(i8* %src_data_stream_1_V, [8 x i8]* @str206, i32 0, i32 0, i32 0, [8 x i8]* @str206) ; <i32> [#uses=0]

ST_1: empty_160 [1/1] 0.00ns
entry:5  %empty_160 = call i32 (...)* @_ssdm_op_SpecFifo(i8* %src_data_stream_0_V, [8 x i8]* @str203, i32 0, i32 0, i32 0, [8 x i8]* @str203) ; <i32> [#uses=0]

ST_1: dst_cols_V_read_2 [1/1] 0.00ns
entry:6  %dst_cols_V_read_2 = call i12 @_ssdm_op_WireRead.i12(i12 %dst_cols_V_read) ; <i12> [#uses=1]

ST_1: dst_rows_V_read_2 [1/1] 0.00ns
entry:7  %dst_rows_V_read_2 = call i12 @_ssdm_op_WireRead.i12(i12 %dst_rows_V_read) ; <i12> [#uses=1]

ST_1: src_cols_V_read6 [1/1] 0.00ns
entry:8  %src_cols_V_read6 = call i12 @_ssdm_op_WireRead.i12(i12 %src_cols_V_read) ; <i12> [#uses=0]

ST_1: src_rows_V_read5 [1/1] 0.00ns
entry:9  %src_rows_V_read5 = call i12 @_ssdm_op_WireRead.i12(i12 %src_rows_V_read) ; <i12> [#uses=0]

ST_1: stg_16 [1/1] 1.39ns
entry:10  br label %bb9.i


 <State 2>: 2.14ns
ST_2: t_V [1/1] 0.00ns
bb9.i:0  %t_V = phi i12 [ %i_V, %bb7.i ], [ 0, %entry ]  ; <i12> [#uses=2]

ST_2: exitcond [1/1] 2.14ns
bb9.i:1  %exitcond = icmp eq i12 %t_V, %dst_rows_V_read_2 ; <i1> [#uses=1]

ST_2: i_V [1/1] 1.84ns
bb9.i:2  %i_V = add i12 %t_V, 1                          ; <i12> [#uses=1]

ST_2: stg_20 [1/1] 0.00ns
bb9.i:3  br i1 %exitcond, label %"arithm_pro<kernel_scale,1080,1920,16,unsigned char,16,int>.exit", label %bb.i

ST_2: tmp_i [1/1] 0.00ns
bb.i:0  %tmp_i = call i32 (...)* @_ssdm_op_SpecRegionBegin([13 x i8]* @p_str30) ; <i32> [#uses=1]

ST_2: stg_22 [1/1] 0.00ns
bb.i:1  call void (...)* @_ssdm_op_SpecLoopTripCount(i32 0, i32 1080, i32 0, [1 x i8]* @p_str20) nounwind

ST_2: stg_23 [1/1] 1.39ns
bb.i:2  br label %bb6.i

ST_2: stg_24 [1/1] 0.00ns
arithm_pro<kernel_scale,1080,1920,16,unsigned char,16,int>.exit:0  ret void


 <State 3>: 2.14ns
ST_3: t_V_6 [1/1] 0.00ns
bb6.i:0  %t_V_6 = phi i12 [ 0, %bb.i ], [ %j_V, %bb1.i ] ; <i12> [#uses=2]

ST_3: exitcond4 [1/1] 2.14ns
bb6.i:1  %exitcond4 = icmp eq i12 %t_V_6, %dst_cols_V_read_2 ; <i1> [#uses=1]

ST_3: j_V [1/1] 1.84ns
bb6.i:2  %j_V = add i12 %t_V_6, 1                        ; <i12> [#uses=1]

ST_3: stg_28 [1/1] 0.00ns
bb6.i:3  br i1 %exitcond4, label %bb7.i, label %bb1.i


 <State 4>: 4.77ns
ST_4: tmp_i_161 [1/1] 0.00ns
bb1.i:0  %tmp_i_161 = call i32 (...)* @_ssdm_op_SpecRegionBegin([13 x i8]* @p_str31) ; <i32> [#uses=1]

ST_4: stg_30 [1/1] 0.00ns
bb1.i:1  call void (...)* @_ssdm_op_SpecLoopTripCount(i32 0, i32 1920, i32 0, [1 x i8]* @p_str20) nounwind

ST_4: stg_31 [1/1] 0.00ns
bb1.i:2  call void (...)* @_ssdm_op_SpecPipeline(i32 1, i32 1, i32 1, [1 x i8]* @p_str20) nounwind

ST_4: tmp_157 [1/1] 1.70ns
bb1.i:3  %tmp_157 = call i8 @_ssdm_op_FifoRead.volatile.i8P(i8* %src_data_stream_0_V) ; <i8> [#uses=2]

ST_4: tmp_158 [1/1] 1.70ns
bb1.i:4  %tmp_158 = call i8 @_ssdm_op_FifoRead.volatile.i8P(i8* %src_data_stream_1_V) ; <i8> [#uses=2]

ST_4: tmp_159 [1/1] 1.70ns
bb1.i:5  %tmp_159 = call i8 @_ssdm_op_FifoRead.volatile.i8P(i8* %src_data_stream_2_V) ; <i8> [#uses=2]

ST_4: tmp [1/1] 0.00ns
bb1.i:6  %tmp = shl i8 %tmp_157, 1                       ; <i8> [#uses=1]

ST_4: tmp_152 [1/1] 0.00ns
bb1.i:7  %tmp_152 = call i1 @_ssdm_op_BitSelect.i1.i8.i32(i8 %tmp_157, i32 7) ; <i1> [#uses=1]

ST_4: d_val_0 [1/1] 1.37ns
bb1.i:8  %d_val_0 = select i1 %tmp_152, i8 -1, i8 %tmp   ; <i8> [#uses=1]

ST_4: tmp_153 [1/1] 0.00ns
bb1.i:9  %tmp_153 = shl i8 %tmp_158, 1                   ; <i8> [#uses=1]

ST_4: tmp_154 [1/1] 0.00ns
bb1.i:10  %tmp_154 = call i1 @_ssdm_op_BitSelect.i1.i8.i32(i8 %tmp_158, i32 7) ; <i1> [#uses=1]

ST_4: d_val_1 [1/1] 1.37ns
bb1.i:11  %d_val_1 = select i1 %tmp_154, i8 -1, i8 %tmp_153 ; <i8> [#uses=1]

ST_4: tmp_155 [1/1] 0.00ns
bb1.i:12  %tmp_155 = shl i8 %tmp_159, 1                   ; <i8> [#uses=1]

ST_4: tmp_156 [1/1] 0.00ns
bb1.i:13  %tmp_156 = call i1 @_ssdm_op_BitSelect.i1.i8.i32(i8 %tmp_159, i32 7) ; <i1> [#uses=1]

ST_4: d_val_2 [1/1] 1.37ns
bb1.i:14  %d_val_2 = select i1 %tmp_156, i8 -1, i8 %tmp_155 ; <i8> [#uses=1]

ST_4: stg_44 [1/1] 1.70ns
bb1.i:15  call void @_ssdm_op_FifoWrite.volatile.i8P(i8* %dst_data_stream_0_V, i8 %d_val_0)

ST_4: stg_45 [1/1] 1.70ns
bb1.i:16  call void @_ssdm_op_FifoWrite.volatile.i8P(i8* %dst_data_stream_1_V, i8 %d_val_1)

ST_4: stg_46 [1/1] 1.70ns
bb1.i:17  call void @_ssdm_op_FifoWrite.volatile.i8P(i8* %dst_data_stream_2_V, i8 %d_val_2)

ST_4: empty_162 [1/1] 0.00ns
bb1.i:18  %empty_162 = call i32 (...)* @_ssdm_op_SpecRegionEnd([13 x i8]* @p_str31, i32 %tmp_i_161) ; <i32> [#uses=0]

ST_4: stg_48 [1/1] 0.00ns
bb1.i:19  br label %bb6.i


 <State 5>: 0.00ns
ST_5: empty_163 [1/1] 0.00ns
bb7.i:0  %empty_163 = call i32 (...)* @_ssdm_op_SpecRegionEnd([13 x i8]* @p_str30, i32 %tmp_i) ; <i32> [#uses=0]

ST_5: stg_50 [1/1] 0.00ns
bb7.i:1  br label %bb9.i



============================================================
+ Verbose Summary: Binding
============================================================
STG Binding: 
---------------- STG Properties BEGIN ----------------
- Is combinational: 0
- Is one-state seq: 0
- Is datapath-only: 0
- Is clock enabled: 0
- Is pipelined: 0
- Is top level: 0
Port [ Return ] is wired: 1; IO mode=<null>
Port [ src_rows_V_read]:  wired=1; compound=0; hidden=0; nouse=0; global=0; static=0; extern=0; dir=0; type=0; mode=0xaaa1980; pingpong=0; private_global=0; IO mode=ap_none:ce=0
Port [ src_cols_V_read]:  wired=1; compound=0; hidden=0; nouse=0; global=0; static=0; extern=0; dir=0; type=0; mode=0xa7708d0; pingpong=0; private_global=0; IO mode=ap_none:ce=0
Port [ src_data_stream_0_V]:  wired=0; compound=1; hidden=0; nouse=0; global=0; static=0; extern=0; dir=0; type=4; mode=0xc65a610; pingpong=0; private_global=0; IO mode=ap_fifo:ce=0
Port [ src_data_stream_1_V]:  wired=0; compound=1; hidden=0; nouse=0; global=0; static=0; extern=0; dir=0; type=4; mode=0xc65a670; pingpong=0; private_global=0; IO mode=ap_fifo:ce=0
Port [ src_data_stream_2_V]:  wired=0; compound=1; hidden=0; nouse=0; global=0; static=0; extern=0; dir=0; type=4; mode=0xc65a6d0; pingpong=0; private_global=0; IO mode=ap_fifo:ce=0
Port [ dst_rows_V_read]:  wired=1; compound=0; hidden=0; nouse=0; global=0; static=0; extern=0; dir=0; type=0; mode=0xc65a730; pingpong=0; private_global=0; IO mode=ap_none:ce=0
Port [ dst_cols_V_read]:  wired=1; compound=0; hidden=0; nouse=0; global=0; static=0; extern=0; dir=0; type=0; mode=0xc65a790; pingpong=0; private_global=0; IO mode=ap_none:ce=0
Port [ dst_data_stream_0_V]:  wired=1; compound=1; hidden=0; nouse=0; global=0; static=0; extern=0; dir=1; type=4; mode=0xc65a7f0; pingpong=0; private_global=0; IO mode=ap_fifo:ce=0
Port [ dst_data_stream_1_V]:  wired=1; compound=1; hidden=0; nouse=0; global=0; static=0; extern=0; dir=1; type=4; mode=0xa8c9750; pingpong=0; private_global=0; IO mode=ap_fifo:ce=0
Port [ dst_data_stream_2_V]:  wired=1; compound=1; hidden=0; nouse=0; global=0; static=0; extern=0; dir=1; type=4; mode=0xa8c97b0; pingpong=0; private_global=0; IO mode=ap_fifo:ce=0
---------------- STG Properties END ------------------

---------------- Datapath Model BEGIN ----------------

<LifeTime>
<method=bitvector/>
empty             (specfifo         ) [ 000000]
empty_156         (specfifo         ) [ 000000]
empty_157         (specfifo         ) [ 000000]
empty_158         (specfifo         ) [ 000000]
empty_159         (specfifo         ) [ 000000]
empty_160         (specfifo         ) [ 000000]
dst_cols_V_read_2 (wireread         ) [ 001111]
dst_rows_V_read_2 (wireread         ) [ 001111]
src_cols_V_read6  (wireread         ) [ 000000]
src_rows_V_read5  (wireread         ) [ 000000]
stg_16            (br               ) [ 011111]
t_V               (phi              ) [ 001000]
exitcond          (icmp             ) [ 001111]
i_V               (add              ) [ 011111]
stg_20            (br               ) [ 000000]
tmp_i             (specregionbegin  ) [ 000111]
stg_22            (speclooptripcount) [ 000000]
stg_23            (br               ) [ 001111]
stg_24            (ret              ) [ 000000]
t_V_6             (phi              ) [ 000100]
exitcond4         (icmp             ) [ 001111]
j_V               (add              ) [ 001111]
stg_28            (br               ) [ 000000]
tmp_i_161         (specregionbegin  ) [ 000000]
stg_30            (speclooptripcount) [ 000000]
stg_31            (specpipeline     ) [ 000000]
tmp_157           (fiforead         ) [ 000000]
tmp_158           (fiforead         ) [ 000000]
tmp_159           (fiforead         ) [ 000000]
tmp               (shl              ) [ 000000]
tmp_152           (bitselect        ) [ 000000]
d_val_0           (select           ) [ 000000]
tmp_153           (shl              ) [ 000000]
tmp_154           (bitselect        ) [ 000000]
d_val_1           (select           ) [ 000000]
tmp_155           (shl              ) [ 000000]
tmp_156           (bitselect        ) [ 000000]
d_val_2           (select           ) [ 000000]
stg_44            (fifowrite        ) [ 000000]
stg_45            (fifowrite        ) [ 000000]
stg_46            (fifowrite        ) [ 000000]
empty_162         (specregionend    ) [ 000000]
stg_48            (br               ) [ 001111]
empty_163         (specregionend    ) [ 000000]
stg_50            (br               ) [ 011111]
</LifeTime>

<model>

<comp_list>
<comp id="0" class="1000" name="src_rows_V_read">
<pin_list>
<pin id="1" dir="1" index="0" bw="1" slack="0"/>
</pin_list>
<bind>
<StgValue><ssdm name="src_rows_V_read"/></StgValue>
</bind>
</comp>

<comp id="2" class="1000" name="src_cols_V_read">
<pin_list>
<pin id="3" dir="1" index="0" bw="1" slack="0"/>
</pin_list>
<bind>
<StgValue><ssdm name="src_cols_V_read"/></StgValue>
</bind>
</comp>

<comp id="4" class="1000" name="src_data_stream_0_V">
<pin_list>
<pin id="5" dir="1" index="0" bw="1" slack="0"/>
</pin_list>
<bind>
<StgValue><ssdm name="src_data_stream_0_V"/></StgValue>
</bind>
</comp>

<comp id="6" class="1000" name="src_data_stream_1_V">
<pin_list>
<pin id="7" dir="1" index="0" bw="1" slack="0"/>
</pin_list>
<bind>
<StgValue><ssdm name="src_data_stream_1_V"/></StgValue>
</bind>
</comp>

<comp id="8" class="1000" name="src_data_stream_2_V">
<pin_list>
<pin id="9" dir="1" index="0" bw="1" slack="0"/>
</pin_list>
<bind>
<StgValue><ssdm name="src_data_stream_2_V"/></StgValue>
</bind>
</comp>

<comp id="10" class="1000" name="dst_rows_V_read">
<pin_list>
<pin id="11" dir="1" index="0" bw="1" slack="0"/>
</pin_list>
<bind>
<StgValue><ssdm name="dst_rows_V_read"/></StgValue>
</bind>
</comp>

<comp id="12" class="1000" name="dst_cols_V_read">
<pin_list>
<pin id="13" dir="1" index="0" bw="1" slack="0"/>
</pin_list>
<bind>
<StgValue><ssdm name="dst_cols_V_read"/></StgValue>
</bind>
</comp>

<comp id="14" class="1000" name="dst_data_stream_0_V">
<pin_list>
<pin id="15" dir="1" index="0" bw="1" slack="0"/>
</pin_list>
<bind>
<StgValue><ssdm name="dst_data_stream_0_V"/></StgValue>
</bind>
</comp>

<comp id="16" class="1000" name="dst_data_stream_1_V">
<pin_list>
<pin id="17" dir="1" index="0" bw="1" slack="0"/>
</pin_list>
<bind>
<StgValue><ssdm name="dst_data_stream_1_V"/></StgValue>
</bind>
</comp>

<comp id="18" class="1000" name="dst_data_stream_2_V">
<pin_list>
<pin id="19" dir="1" index="0" bw="1" slack="0"/>
</pin_list>
<bind>
<StgValue><ssdm name="dst_data_stream_2_V"/></StgValue>
</bind>
</comp>

<comp id="20" class="1001" name="const_20">
<pin_list>
<pin id="21" dir="1" index="0" bw="1" slack="2147483647"/>
</pin_list>
<bind>
<StgValue><ssdm name="_ssdm_op_SpecFifo"/></StgValue>
</bind>
</comp>

<comp id="22" class="1001" name="const_22">
<pin_list>
<pin id="23" dir="1" index="0" bw="1" slack="2147483647"/>
</pin_list>
<bind>
<StgValue><ssdm name="str218"/></StgValue>
</bind>
</comp>

<comp id="24" class="1001" name="const_24">
<pin_list>
<pin id="25" dir="1" index="0" bw="1" slack="2147483647"/>
</pin_list>
<bind>
<StgValue><ssdm name=""/></StgValue>
</bind>
</comp>

<comp id="26" class="1001" name="const_26">
<pin_list>
<pin id="27" dir="1" index="0" bw="1" slack="2147483647"/>
</pin_list>
<bind>
<StgValue><ssdm name="str215"/></StgValue>
</bind>
</comp>

<comp id="28" class="1001" name="const_28">
<pin_list>
<pin id="29" dir="1" index="0" bw="1" slack="2147483647"/>
</pin_list>
<bind>
<StgValue><ssdm name="str212"/></StgValue>
</bind>
</comp>

<comp id="30" class="1001" name="const_30">
<pin_list>
<pin id="31" dir="1" index="0" bw="1" slack="2147483647"/>
</pin_list>
<bind>
<StgValue><ssdm name="str209"/></StgValue>
</bind>
</comp>

<comp id="32" class="1001" name="const_32">
<pin_list>
<pin id="33" dir="1" index="0" bw="1" slack="2147483647"/>
</pin_list>
<bind>
<StgValue><ssdm name="str206"/></StgValue>
</bind>
</comp>

<comp id="34" class="1001" name="const_34">
<pin_list>
<pin id="35" dir="1" index="0" bw="1" slack="2147483647"/>
</pin_list>
<bind>
<StgValue><ssdm name="str203"/></StgValue>
</bind>
</comp>

<comp id="36" class="1001" name="const_36">
<pin_list>
<pin id="37" dir="1" index="0" bw="1" slack="0"/>
</pin_list>
<bind>
<StgValue><ssdm name="_ssdm_op_WireRead.i12"/></StgValue>
</bind>
</comp>

<comp id="38" class="1001" name="const_38">
<pin_list>
<pin id="39" dir="1" index="0" bw="1" slack="1"/>
</pin_list>
<bind>
<StgValue><ssdm name=""/></StgValue>
</bind>
</comp>

<comp id="40" class="1001" name="const_40">
<pin_list>
<pin id="41" dir="1" index="0" bw="1" slack="0"/>
</pin_list>
<bind>
<StgValue><ssdm name=""/></StgValue>
</bind>
</comp>

<comp id="42" class="1001" name="const_42">
<pin_list>
<pin id="43" dir="1" index="0" bw="1" slack="2147483647"/>
</pin_list>
<bind>
<StgValue><ssdm name="_ssdm_op_SpecRegionBegin"/></StgValue>
</bind>
</comp>

<comp id="44" class="1001" name="const_44">
<pin_list>
<pin id="45" dir="1" index="0" bw="1" slack="2147483647"/>
</pin_list>
<bind>
<StgValue><ssdm name="p_str30"/></StgValue>
</bind>
</comp>

<comp id="46" class="1001" name="const_46">
<pin_list>
<pin id="47" dir="1" index="0" bw="1" slack="2147483647"/>
</pin_list>
<bind>
<StgValue><ssdm name="_ssdm_op_SpecLoopTripCount"/></StgValue>
</bind>
</comp>

<comp id="48" class="1001" name="const_48">
<pin_list>
<pin id="49" dir="1" index="0" bw="1" slack="2147483647"/>
</pin_list>
<bind>
<StgValue><ssdm name=""/></StgValue>
</bind>
</comp>

<comp id="50" class="1001" name="const_50">
<pin_list>
<pin id="51" dir="1" index="0" bw="1" slack="2147483647"/>
</pin_list>
<bind>
<StgValue><ssdm name="p_str20"/></StgValue>
</bind>
</comp>

<comp id="52" class="1001" name="const_52">
<pin_list>
<pin id="53" dir="1" index="0" bw="1" slack="2147483647"/>
</pin_list>
<bind>
<StgValue><ssdm name="p_str31"/></StgValue>
</bind>
</comp>

<comp id="54" class="1001" name="const_54">
<pin_list>
<pin id="55" dir="1" index="0" bw="1" slack="2147483647"/>
</pin_list>
<bind>
<StgValue><ssdm name=""/></StgValue>
</bind>
</comp>

<comp id="56" class="1001" name="const_56">
<pin_list>
<pin id="57" dir="1" index="0" bw="1" slack="2147483647"/>
</pin_list>
<bind>
<StgValue><ssdm name="_ssdm_op_SpecPipeline"/></StgValue>
</bind>
</comp>

<comp id="58" class="1001" name="const_58">
<pin_list>
<pin id="59" dir="1" index="0" bw="1" slack="2147483647"/>
</pin_list>
<bind>
<StgValue><ssdm name=""/></StgValue>
</bind>
</comp>

<comp id="60" class="1001" name="const_60">
<pin_list>
<pin id="61" dir="1" index="0" bw="1" slack="0"/>
</pin_list>
<bind>
<StgValue><ssdm name="_ssdm_op_FifoRead.volatile.i8P"/></StgValue>
</bind>
</comp>

<comp id="62" class="1001" name="const_62">
<pin_list>
<pin id="63" dir="1" index="0" bw="1" slack="0"/>
</pin_list>
<bind>
<StgValue><ssdm name=""/></StgValue>
</bind>
</comp>

<comp id="64" class="1001" name="const_64">
<pin_list>
<pin id="65" dir="1" index="0" bw="1" slack="0"/>
</pin_list>
<bind>
<StgValue><ssdm name="_ssdm_op_BitSelect.i1.i8.i32"/></StgValue>
</bind>
</comp>

<comp id="66" class="1001" name="const_66">
<pin_list>
<pin id="67" dir="1" index="0" bw="1" slack="0"/>
</pin_list>
<bind>
<StgValue><ssdm name=""/></StgValue>
</bind>
</comp>

<comp id="68" class="1001" name="const_68">
<pin_list>
<pin id="69" dir="1" index="0" bw="1" slack="0"/>
</pin_list>
<bind>
<StgValue><ssdm name=""/></StgValue>
</bind>
</comp>

<comp id="70" class="1001" name="const_70">
<pin_list>
<pin id="71" dir="1" index="0" bw="1" slack="0"/>
</pin_list>
<bind>
<StgValue><ssdm name="_ssdm_op_FifoWrite.volatile.i8P"/></StgValue>
</bind>
</comp>

<comp id="72" class="1001" name="const_72">
<pin_list>
<pin id="73" dir="1" index="0" bw="1" slack="2147483647"/>
</pin_list>
<bind>
<StgValue><ssdm name="_ssdm_op_SpecRegionEnd"/></StgValue>
</bind>
</comp>

<comp id="74" class="1004" name="dst_cols_V_read_2_wireread_fu_74">
<pin_list>
<pin id="75" dir="0" index="0" bw="12" slack="0"/>
<pin id="76" dir="0" index="1" bw="12" slack="0"/>
<pin id="77" dir="1" index="2" bw="12" slack="2"/>
</pin_list>
<bind>
<opcode="wireread(1112) " fcode="wireread"/>
<opset="dst_cols_V_read_2/1 "/>
</bind>
</comp>

<comp id="80" class="1004" name="dst_rows_V_read_2_wireread_fu_80">
<pin_list>
<pin id="81" dir="0" index="0" bw="12" slack="0"/>
<pin id="82" dir="0" index="1" bw="12" slack="0"/>
<pin id="83" dir="1" index="2" bw="12" slack="1"/>
</pin_list>
<bind>
<opcode="wireread(1112) " fcode="wireread"/>
<opset="dst_rows_V_read_2/1 "/>
</bind>
</comp>

<comp id="86" class="1004" name="src_cols_V_read6_wireread_fu_86">
<pin_list>
<pin id="87" dir="0" index="0" bw="12" slack="0"/>
<pin id="88" dir="0" index="1" bw="12" slack="0"/>
<pin id="89" dir="1" index="2" bw="12" slack="2147483647"/>
</pin_list>
<bind>
<opcode="wireread(1112) " fcode="wireread"/>
<opset="src_cols_V_read6/1 "/>
</bind>
</comp>

<comp id="92" class="1004" name="src_rows_V_read5_wireread_fu_92">
<pin_list>
<pin id="93" dir="0" index="0" bw="12" slack="0"/>
<pin id="94" dir="0" index="1" bw="12" slack="0"/>
<pin id="95" dir="1" index="2" bw="12" slack="2147483647"/>
</pin_list>
<bind>
<opcode="wireread(1112) " fcode="wireread"/>
<opset="src_rows_V_read5/1 "/>
</bind>
</comp>

<comp id="98" class="1004" name="tmp_157_fiforead_fu_98">
<pin_list>
<pin id="99" dir="0" index="0" bw="8" slack="0"/>
<pin id="100" dir="0" index="1" bw="8" slack="0"/>
<pin id="101" dir="1" index="2" bw="8" slack="0"/>
</pin_list>
<bind>
<opcode="fiforead(1114) " fcode="fiforead"/>
<opset="tmp_157/4 "/>
</bind>
</comp>

<comp id="104" class="1004" name="tmp_158_fiforead_fu_104">
<pin_list>
<pin id="105" dir="0" index="0" bw="8" slack="0"/>
<pin id="106" dir="0" index="1" bw="8" slack="0"/>
<pin id="107" dir="1" index="2" bw="8" slack="0"/>
</pin_list>
<bind>
<opcode="fiforead(1114) " fcode="fiforead"/>
<opset="tmp_158/4 "/>
</bind>
</comp>

<comp id="110" class="1004" name="tmp_159_fiforead_fu_110">
<pin_list>
<pin id="111" dir="0" index="0" bw="8" slack="0"/>
<pin id="112" dir="0" index="1" bw="8" slack="0"/>
<pin id="113" dir="1" index="2" bw="8" slack="0"/>
</pin_list>
<bind>
<opcode="fiforead(1114) " fcode="fiforead"/>
<opset="tmp_159/4 "/>
</bind>
</comp>

<comp id="116" class="1004" name="stg_44_fifowrite_fu_116">
<pin_list>
<pin id="117" dir="0" index="0" bw="0" slack="0"/>
<pin id="118" dir="0" index="1" bw="8" slack="0"/>
<pin id="119" dir="0" index="2" bw="8" slack="0"/>
<pin id="120" dir="1" index="3" bw="0" slack="2147483647"/>
</pin_list>
<bind>
<opcode="fifowrite(1115) " fcode="fifowrite"/>
<opset="stg_44/4 "/>
</bind>
</comp>

<comp id="123" class="1004" name="stg_45_fifowrite_fu_123">
<pin_list>
<pin id="124" dir="0" index="0" bw="0" slack="0"/>
<pin id="125" dir="0" index="1" bw="8" slack="0"/>
<pin id="126" dir="0" index="2" bw="8" slack="0"/>
<pin id="127" dir="1" index="3" bw="0" slack="2147483647"/>
</pin_list>
<bind>
<opcode="fifowrite(1115) " fcode="fifowrite"/>
<opset="stg_45/4 "/>
</bind>
</comp>

<comp id="130" class="1004" name="stg_46_fifowrite_fu_130">
<pin_list>
<pin id="131" dir="0" index="0" bw="0" slack="0"/>
<pin id="132" dir="0" index="1" bw="8" slack="0"/>
<pin id="133" dir="0" index="2" bw="8" slack="0"/>
<pin id="134" dir="1" index="3" bw="0" slack="2147483647"/>
</pin_list>
<bind>
<opcode="fifowrite(1115) " fcode="fifowrite"/>
<opset="stg_46/4 "/>
</bind>
</comp>

<comp id="137" class="1005" name="t_V_reg_137">
<pin_list>
<pin id="138" dir="0" index="0" bw="12" slack="1"/>
<pin id="139" dir="1" index="1" bw="12" slack="1"/>
</pin_list>
<bind>
<opset="t_V (phireg) "/>
</bind>
</comp>

<comp id="141" class="1004" name="t_V_phi_fu_141">
<pin_list>
<pin id="142" dir="0" index="0" bw="12" slack="0"/>
<pin id="143" dir="0" index="1" bw="0" slack="2147483647"/>
<pin id="144" dir="0" index="2" bw="1" slack="1"/>
<pin id="145" dir="0" index="3" bw="0" slack="2147483647"/>
<pin id="146" dir="1" index="4" bw="12" slack="0"/>
</pin_list>
<bind>
<opcode="phi(44) " fcode="phi"/>
<opset="t_V/2 "/>
</bind>
</comp>

<comp id="148" class="1005" name="t_V_6_reg_148">
<pin_list>
<pin id="149" dir="0" index="0" bw="12" slack="1"/>
<pin id="150" dir="1" index="1" bw="12" slack="1"/>
</pin_list>
<bind>
<opset="t_V_6 (phireg) "/>
</bind>
</comp>

<comp id="152" class="1004" name="t_V_6_phi_fu_152">
<pin_list>
<pin id="153" dir="0" index="0" bw="1" slack="1"/>
<pin id="154" dir="0" index="1" bw="0" slack="2147483647"/>
<pin id="155" dir="0" index="2" bw="12" slack="0"/>
<pin id="156" dir="0" index="3" bw="0" slack="2147483647"/>
<pin id="157" dir="1" index="4" bw="12" slack="0"/>
</pin_list>
<bind>
<opcode="phi(44) " fcode="phi"/>
<opset="t_V_6/3 "/>
</bind>
</comp>

<comp id="160" class="1004" name="exitcond_fu_160">
<pin_list>
<pin id="161" dir="0" index="0" bw="12" slack="0"/>
<pin id="162" dir="0" index="1" bw="12" slack="1"/>
<pin id="163" dir="1" index="2" bw="1" slack="2147483647"/>
</pin_list>
<bind>
<opcode="icmp(42) " fcode="icmp"/>
<opset="exitcond/2 "/>
</bind>
</comp>

<comp id="165" class="1004" name="i_V_fu_165">
<pin_list>
<pin id="166" dir="0" index="0" bw="12" slack="0"/>
<pin id="167" dir="0" index="1" bw="2" slack="0"/>
<pin id="168" dir="1" index="2" bw="12" slack="0"/>
</pin_list>
<bind>
<opcode="add(8) " fcode="add"/>
<opset="i_V/2 "/>
</bind>
</comp>

<comp id="171" class="1004" name="exitcond4_fu_171">
<pin_list>
<pin id="172" dir="0" index="0" bw="12" slack="0"/>
<pin id="173" dir="0" index="1" bw="12" slack="2"/>
<pin id="174" dir="1" index="2" bw="1" slack="1"/>
</pin_list>
<bind>
<opcode="icmp(42) " fcode="icmp"/>
<opset="exitcond4/3 "/>
</bind>
</comp>

<comp id="176" class="1004" name="j_V_fu_176">
<pin_list>
<pin id="177" dir="0" index="0" bw="12" slack="0"/>
<pin id="178" dir="0" index="1" bw="2" slack="0"/>
<pin id="179" dir="1" index="2" bw="12" slack="0"/>
</pin_list>
<bind>
<opcode="add(8) " fcode="add"/>
<opset="j_V/3 "/>
</bind>
</comp>

<comp id="182" class="1004" name="tmp_fu_182">
<pin_list>
<pin id="183" dir="0" index="0" bw="8" slack="0"/>
<pin id="184" dir="0" index="1" bw="2" slack="0"/>
<pin id="185" dir="1" index="2" bw="8" slack="0"/>
</pin_list>
<bind>
<opcode="shl(20) " fcode="shl"/>
<opset="tmp/4 "/>
</bind>
</comp>

<comp id="188" class="1004" name="tmp_152_fu_188">
<pin_list>
<pin id="189" dir="0" index="0" bw="1" slack="0"/>
<pin id="190" dir="0" index="1" bw="8" slack="0"/>
<pin id="191" dir="0" index="2" bw="4" slack="0"/>
<pin id="192" dir="1" index="3" bw="1" slack="0"/>
</pin_list>
<bind>
<opcode="bitselect(1000) " fcode="bitselect"/>
<opset="tmp_152/4 "/>
</bind>
</comp>

<comp id="196" class="1004" name="d_val_0_fu_196">
<pin_list>
<pin id="197" dir="0" index="0" bw="1" slack="0"/>
<pin id="198" dir="0" index="1" bw="8" slack="0"/>
<pin id="199" dir="0" index="2" bw="8" slack="0"/>
<pin id="200" dir="1" index="3" bw="8" slack="0"/>
</pin_list>
<bind>
<opcode="select(46) " fcode="select"/>
<opset="d_val_0/4 "/>
</bind>
</comp>

<comp id="205" class="1004" name="tmp_153_fu_205">
<pin_list>
<pin id="206" dir="0" index="0" bw="8" slack="0"/>
<pin id="207" dir="0" index="1" bw="2" slack="0"/>
<pin id="208" dir="1" index="2" bw="8" slack="0"/>
</pin_list>
<bind>
<opcode="shl(20) " fcode="shl"/>
<opset="tmp_153/4 "/>
</bind>
</comp>

<comp id="211" class="1004" name="tmp_154_fu_211">
<pin_list>
<pin id="212" dir="0" index="0" bw="1" slack="0"/>
<pin id="213" dir="0" index="1" bw="8" slack="0"/>
<pin id="214" dir="0" index="2" bw="4" slack="0"/>
<pin id="215" dir="1" index="3" bw="1" slack="0"/>
</pin_list>
<bind>
<opcode="bitselect(1000) " fcode="bitselect"/>
<opset="tmp_154/4 "/>
</bind>
</comp>

<comp id="219" class="1004" name="d_val_1_fu_219">
<pin_list>
<pin id="220" dir="0" index="0" bw="1" slack="0"/>
<pin id="221" dir="0" index="1" bw="8" slack="0"/>
<pin id="222" dir="0" index="2" bw="8" slack="0"/>
<pin id="223" dir="1" index="3" bw="8" slack="0"/>
</pin_list>
<bind>
<opcode="select(46) " fcode="select"/>
<opset="d_val_1/4 "/>
</bind>
</comp>

<comp id="228" class="1004" name="tmp_155_fu_228">
<pin_list>
<pin id="229" dir="0" index="0" bw="8" slack="0"/>
<pin id="230" dir="0" index="1" bw="2" slack="0"/>
<pin id="231" dir="1" index="2" bw="8" slack="0"/>
</pin_list>
<bind>
<opcode="shl(20) " fcode="shl"/>
<opset="tmp_155/4 "/>
</bind>
</comp>

<comp id="234" class="1004" name="tmp_156_fu_234">
<pin_list>
<pin id="235" dir="0" index="0" bw="1" slack="0"/>
<pin id="236" dir="0" index="1" bw="8" slack="0"/>
<pin id="237" dir="0" index="2" bw="4" slack="0"/>
<pin id="238" dir="1" index="3" bw="1" slack="0"/>
</pin_list>
<bind>
<opcode="bitselect(1000) " fcode="bitselect"/>
<opset="tmp_156/4 "/>
</bind>
</comp>

<comp id="242" class="1004" name="d_val_2_fu_242">
<pin_list>
<pin id="243" dir="0" index="0" bw="1" slack="0"/>
<pin id="244" dir="0" index="1" bw="8" slack="0"/>
<pin id="245" dir="0" index="2" bw="8" slack="0"/>
<pin id="246" dir="1" index="3" bw="8" slack="0"/>
</pin_list>
<bind>
<opcode="select(46) " fcode="select"/>
<opset="d_val_2/4 "/>
</bind>
</comp>

<comp id="251" class="1005" name="dst_cols_V_read_2_reg_251">
<pin_list>
<pin id="252" dir="0" index="0" bw="12" slack="2"/>
<pin id="253" dir="1" index="1" bw="12" slack="2"/>
</pin_list>
<bind>
<opset="dst_cols_V_read_2 "/>
</bind>
</comp>

<comp id="256" class="1005" name="dst_rows_V_read_2_reg_256">
<pin_list>
<pin id="257" dir="0" index="0" bw="12" slack="1"/>
<pin id="258" dir="1" index="1" bw="12" slack="1"/>
</pin_list>
<bind>
<opset="dst_rows_V_read_2 "/>
</bind>
</comp>

<comp id="264" class="1005" name="i_V_reg_264">
<pin_list>
<pin id="265" dir="0" index="0" bw="12" slack="0"/>
<pin id="266" dir="1" index="1" bw="12" slack="0"/>
</pin_list>
<bind>
<opset="i_V "/>
</bind>
</comp>

<comp id="269" class="1005" name="exitcond4_reg_269">
<pin_list>
<pin id="270" dir="0" index="0" bw="1" slack="1"/>
<pin id="271" dir="1" index="1" bw="1" slack="2147483647"/>
</pin_list>
<bind>
<opset="exitcond4 "/>
</bind>
</comp>

<comp id="273" class="1005" name="j_V_reg_273">
<pin_list>
<pin id="274" dir="0" index="0" bw="12" slack="0"/>
<pin id="275" dir="1" index="1" bw="12" slack="0"/>
</pin_list>
<bind>
<opset="j_V "/>
</bind>
</comp>

</comp_list>

<net_list>
<net id="78"><net_src comp="36" pin="0"/><net_sink comp="74" pin=0"/></net>

<net id="79"><net_src comp="12" pin="0"/><net_sink comp="74" pin=1"/></net>

<net id="84"><net_src comp="36" pin="0"/><net_sink comp="80" pin=0"/></net>

<net id="85"><net_src comp="10" pin="0"/><net_sink comp="80" pin=1"/></net>

<net id="90"><net_src comp="36" pin="0"/><net_sink comp="86" pin=0"/></net>

<net id="91"><net_src comp="2" pin="0"/><net_sink comp="86" pin=1"/></net>

<net id="96"><net_src comp="36" pin="0"/><net_sink comp="92" pin=0"/></net>

<net id="97"><net_src comp="0" pin="0"/><net_sink comp="92" pin=1"/></net>

<net id="102"><net_src comp="60" pin="0"/><net_sink comp="98" pin=0"/></net>

<net id="103"><net_src comp="4" pin="0"/><net_sink comp="98" pin=1"/></net>

<net id="108"><net_src comp="60" pin="0"/><net_sink comp="104" pin=0"/></net>

<net id="109"><net_src comp="6" pin="0"/><net_sink comp="104" pin=1"/></net>

<net id="114"><net_src comp="60" pin="0"/><net_sink comp="110" pin=0"/></net>

<net id="115"><net_src comp="8" pin="0"/><net_sink comp="110" pin=1"/></net>

<net id="121"><net_src comp="70" pin="0"/><net_sink comp="116" pin=0"/></net>

<net id="122"><net_src comp="14" pin="0"/><net_sink comp="116" pin=1"/></net>

<net id="128"><net_src comp="70" pin="0"/><net_sink comp="123" pin=0"/></net>

<net id="129"><net_src comp="16" pin="0"/><net_sink comp="123" pin=1"/></net>

<net id="135"><net_src comp="70" pin="0"/><net_sink comp="130" pin=0"/></net>

<net id="136"><net_src comp="18" pin="0"/><net_sink comp="130" pin=1"/></net>

<net id="140"><net_src comp="38" pin="0"/><net_sink comp="137" pin=0"/></net>

<net id="147"><net_src comp="137" pin="1"/><net_sink comp="141" pin=2"/></net>

<net id="151"><net_src comp="38" pin="0"/><net_sink comp="148" pin=0"/></net>

<net id="158"><net_src comp="148" pin="1"/><net_sink comp="152" pin=0"/></net>

<net id="164"><net_src comp="141" pin="4"/><net_sink comp="160" pin=0"/></net>

<net id="169"><net_src comp="141" pin="4"/><net_sink comp="165" pin=0"/></net>

<net id="170"><net_src comp="40" pin="0"/><net_sink comp="165" pin=1"/></net>

<net id="175"><net_src comp="152" pin="4"/><net_sink comp="171" pin=0"/></net>

<net id="180"><net_src comp="152" pin="4"/><net_sink comp="176" pin=0"/></net>

<net id="181"><net_src comp="40" pin="0"/><net_sink comp="176" pin=1"/></net>

<net id="186"><net_src comp="98" pin="2"/><net_sink comp="182" pin=0"/></net>

<net id="187"><net_src comp="62" pin="0"/><net_sink comp="182" pin=1"/></net>

<net id="193"><net_src comp="64" pin="0"/><net_sink comp="188" pin=0"/></net>

<net id="194"><net_src comp="98" pin="2"/><net_sink comp="188" pin=1"/></net>

<net id="195"><net_src comp="66" pin="0"/><net_sink comp="188" pin=2"/></net>

<net id="201"><net_src comp="188" pin="3"/><net_sink comp="196" pin=0"/></net>

<net id="202"><net_src comp="68" pin="0"/><net_sink comp="196" pin=1"/></net>

<net id="203"><net_src comp="182" pin="2"/><net_sink comp="196" pin=2"/></net>

<net id="204"><net_src comp="196" pin="3"/><net_sink comp="116" pin=2"/></net>

<net id="209"><net_src comp="104" pin="2"/><net_sink comp="205" pin=0"/></net>

<net id="210"><net_src comp="62" pin="0"/><net_sink comp="205" pin=1"/></net>

<net id="216"><net_src comp="64" pin="0"/><net_sink comp="211" pin=0"/></net>

<net id="217"><net_src comp="104" pin="2"/><net_sink comp="211" pin=1"/></net>

<net id="218"><net_src comp="66" pin="0"/><net_sink comp="211" pin=2"/></net>

<net id="224"><net_src comp="211" pin="3"/><net_sink comp="219" pin=0"/></net>

<net id="225"><net_src comp="68" pin="0"/><net_sink comp="219" pin=1"/></net>

<net id="226"><net_src comp="205" pin="2"/><net_sink comp="219" pin=2"/></net>

<net id="227"><net_src comp="219" pin="3"/><net_sink comp="123" pin=2"/></net>

<net id="232"><net_src comp="110" pin="2"/><net_sink comp="228" pin=0"/></net>

<net id="233"><net_src comp="62" pin="0"/><net_sink comp="228" pin=1"/></net>

<net id="239"><net_src comp="64" pin="0"/><net_sink comp="234" pin=0"/></net>

<net id="240"><net_src comp="110" pin="2"/><net_sink comp="234" pin=1"/></net>

<net id="241"><net_src comp="66" pin="0"/><net_sink comp="234" pin=2"/></net>

<net id="247"><net_src comp="234" pin="3"/><net_sink comp="242" pin=0"/></net>

<net id="248"><net_src comp="68" pin="0"/><net_sink comp="242" pin=1"/></net>

<net id="249"><net_src comp="228" pin="2"/><net_sink comp="242" pin=2"/></net>

<net id="250"><net_src comp="242" pin="3"/><net_sink comp="130" pin=2"/></net>

<net id="254"><net_src comp="74" pin="2"/><net_sink comp="251" pin=0"/></net>

<net id="255"><net_src comp="251" pin="1"/><net_sink comp="171" pin=1"/></net>

<net id="259"><net_src comp="80" pin="2"/><net_sink comp="256" pin=0"/></net>

<net id="260"><net_src comp="256" pin="1"/><net_sink comp="160" pin=1"/></net>

<net id="267"><net_src comp="165" pin="2"/><net_sink comp="264" pin=0"/></net>

<net id="268"><net_src comp="264" pin="1"/><net_sink comp="141" pin=0"/></net>

<net id="272"><net_src comp="171" pin="2"/><net_sink comp="269" pin=0"/></net>

<net id="276"><net_src comp="176" pin="2"/><net_sink comp="273" pin=0"/></net>

<net id="277"><net_src comp="273" pin="1"/><net_sink comp="152" pin=2"/></net>

</net_list>

</model> 
---------------- Datapath Model END ------------------

* FSMD analyzer results:
  - Output states:
	Port: dst_data_stream_0_V | {4 }
	Port: dst_data_stream_1_V | {4 }
	Port: dst_data_stream_2_V | {4 }
  - Chain level:
	State 1
	State 2
		exitcond : 1
		i_V : 1
		stg_20 : 2
	State 3
		exitcond4 : 1
		j_V : 1
		stg_28 : 2
	State 4
		d_val_0 : 1
		d_val_1 : 1
		d_val_2 : 1
		stg_44 : 2
		stg_45 : 2
		stg_46 : 2
		empty_162 : 1
	State 5


============================================================
+ Verbose Summary: Datapath Resource usage 
============================================================

* Functional unit list:
|----------|----------------------------------|---------|---------|
| Operation|          Functional Unit         |    FF   |   LUT   |
|----------|----------------------------------|---------|---------|
|   icmp   |          exitcond_fu_160         |    0    |    14   |
|          |         exitcond4_fu_171         |    0    |    14   |
|----------|----------------------------------|---------|---------|
|    add   |            i_V_fu_165            |    0    |    12   |
|          |            j_V_fu_176            |    0    |    12   |
|----------|----------------------------------|---------|---------|
|          |          d_val_0_fu_196          |    0    |    8    |
|  select  |          d_val_1_fu_219          |    0    |    8    |
|          |          d_val_2_fu_242          |    0    |    8    |
|----------|----------------------------------|---------|---------|
|          | dst_cols_V_read_2_wireread_fu_74 |    0    |    0    |
| wireread | dst_rows_V_read_2_wireread_fu_80 |    0    |    0    |
|          |  src_cols_V_read6_wireread_fu_86 |    0    |    0    |
|          |  src_rows_V_read5_wireread_fu_92 |    0    |    0    |
|----------|----------------------------------|---------|---------|
|          |      tmp_157_fiforead_fu_98      |    0    |    0    |
| fiforead |      tmp_158_fiforead_fu_104     |    0    |    0    |
|          |      tmp_159_fiforead_fu_110     |    0    |    0    |
|----------|----------------------------------|---------|---------|
|          |      stg_44_fifowrite_fu_116     |    0    |    0    |
| fifowrite|      stg_45_fifowrite_fu_123     |    0    |    0    |
|          |      stg_46_fifowrite_fu_130     |    0    |    0    |
|----------|----------------------------------|---------|---------|
|          |            tmp_fu_182            |    0    |    0    |
|    shl   |          tmp_153_fu_205          |    0    |    0    |
|          |          tmp_155_fu_228          |    0    |    0    |
|----------|----------------------------------|---------|---------|
|          |          tmp_152_fu_188          |    0    |    0    |
| bitselect|          tmp_154_fu_211          |    0    |    0    |
|          |          tmp_156_fu_234          |    0    |    0    |
|----------|----------------------------------|---------|---------|
|   Total  |                                  |    0    |    76   |
|----------|----------------------------------|---------|---------|

Memories:
N/A

* Register list:
+-------------------------+--------+
|                         |   FF   |
+-------------------------+--------+
|dst_cols_V_read_2_reg_251|   12   |
|dst_rows_V_read_2_reg_256|   12   |
|    exitcond4_reg_269    |    1   |
|       i_V_reg_264       |   12   |
|       j_V_reg_273       |   12   |
|      t_V_6_reg_148      |   12   |
|       t_V_reg_137       |   12   |
+-------------------------+--------+
|          Total          |   73   |
+-------------------------+--------+

* Multiplexer (MUX) list: 
|--------|------|------|------|--------|
|  Comp  |  Pin | Size |  BW  | S x BW |
|--------|------|------|------|--------|
|  Total |      |      |      |    0   |
|--------|------|------|------|--------|



* Summary:
+-----------+--------+--------+
|           |   FF   |   LUT  |
+-----------+--------+--------+
|  Function |    0   |   76   |
|   Memory  |    -   |    -   |
|Multiplexer|    -   |    -   |
|  Register |   73   |    -   |
+-----------+--------+--------+
|   Total   |   73   |   76   |
+-----------+--------+--------+
