

================================================================
== Vivado HLS Report for 'SubS_1080_1920_16_unsigned_char_16_s'
================================================================
* Date:           Fri Dec  4 16:20:16 2015

* Version:        2013.2 (build date: Thu Jun 13 16:07:59 PM 2013)
* Project:        prj
* Solution:       solution1
* Product family: zynq zynq_fpv6 
* Target device:  xc7z020clg484-1


================================================================
== Performance Estimates
================================================================
+ Timing (ns): 
    * Summary: 
    +---------+-------+----------+------------+
    |  Clock  | Target| Estimated| Uncertainty|
    +---------+-------+----------+------------+
    |default  |   6.67|      4.79|        0.83|
    +---------+-------+----------+------------+

+ Latency (clock cycles): 
    * Summary: 
    +-----+---------+-----+---------+---------+
    |    Latency    |    Interval   | Pipeline|
    | min |   max   | min |   max   |   Type  |
    +-----+---------+-----+---------+---------+
    |    1|  2077921|    1|  2077921|   none  |
    +-----+---------+-----+---------+---------+

    + Detail: 
        * Instance: 
        N/A

        * Loop: 
        +-------------+-----+---------+----------+-----------+-----------+----------+----------+
        |             |    Latency    | Iteration|  Initiation Interval  |   Trip   |          |
        |  Loop Name  | min |   max   |  Latency |  achieved |   target  |   Count  | Pipelined|
        +-------------+-----+---------+----------+-----------+-----------+----------+----------+
        |- Loop 1     |    0|  2077920| 3 ~ 1924 |          -|          -| 0 ~ 1080 |    no    |
        | + Loop 1.1  |    0|     1921|         3|          1|          1| 0 ~ 1920 |    yes   |
        +-------------+-----+---------+----------+-----------+-----------+----------+----------+



================================================================
== Utilization Estimates
================================================================
* Summary: 
+-----------------+---------+-------+--------+-------+
|       Name      | BRAM_18K| DSP48E|   FF   |  LUT  |
+-----------------+---------+-------+--------+-------+
|Expression       |        -|      -|       -|      -|
|FIFO             |        -|      -|       -|      -|
|Instance         |        -|      -|       -|      -|
|Memory           |        -|      -|       -|      -|
|Multiplexer      |        -|      -|       -|      -|
|Register         |        -|      -|       -|      -|
|ShiftMemory      |        -|      -|       -|      -|
+-----------------+---------+-------+--------+-------+
|Total            |        0|      0|       0|      0|
+-----------------+---------+-------+--------+-------+
|Available        |      280|    220|  106400|  53200|
+-----------------+---------+-------+--------+-------+
|Utilization (%)  |        0|      0|       0|      0|
+-----------------+---------+-------+--------+-------+

+ Detail: 
    * Instance: 
    N/A

    * Memory: 
    N/A

    * FIFO: 
    N/A

    * Shift register: 
    N/A

    * Expression: 
    N/A

    * Multiplexer: 
    N/A

    * Register: 
    N/A



================================================================
== Interface
================================================================
* Summary: 
N/A

============================================================
+ Verbose Summary: Synthesis Manager
============================================================
InlineROM: 1
ExposeGlobal: 0
============================================================
+ Verbose Summary: CDFG Model
============================================================
IsTopModel: 0
ResetActiveHigh: 1
IsCombinational: 2
IsDatapathOnly: 0
HasWiredReturn: 1
HasMFsm: 0
HasVarLatency: 1
IsPipeline: 0
IsRtlPipelined: 0
IsInstanceOverlapped: 0
IsDontTouch: 0
HasImplIP: 0
IsGatedGlobalClock: 0

+ Individual pipeline summary: 
  * Pipeline-0: initiation interval (II) = 1, depth = 3


============================================================
+ Verbose Summary: Schedule
============================================================
* Number of FSM states: 6
* Pipeline: 1
  Pipeline-0: II = 1, D = 3, States = { 3 4 5 }
* Dataflow Pipeline: 0

* FSM state transitions: 
1 --> 
	2  / true
2 --> 
	3  / (!exitcond)
3 --> 
	6  / (exitcond4)
	4  / (!exitcond4)
4 --> 
	5  / true
5 --> 
	3  / true
6 --> 
	2  / true
* FSM state operations: 

 <State 1>: 1.39ns
ST_1: empty [1/1] 0.00ns
entry:0  %empty = call i32 (...)* @_ssdm_op_SpecFifo(i8* %dst_data_stream_2_V, [8 x i8]* @str209, i32 0, i32 0, i32 0, [8 x i8]* @str209) ; <i32> [#uses=0]

ST_1: empty_148 [1/1] 0.00ns
entry:1  %empty_148 = call i32 (...)* @_ssdm_op_SpecFifo(i8* %dst_data_stream_1_V, [8 x i8]* @str206, i32 0, i32 0, i32 0, [8 x i8]* @str206) ; <i32> [#uses=0]

ST_1: empty_149 [1/1] 0.00ns
entry:2  %empty_149 = call i32 (...)* @_ssdm_op_SpecFifo(i8* %dst_data_stream_0_V, [8 x i8]* @str203, i32 0, i32 0, i32 0, [8 x i8]* @str203) ; <i32> [#uses=0]

ST_1: empty_150 [1/1] 0.00ns
entry:3  %empty_150 = call i32 (...)* @_ssdm_op_SpecFifo(i8* %src_data_stream_2_V, [8 x i8]* @str200, i32 0, i32 0, i32 0, [8 x i8]* @str200) ; <i32> [#uses=0]

ST_1: empty_151 [1/1] 0.00ns
entry:4  %empty_151 = call i32 (...)* @_ssdm_op_SpecFifo(i8* %src_data_stream_1_V, [8 x i8]* @str197, i32 0, i32 0, i32 0, [8 x i8]* @str197) ; <i32> [#uses=0]

ST_1: empty_152 [1/1] 0.00ns
entry:5  %empty_152 = call i32 (...)* @_ssdm_op_SpecFifo(i8* %src_data_stream_0_V, [8 x i8]* @str194, i32 0, i32 0, i32 0, [8 x i8]* @str194) ; <i32> [#uses=0]

ST_1: dst_cols_V_read_1 [1/1] 0.00ns
entry:6  %dst_cols_V_read_1 = call i12 @_ssdm_op_WireRead.i12(i12 %dst_cols_V_read) ; <i12> [#uses=1]

ST_1: dst_rows_V_read_1 [1/1] 0.00ns
entry:7  %dst_rows_V_read_1 = call i12 @_ssdm_op_WireRead.i12(i12 %dst_rows_V_read) ; <i12> [#uses=1]

ST_1: src_cols_V_read6 [1/1] 0.00ns
entry:8  %src_cols_V_read6 = call i12 @_ssdm_op_WireRead.i12(i12 %src_cols_V_read) ; <i12> [#uses=0]

ST_1: src_rows_V_read5 [1/1] 0.00ns
entry:9  %src_rows_V_read5 = call i12 @_ssdm_op_WireRead.i12(i12 %src_rows_V_read) ; <i12> [#uses=0]

ST_1: stg_17 [1/1] 1.39ns
entry:10  br label %bb9.i


 <State 2>: 2.14ns
ST_2: t_V [1/1] 0.00ns
bb9.i:0  %t_V = phi i12 [ %i_V, %bb7.i ], [ 0, %entry ]  ; <i12> [#uses=2]

ST_2: exitcond [1/1] 2.14ns
bb9.i:1  %exitcond = icmp eq i12 %t_V, %dst_rows_V_read_1 ; <i1> [#uses=1]

ST_2: i_V [1/1] 1.84ns
bb9.i:2  %i_V = add i12 %t_V, 1                          ; <i12> [#uses=1]

ST_2: stg_21 [1/1] 0.00ns
bb9.i:3  br i1 %exitcond, label %"arithm_pro<kernel_sub,1080,1920,16,unsigned char,16,int>.exit", label %bb.i

ST_2: tmp_i [1/1] 0.00ns
bb.i:0  %tmp_i = call i32 (...)* @_ssdm_op_SpecRegionBegin([13 x i8]* @p_str30) ; <i32> [#uses=1]

ST_2: stg_23 [1/1] 0.00ns
bb.i:1  call void (...)* @_ssdm_op_SpecLoopTripCount(i32 0, i32 1080, i32 0, [1 x i8]* @p_str20) nounwind

ST_2: stg_24 [1/1] 1.39ns
bb.i:2  br label %bb6.i

ST_2: stg_25 [1/1] 0.00ns
arithm_pro<kernel_sub,1080,1920,16,unsigned char,16,int>.exit:0  ret void


 <State 3>: 2.14ns
ST_3: t_V_5 [1/1] 0.00ns
bb6.i:0  %t_V_5 = phi i12 [ 0, %bb.i ], [ %j_V, %bb1.i ] ; <i12> [#uses=2]

ST_3: exitcond4 [1/1] 2.14ns
bb6.i:1  %exitcond4 = icmp eq i12 %t_V_5, %dst_cols_V_read_1 ; <i1> [#uses=1]

ST_3: j_V [1/1] 1.84ns
bb6.i:2  %j_V = add i12 %t_V_5, 1                        ; <i12> [#uses=1]

ST_3: stg_29 [1/1] 0.00ns
bb6.i:3  br i1 %exitcond4, label %bb7.i, label %bb1.i


 <State 4>: 1.70ns
ST_4: tmp_149 [1/1] 1.70ns
bb1.i:3  %tmp_149 = call i8 @_ssdm_op_FifoRead.volatile.i8P(i8* %src_data_stream_0_V) ; <i8> [#uses=1]

ST_4: tmp_150 [1/1] 1.70ns
bb1.i:4  %tmp_150 = call i8 @_ssdm_op_FifoRead.volatile.i8P(i8* %src_data_stream_1_V) ; <i8> [#uses=1]

ST_4: tmp_151 [1/1] 1.70ns
bb1.i:5  %tmp_151 = call i8 @_ssdm_op_FifoRead.volatile.i8P(i8* %src_data_stream_2_V) ; <i8> [#uses=1]


 <State 5>: 4.79ns
ST_5: tmp_i_153 [1/1] 0.00ns
bb1.i:0  %tmp_i_153 = call i32 (...)* @_ssdm_op_SpecRegionBegin([13 x i8]* @p_str31) ; <i32> [#uses=1]

ST_5: stg_34 [1/1] 0.00ns
bb1.i:1  call void (...)* @_ssdm_op_SpecLoopTripCount(i32 0, i32 1920, i32 0, [1 x i8]* @p_str20) nounwind

ST_5: stg_35 [1/1] 0.00ns
bb1.i:2  call void (...)* @_ssdm_op_SpecPipeline(i32 1, i32 1, i32 1, [1 x i8]* @p_str20) nounwind

ST_5: tmp18_cast_i [1/1] 0.00ns
bb1.i:6  %tmp18_cast_i = zext i8 %tmp_149 to i9          ; <i9> [#uses=1]

ST_5: v_assign [1/1] 1.72ns
bb1.i:7  %v_assign = add i9 %tmp18_cast_i, -50           ; <i9> [#uses=2]

ST_5: tmp [1/1] 0.00ns
bb1.i:8  %tmp = call i1 @_ssdm_op_BitSelect.i1.i9.i32(i9 %v_assign, i32 8) ; <i1> [#uses=1]

ST_5: tmp_144 [1/1] 0.00ns
bb1.i:9  %tmp_144 = trunc i9 %v_assign to i8             ; <i8> [#uses=1]

ST_5: d_val_0 [1/1] 1.37ns
bb1.i:10  %d_val_0 = select i1 %tmp, i8 0, i8 %tmp_144    ; <i8> [#uses=1]

ST_5: tmp_1_cast_i [1/1] 0.00ns
bb1.i:11  %tmp_1_cast_i = zext i8 %tmp_150 to i9          ; <i9> [#uses=1]

ST_5: v_assign_3 [1/1] 1.72ns
bb1.i:12  %v_assign_3 = add i9 %tmp_1_cast_i, -50         ; <i9> [#uses=2]

ST_5: tmp_145 [1/1] 0.00ns
bb1.i:13  %tmp_145 = call i1 @_ssdm_op_BitSelect.i1.i9.i32(i9 %v_assign_3, i32 8) ; <i1> [#uses=1]

ST_5: tmp_146 [1/1] 0.00ns
bb1.i:14  %tmp_146 = trunc i9 %v_assign_3 to i8           ; <i8> [#uses=1]

ST_5: d_val_1 [1/1] 1.37ns
bb1.i:15  %d_val_1 = select i1 %tmp_145, i8 0, i8 %tmp_146 ; <i8> [#uses=1]

ST_5: tmp_2_cast_i [1/1] 0.00ns
bb1.i:16  %tmp_2_cast_i = zext i8 %tmp_151 to i9          ; <i9> [#uses=1]

ST_5: v_assign_4 [1/1] 1.72ns
bb1.i:17  %v_assign_4 = add i9 %tmp_2_cast_i, -50         ; <i9> [#uses=2]

ST_5: tmp_147 [1/1] 0.00ns
bb1.i:18  %tmp_147 = call i1 @_ssdm_op_BitSelect.i1.i9.i32(i9 %v_assign_4, i32 8) ; <i1> [#uses=1]

ST_5: tmp_148 [1/1] 0.00ns
bb1.i:19  %tmp_148 = trunc i9 %v_assign_4 to i8           ; <i8> [#uses=1]

ST_5: d_val_2 [1/1] 1.37ns
bb1.i:20  %d_val_2 = select i1 %tmp_147, i8 0, i8 %tmp_148 ; <i8> [#uses=1]

ST_5: stg_51 [1/1] 1.70ns
bb1.i:21  call void @_ssdm_op_FifoWrite.volatile.i8P(i8* %dst_data_stream_0_V, i8 %d_val_0)

ST_5: stg_52 [1/1] 1.70ns
bb1.i:22  call void @_ssdm_op_FifoWrite.volatile.i8P(i8* %dst_data_stream_1_V, i8 %d_val_1)

ST_5: stg_53 [1/1] 1.70ns
bb1.i:23  call void @_ssdm_op_FifoWrite.volatile.i8P(i8* %dst_data_stream_2_V, i8 %d_val_2)

ST_5: empty_154 [1/1] 0.00ns
bb1.i:24  %empty_154 = call i32 (...)* @_ssdm_op_SpecRegionEnd([13 x i8]* @p_str31, i32 %tmp_i_153) ; <i32> [#uses=0]

ST_5: stg_55 [1/1] 0.00ns
bb1.i:25  br label %bb6.i


 <State 6>: 0.00ns
ST_6: empty_155 [1/1] 0.00ns
bb7.i:0  %empty_155 = call i32 (...)* @_ssdm_op_SpecRegionEnd([13 x i8]* @p_str30, i32 %tmp_i) ; <i32> [#uses=0]

ST_6: stg_57 [1/1] 0.00ns
bb7.i:1  br label %bb9.i



============================================================
+ Verbose Summary: Binding
============================================================
N/A
* FSMD analyzer results:
  - Output states:
  - Chain level:
	State 1
	State 2
	State 3
	State 4
	State 5
	State 6


============================================================
+ Verbose Summary: Datapath Resource usage 
============================================================
N/A
